CRITICAL - 2023-10-06 12:59:06 --> Undefined array key "serial"
in APPPATH\Controllers\AccionController.php on line 61.
 1 APPPATH\Controllers\AccionController.php(61): CodeIgniter\Debug\Exceptions->errorHandler(2, 'Undefined array key "serial"', 'C:\\wamp64\\www\\system\\app\\Controllers\\AccionController.php', 61)
 2 SYSTEMPATH\CodeIgniter.php(919): App\Controllers\AccionController->saveactivo()
 3 SYSTEMPATH\CodeIgniter.php(494): CodeIgniter\CodeIgniter->runController(Object(App\Controllers\AccionController))
 4 SYSTEMPATH\CodeIgniter.php(353): CodeIgniter\CodeIgniter->handleRequest(null, Object(Config\Cache), false)
 5 FCPATH\index.php(79): CodeIgniter\CodeIgniter->run()
ERROR - 2023-10-06 13:00:58 --> mysqli_sql_exception: Duplicate entry '0' for key 'act_activos.PRIMARY' in C:\wamp64\www\system\system\Database\MySQLi\Connection.php:306
Stack trace:
#0 C:\wamp64\www\system\system\Database\MySQLi\Connection.php(306): mysqli->query('INSERT INTO `ac...', 0)
#1 C:\wamp64\www\system\system\Database\BaseConnection.php(692): CodeIgniter\Database\MySQLi\Connection->execute('INSERT INTO `ac...')
#2 C:\wamp64\www\system\system\Database\BaseConnection.php(606): CodeIgniter\Database\BaseConnection->simpleQuery('INSERT INTO `ac...')
#3 C:\wamp64\www\system\system\Database\BaseBuilder.php(2308): CodeIgniter\Database\BaseConnection->query('INSERT INTO `ac...', Array, false)
#4 C:\wamp64\www\system\system\Model.php(319): CodeIgniter\Database\BaseBuilder->insert()
#5 C:\wamp64\www\system\system\BaseModel.php(788): CodeIgniter\Model->doInsert(Array)
#6 C:\wamp64\www\system\system\Model.php(715): CodeIgniter\BaseModel->insert(Array, true)
#7 C:\wamp64\www\system\app\Models\Activos.php(17): CodeIgniter\Model->insert(Array)
#8 C:\wamp64\www\system\app\Controllers\AccionController.php(75): App\Models\Activos->insertar(Array)
#9 C:\wamp64\www\system\system\CodeIgniter.php(919): App\Controllers\AccionController->saveactivo()
#10 C:\wamp64\www\system\system\CodeIgniter.php(494): CodeIgniter\CodeIgniter->runController(Object(App\Controllers\AccionController))
#11 C:\wamp64\www\system\system\CodeIgniter.php(353): CodeIgniter\CodeIgniter->handleRequest(NULL, Object(Config\Cache), false)
#12 C:\wamp64\www\system\public\index.php(79): CodeIgniter\CodeIgniter->run()
#13 {main}
CRITICAL - 2023-10-06 13:00:58 --> Duplicate entry '0' for key 'act_activos.PRIMARY'
in SYSTEMPATH\Database\BaseConnection.php on line 646.
 1 SYSTEMPATH\Database\BaseBuilder.php(2308): CodeIgniter\Database\BaseConnection->query('INSERT INTO `act_activos` (`marca`, `modelo`, `condicion_act`, `tipo`, `descripcion`, `observacion`, `proveedor`, `n_factura`, `costo`, `n_orden`, `garantia_inicio`, `garantia_fin`) VALUES (:marca:, :modelo:, :condicion_act:, :tipo:, :descripcion:, :observacion:, :proveedor:, :n_factura:, :costo:, :n_orden:, :garantia_inicio:, :garantia_fin:)', [...], false)
 2 SYSTEMPATH\Model.php(319): CodeIgniter\Database\BaseBuilder->insert()
 3 SYSTEMPATH\BaseModel.php(788): CodeIgniter\Model->doInsert([...])
 4 SYSTEMPATH\Model.php(715): CodeIgniter\BaseModel->insert([...], true)
 5 APPPATH\Models\Activos.php(17): CodeIgniter\Model->insert([...])
 6 APPPATH\Controllers\AccionController.php(75): App\Models\Activos->insertar([...])
 7 SYSTEMPATH\CodeIgniter.php(919): App\Controllers\AccionController->saveactivo()
 8 SYSTEMPATH\CodeIgniter.php(494): CodeIgniter\CodeIgniter->runController(Object(App\Controllers\AccionController))
 9 SYSTEMPATH\CodeIgniter.php(353): CodeIgniter\CodeIgniter->handleRequest(null, Object(Config\Cache), false)
10 FCPATH\index.php(79): CodeIgniter\CodeIgniter->run()
ERROR - 2023-10-06 13:07:51 --> mysqli_sql_exception: Unknown column 'codigo' in 'order clause' in C:\wamp64\www\system\system\Database\MySQLi\Connection.php:306
Stack trace:
#0 C:\wamp64\www\system\system\Database\MySQLi\Connection.php(306): mysqli->query('SELECT *\nFROM `...', 0)
#1 C:\wamp64\www\system\system\Database\BaseConnection.php(692): CodeIgniter\Database\MySQLi\Connection->execute('SELECT *\nFROM `...')
#2 C:\wamp64\www\system\system\Database\BaseConnection.php(606): CodeIgniter\Database\BaseConnection->simpleQuery('SELECT *\nFROM `...')
#3 C:\wamp64\www\system\system\Database\BaseBuilder.php(1615): CodeIgniter\Database\BaseConnection->query('SELECT *\nFROM `...', Array, false)
#4 C:\wamp64\www\system\system\Model.php(237): CodeIgniter\Database\BaseBuilder->get()
#5 C:\wamp64\www\system\system\BaseModel.php(624): CodeIgniter\Model->doFindAll(0, 0)
#6 C:\wamp64\www\system\app\Controllers\VistaController.php(52): CodeIgniter\BaseModel->findAll()
#7 C:\wamp64\www\system\system\CodeIgniter.php(919): App\Controllers\VistaController->activo()
#8 C:\wamp64\www\system\system\CodeIgniter.php(494): CodeIgniter\CodeIgniter->runController(Object(App\Controllers\VistaController))
#9 C:\wamp64\www\system\system\CodeIgniter.php(353): CodeIgniter\CodeIgniter->handleRequest(NULL, Object(Config\Cache), false)
#10 C:\wamp64\www\system\public\index.php(79): CodeIgniter\CodeIgniter->run()
#11 {main}
CRITICAL - 2023-10-06 13:07:51 --> Unknown column 'codigo' in 'order clause'
in SYSTEMPATH\Database\BaseConnection.php on line 646.
 1 SYSTEMPATH\Database\BaseBuilder.php(1615): CodeIgniter\Database\BaseConnection->query('SELECT *
FROM `act_activos`
ORDER BY `codigo` ASC', [], false)
 2 SYSTEMPATH\Model.php(237): CodeIgniter\Database\BaseBuilder->get()
 3 SYSTEMPATH\BaseModel.php(624): CodeIgniter\Model->doFindAll(0, 0)
 4 APPPATH\Controllers\VistaController.php(52): CodeIgniter\BaseModel->findAll()
 5 SYSTEMPATH\CodeIgniter.php(919): App\Controllers\VistaController->activo()
 6 SYSTEMPATH\CodeIgniter.php(494): CodeIgniter\CodeIgniter->runController(Object(App\Controllers\VistaController))
 7 SYSTEMPATH\CodeIgniter.php(353): CodeIgniter\CodeIgniter->handleRequest(null, Object(Config\Cache), false)
 8 FCPATH\index.php(79): CodeIgniter\CodeIgniter->run()
ERROR - 2023-10-06 13:08:53 --> mysqli_sql_exception: Unknown column 'codigo' in 'order clause' in C:\wamp64\www\system\system\Database\MySQLi\Connection.php:306
Stack trace:
#0 C:\wamp64\www\system\system\Database\MySQLi\Connection.php(306): mysqli->query('SELECT *\nFROM `...', 0)
#1 C:\wamp64\www\system\system\Database\BaseConnection.php(692): CodeIgniter\Database\MySQLi\Connection->execute('SELECT *\nFROM `...')
#2 C:\wamp64\www\system\system\Database\BaseConnection.php(606): CodeIgniter\Database\BaseConnection->simpleQuery('SELECT *\nFROM `...')
#3 C:\wamp64\www\system\system\Database\BaseBuilder.php(1615): CodeIgniter\Database\BaseConnection->query('SELECT *\nFROM `...', Array, false)
#4 C:\wamp64\www\system\system\Model.php(237): CodeIgniter\Database\BaseBuilder->get()
#5 C:\wamp64\www\system\system\BaseModel.php(624): CodeIgniter\Model->doFindAll(0, 0)
#6 C:\wamp64\www\system\app\Controllers\VistaController.php(52): CodeIgniter\BaseModel->findAll()
#7 C:\wamp64\www\system\system\CodeIgniter.php(919): App\Controllers\VistaController->activo()
#8 C:\wamp64\www\system\system\CodeIgniter.php(494): CodeIgniter\CodeIgniter->runController(Object(App\Controllers\VistaController))
#9 C:\wamp64\www\system\system\CodeIgniter.php(353): CodeIgniter\CodeIgniter->handleRequest(NULL, Object(Config\Cache), false)
#10 C:\wamp64\www\system\public\index.php(79): CodeIgniter\CodeIgniter->run()
#11 {main}
CRITICAL - 2023-10-06 13:08:53 --> Unknown column 'codigo' in 'order clause'
in SYSTEMPATH\Database\BaseConnection.php on line 646.
 1 SYSTEMPATH\Database\BaseBuilder.php(1615): CodeIgniter\Database\BaseConnection->query('SELECT *
FROM `act_activos`
ORDER BY `codigo` ASC', [], false)
 2 SYSTEMPATH\Model.php(237): CodeIgniter\Database\BaseBuilder->get()
 3 SYSTEMPATH\BaseModel.php(624): CodeIgniter\Model->doFindAll(0, 0)
 4 APPPATH\Controllers\VistaController.php(52): CodeIgniter\BaseModel->findAll()
 5 SYSTEMPATH\CodeIgniter.php(919): App\Controllers\VistaController->activo()
 6 SYSTEMPATH\CodeIgniter.php(494): CodeIgniter\CodeIgniter->runController(Object(App\Controllers\VistaController))
 7 SYSTEMPATH\CodeIgniter.php(353): CodeIgniter\CodeIgniter->handleRequest(null, Object(Config\Cache), false)
 8 FCPATH\index.php(79): CodeIgniter\CodeIgniter->run()
ERROR - 2023-10-06 13:08:58 --> mysqli_sql_exception: Unknown column 'codigo' in 'order clause' in C:\wamp64\www\system\system\Database\MySQLi\Connection.php:306
Stack trace:
#0 C:\wamp64\www\system\system\Database\MySQLi\Connection.php(306): mysqli->query('SELECT *\nFROM `...', 0)
#1 C:\wamp64\www\system\system\Database\BaseConnection.php(692): CodeIgniter\Database\MySQLi\Connection->execute('SELECT *\nFROM `...')
#2 C:\wamp64\www\system\system\Database\BaseConnection.php(606): CodeIgniter\Database\BaseConnection->simpleQuery('SELECT *\nFROM `...')
#3 C:\wamp64\www\system\system\Database\BaseBuilder.php(1615): CodeIgniter\Database\BaseConnection->query('SELECT *\nFROM `...', Array, false)
#4 C:\wamp64\www\system\system\Model.php(237): CodeIgniter\Database\BaseBuilder->get()
#5 C:\wamp64\www\system\system\BaseModel.php(624): CodeIgniter\Model->doFindAll(0, 0)
#6 C:\wamp64\www\system\app\Controllers\VistaController.php(52): CodeIgniter\BaseModel->findAll()
#7 C:\wamp64\www\system\system\CodeIgniter.php(919): App\Controllers\VistaController->activo()
#8 C:\wamp64\www\system\system\CodeIgniter.php(494): CodeIgniter\CodeIgniter->runController(Object(App\Controllers\VistaController))
#9 C:\wamp64\www\system\system\CodeIgniter.php(353): CodeIgniter\CodeIgniter->handleRequest(NULL, Object(Config\Cache), false)
#10 C:\wamp64\www\system\public\index.php(79): CodeIgniter\CodeIgniter->run()
#11 {main}
CRITICAL - 2023-10-06 13:08:58 --> Unknown column 'codigo' in 'order clause'
in SYSTEMPATH\Database\BaseConnection.php on line 646.
 1 SYSTEMPATH\Database\BaseBuilder.php(1615): CodeIgniter\Database\BaseConnection->query('SELECT *
FROM `act_activos`
ORDER BY `codigo` ASC', [], false)
 2 SYSTEMPATH\Model.php(237): CodeIgniter\Database\BaseBuilder->get()
 3 SYSTEMPATH\BaseModel.php(624): CodeIgniter\Model->doFindAll(0, 0)
 4 APPPATH\Controllers\VistaController.php(52): CodeIgniter\BaseModel->findAll()
 5 SYSTEMPATH\CodeIgniter.php(919): App\Controllers\VistaController->activo()
 6 SYSTEMPATH\CodeIgniter.php(494): CodeIgniter\CodeIgniter->runController(Object(App\Controllers\VistaController))
 7 SYSTEMPATH\CodeIgniter.php(353): CodeIgniter\CodeIgniter->handleRequest(null, Object(Config\Cache), false)
 8 FCPATH\index.php(79): CodeIgniter\CodeIgniter->run()
ERROR - 2023-10-06 13:09:04 --> mysqli_sql_exception: Unknown column 'codigo' in 'order clause' in C:\wamp64\www\system\system\Database\MySQLi\Connection.php:306
Stack trace:
#0 C:\wamp64\www\system\system\Database\MySQLi\Connection.php(306): mysqli->query('SELECT *\nFROM `...', 0)
#1 C:\wamp64\www\system\system\Database\BaseConnection.php(692): CodeIgniter\Database\MySQLi\Connection->execute('SELECT *\nFROM `...')
#2 C:\wamp64\www\system\system\Database\BaseConnection.php(606): CodeIgniter\Database\BaseConnection->simpleQuery('SELECT *\nFROM `...')
#3 C:\wamp64\www\system\system\Database\BaseBuilder.php(1615): CodeIgniter\Database\BaseConnection->query('SELECT *\nFROM `...', Array, false)
#4 C:\wamp64\www\system\system\Model.php(237): CodeIgniter\Database\BaseBuilder->get()
#5 C:\wamp64\www\system\system\BaseModel.php(624): CodeIgniter\Model->doFindAll(0, 0)
#6 C:\wamp64\www\system\app\Controllers\VistaController.php(52): CodeIgniter\BaseModel->findAll()
#7 C:\wamp64\www\system\system\CodeIgniter.php(919): App\Controllers\VistaController->activo()
#8 C:\wamp64\www\system\system\CodeIgniter.php(494): CodeIgniter\CodeIgniter->runController(Object(App\Controllers\VistaController))
#9 C:\wamp64\www\system\system\CodeIgniter.php(353): CodeIgniter\CodeIgniter->handleRequest(NULL, Object(Config\Cache), false)
#10 C:\wamp64\www\system\public\index.php(79): CodeIgniter\CodeIgniter->run()
#11 {main}
CRITICAL - 2023-10-06 13:09:04 --> Unknown column 'codigo' in 'order clause'
in SYSTEMPATH\Database\BaseConnection.php on line 646.
 1 SYSTEMPATH\Database\BaseBuilder.php(1615): CodeIgniter\Database\BaseConnection->query('SELECT *
FROM `act_activos`
ORDER BY `codigo` ASC', [], false)
 2 SYSTEMPATH\Model.php(237): CodeIgniter\Database\BaseBuilder->get()
 3 SYSTEMPATH\BaseModel.php(624): CodeIgniter\Model->doFindAll(0, 0)
 4 APPPATH\Controllers\VistaController.php(52): CodeIgniter\BaseModel->findAll()
 5 SYSTEMPATH\CodeIgniter.php(919): App\Controllers\VistaController->activo()
 6 SYSTEMPATH\CodeIgniter.php(494): CodeIgniter\CodeIgniter->runController(Object(App\Controllers\VistaController))
 7 SYSTEMPATH\CodeIgniter.php(353): CodeIgniter\CodeIgniter->handleRequest(null, Object(Config\Cache), false)
 8 FCPATH\index.php(79): CodeIgniter\CodeIgniter->run()
ERROR - 2023-10-06 13:09:39 --> mysqli_sql_exception: Unknown column 'codigo' in 'order clause' in C:\wamp64\www\system\system\Database\MySQLi\Connection.php:306
Stack trace:
#0 C:\wamp64\www\system\system\Database\MySQLi\Connection.php(306): mysqli->query('SELECT *\nFROM `...', 0)
#1 C:\wamp64\www\system\system\Database\BaseConnection.php(692): CodeIgniter\Database\MySQLi\Connection->execute('SELECT *\nFROM `...')
#2 C:\wamp64\www\system\system\Database\BaseConnection.php(606): CodeIgniter\Database\BaseConnection->simpleQuery('SELECT *\nFROM `...')
#3 C:\wamp64\www\system\system\Database\BaseBuilder.php(1615): CodeIgniter\Database\BaseConnection->query('SELECT *\nFROM `...', Array, false)
#4 C:\wamp64\www\system\system\Model.php(237): CodeIgniter\Database\BaseBuilder->get()
#5 C:\wamp64\www\system\system\BaseModel.php(624): CodeIgniter\Model->doFindAll(0, 0)
#6 C:\wamp64\www\system\app\Controllers\VistaController.php(52): CodeIgniter\BaseModel->findAll()
#7 C:\wamp64\www\system\system\CodeIgniter.php(919): App\Controllers\VistaController->activo()
#8 C:\wamp64\www\system\system\CodeIgniter.php(494): CodeIgniter\CodeIgniter->runController(Object(App\Controllers\VistaController))
#9 C:\wamp64\www\system\system\CodeIgniter.php(353): CodeIgniter\CodeIgniter->handleRequest(NULL, Object(Config\Cache), false)
#10 C:\wamp64\www\system\public\index.php(79): CodeIgniter\CodeIgniter->run()
#11 {main}
CRITICAL - 2023-10-06 13:09:39 --> Unknown column 'codigo' in 'order clause'
in SYSTEMPATH\Database\BaseConnection.php on line 646.
 1 SYSTEMPATH\Database\BaseBuilder.php(1615): CodeIgniter\Database\BaseConnection->query('SELECT *
FROM `act_activos`
ORDER BY `codigo` ASC', [], false)
 2 SYSTEMPATH\Model.php(237): CodeIgniter\Database\BaseBuilder->get()
 3 SYSTEMPATH\BaseModel.php(624): CodeIgniter\Model->doFindAll(0, 0)
 4 APPPATH\Controllers\VistaController.php(52): CodeIgniter\BaseModel->findAll()
 5 SYSTEMPATH\CodeIgniter.php(919): App\Controllers\VistaController->activo()
 6 SYSTEMPATH\CodeIgniter.php(494): CodeIgniter\CodeIgniter->runController(Object(App\Controllers\VistaController))
 7 SYSTEMPATH\CodeIgniter.php(353): CodeIgniter\CodeIgniter->handleRequest(null, Object(Config\Cache), false)
 8 FCPATH\index.php(79): CodeIgniter\CodeIgniter->run()
ERROR - 2023-10-06 13:09:50 --> mysqli_sql_exception: Unknown column 'codigo' in 'order clause' in C:\wamp64\www\system\system\Database\MySQLi\Connection.php:306
Stack trace:
#0 C:\wamp64\www\system\system\Database\MySQLi\Connection.php(306): mysqli->query('SELECT *\nFROM `...', 0)
#1 C:\wamp64\www\system\system\Database\BaseConnection.php(692): CodeIgniter\Database\MySQLi\Connection->execute('SELECT *\nFROM `...')
#2 C:\wamp64\www\system\system\Database\BaseConnection.php(606): CodeIgniter\Database\BaseConnection->simpleQuery('SELECT *\nFROM `...')
#3 C:\wamp64\www\system\system\Database\BaseBuilder.php(1615): CodeIgniter\Database\BaseConnection->query('SELECT *\nFROM `...', Array, false)
#4 C:\wamp64\www\system\system\Model.php(237): CodeIgniter\Database\BaseBuilder->get()
#5 C:\wamp64\www\system\system\BaseModel.php(624): CodeIgniter\Model->doFindAll(0, 0)
#6 C:\wamp64\www\system\app\Controllers\VistaController.php(52): CodeIgniter\BaseModel->findAll()
#7 C:\wamp64\www\system\system\CodeIgniter.php(919): App\Controllers\VistaController->activo()
#8 C:\wamp64\www\system\system\CodeIgniter.php(494): CodeIgniter\CodeIgniter->runController(Object(App\Controllers\VistaController))
#9 C:\wamp64\www\system\system\CodeIgniter.php(353): CodeIgniter\CodeIgniter->handleRequest(NULL, Object(Config\Cache), false)
#10 C:\wamp64\www\system\public\index.php(79): CodeIgniter\CodeIgniter->run()
#11 {main}
CRITICAL - 2023-10-06 13:09:50 --> Unknown column 'codigo' in 'order clause'
in SYSTEMPATH\Database\BaseConnection.php on line 646.
 1 SYSTEMPATH\Database\BaseBuilder.php(1615): CodeIgniter\Database\BaseConnection->query('SELECT *
FROM `act_activos`
ORDER BY `codigo` ASC', [], false)
 2 SYSTEMPATH\Model.php(237): CodeIgniter\Database\BaseBuilder->get()
 3 SYSTEMPATH\BaseModel.php(624): CodeIgniter\Model->doFindAll(0, 0)
 4 APPPATH\Controllers\VistaController.php(52): CodeIgniter\BaseModel->findAll()
 5 SYSTEMPATH\CodeIgniter.php(919): App\Controllers\VistaController->activo()
 6 SYSTEMPATH\CodeIgniter.php(494): CodeIgniter\CodeIgniter->runController(Object(App\Controllers\VistaController))
 7 SYSTEMPATH\CodeIgniter.php(353): CodeIgniter\CodeIgniter->handleRequest(null, Object(Config\Cache), false)
 8 FCPATH\index.php(79): CodeIgniter\CodeIgniter->run()
CRITICAL - 2023-10-06 13:11:51 --> Undefined array key "codigo"
in APPPATH\Views\activos\activos.php on line 193.
 1 APPPATH\Views\activos\activos.php(193): CodeIgniter\Debug\Exceptions->errorHandler(2, 'Undefined array key "codigo"', 'C:\\wamp64\\www\\system\\app\\Views\\activos\\activos.php', 193)
 2 SYSTEMPATH\View\View.php(226): include('C:\\wamp64\\www\\system\\app\\Views\\activos\\activos.php')
 3 SYSTEMPATH\View\View.php(229): CodeIgniter\View\View->CodeIgniter\View\{closure}()
 4 SYSTEMPATH\Common.php(1188): CodeIgniter\View\View->render('activos/activos', [], true)
 5 APPPATH\Controllers\VistaController.php(58): view('activos/activos', [...])
 6 SYSTEMPATH\CodeIgniter.php(919): App\Controllers\VistaController->activo()
 7 SYSTEMPATH\CodeIgniter.php(494): CodeIgniter\CodeIgniter->runController(Object(App\Controllers\VistaController))
 8 SYSTEMPATH\CodeIgniter.php(353): CodeIgniter\CodeIgniter->handleRequest(null, Object(Config\Cache), false)
 9 FCPATH\index.php(79): CodeIgniter\CodeIgniter->run()
ERROR - 2023-10-06 13:26:06 --> mysqli_sql_exception: Duplicate entry '0' for key 'act_activos.PRIMARY' in C:\wamp64\www\system\system\Database\MySQLi\Connection.php:306
Stack trace:
#0 C:\wamp64\www\system\system\Database\MySQLi\Connection.php(306): mysqli->query('INSERT INTO `ac...', 0)
#1 C:\wamp64\www\system\system\Database\BaseConnection.php(692): CodeIgniter\Database\MySQLi\Connection->execute('INSERT INTO `ac...')
#2 C:\wamp64\www\system\system\Database\BaseConnection.php(606): CodeIgniter\Database\BaseConnection->simpleQuery('INSERT INTO `ac...')
#3 C:\wamp64\www\system\system\Database\BaseBuilder.php(2308): CodeIgniter\Database\BaseConnection->query('INSERT INTO `ac...', Array, false)
#4 C:\wamp64\www\system\system\Model.php(319): CodeIgniter\Database\BaseBuilder->insert()
#5 C:\wamp64\www\system\system\BaseModel.php(788): CodeIgniter\Model->doInsert(Array)
#6 C:\wamp64\www\system\system\Model.php(715): CodeIgniter\BaseModel->insert(Array, true)
#7 C:\wamp64\www\system\app\Models\Activos.php(17): CodeIgniter\Model->insert(Array)
#8 C:\wamp64\www\system\app\Controllers\AccionController.php(75): App\Models\Activos->insertar(Array)
#9 C:\wamp64\www\system\system\CodeIgniter.php(919): App\Controllers\AccionController->saveactivo()
#10 C:\wamp64\www\system\system\CodeIgniter.php(494): CodeIgniter\CodeIgniter->runController(Object(App\Controllers\AccionController))
#11 C:\wamp64\www\system\system\CodeIgniter.php(353): CodeIgniter\CodeIgniter->handleRequest(NULL, Object(Config\Cache), false)
#12 C:\wamp64\www\system\public\index.php(79): CodeIgniter\CodeIgniter->run()
#13 {main}
CRITICAL - 2023-10-06 13:26:06 --> Duplicate entry '0' for key 'act_activos.PRIMARY'
in SYSTEMPATH\Database\BaseConnection.php on line 646.
 1 SYSTEMPATH\Database\BaseBuilder.php(2308): CodeIgniter\Database\BaseConnection->query('INSERT INTO `act_activos` (`marca`, `modelo`, `condicion_act`, `tipo`, `descripcion`, `observacion`, `proveedor`, `n_factura`, `costo`, `n_orden`, `garantia_inicio`, `garantia_fin`) VALUES (:marca:, :modelo:, :condicion_act:, :tipo:, :descripcion:, :observacion:, :proveedor:, :n_factura:, :costo:, :n_orden:, :garantia_inicio:, :garantia_fin:)', [...], false)
 2 SYSTEMPATH\Model.php(319): CodeIgniter\Database\BaseBuilder->insert()
 3 SYSTEMPATH\BaseModel.php(788): CodeIgniter\Model->doInsert([...])
 4 SYSTEMPATH\Model.php(715): CodeIgniter\BaseModel->insert([...], true)
 5 APPPATH\Models\Activos.php(17): CodeIgniter\Model->insert([...])
 6 APPPATH\Controllers\AccionController.php(75): App\Models\Activos->insertar([...])
 7 SYSTEMPATH\CodeIgniter.php(919): App\Controllers\AccionController->saveactivo()
 8 SYSTEMPATH\CodeIgniter.php(494): CodeIgniter\CodeIgniter->runController(Object(App\Controllers\AccionController))
 9 SYSTEMPATH\CodeIgniter.php(353): CodeIgniter\CodeIgniter->handleRequest(null, Object(Config\Cache), false)
10 FCPATH\index.php(79): CodeIgniter\CodeIgniter->run()
ERROR - 2023-10-06 13:33:36 --> mysqli_sql_exception: Duplicate entry '' for key 'act_activos.PRIMARY' in C:\wamp64\www\system\system\Database\MySQLi\Connection.php:306
Stack trace:
#0 C:\wamp64\www\system\system\Database\MySQLi\Connection.php(306): mysqli->query('INSERT INTO `ac...', 0)
#1 C:\wamp64\www\system\system\Database\BaseConnection.php(692): CodeIgniter\Database\MySQLi\Connection->execute('INSERT INTO `ac...')
#2 C:\wamp64\www\system\system\Database\BaseConnection.php(606): CodeIgniter\Database\BaseConnection->simpleQuery('INSERT INTO `ac...')
#3 C:\wamp64\www\system\system\Database\BaseBuilder.php(2308): CodeIgniter\Database\BaseConnection->query('INSERT INTO `ac...', Array, false)
#4 C:\wamp64\www\system\system\Model.php(319): CodeIgniter\Database\BaseBuilder->insert()
#5 C:\wamp64\www\system\system\BaseModel.php(788): CodeIgniter\Model->doInsert(Array)
#6 C:\wamp64\www\system\system\Model.php(715): CodeIgniter\BaseModel->insert(Array, true)
#7 C:\wamp64\www\system\app\Models\Activos.php(17): CodeIgniter\Model->insert(Array)
#8 C:\wamp64\www\system\app\Controllers\AccionController.php(75): App\Models\Activos->insertar(Array)
#9 C:\wamp64\www\system\system\CodeIgniter.php(919): App\Controllers\AccionController->saveactivo()
#10 C:\wamp64\www\system\system\CodeIgniter.php(494): CodeIgniter\CodeIgniter->runController(Object(App\Controllers\AccionController))
#11 C:\wamp64\www\system\system\CodeIgniter.php(353): CodeIgniter\CodeIgniter->handleRequest(NULL, Object(Config\Cache), false)
#12 C:\wamp64\www\system\public\index.php(79): CodeIgniter\CodeIgniter->run()
#13 {main}
CRITICAL - 2023-10-06 13:33:36 --> Duplicate entry '' for key 'act_activos.PRIMARY'
in SYSTEMPATH\Database\BaseConnection.php on line 646.
 1 SYSTEMPATH\Database\BaseBuilder.php(2308): CodeIgniter\Database\BaseConnection->query('INSERT INTO `act_activos` (`marca`, `modelo`, `condicion_act`, `tipo`, `descripcion`, `observacion`, `proveedor`, `n_factura`, `costo`, `n_orden`, `garantia_inicio`, `garantia_fin`) VALUES (:marca:, :modelo:, :condicion_act:, :tipo:, :descripcion:, :observacion:, :proveedor:, :n_factura:, :costo:, :n_orden:, :garantia_inicio:, :garantia_fin:)', [...], false)
 2 SYSTEMPATH\Model.php(319): CodeIgniter\Database\BaseBuilder->insert()
 3 SYSTEMPATH\BaseModel.php(788): CodeIgniter\Model->doInsert([...])
 4 SYSTEMPATH\Model.php(715): CodeIgniter\BaseModel->insert([...], true)
 5 APPPATH\Models\Activos.php(17): CodeIgniter\Model->insert([...])
 6 APPPATH\Controllers\AccionController.php(75): App\Models\Activos->insertar([...])
 7 SYSTEMPATH\CodeIgniter.php(919): App\Controllers\AccionController->saveactivo()
 8 SYSTEMPATH\CodeIgniter.php(494): CodeIgniter\CodeIgniter->runController(Object(App\Controllers\AccionController))
 9 SYSTEMPATH\CodeIgniter.php(353): CodeIgniter\CodeIgniter->handleRequest(null, Object(Config\Cache), false)
10 FCPATH\index.php(79): CodeIgniter\CodeIgniter->run()
ERROR - 2023-10-06 13:35:37 --> mysqli_sql_exception: Duplicate entry '' for key 'act_activos.PRIMARY' in C:\wamp64\www\system\system\Database\MySQLi\Connection.php:306
Stack trace:
#0 C:\wamp64\www\system\system\Database\MySQLi\Connection.php(306): mysqli->query('INSERT INTO `ac...', 0)
#1 C:\wamp64\www\system\system\Database\BaseConnection.php(692): CodeIgniter\Database\MySQLi\Connection->execute('INSERT INTO `ac...')
#2 C:\wamp64\www\system\system\Database\BaseConnection.php(606): CodeIgniter\Database\BaseConnection->simpleQuery('INSERT INTO `ac...')
#3 C:\wamp64\www\system\system\Database\BaseBuilder.php(2308): CodeIgniter\Database\BaseConnection->query('INSERT INTO `ac...', Array, false)
#4 C:\wamp64\www\system\system\Model.php(319): CodeIgniter\Database\BaseBuilder->insert()
#5 C:\wamp64\www\system\system\BaseModel.php(788): CodeIgniter\Model->doInsert(Array)
#6 C:\wamp64\www\system\system\Model.php(715): CodeIgniter\BaseModel->insert(Array, true)
#7 C:\wamp64\www\system\app\Models\Activos.php(17): CodeIgniter\Model->insert(Array)
#8 C:\wamp64\www\system\app\Controllers\AccionController.php(75): App\Models\Activos->insertar(Array)
#9 C:\wamp64\www\system\system\CodeIgniter.php(919): App\Controllers\AccionController->saveactivo()
#10 C:\wamp64\www\system\system\CodeIgniter.php(494): CodeIgniter\CodeIgniter->runController(Object(App\Controllers\AccionController))
#11 C:\wamp64\www\system\system\CodeIgniter.php(353): CodeIgniter\CodeIgniter->handleRequest(NULL, Object(Config\Cache), false)
#12 C:\wamp64\www\system\public\index.php(79): CodeIgniter\CodeIgniter->run()
#13 {main}
CRITICAL - 2023-10-06 13:35:37 --> Duplicate entry '' for key 'act_activos.PRIMARY'
in SYSTEMPATH\Database\BaseConnection.php on line 646.
 1 SYSTEMPATH\Database\BaseBuilder.php(2308): CodeIgniter\Database\BaseConnection->query('INSERT INTO `act_activos` (`marca`, `modelo`, `condicion_act`, `tipo`, `descripcion`, `observacion`, `proveedor`, `n_factura`, `costo`, `n_orden`, `garantia_inicio`, `garantia_fin`) VALUES (:marca:, :modelo:, :condicion_act:, :tipo:, :descripcion:, :observacion:, :proveedor:, :n_factura:, :costo:, :n_orden:, :garantia_inicio:, :garantia_fin:)', [...], false)
 2 SYSTEMPATH\Model.php(319): CodeIgniter\Database\BaseBuilder->insert()
 3 SYSTEMPATH\BaseModel.php(788): CodeIgniter\Model->doInsert([...])
 4 SYSTEMPATH\Model.php(715): CodeIgniter\BaseModel->insert([...], true)
 5 APPPATH\Models\Activos.php(17): CodeIgniter\Model->insert([...])
 6 APPPATH\Controllers\AccionController.php(75): App\Models\Activos->insertar([...])
 7 SYSTEMPATH\CodeIgniter.php(919): App\Controllers\AccionController->saveactivo()
 8 SYSTEMPATH\CodeIgniter.php(494): CodeIgniter\CodeIgniter->runController(Object(App\Controllers\AccionController))
 9 SYSTEMPATH\CodeIgniter.php(353): CodeIgniter\CodeIgniter->handleRequest(null, Object(Config\Cache), false)
10 FCPATH\index.php(79): CodeIgniter\CodeIgniter->run()
CRITICAL - 2023-10-06 14:29:30 --> Undefined variable $cargo
in APPPATH\Controllers\VistaController.php on line 16.
 1 APPPATH\Controllers\VistaController.php(16): CodeIgniter\Debug\Exceptions->errorHandler(2, 'Undefined variable $cargo', 'C:\\wamp64\\www\\system\\app\\Controllers\\VistaController.php', 16)
 2 SYSTEMPATH\CodeIgniter.php(919): App\Controllers\VistaController->index()
 3 SYSTEMPATH\CodeIgniter.php(494): CodeIgniter\CodeIgniter->runController(Object(App\Controllers\VistaController))
 4 SYSTEMPATH\CodeIgniter.php(353): CodeIgniter\CodeIgniter->handleRequest(null, Object(Config\Cache), false)
 5 FCPATH\index.php(79): CodeIgniter\CodeIgniter->run()
CRITICAL - 2023-10-06 14:29:46 --> Undefined variable $datos
in APPPATH\Controllers\VistaController.php on line 16.
 1 APPPATH\Controllers\VistaController.php(16): CodeIgniter\Debug\Exceptions->errorHandler(2, 'Undefined variable $datos', 'C:\\wamp64\\www\\system\\app\\Controllers\\VistaController.php', 16)
 2 SYSTEMPATH\CodeIgniter.php(919): App\Controllers\VistaController->index()
 3 SYSTEMPATH\CodeIgniter.php(494): CodeIgniter\CodeIgniter->runController(Object(App\Controllers\VistaController))
 4 SYSTEMPATH\CodeIgniter.php(353): CodeIgniter\CodeIgniter->handleRequest(null, Object(Config\Cache), false)
 5 FCPATH\index.php(79): CodeIgniter\CodeIgniter->run()
CRITICAL - 2023-10-06 14:55:49 --> Undefined array key "codigo"
in APPPATH\Controllers\AccionController.php on line 59.
 1 APPPATH\Controllers\AccionController.php(59): CodeIgniter\Debug\Exceptions->errorHandler(2, 'Undefined array key "codigo"', 'C:\\wamp64\\www\\system\\app\\Controllers\\AccionController.php', 59)
 2 SYSTEMPATH\CodeIgniter.php(919): App\Controllers\AccionController->saveactivo()
 3 SYSTEMPATH\CodeIgniter.php(494): CodeIgniter\CodeIgniter->runController(Object(App\Controllers\AccionController))
 4 SYSTEMPATH\CodeIgniter.php(353): CodeIgniter\CodeIgniter->handleRequest(null, Object(Config\Cache), false)
 5 FCPATH\index.php(79): CodeIgniter\CodeIgniter->run()
