CRITICAL - 2023-09-28 00:04:56 --> Undefined variable $header
in APPPATH\Views\cargo\crear.php on line 1.
 1 APPPATH\Views\cargo\crear.php(1): CodeIgniter\Debug\Exceptions->errorHandler(2, 'Undefined variable $header', 'C:\\wamp64\\www\\system\\app\\Views\\cargo\\crear.php', 1)
 2 SYSTEMPATH\View\View.php(226): include('C:\\wamp64\\www\\system\\app\\Views\\cargo\\crear.php')
 3 SYSTEMPATH\View\View.php(229): CodeIgniter\View\View->CodeIgniter\View\{closure}()
 4 SYSTEMPATH\Common.php(1188): CodeIgniter\View\View->render('cargo/crear', [], true)
 5 APPPATH\Controllers\CrearController.php(12): view('cargo/crear')
 6 SYSTEMPATH\CodeIgniter.php(919): App\Controllers\CrearController->CrearCargo()
 7 SYSTEMPATH\CodeIgniter.php(494): CodeIgniter\CodeIgniter->runController(Object(App\Controllers\CrearController))
 8 SYSTEMPATH\CodeIgniter.php(353): CodeIgniter\CodeIgniter->handleRequest(null, Object(Config\Cache), false)
 9 FCPATH\index.php(79): CodeIgniter\CodeIgniter->run()
CRITICAL - 2023-09-28 00:05:55 --> Undefined variable $header
in APPPATH\Views\cargo\crear.php on line 1.
 1 APPPATH\Views\cargo\crear.php(1): CodeIgniter\Debug\Exceptions->errorHandler(2, 'Undefined variable $header', 'C:\\wamp64\\www\\system\\app\\Views\\cargo\\crear.php', 1)
 2 SYSTEMPATH\View\View.php(226): include('C:\\wamp64\\www\\system\\app\\Views\\cargo\\crear.php')
 3 SYSTEMPATH\View\View.php(229): CodeIgniter\View\View->CodeIgniter\View\{closure}()
 4 SYSTEMPATH\Common.php(1188): CodeIgniter\View\View->render('cargo/crear', [], true)
 5 APPPATH\Controllers\CrearController.php(12): view('cargo/crear')
 6 SYSTEMPATH\CodeIgniter.php(919): App\Controllers\CrearController->CrearCargo()
 7 SYSTEMPATH\CodeIgniter.php(494): CodeIgniter\CodeIgniter->runController(Object(App\Controllers\CrearController))
 8 SYSTEMPATH\CodeIgniter.php(353): CodeIgniter\CodeIgniter->handleRequest(null, Object(Config\Cache), false)
 9 FCPATH\index.php(79): CodeIgniter\CodeIgniter->run()
CRITICAL - 2023-09-28 00:07:51 --> Undefined variable $header
in APPPATH\Views\cargo\crear.php on line 1.
 1 APPPATH\Views\cargo\crear.php(1): CodeIgniter\Debug\Exceptions->errorHandler(2, 'Undefined variable $header', 'C:\\wamp64\\www\\system\\app\\Views\\cargo\\crear.php', 1)
 2 SYSTEMPATH\View\View.php(226): include('C:\\wamp64\\www\\system\\app\\Views\\cargo\\crear.php')
 3 SYSTEMPATH\View\View.php(229): CodeIgniter\View\View->CodeIgniter\View\{closure}()
 4 SYSTEMPATH\Common.php(1188): CodeIgniter\View\View->render('cargo/crear', [], true)
 5 APPPATH\Controllers\CrearController.php(12): view('cargo/crear')
 6 SYSTEMPATH\CodeIgniter.php(919): App\Controllers\CrearController->CrearCargo()
 7 SYSTEMPATH\CodeIgniter.php(494): CodeIgniter\CodeIgniter->runController(Object(App\Controllers\CrearController))
 8 SYSTEMPATH\CodeIgniter.php(353): CodeIgniter\CodeIgniter->handleRequest(null, Object(Config\Cache), false)
 9 FCPATH\index.php(79): CodeIgniter\CodeIgniter->run()
CRITICAL - 2023-09-28 00:07:52 --> Undefined variable $header
in APPPATH\Views\cargo\crear.php on line 1.
 1 APPPATH\Views\cargo\crear.php(1): CodeIgniter\Debug\Exceptions->errorHandler(2, 'Undefined variable $header', 'C:\\wamp64\\www\\system\\app\\Views\\cargo\\crear.php', 1)
 2 SYSTEMPATH\View\View.php(226): include('C:\\wamp64\\www\\system\\app\\Views\\cargo\\crear.php')
 3 SYSTEMPATH\View\View.php(229): CodeIgniter\View\View->CodeIgniter\View\{closure}()
 4 SYSTEMPATH\Common.php(1188): CodeIgniter\View\View->render('cargo/crear', [], true)
 5 APPPATH\Controllers\CrearController.php(12): view('cargo/crear')
 6 SYSTEMPATH\CodeIgniter.php(919): App\Controllers\CrearController->CrearCargo()
 7 SYSTEMPATH\CodeIgniter.php(494): CodeIgniter\CodeIgniter->runController(Object(App\Controllers\CrearController))
 8 SYSTEMPATH\CodeIgniter.php(353): CodeIgniter\CodeIgniter->handleRequest(null, Object(Config\Cache), false)
 9 FCPATH\index.php(79): CodeIgniter\CodeIgniter->run()
CRITICAL - 2023-09-28 00:07:59 --> Undefined variable $footer
in APPPATH\Views\cargo\crear.php on line 24.
 1 APPPATH\Views\cargo\crear.php(24): CodeIgniter\Debug\Exceptions->errorHandler(2, 'Undefined variable $footer', 'C:\\wamp64\\www\\system\\app\\Views\\cargo\\crear.php', 24)
 2 SYSTEMPATH\View\View.php(226): include('C:\\wamp64\\www\\system\\app\\Views\\cargo\\crear.php')
 3 SYSTEMPATH\View\View.php(229): CodeIgniter\View\View->CodeIgniter\View\{closure}()
 4 SYSTEMPATH\Common.php(1188): CodeIgniter\View\View->render('cargo/crear', [], true)
 5 APPPATH\Controllers\CrearController.php(12): view('cargo/crear')
 6 SYSTEMPATH\CodeIgniter.php(919): App\Controllers\CrearController->CrearCargo()
 7 SYSTEMPATH\CodeIgniter.php(494): CodeIgniter\CodeIgniter->runController(Object(App\Controllers\CrearController))
 8 SYSTEMPATH\CodeIgniter.php(353): CodeIgniter\CodeIgniter->handleRequest(null, Object(Config\Cache), false)
 9 FCPATH\index.php(79): CodeIgniter\CodeIgniter->run()
CRITICAL - 2023-09-28 00:19:40 --> Call to undefined method CodeIgniter\HTTP\IncomingRequest::postVar()
in APPPATH\Controllers\CargoController.php on line 36.
 1 SYSTEMPATH\CodeIgniter.php(919): App\Controllers\CargoController->guardarcargo()
 2 SYSTEMPATH\CodeIgniter.php(494): CodeIgniter\CodeIgniter->runController(Object(App\Controllers\CargoController))
 3 SYSTEMPATH\CodeIgniter.php(353): CodeIgniter\CodeIgniter->handleRequest(null, Object(Config\Cache), false)
 4 FCPATH\index.php(79): CodeIgniter\CodeIgniter->run()
CRITICAL - 2023-09-28 01:40:44 --> There is no data to insert.
in SYSTEMPATH\BaseModel.php on line 768.
 1 SYSTEMPATH\BaseModel.php(768): CodeIgniter\Database\Exceptions\DataException::forEmptyDataset('insert')
 2 SYSTEMPATH\Model.php(715): CodeIgniter\BaseModel->insert([], true)
 3 APPPATH\Controllers\CargoController.php(41): CodeIgniter\Model->insert([...])
 4 SYSTEMPATH\CodeIgniter.php(919): App\Controllers\CargoController->guardarcargo()
 5 SYSTEMPATH\CodeIgniter.php(494): CodeIgniter\CodeIgniter->runController(Object(App\Controllers\CargoController))
 6 SYSTEMPATH\CodeIgniter.php(353): CodeIgniter\CodeIgniter->handleRequest(null, Object(Config\Cache), false)
 7 FCPATH\index.php(79): CodeIgniter\CodeIgniter->run()
CRITICAL - 2023-09-28 01:42:04 --> There is no data to insert.
in SYSTEMPATH\BaseModel.php on line 768.
 1 SYSTEMPATH\BaseModel.php(768): CodeIgniter\Database\Exceptions\DataException::forEmptyDataset('insert')
 2 SYSTEMPATH\Model.php(715): CodeIgniter\BaseModel->insert([], true)
 3 APPPATH\Controllers\CargoController.php(41): CodeIgniter\Model->insert([...])
 4 SYSTEMPATH\CodeIgniter.php(919): App\Controllers\CargoController->guardarcargo()
 5 SYSTEMPATH\CodeIgniter.php(494): CodeIgniter\CodeIgniter->runController(Object(App\Controllers\CargoController))
 6 SYSTEMPATH\CodeIgniter.php(353): CodeIgniter\CodeIgniter->handleRequest(null, Object(Config\Cache), false)
 7 FCPATH\index.php(79): CodeIgniter\CodeIgniter->run()
CRITICAL - 2023-09-28 01:43:05 --> There is no data to insert.
in SYSTEMPATH\BaseModel.php on line 768.
 1 SYSTEMPATH\BaseModel.php(768): CodeIgniter\Database\Exceptions\DataException::forEmptyDataset('insert')
 2 SYSTEMPATH\Model.php(715): CodeIgniter\BaseModel->insert([], true)
 3 APPPATH\Controllers\CargoController.php(41): CodeIgniter\Model->insert([...])
 4 SYSTEMPATH\CodeIgniter.php(919): App\Controllers\CargoController->guardarcargo()
 5 SYSTEMPATH\CodeIgniter.php(494): CodeIgniter\CodeIgniter->runController(Object(App\Controllers\CargoController))
 6 SYSTEMPATH\CodeIgniter.php(353): CodeIgniter\CodeIgniter->handleRequest(null, Object(Config\Cache), false)
 7 FCPATH\index.php(79): CodeIgniter\CodeIgniter->run()
CRITICAL - 2023-09-28 12:48:20 --> Undefined variable $cargo
in APPPATH\Views\cargo\condicion.php on line 16.
 1 APPPATH\Views\cargo\condicion.php(16): CodeIgniter\Debug\Exceptions->errorHandler(2, 'Undefined variable $cargo', 'C:\\wamp64\\www\\system\\app\\Views\\cargo\\condicion.php', 16)
 2 SYSTEMPATH\View\View.php(226): include('C:\\wamp64\\www\\system\\app\\Views\\cargo\\condicion.php')
 3 SYSTEMPATH\View\View.php(229): CodeIgniter\View\View->CodeIgniter\View\{closure}()
 4 SYSTEMPATH\Common.php(1188): CodeIgniter\View\View->render('cargo/condicion', [], true)
 5 APPPATH\Controllers\CargoController.php(31): view('cargo/condicion', [...])
 6 SYSTEMPATH\CodeIgniter.php(919): App\Controllers\CargoController->condicion()
 7 SYSTEMPATH\CodeIgniter.php(494): CodeIgniter\CodeIgniter->runController(Object(App\Controllers\CargoController))
 8 SYSTEMPATH\CodeIgniter.php(353): CodeIgniter\CodeIgniter->handleRequest(null, Object(Config\Cache), false)
 9 FCPATH\index.php(79): CodeIgniter\CodeIgniter->run()
CRITICAL - 2023-09-28 13:06:19 --> syntax error, unexpected single-quoted string "descripcion", expecting "]"
in APPPATH\Controllers\CargoController.php on line 39.
 1 SYSTEMPATH\Autoloader\Autoloader.php(285): CodeIgniter\Autoloader\Autoloader->includeFile('C:\\wamp64\\www\\system\\app\\Controllers\\CargoController.php')
 2 SYSTEMPATH\Autoloader\Autoloader.php(263): CodeIgniter\Autoloader\Autoloader->loadInNamespace('App\\Controllers\\CargoController')
 3 [internal function]: CodeIgniter\Autoloader\Autoloader->loadClass('App\\Controllers\\CargoController')
 4 SYSTEMPATH\CodeIgniter.php(877): class_exists('\\App\\Controllers\\CargoController', true)
 5 SYSTEMPATH\CodeIgniter.php(481): CodeIgniter\CodeIgniter->startController()
 6 SYSTEMPATH\CodeIgniter.php(353): CodeIgniter\CodeIgniter->handleRequest(null, Object(Config\Cache), false)
 7 FCPATH\index.php(79): CodeIgniter\CodeIgniter->run()
CRITICAL - 2023-09-28 13:08:21 --> syntax error, unexpected single-quoted string "descripcion", expecting "]"
in APPPATH\Controllers\CargoController.php on line 39.
 1 SYSTEMPATH\Autoloader\Autoloader.php(285): CodeIgniter\Autoloader\Autoloader->includeFile('C:\\wamp64\\www\\system\\app\\Controllers\\CargoController.php')
 2 SYSTEMPATH\Autoloader\Autoloader.php(263): CodeIgniter\Autoloader\Autoloader->loadInNamespace('App\\Controllers\\CargoController')
 3 [internal function]: CodeIgniter\Autoloader\Autoloader->loadClass('App\\Controllers\\CargoController')
 4 SYSTEMPATH\CodeIgniter.php(877): class_exists('\\App\\Controllers\\CargoController', true)
 5 SYSTEMPATH\CodeIgniter.php(481): CodeIgniter\CodeIgniter->startController()
 6 SYSTEMPATH\CodeIgniter.php(353): CodeIgniter\CodeIgniter->handleRequest(null, Object(Config\Cache), false)
 7 FCPATH\index.php(79): CodeIgniter\CodeIgniter->run()
CRITICAL - 2023-09-28 13:08:54 --> Undefined property: App\Controllers\CargoController::$resquest
in APPPATH\Controllers\CargoController.php on line 38.
 1 APPPATH\Controllers\CargoController.php(38): CodeIgniter\Debug\Exceptions->errorHandler(2, 'Undefined property: App\\Controllers\\CargoController::$resquest', 'C:\\wamp64\\www\\system\\app\\Controllers\\CargoController.php', 38)
 2 SYSTEMPATH\CodeIgniter.php(919): App\Controllers\CargoController->guardarcargo()
 3 SYSTEMPATH\CodeIgniter.php(494): CodeIgniter\CodeIgniter->runController(Object(App\Controllers\CargoController))
 4 SYSTEMPATH\CodeIgniter.php(353): CodeIgniter\CodeIgniter->handleRequest(null, Object(Config\Cache), false)
 5 FCPATH\index.php(79): CodeIgniter\CodeIgniter->run()
CRITICAL - 2023-09-28 13:12:14 --> Undefined property: App\Controllers\CargoController::$resquest
in APPPATH\Controllers\CargoController.php on line 38.
 1 APPPATH\Controllers\CargoController.php(38): CodeIgniter\Debug\Exceptions->errorHandler(2, 'Undefined property: App\\Controllers\\CargoController::$resquest', 'C:\\wamp64\\www\\system\\app\\Controllers\\CargoController.php', 38)
 2 SYSTEMPATH\CodeIgniter.php(919): App\Controllers\CargoController->guardarcargo()
 3 SYSTEMPATH\CodeIgniter.php(494): CodeIgniter\CodeIgniter->runController(Object(App\Controllers\CargoController))
 4 SYSTEMPATH\CodeIgniter.php(353): CodeIgniter\CodeIgniter->handleRequest(null, Object(Config\Cache), false)
 5 FCPATH\index.php(79): CodeIgniter\CodeIgniter->run()
CRITICAL - 2023-09-28 13:13:56 --> Undefined property: App\Controllers\CargoController::$resquest
in APPPATH\Controllers\CargoController.php on line 38.
 1 APPPATH\Controllers\CargoController.php(38): CodeIgniter\Debug\Exceptions->errorHandler(2, 'Undefined property: App\\Controllers\\CargoController::$resquest', 'C:\\wamp64\\www\\system\\app\\Controllers\\CargoController.php', 38)
 2 SYSTEMPATH\CodeIgniter.php(919): App\Controllers\CargoController->guardarcargo()
 3 SYSTEMPATH\CodeIgniter.php(494): CodeIgniter\CodeIgniter->runController(Object(App\Controllers\CargoController))
 4 SYSTEMPATH\CodeIgniter.php(353): CodeIgniter\CodeIgniter->handleRequest(null, Object(Config\Cache), false)
 5 FCPATH\index.php(79): CodeIgniter\CodeIgniter->run()
CRITICAL - 2023-09-28 13:14:19 --> Undefined property: App\Controllers\CargoController::$resquest
in APPPATH\Controllers\CargoController.php on line 38.
 1 APPPATH\Controllers\CargoController.php(38): CodeIgniter\Debug\Exceptions->errorHandler(2, 'Undefined property: App\\Controllers\\CargoController::$resquest', 'C:\\wamp64\\www\\system\\app\\Controllers\\CargoController.php', 38)
 2 SYSTEMPATH\CodeIgniter.php(919): App\Controllers\CargoController->guardarcargo()
 3 SYSTEMPATH\CodeIgniter.php(494): CodeIgniter\CodeIgniter->runController(Object(App\Controllers\CargoController))
 4 SYSTEMPATH\CodeIgniter.php(353): CodeIgniter\CodeIgniter->handleRequest(null, Object(Config\Cache), false)
 5 FCPATH\index.php(79): CodeIgniter\CodeIgniter->run()
CRITICAL - 2023-09-28 13:14:50 --> Undefined property: App\Controllers\CargoController::$resquest
in APPPATH\Controllers\CargoController.php on line 38.
 1 APPPATH\Controllers\CargoController.php(38): CodeIgniter\Debug\Exceptions->errorHandler(2, 'Undefined property: App\\Controllers\\CargoController::$resquest', 'C:\\wamp64\\www\\system\\app\\Controllers\\CargoController.php', 38)
 2 SYSTEMPATH\CodeIgniter.php(919): App\Controllers\CargoController->guardarcargo()
 3 SYSTEMPATH\CodeIgniter.php(494): CodeIgniter\CodeIgniter->runController(Object(App\Controllers\CargoController))
 4 SYSTEMPATH\CodeIgniter.php(353): CodeIgniter\CodeIgniter->handleRequest(null, Object(Config\Cache), false)
 5 FCPATH\index.php(79): CodeIgniter\CodeIgniter->run()
CRITICAL - 2023-09-28 13:15:42 --> Undefined property: App\Controllers\CargoController::$resquest
in APPPATH\Controllers\CargoController.php on line 38.
 1 APPPATH\Controllers\CargoController.php(38): CodeIgniter\Debug\Exceptions->errorHandler(2, 'Undefined property: App\\Controllers\\CargoController::$resquest', 'C:\\wamp64\\www\\system\\app\\Controllers\\CargoController.php', 38)
 2 SYSTEMPATH\CodeIgniter.php(919): App\Controllers\CargoController->guardarcargo()
 3 SYSTEMPATH\CodeIgniter.php(494): CodeIgniter\CodeIgniter->runController(Object(App\Controllers\CargoController))
 4 SYSTEMPATH\CodeIgniter.php(353): CodeIgniter\CodeIgniter->handleRequest(null, Object(Config\Cache), false)
 5 FCPATH\index.php(79): CodeIgniter\CodeIgniter->run()
CRITICAL - 2023-09-28 13:15:43 --> Undefined property: App\Controllers\CargoController::$resquest
in APPPATH\Controllers\CargoController.php on line 38.
 1 APPPATH\Controllers\CargoController.php(38): CodeIgniter\Debug\Exceptions->errorHandler(2, 'Undefined property: App\\Controllers\\CargoController::$resquest', 'C:\\wamp64\\www\\system\\app\\Controllers\\CargoController.php', 38)
 2 SYSTEMPATH\CodeIgniter.php(919): App\Controllers\CargoController->guardarcargo()
 3 SYSTEMPATH\CodeIgniter.php(494): CodeIgniter\CodeIgniter->runController(Object(App\Controllers\CargoController))
 4 SYSTEMPATH\CodeIgniter.php(353): CodeIgniter\CodeIgniter->handleRequest(null, Object(Config\Cache), false)
 5 FCPATH\index.php(79): CodeIgniter\CodeIgniter->run()
CRITICAL - 2023-09-28 13:15:44 --> Undefined property: App\Controllers\CargoController::$resquest
in APPPATH\Controllers\CargoController.php on line 38.
 1 APPPATH\Controllers\CargoController.php(38): CodeIgniter\Debug\Exceptions->errorHandler(2, 'Undefined property: App\\Controllers\\CargoController::$resquest', 'C:\\wamp64\\www\\system\\app\\Controllers\\CargoController.php', 38)
 2 SYSTEMPATH\CodeIgniter.php(919): App\Controllers\CargoController->guardarcargo()
 3 SYSTEMPATH\CodeIgniter.php(494): CodeIgniter\CodeIgniter->runController(Object(App\Controllers\CargoController))
 4 SYSTEMPATH\CodeIgniter.php(353): CodeIgniter\CodeIgniter->handleRequest(null, Object(Config\Cache), false)
 5 FCPATH\index.php(79): CodeIgniter\CodeIgniter->run()
