CRITICAL - 2023-11-21 09:59:43 --> Undefined property: stdClass::$serial
in APPPATH\Views\movimientos\pdf.php on line 42.
 1 APPPATH\Views\movimientos\pdf.php(42): CodeIgniter\Debug\Exceptions->errorHandler(2, 'Undefined property: stdClass::$serial', 'C:\\wamp64\\www\\system\\app\\Views\\movimientos\\pdf.php', 42)
 2 SYSTEMPATH\View\View.php(226): include('C:\\wamp64\\www\\system\\app\\Views\\movimientos\\pdf.php')
 3 SYSTEMPATH\View\View.php(229): CodeIgniter\View\View->CodeIgniter\View\{closure}()
 4 SYSTEMPATH\Common.php(1188): CodeIgniter\View\View->render('movimientos/pdf', [], true)
 5 APPPATH\Controllers\VistaController.php(186): view('movimientos/pdf', [...])
 6 SYSTEMPATH\CodeIgniter.php(919): App\Controllers\VistaController->pdf('1')
 7 SYSTEMPATH\CodeIgniter.php(494): CodeIgniter\CodeIgniter->runController(Object(App\Controllers\VistaController))
 8 SYSTEMPATH\CodeIgniter.php(353): CodeIgniter\CodeIgniter->handleRequest(null, Object(Config\Cache), false)
 9 FCPATH\index.php(79): CodeIgniter\CodeIgniter->run()
CRITICAL - 2023-11-21 10:00:03 --> Undefined property: stdClass::$serial
in APPPATH\Views\movimientos\pdf.php on line 42.
 1 APPPATH\Views\movimientos\pdf.php(42): CodeIgniter\Debug\Exceptions->errorHandler(2, 'Undefined property: stdClass::$serial', 'C:\\wamp64\\www\\system\\app\\Views\\movimientos\\pdf.php', 42)
 2 SYSTEMPATH\View\View.php(226): include('C:\\wamp64\\www\\system\\app\\Views\\movimientos\\pdf.php')
 3 SYSTEMPATH\View\View.php(229): CodeIgniter\View\View->CodeIgniter\View\{closure}()
 4 SYSTEMPATH\Common.php(1188): CodeIgniter\View\View->render('movimientos/pdf', [], true)
 5 APPPATH\Controllers\VistaController.php(186): view('movimientos/pdf', [...])
 6 SYSTEMPATH\CodeIgniter.php(919): App\Controllers\VistaController->pdf('1')
 7 SYSTEMPATH\CodeIgniter.php(494): CodeIgniter\CodeIgniter->runController(Object(App\Controllers\VistaController))
 8 SYSTEMPATH\CodeIgniter.php(353): CodeIgniter\CodeIgniter->handleRequest(null, Object(Config\Cache), false)
 9 FCPATH\index.php(79): CodeIgniter\CodeIgniter->run()
CRITICAL - 2023-11-21 10:00:28 --> Undefined property: stdClass::$serial
in APPPATH\Views\movimientos\pdf.php on line 42.
 1 APPPATH\Views\movimientos\pdf.php(42): CodeIgniter\Debug\Exceptions->errorHandler(2, 'Undefined property: stdClass::$serial', 'C:\\wamp64\\www\\system\\app\\Views\\movimientos\\pdf.php', 42)
 2 SYSTEMPATH\View\View.php(226): include('C:\\wamp64\\www\\system\\app\\Views\\movimientos\\pdf.php')
 3 SYSTEMPATH\View\View.php(229): CodeIgniter\View\View->CodeIgniter\View\{closure}()
 4 SYSTEMPATH\Common.php(1188): CodeIgniter\View\View->render('movimientos/pdf', [], true)
 5 APPPATH\Controllers\VistaController.php(186): view('movimientos/pdf', [...])
 6 SYSTEMPATH\CodeIgniter.php(919): App\Controllers\VistaController->pdf('1')
 7 SYSTEMPATH\CodeIgniter.php(494): CodeIgniter\CodeIgniter->runController(Object(App\Controllers\VistaController))
 8 SYSTEMPATH\CodeIgniter.php(353): CodeIgniter\CodeIgniter->handleRequest(null, Object(Config\Cache), false)
 9 FCPATH\index.php(79): CodeIgniter\CodeIgniter->run()
CRITICAL - 2023-11-21 10:01:30 --> Undefined property: stdClass::$serial
in APPPATH\Views\movimientos\pdf.php on line 42.
 1 APPPATH\Views\movimientos\pdf.php(42): CodeIgniter\Debug\Exceptions->errorHandler(2, 'Undefined property: stdClass::$serial', 'C:\\wamp64\\www\\system\\app\\Views\\movimientos\\pdf.php', 42)
 2 SYSTEMPATH\View\View.php(226): include('C:\\wamp64\\www\\system\\app\\Views\\movimientos\\pdf.php')
 3 SYSTEMPATH\View\View.php(229): CodeIgniter\View\View->CodeIgniter\View\{closure}()
 4 SYSTEMPATH\Common.php(1188): CodeIgniter\View\View->render('movimientos/pdf', [], true)
 5 APPPATH\Controllers\VistaController.php(186): view('movimientos/pdf', [...])
 6 SYSTEMPATH\CodeIgniter.php(919): App\Controllers\VistaController->pdf('3')
 7 SYSTEMPATH\CodeIgniter.php(494): CodeIgniter\CodeIgniter->runController(Object(App\Controllers\VistaController))
 8 SYSTEMPATH\CodeIgniter.php(353): CodeIgniter\CodeIgniter->handleRequest(null, Object(Config\Cache), false)
 9 FCPATH\index.php(79): CodeIgniter\CodeIgniter->run()
CRITICAL - 2023-11-21 10:03:34 --> Undefined property: stdClass::$Codigo
in APPPATH\Views\movimientos\pdf.php on line 46.
 1 APPPATH\Views\movimientos\pdf.php(46): CodeIgniter\Debug\Exceptions->errorHandler(2, 'Undefined property: stdClass::$Codigo', 'C:\\wamp64\\www\\system\\app\\Views\\movimientos\\pdf.php', 46)
 2 SYSTEMPATH\View\View.php(226): include('C:\\wamp64\\www\\system\\app\\Views\\movimientos\\pdf.php')
 3 SYSTEMPATH\View\View.php(229): CodeIgniter\View\View->CodeIgniter\View\{closure}()
 4 SYSTEMPATH\Common.php(1188): CodeIgniter\View\View->render('movimientos/pdf', [], true)
 5 APPPATH\Controllers\VistaController.php(186): view('movimientos/pdf', [...])
 6 SYSTEMPATH\CodeIgniter.php(919): App\Controllers\VistaController->pdf('3')
 7 SYSTEMPATH\CodeIgniter.php(494): CodeIgniter\CodeIgniter->runController(Object(App\Controllers\VistaController))
 8 SYSTEMPATH\CodeIgniter.php(353): CodeIgniter\CodeIgniter->handleRequest(null, Object(Config\Cache), false)
 9 FCPATH\index.php(79): CodeIgniter\CodeIgniter->run()
CRITICAL - 2023-11-21 10:03:45 --> Undefined property: stdClass::$Codigo
in APPPATH\Views\movimientos\pdf.php on line 46.
 1 APPPATH\Views\movimientos\pdf.php(46): CodeIgniter\Debug\Exceptions->errorHandler(2, 'Undefined property: stdClass::$Codigo', 'C:\\wamp64\\www\\system\\app\\Views\\movimientos\\pdf.php', 46)
 2 SYSTEMPATH\View\View.php(226): include('C:\\wamp64\\www\\system\\app\\Views\\movimientos\\pdf.php')
 3 SYSTEMPATH\View\View.php(229): CodeIgniter\View\View->CodeIgniter\View\{closure}()
 4 SYSTEMPATH\Common.php(1188): CodeIgniter\View\View->render('movimientos/pdf', [], true)
 5 APPPATH\Controllers\VistaController.php(186): view('movimientos/pdf', [...])
 6 SYSTEMPATH\CodeIgniter.php(919): App\Controllers\VistaController->pdf('3')
 7 SYSTEMPATH\CodeIgniter.php(494): CodeIgniter\CodeIgniter->runController(Object(App\Controllers\VistaController))
 8 SYSTEMPATH\CodeIgniter.php(353): CodeIgniter\CodeIgniter->handleRequest(null, Object(Config\Cache), false)
 9 FCPATH\index.php(79): CodeIgniter\CodeIgniter->run()
CRITICAL - 2023-11-21 10:03:56 --> Undefined property: stdClass::$Codigo
in APPPATH\Views\movimientos\pdf.php on line 46.
 1 APPPATH\Views\movimientos\pdf.php(46): CodeIgniter\Debug\Exceptions->errorHandler(2, 'Undefined property: stdClass::$Codigo', 'C:\\wamp64\\www\\system\\app\\Views\\movimientos\\pdf.php', 46)
 2 SYSTEMPATH\View\View.php(226): include('C:\\wamp64\\www\\system\\app\\Views\\movimientos\\pdf.php')
 3 SYSTEMPATH\View\View.php(229): CodeIgniter\View\View->CodeIgniter\View\{closure}()
 4 SYSTEMPATH\Common.php(1188): CodeIgniter\View\View->render('movimientos/pdf', [], true)
 5 APPPATH\Controllers\VistaController.php(186): view('movimientos/pdf', [...])
 6 SYSTEMPATH\CodeIgniter.php(919): App\Controllers\VistaController->pdf('3')
 7 SYSTEMPATH\CodeIgniter.php(494): CodeIgniter\CodeIgniter->runController(Object(App\Controllers\VistaController))
 8 SYSTEMPATH\CodeIgniter.php(353): CodeIgniter\CodeIgniter->handleRequest(null, Object(Config\Cache), false)
 9 FCPATH\index.php(79): CodeIgniter\CodeIgniter->run()
CRITICAL - 2023-11-21 15:19:56 --> Undefined property: stdClass::$proveedor
in APPPATH\Views\movimientos\pdf.php on line 60.
 1 APPPATH\Views\movimientos\pdf.php(60): CodeIgniter\Debug\Exceptions->errorHandler(2, 'Undefined property: stdClass::$proveedor', 'C:\\wamp64\\www\\system\\app\\Views\\movimientos\\pdf.php', 60)
 2 SYSTEMPATH\View\View.php(226): include('C:\\wamp64\\www\\system\\app\\Views\\movimientos\\pdf.php')
 3 SYSTEMPATH\View\View.php(229): CodeIgniter\View\View->CodeIgniter\View\{closure}()
 4 SYSTEMPATH\Common.php(1188): CodeIgniter\View\View->render('movimientos/pdf', [], true)
 5 APPPATH\Controllers\VistaController.php(186): view('movimientos/pdf', [...])
 6 SYSTEMPATH\CodeIgniter.php(919): App\Controllers\VistaController->pdf('3')
 7 SYSTEMPATH\CodeIgniter.php(494): CodeIgniter\CodeIgniter->runController(Object(App\Controllers\VistaController))
 8 SYSTEMPATH\CodeIgniter.php(353): CodeIgniter\CodeIgniter->handleRequest(null, Object(Config\Cache), false)
 9 FCPATH\index.php(79): CodeIgniter\CodeIgniter->run()
CRITICAL - 2023-11-21 15:26:39 --> Undefined property: stdClass::$modelo
in APPPATH\Views\movimientos\pdf.php on line 48.
 1 APPPATH\Views\movimientos\pdf.php(48): CodeIgniter\Debug\Exceptions->errorHandler(2, 'Undefined property: stdClass::$modelo', 'C:\\wamp64\\www\\system\\app\\Views\\movimientos\\pdf.php', 48)
 2 SYSTEMPATH\View\View.php(226): include('C:\\wamp64\\www\\system\\app\\Views\\movimientos\\pdf.php')
 3 SYSTEMPATH\View\View.php(229): CodeIgniter\View\View->CodeIgniter\View\{closure}()
 4 SYSTEMPATH\Common.php(1188): CodeIgniter\View\View->render('movimientos/pdf', [], true)
 5 APPPATH\Controllers\VistaController.php(186): view('movimientos/pdf', [...])
 6 SYSTEMPATH\CodeIgniter.php(919): App\Controllers\VistaController->pdf('3')
 7 SYSTEMPATH\CodeIgniter.php(494): CodeIgniter\CodeIgniter->runController(Object(App\Controllers\VistaController))
 8 SYSTEMPATH\CodeIgniter.php(353): CodeIgniter\CodeIgniter->handleRequest(null, Object(Config\Cache), false)
 9 FCPATH\index.php(79): CodeIgniter\CodeIgniter->run()
