ERROR - 2023-10-08 16:26:32 --> mysqli_sql_exception: Unknown column 'codigo_act' in 'order clause' in C:\wamp64\www\system\system\Database\MySQLi\Connection.php:306
Stack trace:
#0 C:\wamp64\www\system\system\Database\MySQLi\Connection.php(306): mysqli->query('SELECT *\nFROM `...', 0)
#1 C:\wamp64\www\system\system\Database\BaseConnection.php(692): CodeIgniter\Database\MySQLi\Connection->execute('SELECT *\nFROM `...')
#2 C:\wamp64\www\system\system\Database\BaseConnection.php(606): CodeIgniter\Database\BaseConnection->simpleQuery('SELECT *\nFROM `...')
#3 C:\wamp64\www\system\system\Database\BaseBuilder.php(1615): CodeIgniter\Database\BaseConnection->query('SELECT *\nFROM `...', Array, false)
#4 C:\wamp64\www\system\system\Model.php(237): CodeIgniter\Database\BaseBuilder->get()
#5 C:\wamp64\www\system\system\BaseModel.php(624): CodeIgniter\Model->doFindAll(0, 0)
#6 C:\wamp64\www\system\app\Controllers\VistaController.php(54): CodeIgniter\BaseModel->findAll()
#7 C:\wamp64\www\system\system\CodeIgniter.php(919): App\Controllers\VistaController->activo()
#8 C:\wamp64\www\system\system\CodeIgniter.php(494): CodeIgniter\CodeIgniter->runController(Object(App\Controllers\VistaController))
#9 C:\wamp64\www\system\system\CodeIgniter.php(353): CodeIgniter\CodeIgniter->handleRequest(NULL, Object(Config\Cache), false)
#10 C:\wamp64\www\system\public\index.php(79): CodeIgniter\CodeIgniter->run()
#11 {main}
CRITICAL - 2023-10-08 16:26:33 --> Unknown column 'codigo_act' in 'order clause'
in SYSTEMPATH\Database\BaseConnection.php on line 646.
 1 SYSTEMPATH\Database\BaseBuilder.php(1615): CodeIgniter\Database\BaseConnection->query('SELECT *
FROM `act_activos`
ORDER BY `codigo_act` ASC', [], false)
 2 SYSTEMPATH\Model.php(237): CodeIgniter\Database\BaseBuilder->get()
 3 SYSTEMPATH\BaseModel.php(624): CodeIgniter\Model->doFindAll(0, 0)
 4 APPPATH\Controllers\VistaController.php(54): CodeIgniter\BaseModel->findAll()
 5 SYSTEMPATH\CodeIgniter.php(919): App\Controllers\VistaController->activo()
 6 SYSTEMPATH\CodeIgniter.php(494): CodeIgniter\CodeIgniter->runController(Object(App\Controllers\VistaController))
 7 SYSTEMPATH\CodeIgniter.php(353): CodeIgniter\CodeIgniter->handleRequest(null, Object(Config\Cache), false)
 8 FCPATH\index.php(79): CodeIgniter\CodeIgniter->run()
ERROR - 2023-10-08 16:27:56 --> mysqli_sql_exception: Unknown column 'codigo_act' in 'order clause' in C:\wamp64\www\system\system\Database\MySQLi\Connection.php:306
Stack trace:
#0 C:\wamp64\www\system\system\Database\MySQLi\Connection.php(306): mysqli->query('SELECT *\nFROM `...', 0)
#1 C:\wamp64\www\system\system\Database\BaseConnection.php(692): CodeIgniter\Database\MySQLi\Connection->execute('SELECT *\nFROM `...')
#2 C:\wamp64\www\system\system\Database\BaseConnection.php(606): CodeIgniter\Database\BaseConnection->simpleQuery('SELECT *\nFROM `...')
#3 C:\wamp64\www\system\system\Database\BaseBuilder.php(1615): CodeIgniter\Database\BaseConnection->query('SELECT *\nFROM `...', Array, false)
#4 C:\wamp64\www\system\system\Model.php(237): CodeIgniter\Database\BaseBuilder->get()
#5 C:\wamp64\www\system\system\BaseModel.php(624): CodeIgniter\Model->doFindAll(0, 0)
#6 C:\wamp64\www\system\app\Controllers\VistaController.php(54): CodeIgniter\BaseModel->findAll()
#7 C:\wamp64\www\system\system\CodeIgniter.php(919): App\Controllers\VistaController->activo()
#8 C:\wamp64\www\system\system\CodeIgniter.php(494): CodeIgniter\CodeIgniter->runController(Object(App\Controllers\VistaController))
#9 C:\wamp64\www\system\system\CodeIgniter.php(353): CodeIgniter\CodeIgniter->handleRequest(NULL, Object(Config\Cache), false)
#10 C:\wamp64\www\system\public\index.php(79): CodeIgniter\CodeIgniter->run()
#11 {main}
CRITICAL - 2023-10-08 16:27:56 --> Unknown column 'codigo_act' in 'order clause'
in SYSTEMPATH\Database\BaseConnection.php on line 646.
 1 SYSTEMPATH\Database\BaseBuilder.php(1615): CodeIgniter\Database\BaseConnection->query('SELECT *
FROM `act_activos`
ORDER BY `codigo_act` ASC', [], false)
 2 SYSTEMPATH\Model.php(237): CodeIgniter\Database\BaseBuilder->get()
 3 SYSTEMPATH\BaseModel.php(624): CodeIgniter\Model->doFindAll(0, 0)
 4 APPPATH\Controllers\VistaController.php(54): CodeIgniter\BaseModel->findAll()
 5 SYSTEMPATH\CodeIgniter.php(919): App\Controllers\VistaController->activo()
 6 SYSTEMPATH\CodeIgniter.php(494): CodeIgniter\CodeIgniter->runController(Object(App\Controllers\VistaController))
 7 SYSTEMPATH\CodeIgniter.php(353): CodeIgniter\CodeIgniter->handleRequest(null, Object(Config\Cache), false)
 8 FCPATH\index.php(79): CodeIgniter\CodeIgniter->run()
