CRITICAL - 2023-10-10 00:37:29 --> Call to undefined method App\Models\Cargo::validateData
in SYSTEMPATH\Model.php on line 873.
 1 APPPATH\Models\cargo.php(17): CodeIgniter\Model->__call('validateData', [...])
 2 APPPATH\Controllers\AccionController.php(24): App\Models\Cargo->insertar([...])
 3 SYSTEMPATH\CodeIgniter.php(919): App\Controllers\AccionController->save()
 4 SYSTEMPATH\CodeIgniter.php(494): CodeIgniter\CodeIgniter->runController(Object(App\Controllers\AccionController))
 5 SYSTEMPATH\CodeIgniter.php(353): CodeIgniter\CodeIgniter->handleRequest(null, Object(Config\Cache), false)
 6 FCPATH\index.php(79): CodeIgniter\CodeIgniter->run()
CRITICAL - 2023-10-10 00:49:58 --> Undefined variable $cargos
in APPPATH\Views\responsables\cargo.php on line 72.
 1 APPPATH\Views\responsables\cargo.php(72): CodeIgniter\Debug\Exceptions->errorHandler(2, 'Undefined variable $cargos', 'C:\\wamp64\\www\\system\\app\\Views\\responsables\\cargo.php', 72)
 2 SYSTEMPATH\View\View.php(226): include('C:\\wamp64\\www\\system\\app\\Views\\responsables\\cargo.php')
 3 SYSTEMPATH\View\View.php(229): CodeIgniter\View\View->CodeIgniter\View\{closure}()
 4 SYSTEMPATH\Common.php(1188): CodeIgniter\View\View->render('responsables/cargo', [], true)
 5 APPPATH\Controllers\VistaController.php(30): view('responsables/cargo', [...])
 6 SYSTEMPATH\CodeIgniter.php(919): App\Controllers\VistaController->index()
 7 SYSTEMPATH\CodeIgniter.php(494): CodeIgniter\CodeIgniter->runController(Object(App\Controllers\VistaController))
 8 SYSTEMPATH\CodeIgniter.php(353): CodeIgniter\CodeIgniter->handleRequest(null, Object(Config\Cache), false)
 9 FCPATH\index.php(79): CodeIgniter\CodeIgniter->run()
CRITICAL - 2023-10-10 00:51:11 --> The route for "http://localhost/system/public/index.php/cargo" cannot be found.
in SYSTEMPATH\HTTP\RedirectResponse.php on line 60.
 1 SYSTEMPATH\HTTP\RedirectResponse.php(60): CodeIgniter\HTTP\Exceptions\HTTPException::forInvalidRedirectRoute('http://localhost/system/public/index.php/cargo')
 2 SYSTEMPATH\Common.php(878): CodeIgniter\HTTP\RedirectResponse->route(false)
 3 APPPATH\Controllers\AccionController.php(30): redirect('http://localhost/system/public/index.php/cargo')
 4 SYSTEMPATH\CodeIgniter.php(919): App\Controllers\AccionController->save()
 5 SYSTEMPATH\CodeIgniter.php(494): CodeIgniter\CodeIgniter->runController(Object(App\Controllers\AccionController))
 6 SYSTEMPATH\CodeIgniter.php(353): CodeIgniter\CodeIgniter->handleRequest(null, Object(Config\Cache), false)
 7 FCPATH\index.php(79): CodeIgniter\CodeIgniter->run()
CRITICAL - 2023-10-10 00:51:47 --> The route for "http://localhost/system/public/index.php/cargo" cannot be found.
in SYSTEMPATH\HTTP\RedirectResponse.php on line 60.
 1 SYSTEMPATH\HTTP\RedirectResponse.php(60): CodeIgniter\HTTP\Exceptions\HTTPException::forInvalidRedirectRoute('http://localhost/system/public/index.php/cargo')
 2 SYSTEMPATH\Common.php(878): CodeIgniter\HTTP\RedirectResponse->route(false)
 3 APPPATH\Controllers\AccionController.php(30): redirect('http://localhost/system/public/index.php/cargo')
 4 SYSTEMPATH\CodeIgniter.php(919): App\Controllers\AccionController->save()
 5 SYSTEMPATH\CodeIgniter.php(494): CodeIgniter\CodeIgniter->runController(Object(App\Controllers\AccionController))
 6 SYSTEMPATH\CodeIgniter.php(353): CodeIgniter\CodeIgniter->handleRequest(null, Object(Config\Cache), false)
 7 FCPATH\index.php(79): CodeIgniter\CodeIgniter->run()
CRITICAL - 2023-10-10 00:52:16 --> The route for "http://localhost/system/public/index.php/cargo" cannot be found.
in SYSTEMPATH\HTTP\RedirectResponse.php on line 60.
 1 SYSTEMPATH\HTTP\RedirectResponse.php(60): CodeIgniter\HTTP\Exceptions\HTTPException::forInvalidRedirectRoute('http://localhost/system/public/index.php/cargo')
 2 SYSTEMPATH\Common.php(878): CodeIgniter\HTTP\RedirectResponse->route(false)
 3 APPPATH\Controllers\AccionController.php(30): redirect('http://localhost/system/public/index.php/cargo')
 4 SYSTEMPATH\CodeIgniter.php(919): App\Controllers\AccionController->save()
 5 SYSTEMPATH\CodeIgniter.php(494): CodeIgniter\CodeIgniter->runController(Object(App\Controllers\AccionController))
 6 SYSTEMPATH\CodeIgniter.php(353): CodeIgniter\CodeIgniter->handleRequest(null, Object(Config\Cache), false)
 7 FCPATH\index.php(79): CodeIgniter\CodeIgniter->run()
CRITICAL - 2023-10-10 00:53:25 --> The route for "http://localhost/system/public/index.php/cargo" cannot be found.
in SYSTEMPATH\HTTP\RedirectResponse.php on line 60.
 1 SYSTEMPATH\HTTP\RedirectResponse.php(60): CodeIgniter\HTTP\Exceptions\HTTPException::forInvalidRedirectRoute('http://localhost/system/public/index.php/cargo')
 2 SYSTEMPATH\Common.php(878): CodeIgniter\HTTP\RedirectResponse->route(false)
 3 APPPATH\Controllers\AccionController.php(30): redirect('http://localhost/system/public/index.php/cargo')
 4 SYSTEMPATH\CodeIgniter.php(919): App\Controllers\AccionController->save()
 5 SYSTEMPATH\CodeIgniter.php(494): CodeIgniter\CodeIgniter->runController(Object(App\Controllers\AccionController))
 6 SYSTEMPATH\CodeIgniter.php(353): CodeIgniter\CodeIgniter->handleRequest(null, Object(Config\Cache), false)
 7 FCPATH\index.php(79): CodeIgniter\CodeIgniter->run()
CRITICAL - 2023-10-10 00:54:28 --> The route for "http://localhost/system/public/index.php/cargo" cannot be found.
in SYSTEMPATH\HTTP\RedirectResponse.php on line 60.
 1 SYSTEMPATH\HTTP\RedirectResponse.php(60): CodeIgniter\HTTP\Exceptions\HTTPException::forInvalidRedirectRoute('http://localhost/system/public/index.php/cargo')
 2 SYSTEMPATH\Common.php(878): CodeIgniter\HTTP\RedirectResponse->route(false)
 3 APPPATH\Controllers\AccionController.php(31): redirect('http://localhost/system/public/index.php/cargo')
 4 SYSTEMPATH\CodeIgniter.php(919): App\Controllers\AccionController->save()
 5 SYSTEMPATH\CodeIgniter.php(494): CodeIgniter\CodeIgniter->runController(Object(App\Controllers\AccionController))
 6 SYSTEMPATH\CodeIgniter.php(353): CodeIgniter\CodeIgniter->handleRequest(null, Object(Config\Cache), false)
 7 FCPATH\index.php(79): CodeIgniter\CodeIgniter->run()
CRITICAL - 2023-10-10 00:54:39 --> The route for "http://localhost/system/public/index.php/cargo" cannot be found.
in SYSTEMPATH\HTTP\RedirectResponse.php on line 60.
 1 SYSTEMPATH\HTTP\RedirectResponse.php(60): CodeIgniter\HTTP\Exceptions\HTTPException::forInvalidRedirectRoute('http://localhost/system/public/index.php/cargo')
 2 SYSTEMPATH\Common.php(878): CodeIgniter\HTTP\RedirectResponse->route(false)
 3 APPPATH\Controllers\AccionController.php(31): redirect('http://localhost/system/public/index.php/cargo')
 4 SYSTEMPATH\CodeIgniter.php(919): App\Controllers\AccionController->save()
 5 SYSTEMPATH\CodeIgniter.php(494): CodeIgniter\CodeIgniter->runController(Object(App\Controllers\AccionController))
 6 SYSTEMPATH\CodeIgniter.php(353): CodeIgniter\CodeIgniter->handleRequest(null, Object(Config\Cache), false)
 7 FCPATH\index.php(79): CodeIgniter\CodeIgniter->run()
CRITICAL - 2023-10-10 01:11:16 --> Undefined variable $cargos
in APPPATH\Views\responsables\cargo.php on line 72.
 1 APPPATH\Views\responsables\cargo.php(72): CodeIgniter\Debug\Exceptions->errorHandler(2, 'Undefined variable $cargos', 'C:\\wamp64\\www\\system\\app\\Views\\responsables\\cargo.php', 72)
 2 SYSTEMPATH\View\View.php(226): include('C:\\wamp64\\www\\system\\app\\Views\\responsables\\cargo.php')
 3 SYSTEMPATH\View\View.php(229): CodeIgniter\View\View->CodeIgniter\View\{closure}()
 4 SYSTEMPATH\Common.php(1188): CodeIgniter\View\View->render('responsables/cargo', [], true)
 5 APPPATH\Controllers\VistaController.php(30): view('responsables/cargo', [...])
 6 SYSTEMPATH\CodeIgniter.php(919): App\Controllers\VistaController->index()
 7 SYSTEMPATH\CodeIgniter.php(494): CodeIgniter\CodeIgniter->runController(Object(App\Controllers\VistaController))
 8 SYSTEMPATH\CodeIgniter.php(353): CodeIgniter\CodeIgniter->handleRequest(null, Object(Config\Cache), false)
 9 FCPATH\index.php(79): CodeIgniter\CodeIgniter->run()
CRITICAL - 2023-10-10 01:20:23 --> Undefined variable $mensaje
in APPPATH\Views\responsables\cargo.php on line 92.
 1 APPPATH\Views\responsables\cargo.php(92): CodeIgniter\Debug\Exceptions->errorHandler(2, 'Undefined variable $mensaje', 'C:\\wamp64\\www\\system\\app\\Views\\responsables\\cargo.php', 92)
 2 SYSTEMPATH\View\View.php(226): include('C:\\wamp64\\www\\system\\app\\Views\\responsables\\cargo.php')
 3 SYSTEMPATH\View\View.php(229): CodeIgniter\View\View->CodeIgniter\View\{closure}()
 4 SYSTEMPATH\Common.php(1188): CodeIgniter\View\View->render('responsables/cargo', [...], true)
 5 APPPATH\Controllers\VistaController.php(29): view('responsables/cargo', [...], [...])
 6 SYSTEMPATH\CodeIgniter.php(919): App\Controllers\VistaController->index()
 7 SYSTEMPATH\CodeIgniter.php(494): CodeIgniter\CodeIgniter->runController(Object(App\Controllers\VistaController))
 8 SYSTEMPATH\CodeIgniter.php(353): CodeIgniter\CodeIgniter->handleRequest(null, Object(Config\Cache), false)
 9 FCPATH\index.php(79): CodeIgniter\CodeIgniter->run()
CRITICAL - 2023-10-10 01:21:02 --> syntax error, unexpected token "echo"
in APPPATH\Views\responsables\cargo.php on line 92.
 1 SYSTEMPATH\View\View.php(229): CodeIgniter\View\View->CodeIgniter\View\{closure}()
 2 SYSTEMPATH\Common.php(1188): CodeIgniter\View\View->render('responsables/cargo', [...], true)
 3 APPPATH\Controllers\VistaController.php(29): view('responsables/cargo', [...], [...])
 4 SYSTEMPATH\CodeIgniter.php(919): App\Controllers\VistaController->index()
 5 SYSTEMPATH\CodeIgniter.php(494): CodeIgniter\CodeIgniter->runController(Object(App\Controllers\VistaController))
 6 SYSTEMPATH\CodeIgniter.php(353): CodeIgniter\CodeIgniter->handleRequest(null, Object(Config\Cache), false)
 7 FCPATH\index.php(79): CodeIgniter\CodeIgniter->run()
CRITICAL - 2023-10-10 13:42:59 --> Undefined array key "id_cargo"
in APPPATH\Views\movimientos\tipo.php on line 74.
 1 APPPATH\Views\movimientos\tipo.php(74): CodeIgniter\Debug\Exceptions->errorHandler(2, 'Undefined array key "id_cargo"', 'C:\\wamp64\\www\\system\\app\\Views\\movimientos\\tipo.php', 74)
 2 SYSTEMPATH\View\View.php(226): include('C:\\wamp64\\www\\system\\app\\Views\\movimientos\\tipo.php')
 3 SYSTEMPATH\View\View.php(229): CodeIgniter\View\View->CodeIgniter\View\{closure}()
 4 SYSTEMPATH\Common.php(1188): CodeIgniter\View\View->render('movimientos/tipo', [], true)
 5 APPPATH\Controllers\VistaController.php(112): view('movimientos/tipo', [...])
 6 SYSTEMPATH\CodeIgniter.php(919): App\Controllers\VistaController->Tipo_mov()
 7 SYSTEMPATH\CodeIgniter.php(494): CodeIgniter\CodeIgniter->runController(Object(App\Controllers\VistaController))
 8 SYSTEMPATH\CodeIgniter.php(353): CodeIgniter\CodeIgniter->handleRequest(null, Object(Config\Cache), false)
 9 FCPATH\index.php(79): CodeIgniter\CodeIgniter->run()
CRITICAL - 2023-10-10 14:00:53 --> Invalid file: "movimientos/zona.php"
in SYSTEMPATH\Exceptions\FrameworkException.php on line 39.
 1 SYSTEMPATH\View\View.php(214): CodeIgniter\Exceptions\FrameworkException::forInvalidFile('movimientos/zona.php')
 2 SYSTEMPATH\Common.php(1188): CodeIgniter\View\View->render('movimientos/zona', [], true)
 3 APPPATH\Controllers\VistaController.php(125): view('movimientos/zona', [...])
 4 SYSTEMPATH\CodeIgniter.php(919): App\Controllers\VistaController->zona_mov()
 5 SYSTEMPATH\CodeIgniter.php(494): CodeIgniter\CodeIgniter->runController(Object(App\Controllers\VistaController))
 6 SYSTEMPATH\CodeIgniter.php(353): CodeIgniter\CodeIgniter->handleRequest(null, Object(Config\Cache), false)
 7 FCPATH\index.php(79): CodeIgniter\CodeIgniter->run()
ERROR - 2023-10-10 14:20:19 --> mysqli_sql_exception: Cannot add or update a child row: a foreign key constraint fails (`patrimonioprueba`.`act_activos`, CONSTRAINT `tipoact` FOREIGN KEY (`tipo`) REFERENCES `act_tipo` (`id_tipo`) ON UPDATE CASCADE) in C:\wamp64\www\system\system\Database\MySQLi\Connection.php:306
Stack trace:
#0 C:\wamp64\www\system\system\Database\MySQLi\Connection.php(306): mysqli->query('INSERT INTO `ac...', 0)
#1 C:\wamp64\www\system\system\Database\BaseConnection.php(692): CodeIgniter\Database\MySQLi\Connection->execute('INSERT INTO `ac...')
#2 C:\wamp64\www\system\system\Database\BaseConnection.php(606): CodeIgniter\Database\BaseConnection->simpleQuery('INSERT INTO `ac...')
#3 C:\wamp64\www\system\system\Database\BaseBuilder.php(2308): CodeIgniter\Database\BaseConnection->query('INSERT INTO `ac...', Array, false)
#4 C:\wamp64\www\system\system\Model.php(319): CodeIgniter\Database\BaseBuilder->insert()
#5 C:\wamp64\www\system\system\BaseModel.php(788): CodeIgniter\Model->doInsert(Array)
#6 C:\wamp64\www\system\system\Model.php(715): CodeIgniter\BaseModel->insert(Array, true)
#7 C:\wamp64\www\system\app\Models\Activos.php(17): CodeIgniter\Model->insert(Array)
#8 C:\wamp64\www\system\app\Controllers\AccionController.php(84): App\Models\Activos->insertar(Array)
#9 C:\wamp64\www\system\system\CodeIgniter.php(919): App\Controllers\AccionController->saveactivo()
#10 C:\wamp64\www\system\system\CodeIgniter.php(494): CodeIgniter\CodeIgniter->runController(Object(App\Controllers\AccionController))
#11 C:\wamp64\www\system\system\CodeIgniter.php(353): CodeIgniter\CodeIgniter->handleRequest(NULL, Object(Config\Cache), false)
#12 C:\wamp64\www\system\public\index.php(79): CodeIgniter\CodeIgniter->run()
#13 {main}
CRITICAL - 2023-10-10 14:20:19 --> Cannot add or update a child row: a foreign key constraint fails (`patrimonioprueba`.`act_activos`, CONSTRAINT `tipoact` FOREIGN KEY (`tipo`) REFERENCES `act_tipo` (`id_tipo`) ON UPDATE CASCADE)
in SYSTEMPATH\Database\BaseConnection.php on line 646.
 1 SYSTEMPATH\Database\BaseBuilder.php(2308): CodeIgniter\Database\BaseConnection->query('INSERT INTO `act_activos` (`codigo`, `marca`, `modelo`, `serial`, `condicion_act`, `tipo`, `descripcion`, `observacion`, `proveedor`, `n_factura`, `costo`, `n_orden`, `garantia_inicio`, `garantia_fin`) VALUES (:codigo:, :marca:, :modelo:, :serial:, :condicion_act:, :tipo:, :descripcion:, :observacion:, :proveedor:, :n_factura:, :costo:, :n_orden:, :garantia_inicio:, :garantia_fin:)', [...], false)
 2 SYSTEMPATH\Model.php(319): CodeIgniter\Database\BaseBuilder->insert()
 3 SYSTEMPATH\BaseModel.php(788): CodeIgniter\Model->doInsert([...])
 4 SYSTEMPATH\Model.php(715): CodeIgniter\BaseModel->insert([...], true)
 5 APPPATH\Models\Activos.php(17): CodeIgniter\Model->insert([...])
 6 APPPATH\Controllers\AccionController.php(84): App\Models\Activos->insertar([...])
 7 SYSTEMPATH\CodeIgniter.php(919): App\Controllers\AccionController->saveactivo()
 8 SYSTEMPATH\CodeIgniter.php(494): CodeIgniter\CodeIgniter->runController(Object(App\Controllers\AccionController))
 9 SYSTEMPATH\CodeIgniter.php(353): CodeIgniter\CodeIgniter->handleRequest(null, Object(Config\Cache), false)
10 FCPATH\index.php(79): CodeIgniter\CodeIgniter->run()
ERROR - 2023-10-10 14:22:18 --> mysqli_sql_exception: Cannot add or update a child row: a foreign key constraint fails (`patrimonioprueba`.`act_activos`, CONSTRAINT `tipoact` FOREIGN KEY (`tipo`) REFERENCES `act_tipo` (`id_tipo`) ON UPDATE CASCADE) in C:\wamp64\www\system\system\Database\MySQLi\Connection.php:306
Stack trace:
#0 C:\wamp64\www\system\system\Database\MySQLi\Connection.php(306): mysqli->query('INSERT INTO `ac...', 0)
#1 C:\wamp64\www\system\system\Database\BaseConnection.php(692): CodeIgniter\Database\MySQLi\Connection->execute('INSERT INTO `ac...')
#2 C:\wamp64\www\system\system\Database\BaseConnection.php(606): CodeIgniter\Database\BaseConnection->simpleQuery('INSERT INTO `ac...')
#3 C:\wamp64\www\system\system\Database\BaseBuilder.php(2308): CodeIgniter\Database\BaseConnection->query('INSERT INTO `ac...', Array, false)
#4 C:\wamp64\www\system\system\Model.php(319): CodeIgniter\Database\BaseBuilder->insert()
#5 C:\wamp64\www\system\system\BaseModel.php(788): CodeIgniter\Model->doInsert(Array)
#6 C:\wamp64\www\system\system\Model.php(715): CodeIgniter\BaseModel->insert(Array, true)
#7 C:\wamp64\www\system\app\Models\Activos.php(17): CodeIgniter\Model->insert(Array)
#8 C:\wamp64\www\system\app\Controllers\AccionController.php(84): App\Models\Activos->insertar(Array)
#9 C:\wamp64\www\system\system\CodeIgniter.php(919): App\Controllers\AccionController->saveactivo()
#10 C:\wamp64\www\system\system\CodeIgniter.php(494): CodeIgniter\CodeIgniter->runController(Object(App\Controllers\AccionController))
#11 C:\wamp64\www\system\system\CodeIgniter.php(353): CodeIgniter\CodeIgniter->handleRequest(NULL, Object(Config\Cache), false)
#12 C:\wamp64\www\system\public\index.php(79): CodeIgniter\CodeIgniter->run()
#13 {main}
CRITICAL - 2023-10-10 14:22:18 --> Cannot add or update a child row: a foreign key constraint fails (`patrimonioprueba`.`act_activos`, CONSTRAINT `tipoact` FOREIGN KEY (`tipo`) REFERENCES `act_tipo` (`id_tipo`) ON UPDATE CASCADE)
in SYSTEMPATH\Database\BaseConnection.php on line 646.
 1 SYSTEMPATH\Database\BaseBuilder.php(2308): CodeIgniter\Database\BaseConnection->query('INSERT INTO `act_activos` (`codigo`, `marca`, `modelo`, `serial`, `condicion_act`, `tipo`, `descripcion`, `observacion`, `proveedor`, `n_factura`, `costo`, `n_orden`, `garantia_inicio`, `garantia_fin`) VALUES (:codigo:, :marca:, :modelo:, :serial:, :condicion_act:, :tipo:, :descripcion:, :observacion:, :proveedor:, :n_factura:, :costo:, :n_orden:, :garantia_inicio:, :garantia_fin:)', [...], false)
 2 SYSTEMPATH\Model.php(319): CodeIgniter\Database\BaseBuilder->insert()
 3 SYSTEMPATH\BaseModel.php(788): CodeIgniter\Model->doInsert([...])
 4 SYSTEMPATH\Model.php(715): CodeIgniter\BaseModel->insert([...], true)
 5 APPPATH\Models\Activos.php(17): CodeIgniter\Model->insert([...])
 6 APPPATH\Controllers\AccionController.php(84): App\Models\Activos->insertar([...])
 7 SYSTEMPATH\CodeIgniter.php(919): App\Controllers\AccionController->saveactivo()
 8 SYSTEMPATH\CodeIgniter.php(494): CodeIgniter\CodeIgniter->runController(Object(App\Controllers\AccionController))
 9 SYSTEMPATH\CodeIgniter.php(353): CodeIgniter\CodeIgniter->handleRequest(null, Object(Config\Cache), false)
10 FCPATH\index.php(79): CodeIgniter\CodeIgniter->run()
ERROR - 2023-10-10 14:24:15 --> mysqli_sql_exception: Cannot add or update a child row: a foreign key constraint fails (`patrimonioprueba`.`act_activos`, CONSTRAINT `act_activos_ibfk_1` FOREIGN KEY (`tipo`) REFERENCES `act_tipo` (`id_tipo`) ON DELETE CASCADE ON UPDATE CASCADE) in C:\wamp64\www\system\system\Database\MySQLi\Connection.php:306
Stack trace:
#0 C:\wamp64\www\system\system\Database\MySQLi\Connection.php(306): mysqli->query('INSERT INTO `ac...', 0)
#1 C:\wamp64\www\system\system\Database\BaseConnection.php(692): CodeIgniter\Database\MySQLi\Connection->execute('INSERT INTO `ac...')
#2 C:\wamp64\www\system\system\Database\BaseConnection.php(606): CodeIgniter\Database\BaseConnection->simpleQuery('INSERT INTO `ac...')
#3 C:\wamp64\www\system\system\Database\BaseBuilder.php(2308): CodeIgniter\Database\BaseConnection->query('INSERT INTO `ac...', Array, false)
#4 C:\wamp64\www\system\system\Model.php(319): CodeIgniter\Database\BaseBuilder->insert()
#5 C:\wamp64\www\system\system\BaseModel.php(788): CodeIgniter\Model->doInsert(Array)
#6 C:\wamp64\www\system\system\Model.php(715): CodeIgniter\BaseModel->insert(Array, true)
#7 C:\wamp64\www\system\app\Models\Activos.php(17): CodeIgniter\Model->insert(Array)
#8 C:\wamp64\www\system\app\Controllers\AccionController.php(84): App\Models\Activos->insertar(Array)
#9 C:\wamp64\www\system\system\CodeIgniter.php(919): App\Controllers\AccionController->saveactivo()
#10 C:\wamp64\www\system\system\CodeIgniter.php(494): CodeIgniter\CodeIgniter->runController(Object(App\Controllers\AccionController))
#11 C:\wamp64\www\system\system\CodeIgniter.php(353): CodeIgniter\CodeIgniter->handleRequest(NULL, Object(Config\Cache), false)
#12 C:\wamp64\www\system\public\index.php(79): CodeIgniter\CodeIgniter->run()
#13 {main}
CRITICAL - 2023-10-10 14:24:15 --> Cannot add or update a child row: a foreign key constraint fails (`patrimonioprueba`.`act_activos`, CONSTRAINT `act_activos_ibfk_1` FOREIGN KEY (`tipo`) REFERENCES `act_tipo` (`id_tipo`) ON DELETE CASCADE ON UPDATE CASCADE)
in SYSTEMPATH\Database\BaseConnection.php on line 646.
 1 SYSTEMPATH\Database\BaseBuilder.php(2308): CodeIgniter\Database\BaseConnection->query('INSERT INTO `act_activos` (`codigo`, `marca`, `modelo`, `serial`, `condicion_act`, `tipo`, `descripcion`, `observacion`, `proveedor`, `n_factura`, `costo`, `n_orden`, `garantia_inicio`, `garantia_fin`) VALUES (:codigo:, :marca:, :modelo:, :serial:, :condicion_act:, :tipo:, :descripcion:, :observacion:, :proveedor:, :n_factura:, :costo:, :n_orden:, :garantia_inicio:, :garantia_fin:)', [...], false)
 2 SYSTEMPATH\Model.php(319): CodeIgniter\Database\BaseBuilder->insert()
 3 SYSTEMPATH\BaseModel.php(788): CodeIgniter\Model->doInsert([...])
 4 SYSTEMPATH\Model.php(715): CodeIgniter\BaseModel->insert([...], true)
 5 APPPATH\Models\Activos.php(17): CodeIgniter\Model->insert([...])
 6 APPPATH\Controllers\AccionController.php(84): App\Models\Activos->insertar([...])
 7 SYSTEMPATH\CodeIgniter.php(919): App\Controllers\AccionController->saveactivo()
 8 SYSTEMPATH\CodeIgniter.php(494): CodeIgniter\CodeIgniter->runController(Object(App\Controllers\AccionController))
 9 SYSTEMPATH\CodeIgniter.php(353): CodeIgniter\CodeIgniter->handleRequest(null, Object(Config\Cache), false)
10 FCPATH\index.php(79): CodeIgniter\CodeIgniter->run()
ERROR - 2023-10-10 14:24:29 --> mysqli_sql_exception: Cannot add or update a child row: a foreign key constraint fails (`patrimonioprueba`.`act_activos`, CONSTRAINT `act_activos_ibfk_1` FOREIGN KEY (`tipo`) REFERENCES `act_tipo` (`id_tipo`) ON DELETE CASCADE ON UPDATE CASCADE) in C:\wamp64\www\system\system\Database\MySQLi\Connection.php:306
Stack trace:
#0 C:\wamp64\www\system\system\Database\MySQLi\Connection.php(306): mysqli->query('INSERT INTO `ac...', 0)
#1 C:\wamp64\www\system\system\Database\BaseConnection.php(692): CodeIgniter\Database\MySQLi\Connection->execute('INSERT INTO `ac...')
#2 C:\wamp64\www\system\system\Database\BaseConnection.php(606): CodeIgniter\Database\BaseConnection->simpleQuery('INSERT INTO `ac...')
#3 C:\wamp64\www\system\system\Database\BaseBuilder.php(2308): CodeIgniter\Database\BaseConnection->query('INSERT INTO `ac...', Array, false)
#4 C:\wamp64\www\system\system\Model.php(319): CodeIgniter\Database\BaseBuilder->insert()
#5 C:\wamp64\www\system\system\BaseModel.php(788): CodeIgniter\Model->doInsert(Array)
#6 C:\wamp64\www\system\system\Model.php(715): CodeIgniter\BaseModel->insert(Array, true)
#7 C:\wamp64\www\system\app\Models\Activos.php(17): CodeIgniter\Model->insert(Array)
#8 C:\wamp64\www\system\app\Controllers\AccionController.php(84): App\Models\Activos->insertar(Array)
#9 C:\wamp64\www\system\system\CodeIgniter.php(919): App\Controllers\AccionController->saveactivo()
#10 C:\wamp64\www\system\system\CodeIgniter.php(494): CodeIgniter\CodeIgniter->runController(Object(App\Controllers\AccionController))
#11 C:\wamp64\www\system\system\CodeIgniter.php(353): CodeIgniter\CodeIgniter->handleRequest(NULL, Object(Config\Cache), false)
#12 C:\wamp64\www\system\public\index.php(79): CodeIgniter\CodeIgniter->run()
#13 {main}
CRITICAL - 2023-10-10 14:24:29 --> Cannot add or update a child row: a foreign key constraint fails (`patrimonioprueba`.`act_activos`, CONSTRAINT `act_activos_ibfk_1` FOREIGN KEY (`tipo`) REFERENCES `act_tipo` (`id_tipo`) ON DELETE CASCADE ON UPDATE CASCADE)
in SYSTEMPATH\Database\BaseConnection.php on line 646.
 1 SYSTEMPATH\Database\BaseBuilder.php(2308): CodeIgniter\Database\BaseConnection->query('INSERT INTO `act_activos` (`codigo`, `marca`, `modelo`, `serial`, `condicion_act`, `tipo`, `descripcion`, `observacion`, `proveedor`, `n_factura`, `costo`, `n_orden`, `garantia_inicio`, `garantia_fin`) VALUES (:codigo:, :marca:, :modelo:, :serial:, :condicion_act:, :tipo:, :descripcion:, :observacion:, :proveedor:, :n_factura:, :costo:, :n_orden:, :garantia_inicio:, :garantia_fin:)', [...], false)
 2 SYSTEMPATH\Model.php(319): CodeIgniter\Database\BaseBuilder->insert()
 3 SYSTEMPATH\BaseModel.php(788): CodeIgniter\Model->doInsert([...])
 4 SYSTEMPATH\Model.php(715): CodeIgniter\BaseModel->insert([...], true)
 5 APPPATH\Models\Activos.php(17): CodeIgniter\Model->insert([...])
 6 APPPATH\Controllers\AccionController.php(84): App\Models\Activos->insertar([...])
 7 SYSTEMPATH\CodeIgniter.php(919): App\Controllers\AccionController->saveactivo()
 8 SYSTEMPATH\CodeIgniter.php(494): CodeIgniter\CodeIgniter->runController(Object(App\Controllers\AccionController))
 9 SYSTEMPATH\CodeIgniter.php(353): CodeIgniter\CodeIgniter->handleRequest(null, Object(Config\Cache), false)
10 FCPATH\index.php(79): CodeIgniter\CodeIgniter->run()
ERROR - 2023-10-10 14:24:48 --> mysqli_sql_exception: Cannot add or update a child row: a foreign key constraint fails (`patrimonioprueba`.`act_activos`, CONSTRAINT `act_activos_ibfk_1` FOREIGN KEY (`tipo`) REFERENCES `act_tipo` (`id_tipo`) ON DELETE CASCADE ON UPDATE CASCADE) in C:\wamp64\www\system\system\Database\MySQLi\Connection.php:306
Stack trace:
#0 C:\wamp64\www\system\system\Database\MySQLi\Connection.php(306): mysqli->query('INSERT INTO `ac...', 0)
#1 C:\wamp64\www\system\system\Database\BaseConnection.php(692): CodeIgniter\Database\MySQLi\Connection->execute('INSERT INTO `ac...')
#2 C:\wamp64\www\system\system\Database\BaseConnection.php(606): CodeIgniter\Database\BaseConnection->simpleQuery('INSERT INTO `ac...')
#3 C:\wamp64\www\system\system\Database\BaseBuilder.php(2308): CodeIgniter\Database\BaseConnection->query('INSERT INTO `ac...', Array, false)
#4 C:\wamp64\www\system\system\Model.php(319): CodeIgniter\Database\BaseBuilder->insert()
#5 C:\wamp64\www\system\system\BaseModel.php(788): CodeIgniter\Model->doInsert(Array)
#6 C:\wamp64\www\system\system\Model.php(715): CodeIgniter\BaseModel->insert(Array, true)
#7 C:\wamp64\www\system\app\Models\Activos.php(17): CodeIgniter\Model->insert(Array)
#8 C:\wamp64\www\system\app\Controllers\AccionController.php(84): App\Models\Activos->insertar(Array)
#9 C:\wamp64\www\system\system\CodeIgniter.php(919): App\Controllers\AccionController->saveactivo()
#10 C:\wamp64\www\system\system\CodeIgniter.php(494): CodeIgniter\CodeIgniter->runController(Object(App\Controllers\AccionController))
#11 C:\wamp64\www\system\system\CodeIgniter.php(353): CodeIgniter\CodeIgniter->handleRequest(NULL, Object(Config\Cache), false)
#12 C:\wamp64\www\system\public\index.php(79): CodeIgniter\CodeIgniter->run()
#13 {main}
CRITICAL - 2023-10-10 14:24:48 --> Cannot add or update a child row: a foreign key constraint fails (`patrimonioprueba`.`act_activos`, CONSTRAINT `act_activos_ibfk_1` FOREIGN KEY (`tipo`) REFERENCES `act_tipo` (`id_tipo`) ON DELETE CASCADE ON UPDATE CASCADE)
in SYSTEMPATH\Database\BaseConnection.php on line 646.
 1 SYSTEMPATH\Database\BaseBuilder.php(2308): CodeIgniter\Database\BaseConnection->query('INSERT INTO `act_activos` (`codigo`, `marca`, `modelo`, `serial`, `condicion_act`, `tipo`, `descripcion`, `observacion`, `proveedor`, `n_factura`, `costo`, `n_orden`, `garantia_inicio`, `garantia_fin`) VALUES (:codigo:, :marca:, :modelo:, :serial:, :condicion_act:, :tipo:, :descripcion:, :observacion:, :proveedor:, :n_factura:, :costo:, :n_orden:, :garantia_inicio:, :garantia_fin:)', [...], false)
 2 SYSTEMPATH\Model.php(319): CodeIgniter\Database\BaseBuilder->insert()
 3 SYSTEMPATH\BaseModel.php(788): CodeIgniter\Model->doInsert([...])
 4 SYSTEMPATH\Model.php(715): CodeIgniter\BaseModel->insert([...], true)
 5 APPPATH\Models\Activos.php(17): CodeIgniter\Model->insert([...])
 6 APPPATH\Controllers\AccionController.php(84): App\Models\Activos->insertar([...])
 7 SYSTEMPATH\CodeIgniter.php(919): App\Controllers\AccionController->saveactivo()
 8 SYSTEMPATH\CodeIgniter.php(494): CodeIgniter\CodeIgniter->runController(Object(App\Controllers\AccionController))
 9 SYSTEMPATH\CodeIgniter.php(353): CodeIgniter\CodeIgniter->handleRequest(null, Object(Config\Cache), false)
10 FCPATH\index.php(79): CodeIgniter\CodeIgniter->run()
ERROR - 2023-10-10 14:28:28 --> mysqli_sql_exception: Cannot add or update a child row: a foreign key constraint fails (`patrimonioprueba`.`act_activos`, CONSTRAINT `act_activos_ibfk_1` FOREIGN KEY (`tipo`) REFERENCES `act_tipo` (`id_tipo`) ON DELETE CASCADE ON UPDATE CASCADE) in C:\wamp64\www\system\system\Database\MySQLi\Connection.php:306
Stack trace:
#0 C:\wamp64\www\system\system\Database\MySQLi\Connection.php(306): mysqli->query('INSERT INTO `ac...', 0)
#1 C:\wamp64\www\system\system\Database\BaseConnection.php(692): CodeIgniter\Database\MySQLi\Connection->execute('INSERT INTO `ac...')
#2 C:\wamp64\www\system\system\Database\BaseConnection.php(606): CodeIgniter\Database\BaseConnection->simpleQuery('INSERT INTO `ac...')
#3 C:\wamp64\www\system\system\Database\BaseBuilder.php(2308): CodeIgniter\Database\BaseConnection->query('INSERT INTO `ac...', Array, false)
#4 C:\wamp64\www\system\system\Model.php(319): CodeIgniter\Database\BaseBuilder->insert()
#5 C:\wamp64\www\system\system\BaseModel.php(788): CodeIgniter\Model->doInsert(Array)
#6 C:\wamp64\www\system\system\Model.php(715): CodeIgniter\BaseModel->insert(Array, true)
#7 C:\wamp64\www\system\app\Models\Activos.php(17): CodeIgniter\Model->insert(Array)
#8 C:\wamp64\www\system\app\Controllers\AccionController.php(84): App\Models\Activos->insertar(Array)
#9 C:\wamp64\www\system\system\CodeIgniter.php(919): App\Controllers\AccionController->saveactivo()
#10 C:\wamp64\www\system\system\CodeIgniter.php(494): CodeIgniter\CodeIgniter->runController(Object(App\Controllers\AccionController))
#11 C:\wamp64\www\system\system\CodeIgniter.php(353): CodeIgniter\CodeIgniter->handleRequest(NULL, Object(Config\Cache), false)
#12 C:\wamp64\www\system\public\index.php(79): CodeIgniter\CodeIgniter->run()
#13 {main}
CRITICAL - 2023-10-10 14:28:28 --> Cannot add or update a child row: a foreign key constraint fails (`patrimonioprueba`.`act_activos`, CONSTRAINT `act_activos_ibfk_1` FOREIGN KEY (`tipo`) REFERENCES `act_tipo` (`id_tipo`) ON DELETE CASCADE ON UPDATE CASCADE)
in SYSTEMPATH\Database\BaseConnection.php on line 646.
 1 SYSTEMPATH\Database\BaseBuilder.php(2308): CodeIgniter\Database\BaseConnection->query('INSERT INTO `act_activos` (`codigo`, `marca`, `modelo`, `serial`, `condicion_act`, `tipo`, `descripcion`, `observacion`, `proveedor`, `n_factura`, `costo`, `n_orden`, `garantia_inicio`, `garantia_fin`) VALUES (:codigo:, :marca:, :modelo:, :serial:, :condicion_act:, :tipo:, :descripcion:, :observacion:, :proveedor:, :n_factura:, :costo:, :n_orden:, :garantia_inicio:, :garantia_fin:)', [...], false)
 2 SYSTEMPATH\Model.php(319): CodeIgniter\Database\BaseBuilder->insert()
 3 SYSTEMPATH\BaseModel.php(788): CodeIgniter\Model->doInsert([...])
 4 SYSTEMPATH\Model.php(715): CodeIgniter\BaseModel->insert([...], true)
 5 APPPATH\Models\Activos.php(17): CodeIgniter\Model->insert([...])
 6 APPPATH\Controllers\AccionController.php(84): App\Models\Activos->insertar([...])
 7 SYSTEMPATH\CodeIgniter.php(919): App\Controllers\AccionController->saveactivo()
 8 SYSTEMPATH\CodeIgniter.php(494): CodeIgniter\CodeIgniter->runController(Object(App\Controllers\AccionController))
 9 SYSTEMPATH\CodeIgniter.php(353): CodeIgniter\CodeIgniter->handleRequest(null, Object(Config\Cache), false)
10 FCPATH\index.php(79): CodeIgniter\CodeIgniter->run()
ERROR - 2023-10-10 14:28:38 --> mysqli_sql_exception: Cannot add or update a child row: a foreign key constraint fails (`patrimonioprueba`.`act_activos`, CONSTRAINT `act_activos_ibfk_1` FOREIGN KEY (`tipo`) REFERENCES `act_tipo` (`id_tipo`) ON DELETE CASCADE ON UPDATE CASCADE) in C:\wamp64\www\system\system\Database\MySQLi\Connection.php:306
Stack trace:
#0 C:\wamp64\www\system\system\Database\MySQLi\Connection.php(306): mysqli->query('INSERT INTO `ac...', 0)
#1 C:\wamp64\www\system\system\Database\BaseConnection.php(692): CodeIgniter\Database\MySQLi\Connection->execute('INSERT INTO `ac...')
#2 C:\wamp64\www\system\system\Database\BaseConnection.php(606): CodeIgniter\Database\BaseConnection->simpleQuery('INSERT INTO `ac...')
#3 C:\wamp64\www\system\system\Database\BaseBuilder.php(2308): CodeIgniter\Database\BaseConnection->query('INSERT INTO `ac...', Array, false)
#4 C:\wamp64\www\system\system\Model.php(319): CodeIgniter\Database\BaseBuilder->insert()
#5 C:\wamp64\www\system\system\BaseModel.php(788): CodeIgniter\Model->doInsert(Array)
#6 C:\wamp64\www\system\system\Model.php(715): CodeIgniter\BaseModel->insert(Array, true)
#7 C:\wamp64\www\system\app\Models\Activos.php(17): CodeIgniter\Model->insert(Array)
#8 C:\wamp64\www\system\app\Controllers\AccionController.php(84): App\Models\Activos->insertar(Array)
#9 C:\wamp64\www\system\system\CodeIgniter.php(919): App\Controllers\AccionController->saveactivo()
#10 C:\wamp64\www\system\system\CodeIgniter.php(494): CodeIgniter\CodeIgniter->runController(Object(App\Controllers\AccionController))
#11 C:\wamp64\www\system\system\CodeIgniter.php(353): CodeIgniter\CodeIgniter->handleRequest(NULL, Object(Config\Cache), false)
#12 C:\wamp64\www\system\public\index.php(79): CodeIgniter\CodeIgniter->run()
#13 {main}
CRITICAL - 2023-10-10 14:28:38 --> Cannot add or update a child row: a foreign key constraint fails (`patrimonioprueba`.`act_activos`, CONSTRAINT `act_activos_ibfk_1` FOREIGN KEY (`tipo`) REFERENCES `act_tipo` (`id_tipo`) ON DELETE CASCADE ON UPDATE CASCADE)
in SYSTEMPATH\Database\BaseConnection.php on line 646.
 1 SYSTEMPATH\Database\BaseBuilder.php(2308): CodeIgniter\Database\BaseConnection->query('INSERT INTO `act_activos` (`codigo`, `marca`, `modelo`, `serial`, `condicion_act`, `tipo`, `descripcion`, `observacion`, `proveedor`, `n_factura`, `costo`, `n_orden`, `garantia_inicio`, `garantia_fin`) VALUES (:codigo:, :marca:, :modelo:, :serial:, :condicion_act:, :tipo:, :descripcion:, :observacion:, :proveedor:, :n_factura:, :costo:, :n_orden:, :garantia_inicio:, :garantia_fin:)', [...], false)
 2 SYSTEMPATH\Model.php(319): CodeIgniter\Database\BaseBuilder->insert()
 3 SYSTEMPATH\BaseModel.php(788): CodeIgniter\Model->doInsert([...])
 4 SYSTEMPATH\Model.php(715): CodeIgniter\BaseModel->insert([...], true)
 5 APPPATH\Models\Activos.php(17): CodeIgniter\Model->insert([...])
 6 APPPATH\Controllers\AccionController.php(84): App\Models\Activos->insertar([...])
 7 SYSTEMPATH\CodeIgniter.php(919): App\Controllers\AccionController->saveactivo()
 8 SYSTEMPATH\CodeIgniter.php(494): CodeIgniter\CodeIgniter->runController(Object(App\Controllers\AccionController))
 9 SYSTEMPATH\CodeIgniter.php(353): CodeIgniter\CodeIgniter->handleRequest(null, Object(Config\Cache), false)
10 FCPATH\index.php(79): CodeIgniter\CodeIgniter->run()
ERROR - 2023-10-10 15:30:30 --> mysqli_sql_exception: Table 'patrimonioprueba.mov_tipo' doesn't exist in C:\wamp64\www\system\system\Database\MySQLi\Connection.php:306
Stack trace:
#0 C:\wamp64\www\system\system\Database\MySQLi\Connection.php(306): mysqli->query('SELECT *\nFROM `...', 0)
#1 C:\wamp64\www\system\system\Database\BaseConnection.php(692): CodeIgniter\Database\MySQLi\Connection->execute('SELECT *\nFROM `...')
#2 C:\wamp64\www\system\system\Database\BaseConnection.php(606): CodeIgniter\Database\BaseConnection->simpleQuery('SELECT *\nFROM `...')
#3 C:\wamp64\www\system\system\Database\BaseBuilder.php(1615): CodeIgniter\Database\BaseConnection->query('SELECT *\nFROM `...', Array, false)
#4 C:\wamp64\www\system\system\Model.php(237): CodeIgniter\Database\BaseBuilder->get()
#5 C:\wamp64\www\system\system\BaseModel.php(624): CodeIgniter\Model->doFindAll(0, 0)
#6 C:\wamp64\www\system\app\Controllers\VistaController.php(107): CodeIgniter\BaseModel->findAll()
#7 C:\wamp64\www\system\system\CodeIgniter.php(919): App\Controllers\VistaController->Tipo_mov()
#8 C:\wamp64\www\system\system\CodeIgniter.php(494): CodeIgniter\CodeIgniter->runController(Object(App\Controllers\VistaController))
#9 C:\wamp64\www\system\system\CodeIgniter.php(353): CodeIgniter\CodeIgniter->handleRequest(NULL, Object(Config\Cache), false)
#10 C:\wamp64\www\system\public\index.php(79): CodeIgniter\CodeIgniter->run()
#11 {main}
CRITICAL - 2023-10-10 15:30:30 --> Table 'patrimonioprueba.mov_tipo' doesn't exist
in SYSTEMPATH\Database\BaseConnection.php on line 646.
 1 SYSTEMPATH\Database\BaseBuilder.php(1615): CodeIgniter\Database\BaseConnection->query('SELECT *
FROM `mov_tipo`
ORDER BY `id_tipo` ASC', [], false)
 2 SYSTEMPATH\Model.php(237): CodeIgniter\Database\BaseBuilder->get()
 3 SYSTEMPATH\BaseModel.php(624): CodeIgniter\Model->doFindAll(0, 0)
 4 APPPATH\Controllers\VistaController.php(107): CodeIgniter\BaseModel->findAll()
 5 SYSTEMPATH\CodeIgniter.php(919): App\Controllers\VistaController->Tipo_mov()
 6 SYSTEMPATH\CodeIgniter.php(494): CodeIgniter\CodeIgniter->runController(Object(App\Controllers\VistaController))
 7 SYSTEMPATH\CodeIgniter.php(353): CodeIgniter\CodeIgniter->handleRequest(null, Object(Config\Cache), false)
 8 FCPATH\index.php(79): CodeIgniter\CodeIgniter->run()
