CRITICAL - 2023-09-30 10:19:19 --> Undefined variable $cargo
in APPPATH\Views\templates\header.php on line 19.
 1 APPPATH\Views\templates\header.php(19): CodeIgniter\Debug\Exceptions->errorHandler(2, 'Undefined variable $cargo', 'C:\\wamp64\\www\\system\\app\\Views\\templates\\header.php', 19)
 2 SYSTEMPATH\View\View.php(226): include('C:\\wamp64\\www\\system\\app\\Views\\templates\\header.php')
 3 SYSTEMPATH\View\View.php(229): CodeIgniter\View\View->CodeIgniter\View\{closure}()
 4 SYSTEMPATH\Common.php(1188): CodeIgniter\View\View->render('templates/header', [], true)
 5 APPPATH\Controllers\VistaController.php(17): view('templates/header')
 6 SYSTEMPATH\CodeIgniter.php(919): App\Controllers\VistaController->index()
 7 SYSTEMPATH\CodeIgniter.php(494): CodeIgniter\CodeIgniter->runController(Object(App\Controllers\VistaController))
 8 SYSTEMPATH\CodeIgniter.php(353): CodeIgniter\CodeIgniter->handleRequest(null, Object(Config\Cache), false)
 9 FCPATH\index.php(79): CodeIgniter\CodeIgniter->run()
CRITICAL - 2023-09-30 10:25:21 --> Invalid file: "img/logo_aguas.php"
in SYSTEMPATH\Exceptions\FrameworkException.php on line 39.
 1 SYSTEMPATH\View\View.php(214): CodeIgniter\Exceptions\FrameworkException::forInvalidFile('img/logo_aguas.php')
 2 SYSTEMPATH\Common.php(1188): CodeIgniter\View\View->render('img/logo_aguas', [], true)
 3 APPPATH\Controllers\VistaController.php(47): view('img/logo_aguas')
 4 SYSTEMPATH\CodeIgniter.php(919): App\Controllers\VistaController->img()
 5 SYSTEMPATH\CodeIgniter.php(494): CodeIgniter\CodeIgniter->runController(Object(App\Controllers\VistaController))
 6 SYSTEMPATH\CodeIgniter.php(353): CodeIgniter\CodeIgniter->handleRequest(null, Object(Config\Cache), false)
 7 FCPATH\index.php(79): CodeIgniter\CodeIgniter->run()
CRITICAL - 2023-09-30 15:43:04 --> Undefined property: Config\App::$indexPage
in SYSTEMPATH\HTTP\SiteURI.php on line 96.
 1 SYSTEMPATH\HTTP\SiteURI.php(96): CodeIgniter\Debug\Exceptions->errorHandler(2, 'Undefined property: Config\\App::$indexPage', 'C:\\wamp64\\www\\system\\system\\HTTP\\SiteURI.php', 96)
 2 SYSTEMPATH\HTTP\SiteURIFactory.php(222): CodeIgniter\HTTP\SiteURI->__construct(Object(Config\App), 'cargo', null)
 3 SYSTEMPATH\HTTP\SiteURIFactory.php(43): CodeIgniter\HTTP\SiteURIFactory->createURIFromRoutePath('cargo')
 4 SYSTEMPATH\Config\Services.php(798): CodeIgniter\HTTP\SiteURIFactory->createFromGlobals()
 5 SYSTEMPATH\Config\BaseService.php(258): CodeIgniter\Config\Services::uri(null, false)
 6 SYSTEMPATH\Config\BaseService.php(199): CodeIgniter\Config\BaseService::__callStatic('uri', [...])
 7 SYSTEMPATH\Config\Services.php(791): CodeIgniter\Config\BaseService::getSharedInstance('uri', null)
 8 SYSTEMPATH\Config\BaseService.php(258): CodeIgniter\Config\Services::uri()
 9 SYSTEMPATH\Config\Services.php(565): CodeIgniter\Config\BaseService::__callStatic('uri', [])
10 SYSTEMPATH\Config\Services.php(523): CodeIgniter\Config\Services::incomingrequest(Object(Config\App), false)
11 SYSTEMPATH\Config\BaseService.php(258): CodeIgniter\Config\Services::request(Object(Config\App), false)
12 SYSTEMPATH\Config\BaseService.php(199): CodeIgniter\Config\BaseService::__callStatic('request', [...])
13 SYSTEMPATH\Config\Services.php(558): CodeIgniter\Config\BaseService::getSharedInstance('request', Object(Config\App))
14 SYSTEMPATH\Config\BaseService.php(258): CodeIgniter\Config\Services::incomingrequest(Object(Config\App))
15 SYSTEMPATH\Config\Services.php(538): CodeIgniter\Config\BaseService::__callStatic('incomingrequest', [...])
16 SYSTEMPATH\Config\BaseService.php(258): CodeIgniter\Config\Services::createRequest(Object(Config\App))
17 SYSTEMPATH\CodeIgniter.php(639): CodeIgniter\Config\BaseService::__callStatic('createRequest', [...])
18 SYSTEMPATH\CodeIgniter.php(347): CodeIgniter\CodeIgniter->getRequestObject()
19 FCPATH\index.php(79): CodeIgniter\CodeIgniter->run()
CRITICAL - 2023-09-30 15:43:04 --> Uncaught ErrorException: Undefined property: Config\App::$indexPage in C:\wamp64\www\system\system\HTTP\SiteURI.php:96
Stack trace:
#0 C:\wamp64\www\system\system\HTTP\SiteURI.php(96): CodeIgniter\Debug\Exceptions->errorHandler(2, 'Undefined prope...', 'C:\\wamp64\\www\\s...', 96)
#1 C:\wamp64\www\system\system\HTTP\SiteURIFactory.php(222): CodeIgniter\HTTP\SiteURI->__construct(Object(Config\App), 'cargo', NULL)
#2 C:\wamp64\www\system\system\HTTP\SiteURIFactory.php(43): CodeIgniter\HTTP\SiteURIFactory->createURIFromRoutePath('cargo')
#3 C:\wamp64\www\system\system\Config\Services.php(798): CodeIgniter\HTTP\SiteURIFactory->createFromGlobals()
#4 C:\wamp64\www\system\system\Config\BaseService.php(258): CodeIgniter\Config\Services::uri(NULL, false)
#5 C:\wamp64\www\system\system\Config\BaseService.php(199): CodeIgniter\Config\BaseService::__callStatic('uri', Array)
#6 C:\wamp64\www\system\system\Config\Services.php(791): CodeIgniter\Config\BaseService::getSharedInstance('uri', NULL)
#7 C:\wamp64\www\system\system\Config\BaseService.php(258): CodeIgniter\Config\Services::uri()
#8 C:\wamp64\www\system\system\Config\Services.php(565): CodeIgniter\Config\BaseService::__callStatic('uri', Array)
#9 C:\wamp64\www\system\system\Config\Services.php(523): CodeIgniter\Config\Services::incomingrequest(Object(Config\App), false)
#10 C:\wamp64\www\system\system\Config\BaseService.php(258): CodeIgniter\Config\Services::request(NULL, false)
#11 C:\wamp64\www\system\system\Config\BaseService.php(199): CodeIgniter\Config\BaseService::__callStatic('request', Array)
#12 C:\wamp64\www\system\system\Config\Services.php(519): CodeIgniter\Config\BaseService::getSharedInstance('request', NULL)
#13 C:\wamp64\www\system\system\Config\BaseService.php(258): CodeIgniter\Config\Services::request()
#14 C:\wamp64\www\system\system\Debug\Exceptions.php(135): CodeIgniter\Config\BaseService::__callStatic('request', Array)
#15 [internal function]: CodeIgniter\Debug\Exceptions->exceptionHandler(Object(ErrorException))
#16 {main}
  thrown
ã€Previous Exceptionã€‘
ErrorException
Undefined property: Config\App::$indexPage
#0 C:\wamp64\www\system\system\HTTP\SiteURI.php(96): CodeIgniter\Debug\Exceptions->errorHandler(2, 'Undefined prope...', 'C:\\wamp64\\www\\s...', 96)
#1 C:\wamp64\www\system\system\HTTP\SiteURIFactory.php(222): CodeIgniter\HTTP\SiteURI->__construct(Object(Config\App), 'cargo', NULL)
#2 C:\wamp64\www\system\system\HTTP\SiteURIFactory.php(43): CodeIgniter\HTTP\SiteURIFactory->createURIFromRoutePath('cargo')
#3 C:\wamp64\www\system\system\Config\Services.php(798): CodeIgniter\HTTP\SiteURIFactory->createFromGlobals()
#4 C:\wamp64\www\system\system\Config\BaseService.php(258): CodeIgniter\Config\Services::uri(NULL, false)
#5 C:\wamp64\www\system\system\Config\BaseService.php(199): CodeIgniter\Config\BaseService::__callStatic('uri', Array)
#6 C:\wamp64\www\system\system\Config\Services.php(791): CodeIgniter\Config\BaseService::getSharedInstance('uri', NULL)
#7 C:\wamp64\www\system\system\Config\BaseService.php(258): CodeIgniter\Config\Services::uri()
#8 C:\wamp64\www\system\system\Config\Services.php(565): CodeIgniter\Config\BaseService::__callStatic('uri', Array)
#9 C:\wamp64\www\system\system\Config\Services.php(523): CodeIgniter\Config\Services::incomingrequest(Object(Config\App), false)
#10 C:\wamp64\www\system\system\Config\BaseService.php(258): CodeIgniter\Config\Services::request(Object(Config\App), false)
#11 C:\wamp64\www\system\system\Config\BaseService.php(199): CodeIgniter\Config\BaseService::__callStatic('request', Array)
#12 C:\wamp64\www\system\system\Config\Services.php(558): CodeIgniter\Config\BaseService::getSharedInstance('request', Object(Config\App))
#13 C:\wamp64\www\system\system\Config\BaseService.php(258): CodeIgniter\Config\Services::incomingrequest(Object(Config\App))
#14 C:\wamp64\www\system\system\Config\Services.php(538): CodeIgniter\Config\BaseService::__callStatic('incomingrequest', Array)
#15 C:\wamp64\www\system\system\Config\BaseService.php(258): CodeIgniter\Config\Services::createRequest(Object(Config\App))
#16 C:\wamp64\www\system\system\CodeIgniter.php(639): CodeIgniter\Config\BaseService::__callStatic('createRequest', Array)
#17 C:\wamp64\www\system\system\CodeIgniter.php(347): CodeIgniter\CodeIgniter->getRequestObject()
#18 C:\wamp64\www\system\public\index.php(79): CodeIgniter\CodeIgniter->run()
#19 {main}
in SYSTEMPATH\HTTP\SiteURI.php on line 96.
 1 [internal function]: CodeIgniter\Debug\Exceptions->shutdownHandler()
CRITICAL - 2023-09-30 19:47:51 --> include(../config/pdoconexion.php): Failed to open stream: No such file or directory
in APPPATH\Views\welcome_message.php on line 2.
 1 APPPATH\Views\welcome_message.php(2): CodeIgniter\Debug\Exceptions->errorHandler(2, 'include(../config/pdoconexion.php): Failed to open stream: No such file or directory', 'C:\\wamp64\\www\\system\\app\\Views\\welcome_message.php', 2)
 2 APPPATH\Views\welcome_message.php(2): include()
 3 SYSTEMPATH\View\View.php(226): include('C:\\wamp64\\www\\system\\app\\Views\\welcome_message.php')
 4 SYSTEMPATH\View\View.php(229): CodeIgniter\View\View->CodeIgniter\View\{closure}()
 5 SYSTEMPATH\Common.php(1188): CodeIgniter\View\View->render('welcome_message', [], true)
 6 APPPATH\Controllers\Home.php(9): view('welcome_message')
 7 SYSTEMPATH\CodeIgniter.php(919): App\Controllers\Home->index()
 8 SYSTEMPATH\CodeIgniter.php(494): CodeIgniter\CodeIgniter->runController(Object(App\Controllers\Home))
 9 SYSTEMPATH\CodeIgniter.php(353): CodeIgniter\CodeIgniter->handleRequest(null, Object(Config\Cache), false)
10 FCPATH\index.php(79): CodeIgniter\CodeIgniter->run()
CRITICAL - 2023-09-30 19:48:09 --> Undefined variable $pdo
in APPPATH\Views\welcome_message.php on line 5.
 1 APPPATH\Views\welcome_message.php(5): CodeIgniter\Debug\Exceptions->errorHandler(2, 'Undefined variable $pdo', 'C:\\wamp64\\www\\system\\app\\Views\\welcome_message.php', 5)
 2 SYSTEMPATH\View\View.php(226): include('C:\\wamp64\\www\\system\\app\\Views\\welcome_message.php')
 3 SYSTEMPATH\View\View.php(229): CodeIgniter\View\View->CodeIgniter\View\{closure}()
 4 SYSTEMPATH\Common.php(1188): CodeIgniter\View\View->render('welcome_message', [], true)
 5 APPPATH\Controllers\Home.php(9): view('welcome_message')
 6 SYSTEMPATH\CodeIgniter.php(919): App\Controllers\Home->index()
 7 SYSTEMPATH\CodeIgniter.php(494): CodeIgniter\CodeIgniter->runController(Object(App\Controllers\Home))
 8 SYSTEMPATH\CodeIgniter.php(353): CodeIgniter\CodeIgniter->handleRequest(null, Object(Config\Cache), false)
 9 FCPATH\index.php(79): CodeIgniter\CodeIgniter->run()
CRITICAL - 2023-09-30 19:48:19 --> Undefined array key "pagina"
in APPPATH\Views\welcome_message.php on line 168.
 1 APPPATH\Views\welcome_message.php(168): CodeIgniter\Debug\Exceptions->errorHandler(2, 'Undefined array key "pagina"', 'C:\\wamp64\\www\\system\\app\\Views\\welcome_message.php', 168)
 2 SYSTEMPATH\View\View.php(226): include('C:\\wamp64\\www\\system\\app\\Views\\welcome_message.php')
 3 SYSTEMPATH\View\View.php(229): CodeIgniter\View\View->CodeIgniter\View\{closure}()
 4 SYSTEMPATH\Common.php(1188): CodeIgniter\View\View->render('welcome_message', [], true)
 5 APPPATH\Controllers\Home.php(9): view('welcome_message')
 6 SYSTEMPATH\CodeIgniter.php(919): App\Controllers\Home->index()
 7 SYSTEMPATH\CodeIgniter.php(494): CodeIgniter\CodeIgniter->runController(Object(App\Controllers\Home))
 8 SYSTEMPATH\CodeIgniter.php(353): CodeIgniter\CodeIgniter->handleRequest(null, Object(Config\Cache), false)
 9 FCPATH\index.php(79): CodeIgniter\CodeIgniter->run()
CRITICAL - 2023-09-30 19:48:32 --> Undefined variable $header
in APPPATH\Views\welcome_message.php on line 1.
 1 APPPATH\Views\welcome_message.php(1): CodeIgniter\Debug\Exceptions->errorHandler(2, 'Undefined variable $header', 'C:\\wamp64\\www\\system\\app\\Views\\welcome_message.php', 1)
 2 SYSTEMPATH\View\View.php(226): include('C:\\wamp64\\www\\system\\app\\Views\\welcome_message.php')
 3 SYSTEMPATH\View\View.php(229): CodeIgniter\View\View->CodeIgniter\View\{closure}()
 4 SYSTEMPATH\Common.php(1188): CodeIgniter\View\View->render('welcome_message', [], true)
 5 APPPATH\Controllers\Home.php(9): view('welcome_message')
 6 SYSTEMPATH\CodeIgniter.php(919): App\Controllers\Home->index()
 7 SYSTEMPATH\CodeIgniter.php(494): CodeIgniter\CodeIgniter->runController(Object(App\Controllers\Home))
 8 SYSTEMPATH\CodeIgniter.php(353): CodeIgniter\CodeIgniter->handleRequest(null, Object(Config\Cache), false)
 9 FCPATH\index.php(79): CodeIgniter\CodeIgniter->run()
CRITICAL - 2023-09-30 19:48:50 --> Undefined variable $cargos
in APPPATH\Views\welcome_message.php on line 13.
 1 APPPATH\Views\welcome_message.php(13): CodeIgniter\Debug\Exceptions->errorHandler(2, 'Undefined variable $cargos', 'C:\\wamp64\\www\\system\\app\\Views\\welcome_message.php', 13)
 2 SYSTEMPATH\View\View.php(226): include('C:\\wamp64\\www\\system\\app\\Views\\welcome_message.php')
 3 SYSTEMPATH\View\View.php(229): CodeIgniter\View\View->CodeIgniter\View\{closure}()
 4 SYSTEMPATH\Common.php(1188): CodeIgniter\View\View->render('welcome_message', [], true)
 5 APPPATH\Controllers\Home.php(9): view('welcome_message')
 6 SYSTEMPATH\CodeIgniter.php(919): App\Controllers\Home->index()
 7 SYSTEMPATH\CodeIgniter.php(494): CodeIgniter\CodeIgniter->runController(Object(App\Controllers\Home))
 8 SYSTEMPATH\CodeIgniter.php(353): CodeIgniter\CodeIgniter->handleRequest(null, Object(Config\Cache), false)
 9 FCPATH\index.php(79): CodeIgniter\CodeIgniter->run()
