CRITICAL - 2023-11-02 13:38:12 --> Undefined array key "id_cargo"
in APPPATH\Views\responsables\editar.php on line 16.
 1 APPPATH\Views\responsables\editar.php(16): CodeIgniter\Debug\Exceptions->errorHandler(2, 'Undefined array key "id_cargo"', 'C:\\wamp64\\www\\system\\app\\Views\\responsables\\editar.php', 16)
 2 SYSTEMPATH\View\View.php(226): include('C:\\wamp64\\www\\system\\app\\Views\\responsables\\editar.php')
 3 SYSTEMPATH\View\View.php(229): CodeIgniter\View\View->CodeIgniter\View\{closure}()
 4 SYSTEMPATH\Common.php(1188): CodeIgniter\View\View->render('responsables/editar', [], true)
 5 APPPATH\Controllers\VistaController.php(41): view('responsables/editar', [...])
 6 SYSTEMPATH\CodeIgniter.php(919): App\Controllers\VistaController->index('155')
 7 SYSTEMPATH\CodeIgniter.php(494): CodeIgniter\CodeIgniter->runController(Object(App\Controllers\VistaController))
 8 SYSTEMPATH\CodeIgniter.php(353): CodeIgniter\CodeIgniter->handleRequest(null, Object(Config\Cache), false)
 9 FCPATH\index.php(79): CodeIgniter\CodeIgniter->run()
CRITICAL - 2023-11-02 13:38:13 --> Undefined array key "id_cargo"
in APPPATH\Views\responsables\editar.php on line 16.
 1 APPPATH\Views\responsables\editar.php(16): CodeIgniter\Debug\Exceptions->errorHandler(2, 'Undefined array key "id_cargo"', 'C:\\wamp64\\www\\system\\app\\Views\\responsables\\editar.php', 16)
 2 SYSTEMPATH\View\View.php(226): include('C:\\wamp64\\www\\system\\app\\Views\\responsables\\editar.php')
 3 SYSTEMPATH\View\View.php(229): CodeIgniter\View\View->CodeIgniter\View\{closure}()
 4 SYSTEMPATH\Common.php(1188): CodeIgniter\View\View->render('responsables/editar', [], true)
 5 APPPATH\Controllers\VistaController.php(41): view('responsables/editar', [...])
 6 SYSTEMPATH\CodeIgniter.php(919): App\Controllers\VistaController->index()
 7 SYSTEMPATH\CodeIgniter.php(494): CodeIgniter\CodeIgniter->runController(Object(App\Controllers\VistaController))
 8 SYSTEMPATH\CodeIgniter.php(353): CodeIgniter\CodeIgniter->handleRequest(null, Object(Config\Cache), false)
 9 FCPATH\index.php(79): CodeIgniter\CodeIgniter->run()
CRITICAL - 2023-11-02 13:38:14 --> Undefined array key "id_cargo"
in APPPATH\Views\responsables\editar.php on line 16.
 1 APPPATH\Views\responsables\editar.php(16): CodeIgniter\Debug\Exceptions->errorHandler(2, 'Undefined array key "id_cargo"', 'C:\\wamp64\\www\\system\\app\\Views\\responsables\\editar.php', 16)
 2 SYSTEMPATH\View\View.php(226): include('C:\\wamp64\\www\\system\\app\\Views\\responsables\\editar.php')
 3 SYSTEMPATH\View\View.php(229): CodeIgniter\View\View->CodeIgniter\View\{closure}()
 4 SYSTEMPATH\Common.php(1188): CodeIgniter\View\View->render('responsables/editar', [], true)
 5 APPPATH\Controllers\VistaController.php(41): view('responsables/editar', [...])
 6 SYSTEMPATH\CodeIgniter.php(919): App\Controllers\VistaController->index()
 7 SYSTEMPATH\CodeIgniter.php(494): CodeIgniter\CodeIgniter->runController(Object(App\Controllers\VistaController))
 8 SYSTEMPATH\CodeIgniter.php(353): CodeIgniter\CodeIgniter->handleRequest(null, Object(Config\Cache), false)
 9 FCPATH\index.php(79): CodeIgniter\CodeIgniter->run()
CRITICAL - 2023-11-02 18:45:31 --> Undefined array key "pepe"
in APPPATH\Views\responsables\editarresp.php on line 109.
 1 APPPATH\Views\responsables\editarresp.php(109): CodeIgniter\Debug\Exceptions->errorHandler(2, 'Undefined array key "pepe"', 'C:\\wamp64\\www\\system\\app\\Views\\responsables\\editarresp.php', 109)
 2 SYSTEMPATH\View\View.php(226): include('C:\\wamp64\\www\\system\\app\\Views\\responsables\\editarresp.php')
 3 SYSTEMPATH\View\View.php(229): CodeIgniter\View\View->CodeIgniter\View\{closure}()
 4 SYSTEMPATH\Common.php(1188): CodeIgniter\View\View->render('responsables/editarresp', [], true)
 5 APPPATH\Controllers\AccionController.php(492): view('responsables/editarresp', [...])
 6 SYSTEMPATH\CodeIgniter.php(919): App\Controllers\AccionController->respupdate('3003485')
 7 SYSTEMPATH\CodeIgniter.php(494): CodeIgniter\CodeIgniter->runController(Object(App\Controllers\AccionController))
 8 SYSTEMPATH\CodeIgniter.php(353): CodeIgniter\CodeIgniter->handleRequest(null, Object(Config\Cache), false)
 9 FCPATH\index.php(79): CodeIgniter\CodeIgniter->run()
CRITICAL - 2023-11-02 18:45:58 --> Undefined array key "pepe"
in APPPATH\Views\responsables\editarresp.php on line 109.
 1 APPPATH\Views\responsables\editarresp.php(109): CodeIgniter\Debug\Exceptions->errorHandler(2, 'Undefined array key "pepe"', 'C:\\wamp64\\www\\system\\app\\Views\\responsables\\editarresp.php', 109)
 2 SYSTEMPATH\View\View.php(226): include('C:\\wamp64\\www\\system\\app\\Views\\responsables\\editarresp.php')
 3 SYSTEMPATH\View\View.php(229): CodeIgniter\View\View->CodeIgniter\View\{closure}()
 4 SYSTEMPATH\Common.php(1188): CodeIgniter\View\View->render('responsables/editarresp', [], true)
 5 APPPATH\Controllers\AccionController.php(492): view('responsables/editarresp', [...])
 6 SYSTEMPATH\CodeIgniter.php(919): App\Controllers\AccionController->respupdate('3003485')
 7 SYSTEMPATH\CodeIgniter.php(494): CodeIgniter\CodeIgniter->runController(Object(App\Controllers\AccionController))
 8 SYSTEMPATH\CodeIgniter.php(353): CodeIgniter\CodeIgniter->handleRequest(null, Object(Config\Cache), false)
 9 FCPATH\index.php(79): CodeIgniter\CodeIgniter->run()
CRITICAL - 2023-11-02 18:46:26 --> Undefined array key "pepe"
in APPPATH\Views\responsables\editarresp.php on line 109.
 1 APPPATH\Views\responsables\editarresp.php(109): CodeIgniter\Debug\Exceptions->errorHandler(2, 'Undefined array key "pepe"', 'C:\\wamp64\\www\\system\\app\\Views\\responsables\\editarresp.php', 109)
 2 SYSTEMPATH\View\View.php(226): include('C:\\wamp64\\www\\system\\app\\Views\\responsables\\editarresp.php')
 3 SYSTEMPATH\View\View.php(229): CodeIgniter\View\View->CodeIgniter\View\{closure}()
 4 SYSTEMPATH\Common.php(1188): CodeIgniter\View\View->render('responsables/editarresp', [], true)
 5 APPPATH\Controllers\AccionController.php(492): view('responsables/editarresp', [...])
 6 SYSTEMPATH\CodeIgniter.php(919): App\Controllers\AccionController->respupdate('3003485')
 7 SYSTEMPATH\CodeIgniter.php(494): CodeIgniter\CodeIgniter->runController(Object(App\Controllers\AccionController))
 8 SYSTEMPATH\CodeIgniter.php(353): CodeIgniter\CodeIgniter->handleRequest(null, Object(Config\Cache), false)
 9 FCPATH\index.php(79): CodeIgniter\CodeIgniter->run()
CRITICAL - 2023-11-02 18:47:01 --> Undefined array key "pepe"
in APPPATH\Views\responsables\editarresp.php on line 109.
 1 APPPATH\Views\responsables\editarresp.php(109): CodeIgniter\Debug\Exceptions->errorHandler(2, 'Undefined array key "pepe"', 'C:\\wamp64\\www\\system\\app\\Views\\responsables\\editarresp.php', 109)
 2 SYSTEMPATH\View\View.php(226): include('C:\\wamp64\\www\\system\\app\\Views\\responsables\\editarresp.php')
 3 SYSTEMPATH\View\View.php(229): CodeIgniter\View\View->CodeIgniter\View\{closure}()
 4 SYSTEMPATH\Common.php(1188): CodeIgniter\View\View->render('responsables/editarresp', [], true)
 5 APPPATH\Controllers\AccionController.php(492): view('responsables/editarresp', [...])
 6 SYSTEMPATH\CodeIgniter.php(919): App\Controllers\AccionController->respupdate('3003485')
 7 SYSTEMPATH\CodeIgniter.php(494): CodeIgniter\CodeIgniter->runController(Object(App\Controllers\AccionController))
 8 SYSTEMPATH\CodeIgniter.php(353): CodeIgniter\CodeIgniter->handleRequest(null, Object(Config\Cache), false)
 9 FCPATH\index.php(79): CodeIgniter\CodeIgniter->run()
CRITICAL - 2023-11-02 18:48:08 --> Undefined array key "cedula"
in APPPATH\Views\responsables\editarresp.php on line 18.
 1 APPPATH\Views\responsables\editarresp.php(18): CodeIgniter\Debug\Exceptions->errorHandler(2, 'Undefined array key "cedula"', 'C:\\wamp64\\www\\system\\app\\Views\\responsables\\editarresp.php', 18)
 2 SYSTEMPATH\View\View.php(226): include('C:\\wamp64\\www\\system\\app\\Views\\responsables\\editarresp.php')
 3 SYSTEMPATH\View\View.php(229): CodeIgniter\View\View->CodeIgniter\View\{closure}()
 4 SYSTEMPATH\Common.php(1188): CodeIgniter\View\View->render('responsables/editarresp', [], true)
 5 APPPATH\Controllers\AccionController.php(493): view('responsables/editarresp', [...])
 6 SYSTEMPATH\CodeIgniter.php(919): App\Controllers\AccionController->respupdate('3003485')
 7 SYSTEMPATH\CodeIgniter.php(494): CodeIgniter\CodeIgniter->runController(Object(App\Controllers\AccionController))
 8 SYSTEMPATH\CodeIgniter.php(353): CodeIgniter\CodeIgniter->handleRequest(null, Object(Config\Cache), false)
 9 FCPATH\index.php(79): CodeIgniter\CodeIgniter->run()
CRITICAL - 2023-11-02 18:48:13 --> Undefined array key "cedula"
in APPPATH\Views\responsables\editarresp.php on line 18.
 1 APPPATH\Views\responsables\editarresp.php(18): CodeIgniter\Debug\Exceptions->errorHandler(2, 'Undefined array key "cedula"', 'C:\\wamp64\\www\\system\\app\\Views\\responsables\\editarresp.php', 18)
 2 SYSTEMPATH\View\View.php(226): include('C:\\wamp64\\www\\system\\app\\Views\\responsables\\editarresp.php')
 3 SYSTEMPATH\View\View.php(229): CodeIgniter\View\View->CodeIgniter\View\{closure}()
 4 SYSTEMPATH\Common.php(1188): CodeIgniter\View\View->render('responsables/editarresp', [], true)
 5 APPPATH\Controllers\AccionController.php(493): view('responsables/editarresp', [...])
 6 SYSTEMPATH\CodeIgniter.php(919): App\Controllers\AccionController->respupdate('3003485')
 7 SYSTEMPATH\CodeIgniter.php(494): CodeIgniter\CodeIgniter->runController(Object(App\Controllers\AccionController))
 8 SYSTEMPATH\CodeIgniter.php(353): CodeIgniter\CodeIgniter->handleRequest(null, Object(Config\Cache), false)
 9 FCPATH\index.php(79): CodeIgniter\CodeIgniter->run()
CRITICAL - 2023-11-02 18:48:25 --> Undefined array key "cedula"
in APPPATH\Views\responsables\editarresp.php on line 18.
 1 APPPATH\Views\responsables\editarresp.php(18): CodeIgniter\Debug\Exceptions->errorHandler(2, 'Undefined array key "cedula"', 'C:\\wamp64\\www\\system\\app\\Views\\responsables\\editarresp.php', 18)
 2 SYSTEMPATH\View\View.php(226): include('C:\\wamp64\\www\\system\\app\\Views\\responsables\\editarresp.php')
 3 SYSTEMPATH\View\View.php(229): CodeIgniter\View\View->CodeIgniter\View\{closure}()
 4 SYSTEMPATH\Common.php(1188): CodeIgniter\View\View->render('responsables/editarresp', [], true)
 5 APPPATH\Controllers\AccionController.php(493): view('responsables/editarresp', [...])
 6 SYSTEMPATH\CodeIgniter.php(919): App\Controllers\AccionController->respupdate('3003485')
 7 SYSTEMPATH\CodeIgniter.php(494): CodeIgniter\CodeIgniter->runController(Object(App\Controllers\AccionController))
 8 SYSTEMPATH\CodeIgniter.php(353): CodeIgniter\CodeIgniter->handleRequest(null, Object(Config\Cache), false)
 9 FCPATH\index.php(79): CodeIgniter\CodeIgniter->run()
CRITICAL - 2023-11-02 18:50:06 --> Undefined array key "pepe"
in APPPATH\Views\responsables\editarresp.php on line 109.
 1 APPPATH\Views\responsables\editarresp.php(109): CodeIgniter\Debug\Exceptions->errorHandler(2, 'Undefined array key "pepe"', 'C:\\wamp64\\www\\system\\app\\Views\\responsables\\editarresp.php', 109)
 2 SYSTEMPATH\View\View.php(226): include('C:\\wamp64\\www\\system\\app\\Views\\responsables\\editarresp.php')
 3 SYSTEMPATH\View\View.php(229): CodeIgniter\View\View->CodeIgniter\View\{closure}()
 4 SYSTEMPATH\Common.php(1188): CodeIgniter\View\View->render('responsables/editarresp', [], true)
 5 APPPATH\Controllers\AccionController.php(492): view('responsables/editarresp', [...])
 6 SYSTEMPATH\CodeIgniter.php(919): App\Controllers\AccionController->respupdate('3003485')
 7 SYSTEMPATH\CodeIgniter.php(494): CodeIgniter\CodeIgniter->runController(Object(App\Controllers\AccionController))
 8 SYSTEMPATH\CodeIgniter.php(353): CodeIgniter\CodeIgniter->handleRequest(null, Object(Config\Cache), false)
 9 FCPATH\index.php(79): CodeIgniter\CodeIgniter->run()
CRITICAL - 2023-11-02 18:50:36 --> Object of class CodeIgniter\Database\MySQLi\Builder could not be converted to string
in APPPATH\Controllers\AccionController.php on line 487.
 1 SYSTEMPATH\CodeIgniter.php(919): App\Controllers\AccionController->respupdate('3003485')
 2 SYSTEMPATH\CodeIgniter.php(494): CodeIgniter\CodeIgniter->runController(Object(App\Controllers\AccionController))
 3 SYSTEMPATH\CodeIgniter.php(353): CodeIgniter\CodeIgniter->handleRequest(null, Object(Config\Cache), false)
 4 FCPATH\index.php(79): CodeIgniter\CodeIgniter->run()
CRITICAL - 2023-11-02 18:51:05 --> Call to undefined method CodeIgniter\Database\MySQLi\Builder::find()
in APPPATH\Controllers\AccionController.php on line 487.
 1 SYSTEMPATH\CodeIgniter.php(919): App\Controllers\AccionController->respupdate('3003485')
 2 SYSTEMPATH\CodeIgniter.php(494): CodeIgniter\CodeIgniter->runController(Object(App\Controllers\AccionController))
 3 SYSTEMPATH\CodeIgniter.php(353): CodeIgniter\CodeIgniter->handleRequest(null, Object(Config\Cache), false)
 4 FCPATH\index.php(79): CodeIgniter\CodeIgniter->run()
CRITICAL - 2023-11-02 18:51:09 --> Call to undefined method CodeIgniter\Database\MySQLi\Builder::find()
in APPPATH\Controllers\AccionController.php on line 487.
 1 SYSTEMPATH\CodeIgniter.php(919): App\Controllers\AccionController->respupdate('3003485')
 2 SYSTEMPATH\CodeIgniter.php(494): CodeIgniter\CodeIgniter->runController(Object(App\Controllers\AccionController))
 3 SYSTEMPATH\CodeIgniter.php(353): CodeIgniter\CodeIgniter->handleRequest(null, Object(Config\Cache), false)
 4 FCPATH\index.php(79): CodeIgniter\CodeIgniter->run()
CRITICAL - 2023-11-02 18:51:33 --> Undefined array key "cedula"
in APPPATH\Views\responsables\editarresp.php on line 18.
 1 APPPATH\Views\responsables\editarresp.php(18): CodeIgniter\Debug\Exceptions->errorHandler(2, 'Undefined array key "cedula"', 'C:\\wamp64\\www\\system\\app\\Views\\responsables\\editarresp.php', 18)
 2 SYSTEMPATH\View\View.php(226): include('C:\\wamp64\\www\\system\\app\\Views\\responsables\\editarresp.php')
 3 SYSTEMPATH\View\View.php(229): CodeIgniter\View\View->CodeIgniter\View\{closure}()
 4 SYSTEMPATH\Common.php(1188): CodeIgniter\View\View->render('responsables/editarresp', [], true)
 5 APPPATH\Controllers\AccionController.php(492): view('responsables/editarresp', [...])
 6 SYSTEMPATH\CodeIgniter.php(919): App\Controllers\AccionController->respupdate('3003485')
 7 SYSTEMPATH\CodeIgniter.php(494): CodeIgniter\CodeIgniter->runController(Object(App\Controllers\AccionController))
 8 SYSTEMPATH\CodeIgniter.php(353): CodeIgniter\CodeIgniter->handleRequest(null, Object(Config\Cache), false)
 9 FCPATH\index.php(79): CodeIgniter\CodeIgniter->run()
CRITICAL - 2023-11-02 18:51:55 --> Undefined array key "pepe"
in APPPATH\Views\responsables\editarresp.php on line 109.
 1 APPPATH\Views\responsables\editarresp.php(109): CodeIgniter\Debug\Exceptions->errorHandler(2, 'Undefined array key "pepe"', 'C:\\wamp64\\www\\system\\app\\Views\\responsables\\editarresp.php', 109)
 2 SYSTEMPATH\View\View.php(226): include('C:\\wamp64\\www\\system\\app\\Views\\responsables\\editarresp.php')
 3 SYSTEMPATH\View\View.php(229): CodeIgniter\View\View->CodeIgniter\View\{closure}()
 4 SYSTEMPATH\Common.php(1188): CodeIgniter\View\View->render('responsables/editarresp', [], true)
 5 APPPATH\Controllers\AccionController.php(492): view('responsables/editarresp', [...])
 6 SYSTEMPATH\CodeIgniter.php(919): App\Controllers\AccionController->respupdate('3003485')
 7 SYSTEMPATH\CodeIgniter.php(494): CodeIgniter\CodeIgniter->runController(Object(App\Controllers\AccionController))
 8 SYSTEMPATH\CodeIgniter.php(353): CodeIgniter\CodeIgniter->handleRequest(null, Object(Config\Cache), false)
 9 FCPATH\index.php(79): CodeIgniter\CodeIgniter->run()
CRITICAL - 2023-11-02 19:07:51 --> Undefined array key "cargoo"
in APPPATH\Views\responsables\editarresp.php on line 109.
 1 APPPATH\Views\responsables\editarresp.php(109): CodeIgniter\Debug\Exceptions->errorHandler(2, 'Undefined array key "cargoo"', 'C:\\wamp64\\www\\system\\app\\Views\\responsables\\editarresp.php', 109)
 2 SYSTEMPATH\View\View.php(226): include('C:\\wamp64\\www\\system\\app\\Views\\responsables\\editarresp.php')
 3 SYSTEMPATH\View\View.php(229): CodeIgniter\View\View->CodeIgniter\View\{closure}()
 4 SYSTEMPATH\Common.php(1188): CodeIgniter\View\View->render('responsables/editarresp', [], true)
 5 APPPATH\Controllers\AccionController.php(493): view('responsables/editarresp', [...])
 6 SYSTEMPATH\CodeIgniter.php(919): App\Controllers\AccionController->respupdate('3003485')
 7 SYSTEMPATH\CodeIgniter.php(494): CodeIgniter\CodeIgniter->runController(Object(App\Controllers\AccionController))
 8 SYSTEMPATH\CodeIgniter.php(353): CodeIgniter\CodeIgniter->handleRequest(null, Object(Config\Cache), false)
 9 FCPATH\index.php(79): CodeIgniter\CodeIgniter->run()
CRITICAL - 2023-11-02 19:08:37 --> Undefined array key "cargoo"
in APPPATH\Views\responsables\editarresp.php on line 109.
 1 APPPATH\Views\responsables\editarresp.php(109): CodeIgniter\Debug\Exceptions->errorHandler(2, 'Undefined array key "cargoo"', 'C:\\wamp64\\www\\system\\app\\Views\\responsables\\editarresp.php', 109)
 2 SYSTEMPATH\View\View.php(226): include('C:\\wamp64\\www\\system\\app\\Views\\responsables\\editarresp.php')
 3 SYSTEMPATH\View\View.php(229): CodeIgniter\View\View->CodeIgniter\View\{closure}()
 4 SYSTEMPATH\Common.php(1188): CodeIgniter\View\View->render('responsables/editarresp', [], true)
 5 APPPATH\Controllers\AccionController.php(493): view('responsables/editarresp', [...])
 6 SYSTEMPATH\CodeIgniter.php(919): App\Controllers\AccionController->respupdate('3003485')
 7 SYSTEMPATH\CodeIgniter.php(494): CodeIgniter\CodeIgniter->runController(Object(App\Controllers\AccionController))
 8 SYSTEMPATH\CodeIgniter.php(353): CodeIgniter\CodeIgniter->handleRequest(null, Object(Config\Cache), false)
 9 FCPATH\index.php(79): CodeIgniter\CodeIgniter->run()
CRITICAL - 2023-11-02 19:08:58 --> Undefined array key "cargoo"
in APPPATH\Views\responsables\editarresp.php on line 109.
 1 APPPATH\Views\responsables\editarresp.php(109): CodeIgniter\Debug\Exceptions->errorHandler(2, 'Undefined array key "cargoo"', 'C:\\wamp64\\www\\system\\app\\Views\\responsables\\editarresp.php', 109)
 2 SYSTEMPATH\View\View.php(226): include('C:\\wamp64\\www\\system\\app\\Views\\responsables\\editarresp.php')
 3 SYSTEMPATH\View\View.php(229): CodeIgniter\View\View->CodeIgniter\View\{closure}()
 4 SYSTEMPATH\Common.php(1188): CodeIgniter\View\View->render('responsables/editarresp', [], true)
 5 APPPATH\Controllers\AccionController.php(493): view('responsables/editarresp', [...])
 6 SYSTEMPATH\CodeIgniter.php(919): App\Controllers\AccionController->respupdate('3003485')
 7 SYSTEMPATH\CodeIgniter.php(494): CodeIgniter\CodeIgniter->runController(Object(App\Controllers\AccionController))
 8 SYSTEMPATH\CodeIgniter.php(353): CodeIgniter\CodeIgniter->handleRequest(null, Object(Config\Cache), false)
 9 FCPATH\index.php(79): CodeIgniter\CodeIgniter->run()
CRITICAL - 2023-11-02 19:09:14 --> Undefined array key "con"
in APPPATH\Views\responsables\editarresp.php on line 109.
 1 APPPATH\Views\responsables\editarresp.php(109): CodeIgniter\Debug\Exceptions->errorHandler(2, 'Undefined array key "con"', 'C:\\wamp64\\www\\system\\app\\Views\\responsables\\editarresp.php', 109)
 2 SYSTEMPATH\View\View.php(226): include('C:\\wamp64\\www\\system\\app\\Views\\responsables\\editarresp.php')
 3 SYSTEMPATH\View\View.php(229): CodeIgniter\View\View->CodeIgniter\View\{closure}()
 4 SYSTEMPATH\Common.php(1188): CodeIgniter\View\View->render('responsables/editarresp', [], true)
 5 APPPATH\Controllers\AccionController.php(493): view('responsables/editarresp', [...])
 6 SYSTEMPATH\CodeIgniter.php(919): App\Controllers\AccionController->respupdate('3003485')
 7 SYSTEMPATH\CodeIgniter.php(494): CodeIgniter\CodeIgniter->runController(Object(App\Controllers\AccionController))
 8 SYSTEMPATH\CodeIgniter.php(353): CodeIgniter\CodeIgniter->handleRequest(null, Object(Config\Cache), false)
 9 FCPATH\index.php(79): CodeIgniter\CodeIgniter->run()
CRITICAL - 2023-11-02 19:10:52 --> Undefined array key "con"
in APPPATH\Views\responsables\editarresp.php on line 109.
 1 APPPATH\Views\responsables\editarresp.php(109): CodeIgniter\Debug\Exceptions->errorHandler(2, 'Undefined array key "con"', 'C:\\wamp64\\www\\system\\app\\Views\\responsables\\editarresp.php', 109)
 2 SYSTEMPATH\View\View.php(226): include('C:\\wamp64\\www\\system\\app\\Views\\responsables\\editarresp.php')
 3 SYSTEMPATH\View\View.php(229): CodeIgniter\View\View->CodeIgniter\View\{closure}()
 4 SYSTEMPATH\Common.php(1188): CodeIgniter\View\View->render('responsables/editarresp', [], true)
 5 APPPATH\Controllers\AccionController.php(494): view('responsables/editarresp', [...])
 6 SYSTEMPATH\CodeIgniter.php(919): App\Controllers\AccionController->respupdate('3003485')
 7 SYSTEMPATH\CodeIgniter.php(494): CodeIgniter\CodeIgniter->runController(Object(App\Controllers\AccionController))
 8 SYSTEMPATH\CodeIgniter.php(353): CodeIgniter\CodeIgniter->handleRequest(null, Object(Config\Cache), false)
 9 FCPATH\index.php(79): CodeIgniter\CodeIgniter->run()
CRITICAL - 2023-11-02 21:06:41 --> Undefined variable $resp
in APPPATH\Views\responsables\editarresp.php on line 18.
 1 APPPATH\Views\responsables\editarresp.php(18): CodeIgniter\Debug\Exceptions->errorHandler(2, 'Undefined variable $resp', 'C:\\wamp64\\www\\system\\app\\Views\\responsables\\editarresp.php', 18)
 2 SYSTEMPATH\View\View.php(226): include('C:\\wamp64\\www\\system\\app\\Views\\responsables\\editarresp.php')
 3 SYSTEMPATH\View\View.php(229): CodeIgniter\View\View->CodeIgniter\View\{closure}()
 4 SYSTEMPATH\Common.php(1188): CodeIgniter\View\View->render('responsables/editarresp', [], true)
 5 APPPATH\Controllers\AccionController.php(494): view('responsables/editarresp', [...])
 6 SYSTEMPATH\CodeIgniter.php(919): App\Controllers\AccionController->respupdate('3003485')
 7 SYSTEMPATH\CodeIgniter.php(494): CodeIgniter\CodeIgniter->runController(Object(App\Controllers\AccionController))
 8 SYSTEMPATH\CodeIgniter.php(353): CodeIgniter\CodeIgniter->handleRequest(null, Object(Config\Cache), false)
 9 FCPATH\index.php(79): CodeIgniter\CodeIgniter->run()
CRITICAL - 2023-11-02 21:08:01 --> Undefined array key "cedula"
in APPPATH\Views\responsables\editarresp.php on line 18.
 1 APPPATH\Views\responsables\editarresp.php(18): CodeIgniter\Debug\Exceptions->errorHandler(2, 'Undefined array key "cedula"', 'C:\\wamp64\\www\\system\\app\\Views\\responsables\\editarresp.php', 18)
 2 SYSTEMPATH\View\View.php(226): include('C:\\wamp64\\www\\system\\app\\Views\\responsables\\editarresp.php')
 3 SYSTEMPATH\View\View.php(229): CodeIgniter\View\View->CodeIgniter\View\{closure}()
 4 SYSTEMPATH\Common.php(1188): CodeIgniter\View\View->render('responsables/editarresp', [], true)
 5 APPPATH\Controllers\AccionController.php(494): view('responsables/editarresp', [...])
 6 SYSTEMPATH\CodeIgniter.php(919): App\Controllers\AccionController->respupdate('3003485')
 7 SYSTEMPATH\CodeIgniter.php(494): CodeIgniter\CodeIgniter->runController(Object(App\Controllers\AccionController))
 8 SYSTEMPATH\CodeIgniter.php(353): CodeIgniter\CodeIgniter->handleRequest(null, Object(Config\Cache), false)
 9 FCPATH\index.php(79): CodeIgniter\CodeIgniter->run()
CRITICAL - 2023-11-02 21:08:25 --> Undefined array key "nombre"
in APPPATH\Views\responsables\editarresp.php on line 23.
 1 APPPATH\Views\responsables\editarresp.php(23): CodeIgniter\Debug\Exceptions->errorHandler(2, 'Undefined array key "nombre"', 'C:\\wamp64\\www\\system\\app\\Views\\responsables\\editarresp.php', 23)
 2 SYSTEMPATH\View\View.php(226): include('C:\\wamp64\\www\\system\\app\\Views\\responsables\\editarresp.php')
 3 SYSTEMPATH\View\View.php(229): CodeIgniter\View\View->CodeIgniter\View\{closure}()
 4 SYSTEMPATH\Common.php(1188): CodeIgniter\View\View->render('responsables/editarresp', [], true)
 5 APPPATH\Controllers\AccionController.php(494): view('responsables/editarresp', [...])
 6 SYSTEMPATH\CodeIgniter.php(919): App\Controllers\AccionController->respupdate('3003485')
 7 SYSTEMPATH\CodeIgniter.php(494): CodeIgniter\CodeIgniter->runController(Object(App\Controllers\AccionController))
 8 SYSTEMPATH\CodeIgniter.php(353): CodeIgniter\CodeIgniter->handleRequest(null, Object(Config\Cache), false)
 9 FCPATH\index.php(79): CodeIgniter\CodeIgniter->run()
ERROR - 2023-11-02 21:15:51 --> mysqli_sql_exception: Unknown column 'id_movimientos' in 'order clause' in C:\wamp64\www\system\system\Database\MySQLi\Connection.php:306
Stack trace:
#0 C:\wamp64\www\system\system\Database\MySQLi\Connection.php(306): mysqli->query('SELECT `resp`.*...', 0)
#1 C:\wamp64\www\system\system\Database\BaseConnection.php(692): CodeIgniter\Database\MySQLi\Connection->execute('SELECT `resp`.*...')
#2 C:\wamp64\www\system\system\Database\BaseConnection.php(606): CodeIgniter\Database\BaseConnection->simpleQuery('SELECT `resp`.*...')
#3 C:\wamp64\www\system\system\Database\BaseBuilder.php(1615): CodeIgniter\Database\BaseConnection->query('SELECT `resp`.*...', Array, false)
#4 C:\wamp64\www\system\app\Controllers\AccionController.php(489): CodeIgniter\Database\BaseBuilder->get()
#5 C:\wamp64\www\system\system\CodeIgniter.php(919): App\Controllers\AccionController->respupdate('3003485')
#6 C:\wamp64\www\system\system\CodeIgniter.php(494): CodeIgniter\CodeIgniter->runController(Object(App\Controllers\AccionController))
#7 C:\wamp64\www\system\system\CodeIgniter.php(353): CodeIgniter\CodeIgniter->handleRequest(NULL, Object(Config\Cache), false)
#8 C:\wamp64\www\system\public\index.php(79): CodeIgniter\CodeIgniter->run()
#9 {main}
CRITICAL - 2023-11-02 21:15:51 --> Unknown column 'id_movimientos' in 'order clause'
in SYSTEMPATH\Database\BaseConnection.php on line 646.
 1 SYSTEMPATH\Database\BaseBuilder.php(1615): CodeIgniter\Database\BaseConnection->query('SELECT `resp`.*, `c`.`nombre_condicion` as `con`
FROM `resp_responsables` `resp`
JOIN `resp_condicion` `c` ON `c`.`id_condicion` = `resp`.`condicion_resp`
ORDER BY `id_movimientos` ASC', [], false)
 2 APPPATH\Controllers\AccionController.php(489): CodeIgniter\Database\BaseBuilder->get()
 3 SYSTEMPATH\CodeIgniter.php(919): App\Controllers\AccionController->respupdate('3003485')
 4 SYSTEMPATH\CodeIgniter.php(494): CodeIgniter\CodeIgniter->runController(Object(App\Controllers\AccionController))
 5 SYSTEMPATH\CodeIgniter.php(353): CodeIgniter\CodeIgniter->handleRequest(null, Object(Config\Cache), false)
 6 FCPATH\index.php(79): CodeIgniter\CodeIgniter->run()
CRITICAL - 2023-11-02 21:33:59 --> Undefined array key "cedula"
in APPPATH\Views\responsables\editarresp.php on line 19.
 1 APPPATH\Views\responsables\editarresp.php(19): CodeIgniter\Debug\Exceptions->errorHandler(2, 'Undefined array key "cedula"', 'C:\\wamp64\\www\\system\\app\\Views\\responsables\\editarresp.php', 19)
 2 SYSTEMPATH\View\View.php(226): include('C:\\wamp64\\www\\system\\app\\Views\\responsables\\editarresp.php')
 3 SYSTEMPATH\View\View.php(229): CodeIgniter\View\View->CodeIgniter\View\{closure}()
 4 SYSTEMPATH\Common.php(1188): CodeIgniter\View\View->render('responsables/editarresp', [], true)
 5 APPPATH\Controllers\AccionController.php(494): view('responsables/editarresp', [...])
 6 SYSTEMPATH\CodeIgniter.php(919): App\Controllers\AccionController->respupdate('3003485')
 7 SYSTEMPATH\CodeIgniter.php(494): CodeIgniter\CodeIgniter->runController(Object(App\Controllers\AccionController))
 8 SYSTEMPATH\CodeIgniter.php(353): CodeIgniter\CodeIgniter->handleRequest(null, Object(Config\Cache), false)
 9 FCPATH\index.php(79): CodeIgniter\CodeIgniter->run()
CRITICAL - 2023-11-02 21:34:43 --> Call to undefined method CodeIgniter\Database\MySQLi\Builder::find()
in APPPATH\Controllers\AccionController.php on line 489.
 1 SYSTEMPATH\CodeIgniter.php(919): App\Controllers\AccionController->respupdate('3003485')
 2 SYSTEMPATH\CodeIgniter.php(494): CodeIgniter\CodeIgniter->runController(Object(App\Controllers\AccionController))
 3 SYSTEMPATH\CodeIgniter.php(353): CodeIgniter\CodeIgniter->handleRequest(null, Object(Config\Cache), false)
 4 FCPATH\index.php(79): CodeIgniter\CodeIgniter->run()
ERROR - 2023-11-02 21:36:17 --> mysqli_sql_exception: Unknown column 'ASC' in 'order clause' in C:\wamp64\www\system\system\Database\MySQLi\Connection.php:306
Stack trace:
#0 C:\wamp64\www\system\system\Database\MySQLi\Connection.php(306): mysqli->query('SELECT `resp`.*...', 0)
#1 C:\wamp64\www\system\system\Database\BaseConnection.php(692): CodeIgniter\Database\MySQLi\Connection->execute('SELECT `resp`.*...')
#2 C:\wamp64\www\system\system\Database\BaseConnection.php(606): CodeIgniter\Database\BaseConnection->simpleQuery('SELECT `resp`.*...')
#3 C:\wamp64\www\system\system\Database\BaseBuilder.php(1615): CodeIgniter\Database\BaseConnection->query('SELECT `resp`.*...', Array, false)
#4 C:\wamp64\www\system\app\Controllers\AccionController.php(490): CodeIgniter\Database\BaseBuilder->get()
#5 C:\wamp64\www\system\system\CodeIgniter.php(919): App\Controllers\AccionController->respupdate('3003485')
#6 C:\wamp64\www\system\system\CodeIgniter.php(494): CodeIgniter\CodeIgniter->runController(Object(App\Controllers\AccionController))
#7 C:\wamp64\www\system\system\CodeIgniter.php(353): CodeIgniter\CodeIgniter->handleRequest(NULL, Object(Config\Cache), false)
#8 C:\wamp64\www\system\public\index.php(79): CodeIgniter\CodeIgniter->run()
#9 {main}
CRITICAL - 2023-11-02 21:36:17 --> Unknown column 'ASC' in 'order clause'
in SYSTEMPATH\Database\BaseConnection.php on line 646.
 1 SYSTEMPATH\Database\BaseBuilder.php(1615): CodeIgniter\Database\BaseConnection->query('SELECT `resp`.*, `c`.`nombre_condicion` as `con`
FROM `resp_responsables` `resp`
JOIN `resp_condicion` `c` ON `c`.`id_condicion` = `resp`.`condicion_resp`
ORDER BY `ASC`', [], false)
 2 APPPATH\Controllers\AccionController.php(490): CodeIgniter\Database\BaseBuilder->get()
 3 SYSTEMPATH\CodeIgniter.php(919): App\Controllers\AccionController->respupdate('3003485')
 4 SYSTEMPATH\CodeIgniter.php(494): CodeIgniter\CodeIgniter->runController(Object(App\Controllers\AccionController))
 5 SYSTEMPATH\CodeIgniter.php(353): CodeIgniter\CodeIgniter->handleRequest(null, Object(Config\Cache), false)
 6 FCPATH\index.php(79): CodeIgniter\CodeIgniter->run()
CRITICAL - 2023-11-02 21:38:00 --> Object of class CodeIgniter\Database\MySQLi\Connection could not be converted to string
in APPPATH\Controllers\AccionController.php on line 489.
 1 SYSTEMPATH\CodeIgniter.php(919): App\Controllers\AccionController->respupdate('28996363')
 2 SYSTEMPATH\CodeIgniter.php(494): CodeIgniter\CodeIgniter->runController(Object(App\Controllers\AccionController))
 3 SYSTEMPATH\CodeIgniter.php(353): CodeIgniter\CodeIgniter->handleRequest(null, Object(Config\Cache), false)
 4 FCPATH\index.php(79): CodeIgniter\CodeIgniter->run()
CRITICAL - 2023-11-02 21:38:03 --> Object of class CodeIgniter\Database\MySQLi\Connection could not be converted to string
in APPPATH\Controllers\AccionController.php on line 489.
 1 SYSTEMPATH\CodeIgniter.php(919): App\Controllers\AccionController->respupdate('28996363')
 2 SYSTEMPATH\CodeIgniter.php(494): CodeIgniter\CodeIgniter->runController(Object(App\Controllers\AccionController))
 3 SYSTEMPATH\CodeIgniter.php(353): CodeIgniter\CodeIgniter->handleRequest(null, Object(Config\Cache), false)
 4 FCPATH\index.php(79): CodeIgniter\CodeIgniter->run()
CRITICAL - 2023-11-02 21:38:06 --> Object of class CodeIgniter\Database\MySQLi\Connection could not be converted to string
in APPPATH\Controllers\AccionController.php on line 489.
 1 SYSTEMPATH\CodeIgniter.php(919): App\Controllers\AccionController->respupdate('3003485')
 2 SYSTEMPATH\CodeIgniter.php(494): CodeIgniter\CodeIgniter->runController(Object(App\Controllers\AccionController))
 3 SYSTEMPATH\CodeIgniter.php(353): CodeIgniter\CodeIgniter->handleRequest(null, Object(Config\Cache), false)
 4 FCPATH\index.php(79): CodeIgniter\CodeIgniter->run()
CRITICAL - 2023-11-02 21:42:07 --> Call to undefined method CodeIgniter\Database\MySQLi\Builder::find()
in APPPATH\Controllers\AccionController.php on line 489.
 1 SYSTEMPATH\CodeIgniter.php(919): App\Controllers\AccionController->respupdate('3003485')
 2 SYSTEMPATH\CodeIgniter.php(494): CodeIgniter\CodeIgniter->runController(Object(App\Controllers\AccionController))
 3 SYSTEMPATH\CodeIgniter.php(353): CodeIgniter\CodeIgniter->handleRequest(null, Object(Config\Cache), false)
 4 FCPATH\index.php(79): CodeIgniter\CodeIgniter->run()
CRITICAL - 2023-11-02 21:52:31 --> Undefined variable $responsables
in APPPATH\Views\responsables\editarresp.php on line 14.
 1 APPPATH\Views\responsables\editarresp.php(14): CodeIgniter\Debug\Exceptions->errorHandler(2, 'Undefined variable $responsables', 'C:\\wamp64\\www\\system\\app\\Views\\responsables\\editarresp.php', 14)
 2 SYSTEMPATH\View\View.php(226): include('C:\\wamp64\\www\\system\\app\\Views\\responsables\\editarresp.php')
 3 SYSTEMPATH\View\View.php(229): CodeIgniter\View\View->CodeIgniter\View\{closure}()
 4 SYSTEMPATH\Common.php(1188): CodeIgniter\View\View->render('responsables/editarresp', [], true)
 5 APPPATH\Controllers\AccionController.php(494): view('responsables/editarresp', [...])
 6 SYSTEMPATH\CodeIgniter.php(919): App\Controllers\AccionController->respupdate('3003485')
 7 SYSTEMPATH\CodeIgniter.php(494): CodeIgniter\CodeIgniter->runController(Object(App\Controllers\AccionController))
 8 SYSTEMPATH\CodeIgniter.php(353): CodeIgniter\CodeIgniter->handleRequest(null, Object(Config\Cache), false)
 9 FCPATH\index.php(79): CodeIgniter\CodeIgniter->run()
CRITICAL - 2023-11-02 21:53:30 --> Undefined array key "con"
in APPPATH\Views\responsables\editarresp.php on line 53.
 1 APPPATH\Views\responsables\editarresp.php(53): CodeIgniter\Debug\Exceptions->errorHandler(2, 'Undefined array key "con"', 'C:\\wamp64\\www\\system\\app\\Views\\responsables\\editarresp.php', 53)
 2 SYSTEMPATH\View\View.php(226): include('C:\\wamp64\\www\\system\\app\\Views\\responsables\\editarresp.php')
 3 SYSTEMPATH\View\View.php(229): CodeIgniter\View\View->CodeIgniter\View\{closure}()
 4 SYSTEMPATH\Common.php(1188): CodeIgniter\View\View->render('responsables/editarresp', [], true)
 5 APPPATH\Controllers\AccionController.php(495): view('responsables/editarresp', [...])
 6 SYSTEMPATH\CodeIgniter.php(919): App\Controllers\AccionController->respupdate('3003485')
 7 SYSTEMPATH\CodeIgniter.php(494): CodeIgniter\CodeIgniter->runController(Object(App\Controllers\AccionController))
 8 SYSTEMPATH\CodeIgniter.php(353): CodeIgniter\CodeIgniter->handleRequest(null, Object(Config\Cache), false)
 9 FCPATH\index.php(79): CodeIgniter\CodeIgniter->run()
CRITICAL - 2023-11-02 21:54:49 --> Object of class CodeIgniter\Database\MySQLi\Builder could not be converted to string
in APPPATH\Controllers\AccionController.php on line 490.
 1 SYSTEMPATH\CodeIgniter.php(919): App\Controllers\AccionController->respupdate('3003485')
 2 SYSTEMPATH\CodeIgniter.php(494): CodeIgniter\CodeIgniter->runController(Object(App\Controllers\AccionController))
 3 SYSTEMPATH\CodeIgniter.php(353): CodeIgniter\CodeIgniter->handleRequest(null, Object(Config\Cache), false)
 4 FCPATH\index.php(79): CodeIgniter\CodeIgniter->run()
CRITICAL - 2023-11-02 22:05:46 --> Cannot access offset of type string on string
in APPPATH\Views\responsables\editarresp.php on line 19.
 1 SYSTEMPATH\View\View.php(226): include()
 2 SYSTEMPATH\View\View.php(229): CodeIgniter\View\View->CodeIgniter\View\{closure}()
 3 SYSTEMPATH\Common.php(1188): CodeIgniter\View\View->render('responsables/editarresp', [], true)
 4 APPPATH\Controllers\AccionController.php(494): view('responsables/editarresp', [...])
 5 SYSTEMPATH\CodeIgniter.php(919): App\Controllers\AccionController->respupdate('3003485')
 6 SYSTEMPATH\CodeIgniter.php(494): CodeIgniter\CodeIgniter->runController(Object(App\Controllers\AccionController))
 7 SYSTEMPATH\CodeIgniter.php(353): CodeIgniter\CodeIgniter->handleRequest(null, Object(Config\Cache), false)
 8 FCPATH\index.php(79): CodeIgniter\CodeIgniter->run()
CRITICAL - 2023-11-02 22:08:49 --> Undefined variable $resp
in APPPATH\Views\responsables\editarresp.php on line 100.
 1 APPPATH\Views\responsables\editarresp.php(100): CodeIgniter\Debug\Exceptions->errorHandler(2, 'Undefined variable $resp', 'C:\\wamp64\\www\\system\\app\\Views\\responsables\\editarresp.php', 100)
 2 SYSTEMPATH\View\View.php(226): include('C:\\wamp64\\www\\system\\app\\Views\\responsables\\editarresp.php')
 3 SYSTEMPATH\View\View.php(229): CodeIgniter\View\View->CodeIgniter\View\{closure}()
 4 SYSTEMPATH\Common.php(1188): CodeIgniter\View\View->render('responsables/editarresp', [], true)
 5 APPPATH\Controllers\AccionController.php(495): view('responsables/editarresp', [...])
 6 SYSTEMPATH\CodeIgniter.php(919): App\Controllers\AccionController->respupdate('3003485')
 7 SYSTEMPATH\CodeIgniter.php(494): CodeIgniter\CodeIgniter->runController(Object(App\Controllers\AccionController))
 8 SYSTEMPATH\CodeIgniter.php(353): CodeIgniter\CodeIgniter->handleRequest(null, Object(Config\Cache), false)
 9 FCPATH\index.php(79): CodeIgniter\CodeIgniter->run()
ERROR - 2023-11-02 22:21:29 --> mysqli_sql_exception: Table 'patrimonioprueba.diviciones' doesn't exist in C:\wamp64\www\system\system\Database\MySQLi\Connection.php:306
Stack trace:
#0 C:\wamp64\www\system\system\Database\MySQLi\Connection.php(306): mysqli->query('SELECT `resp`.*...', 0)
#1 C:\wamp64\www\system\system\Database\BaseConnection.php(692): CodeIgniter\Database\MySQLi\Connection->execute('SELECT `resp`.*...')
#2 C:\wamp64\www\system\system\Database\BaseConnection.php(606): CodeIgniter\Database\BaseConnection->simpleQuery('SELECT `resp`.*...')
#3 C:\wamp64\www\system\system\Database\BaseBuilder.php(1615): CodeIgniter\Database\BaseConnection->query('SELECT `resp`.*...', Array, false)
#4 C:\wamp64\www\system\app\Controllers\AccionController.php(493): CodeIgniter\Database\BaseBuilder->get()
#5 C:\wamp64\www\system\system\CodeIgniter.php(919): App\Controllers\AccionController->respupdate('3003485')
#6 C:\wamp64\www\system\system\CodeIgniter.php(494): CodeIgniter\CodeIgniter->runController(Object(App\Controllers\AccionController))
#7 C:\wamp64\www\system\system\CodeIgniter.php(353): CodeIgniter\CodeIgniter->handleRequest(NULL, Object(Config\Cache), false)
#8 C:\wamp64\www\system\public\index.php(79): CodeIgniter\CodeIgniter->run()
#9 {main}
CRITICAL - 2023-11-02 22:21:29 --> Table 'patrimonioprueba.diviciones' doesn't exist
in SYSTEMPATH\Database\BaseConnection.php on line 646.
 1 SYSTEMPATH\Database\BaseBuilder.php(1615): CodeIgniter\Database\BaseConnection->query('SELECT `resp`.*, `c`.`nombre_condicion` as `con`, `g`.`nombre` as `gen`, `ca`.`nombre_cargo` as `cargo`, `d`.`nombre` as `division`
FROM `resp_responsables` `resp`
JOIN `resp_condicion` `c` ON `c`.`id_condicion` = `resp`.`condicion_resp`
JOIN `resp_cargo` `ca` ON `ca`.`id_cargo` = `resp`.`cargo_resp`
JOIN `gerencias` `g` ON `g`.`id` = `resp`.`gerencia`
JOIN `diviciones` `d` ON `g`.`id` = `resp`.`division`
ORDER BY `cedula` ASC', [], false)
 2 APPPATH\Controllers\AccionController.php(493): CodeIgniter\Database\BaseBuilder->get()
 3 SYSTEMPATH\CodeIgniter.php(919): App\Controllers\AccionController->respupdate('3003485')
 4 SYSTEMPATH\CodeIgniter.php(494): CodeIgniter\CodeIgniter->runController(Object(App\Controllers\AccionController))
 5 SYSTEMPATH\CodeIgniter.php(353): CodeIgniter\CodeIgniter->handleRequest(null, Object(Config\Cache), false)
 6 FCPATH\index.php(79): CodeIgniter\CodeIgniter->run()
ERROR - 2023-11-02 22:21:46 --> mysqli_sql_exception: Unknown column 'd.nombre' in 'field list' in C:\wamp64\www\system\system\Database\MySQLi\Connection.php:306
Stack trace:
#0 C:\wamp64\www\system\system\Database\MySQLi\Connection.php(306): mysqli->query('SELECT `resp`.*...', 0)
#1 C:\wamp64\www\system\system\Database\BaseConnection.php(692): CodeIgniter\Database\MySQLi\Connection->execute('SELECT `resp`.*...')
#2 C:\wamp64\www\system\system\Database\BaseConnection.php(606): CodeIgniter\Database\BaseConnection->simpleQuery('SELECT `resp`.*...')
#3 C:\wamp64\www\system\system\Database\BaseBuilder.php(1615): CodeIgniter\Database\BaseConnection->query('SELECT `resp`.*...', Array, false)
#4 C:\wamp64\www\system\app\Controllers\AccionController.php(493): CodeIgniter\Database\BaseBuilder->get()
#5 C:\wamp64\www\system\system\CodeIgniter.php(919): App\Controllers\AccionController->respupdate('3003485')
#6 C:\wamp64\www\system\system\CodeIgniter.php(494): CodeIgniter\CodeIgniter->runController(Object(App\Controllers\AccionController))
#7 C:\wamp64\www\system\system\CodeIgniter.php(353): CodeIgniter\CodeIgniter->handleRequest(NULL, Object(Config\Cache), false)
#8 C:\wamp64\www\system\public\index.php(79): CodeIgniter\CodeIgniter->run()
#9 {main}
CRITICAL - 2023-11-02 22:21:46 --> Unknown column 'd.nombre' in 'field list'
in SYSTEMPATH\Database\BaseConnection.php on line 646.
 1 SYSTEMPATH\Database\BaseBuilder.php(1615): CodeIgniter\Database\BaseConnection->query('SELECT `resp`.*, `c`.`nombre_condicion` as `con`, `g`.`nombre` as `gen`, `ca`.`nombre_cargo` as `cargo`, `d`.`nombre` as `division`
FROM `resp_responsables` `resp`
JOIN `resp_condicion` `c` ON `c`.`id_condicion` = `resp`.`condicion_resp`
JOIN `resp_cargo` `ca` ON `ca`.`id_cargo` = `resp`.`cargo_resp`
JOIN `gerencias` `g` ON `g`.`id` = `resp`.`gerencia`
JOIN `divisiones` `d` ON `g`.`id` = `resp`.`division`
ORDER BY `cedula` ASC', [], false)
 2 APPPATH\Controllers\AccionController.php(493): CodeIgniter\Database\BaseBuilder->get()
 3 SYSTEMPATH\CodeIgniter.php(919): App\Controllers\AccionController->respupdate('3003485')
 4 SYSTEMPATH\CodeIgniter.php(494): CodeIgniter\CodeIgniter->runController(Object(App\Controllers\AccionController))
 5 SYSTEMPATH\CodeIgniter.php(353): CodeIgniter\CodeIgniter->handleRequest(null, Object(Config\Cache), false)
 6 FCPATH\index.php(79): CodeIgniter\CodeIgniter->run()
ERROR - 2023-11-02 22:22:17 --> mysqli_sql_exception: Unknown column 'g.id_div' in 'on clause' in C:\wamp64\www\system\system\Database\MySQLi\Connection.php:306
Stack trace:
#0 C:\wamp64\www\system\system\Database\MySQLi\Connection.php(306): mysqli->query('SELECT `resp`.*...', 0)
#1 C:\wamp64\www\system\system\Database\BaseConnection.php(692): CodeIgniter\Database\MySQLi\Connection->execute('SELECT `resp`.*...')
#2 C:\wamp64\www\system\system\Database\BaseConnection.php(606): CodeIgniter\Database\BaseConnection->simpleQuery('SELECT `resp`.*...')
#3 C:\wamp64\www\system\system\Database\BaseBuilder.php(1615): CodeIgniter\Database\BaseConnection->query('SELECT `resp`.*...', Array, false)
#4 C:\wamp64\www\system\app\Controllers\AccionController.php(493): CodeIgniter\Database\BaseBuilder->get()
#5 C:\wamp64\www\system\system\CodeIgniter.php(919): App\Controllers\AccionController->respupdate('3003485')
#6 C:\wamp64\www\system\system\CodeIgniter.php(494): CodeIgniter\CodeIgniter->runController(Object(App\Controllers\AccionController))
#7 C:\wamp64\www\system\system\CodeIgniter.php(353): CodeIgniter\CodeIgniter->handleRequest(NULL, Object(Config\Cache), false)
#8 C:\wamp64\www\system\public\index.php(79): CodeIgniter\CodeIgniter->run()
#9 {main}
CRITICAL - 2023-11-02 22:22:17 --> Unknown column 'g.id_div' in 'on clause'
in SYSTEMPATH\Database\BaseConnection.php on line 646.
 1 SYSTEMPATH\Database\BaseBuilder.php(1615): CodeIgniter\Database\BaseConnection->query('SELECT `resp`.*, `c`.`nombre_condicion` as `con`, `g`.`nombre` as `gen`, `ca`.`nombre_cargo` as `cargo`, `d`.`nombre_div` as `division`
FROM `resp_responsables` `resp`
JOIN `resp_condicion` `c` ON `c`.`id_condicion` = `resp`.`condicion_resp`
JOIN `resp_cargo` `ca` ON `ca`.`id_cargo` = `resp`.`cargo_resp`
JOIN `gerencias` `g` ON `g`.`id` = `resp`.`gerencia`
JOIN `divisiones` `d` ON `g`.`id_div` = `resp`.`division`
ORDER BY `cedula` ASC', [], false)
 2 APPPATH\Controllers\AccionController.php(493): CodeIgniter\Database\BaseBuilder->get()
 3 SYSTEMPATH\CodeIgniter.php(919): App\Controllers\AccionController->respupdate('3003485')
 4 SYSTEMPATH\CodeIgniter.php(494): CodeIgniter\CodeIgniter->runController(Object(App\Controllers\AccionController))
 5 SYSTEMPATH\CodeIgniter.php(353): CodeIgniter\CodeIgniter->handleRequest(null, Object(Config\Cache), false)
 6 FCPATH\index.php(79): CodeIgniter\CodeIgniter->run()
