CRITICAL - 2023-11-16 05:54:18 --> Undefined variable $responsable
in APPPATH\Views\movimientos\movimientos.php on line 160.
 1 APPPATH\Views\movimientos\movimientos.php(160): CodeIgniter\Debug\Exceptions->errorHandler(2, 'Undefined variable $responsable', 'C:\\wamp64\\www\\system\\app\\Views\\movimientos\\movimientos.php', 160)
 2 SYSTEMPATH\View\View.php(226): include('C:\\wamp64\\www\\system\\app\\Views\\movimientos\\movimientos.php')
 3 SYSTEMPATH\View\View.php(229): CodeIgniter\View\View->CodeIgniter\View\{closure}()
 4 SYSTEMPATH\Common.php(1188): CodeIgniter\View\View->render('movimientos/movimientos', [], true)
 5 APPPATH\Controllers\VistaController.php(166): view('movimientos/movimientos', [...])
 6 SYSTEMPATH\CodeIgniter.php(919): App\Controllers\VistaController->movimiento()
 7 SYSTEMPATH\CodeIgniter.php(494): CodeIgniter\CodeIgniter->runController(Object(App\Controllers\VistaController))
 8 SYSTEMPATH\CodeIgniter.php(353): CodeIgniter\CodeIgniter->handleRequest(null, Object(Config\Cache), false)
 9 FCPATH\index.php(79): CodeIgniter\CodeIgniter->run()
CRITICAL - 2023-11-16 05:58:09 --> There is no data to update.
in SYSTEMPATH\BaseModel.php on line 930.
 1 SYSTEMPATH\BaseModel.php(930): CodeIgniter\Database\Exceptions\DataException::forEmptyDataset('update')
 2 SYSTEMPATH\Model.php(776): CodeIgniter\BaseModel->update(null, [])
 3 APPPATH\Controllers\AccionController.php(779): CodeIgniter\Model->update()
 4 SYSTEMPATH\CodeIgniter.php(919): App\Controllers\AccionController->deletemov('30')
 5 SYSTEMPATH\CodeIgniter.php(494): CodeIgniter\CodeIgniter->runController(Object(App\Controllers\AccionController))
 6 SYSTEMPATH\CodeIgniter.php(353): CodeIgniter\CodeIgniter->handleRequest(null, Object(Config\Cache), false)
 7 FCPATH\index.php(79): CodeIgniter\CodeIgniter->run()
CRITICAL - 2023-11-16 05:58:30 --> There is no data to update.
in SYSTEMPATH\BaseModel.php on line 930.
 1 SYSTEMPATH\BaseModel.php(930): CodeIgniter\Database\Exceptions\DataException::forEmptyDataset('update')
 2 SYSTEMPATH\Model.php(776): CodeIgniter\BaseModel->update(null, [])
 3 APPPATH\Controllers\AccionController.php(779): CodeIgniter\Model->update()
 4 SYSTEMPATH\CodeIgniter.php(919): App\Controllers\AccionController->deletemov('37')
 5 SYSTEMPATH\CodeIgniter.php(494): CodeIgniter\CodeIgniter->runController(Object(App\Controllers\AccionController))
 6 SYSTEMPATH\CodeIgniter.php(353): CodeIgniter\CodeIgniter->handleRequest(null, Object(Config\Cache), false)
 7 FCPATH\index.php(79): CodeIgniter\CodeIgniter->run()
CRITICAL - 2023-11-16 05:59:52 --> There is no data to update.
in SYSTEMPATH\BaseModel.php on line 930.
 1 SYSTEMPATH\BaseModel.php(930): CodeIgniter\Database\Exceptions\DataException::forEmptyDataset('update')
 2 SYSTEMPATH\Model.php(776): CodeIgniter\BaseModel->update(null, [])
 3 APPPATH\Controllers\AccionController.php(778): CodeIgniter\Model->update()
 4 SYSTEMPATH\CodeIgniter.php(919): App\Controllers\AccionController->deletemov('37')
 5 SYSTEMPATH\CodeIgniter.php(494): CodeIgniter\CodeIgniter->runController(Object(App\Controllers\AccionController))
 6 SYSTEMPATH\CodeIgniter.php(353): CodeIgniter\CodeIgniter->handleRequest(null, Object(Config\Cache), false)
 7 FCPATH\index.php(79): CodeIgniter\CodeIgniter->run()
CRITICAL - 2023-11-16 06:00:10 --> There is no data to update.
in SYSTEMPATH\BaseModel.php on line 930.
 1 SYSTEMPATH\BaseModel.php(930): CodeIgniter\Database\Exceptions\DataException::forEmptyDataset('update')
 2 SYSTEMPATH\Model.php(776): CodeIgniter\BaseModel->update(null, [])
 3 APPPATH\Controllers\AccionController.php(778): CodeIgniter\Model->update()
 4 SYSTEMPATH\CodeIgniter.php(919): App\Controllers\AccionController->deletemov('31')
 5 SYSTEMPATH\CodeIgniter.php(494): CodeIgniter\CodeIgniter->runController(Object(App\Controllers\AccionController))
 6 SYSTEMPATH\CodeIgniter.php(353): CodeIgniter\CodeIgniter->handleRequest(null, Object(Config\Cache), false)
 7 FCPATH\index.php(79): CodeIgniter\CodeIgniter->run()
CRITICAL - 2023-11-16 06:04:12 --> There is no data to update.
in SYSTEMPATH\BaseModel.php on line 930.
 1 SYSTEMPATH\BaseModel.php(930): CodeIgniter\Database\Exceptions\DataException::forEmptyDataset('update')
 2 SYSTEMPATH\Model.php(776): CodeIgniter\BaseModel->update(null, [])
 3 APPPATH\Controllers\AccionController.php(221): CodeIgniter\Model->update()
 4 SYSTEMPATH\CodeIgniter.php(919): App\Controllers\AccionController->savemov()
 5 SYSTEMPATH\CodeIgniter.php(494): CodeIgniter\CodeIgniter->runController(Object(App\Controllers\AccionController))
 6 SYSTEMPATH\CodeIgniter.php(353): CodeIgniter\CodeIgniter->handleRequest(null, Object(Config\Cache), false)
 7 FCPATH\index.php(79): CodeIgniter\CodeIgniter->run()
CRITICAL - 2023-11-16 06:07:34 --> There is no data to update.
in SYSTEMPATH\BaseModel.php on line 930.
 1 SYSTEMPATH\BaseModel.php(930): CodeIgniter\Database\Exceptions\DataException::forEmptyDataset('update')
 2 SYSTEMPATH\Model.php(776): CodeIgniter\BaseModel->update(null, [])
 3 APPPATH\Controllers\AccionController.php(222): CodeIgniter\Model->update()
 4 SYSTEMPATH\CodeIgniter.php(919): App\Controllers\AccionController->savemov()
 5 SYSTEMPATH\CodeIgniter.php(494): CodeIgniter\CodeIgniter->runController(Object(App\Controllers\AccionController))
 6 SYSTEMPATH\CodeIgniter.php(353): CodeIgniter\CodeIgniter->handleRequest(null, Object(Config\Cache), false)
 7 FCPATH\index.php(79): CodeIgniter\CodeIgniter->run()
CRITICAL - 2023-11-16 06:08:17 --> There is no data to update.
in SYSTEMPATH\BaseModel.php on line 930.
 1 SYSTEMPATH\BaseModel.php(930): CodeIgniter\Database\Exceptions\DataException::forEmptyDataset('update')
 2 SYSTEMPATH\Model.php(776): CodeIgniter\BaseModel->update(null, [])
 3 APPPATH\Controllers\AccionController.php(224): CodeIgniter\Model->update()
 4 SYSTEMPATH\CodeIgniter.php(919): App\Controllers\AccionController->savemov()
 5 SYSTEMPATH\CodeIgniter.php(494): CodeIgniter\CodeIgniter->runController(Object(App\Controllers\AccionController))
 6 SYSTEMPATH\CodeIgniter.php(353): CodeIgniter\CodeIgniter->handleRequest(null, Object(Config\Cache), false)
 7 FCPATH\index.php(79): CodeIgniter\CodeIgniter->run()
CRITICAL - 2023-11-16 06:08:21 --> There is no data to update.
in SYSTEMPATH\BaseModel.php on line 930.
 1 SYSTEMPATH\BaseModel.php(930): CodeIgniter\Database\Exceptions\DataException::forEmptyDataset('update')
 2 SYSTEMPATH\Model.php(776): CodeIgniter\BaseModel->update(null, [])
 3 APPPATH\Controllers\AccionController.php(224): CodeIgniter\Model->update()
 4 SYSTEMPATH\CodeIgniter.php(919): App\Controllers\AccionController->savemov()
 5 SYSTEMPATH\CodeIgniter.php(494): CodeIgniter\CodeIgniter->runController(Object(App\Controllers\AccionController))
 6 SYSTEMPATH\CodeIgniter.php(353): CodeIgniter\CodeIgniter->handleRequest(null, Object(Config\Cache), false)
 7 FCPATH\index.php(79): CodeIgniter\CodeIgniter->run()
CRITICAL - 2023-11-16 06:09:24 --> There is no data to update.
in SYSTEMPATH\BaseModel.php on line 930.
 1 SYSTEMPATH\BaseModel.php(930): CodeIgniter\Database\Exceptions\DataException::forEmptyDataset('update')
 2 SYSTEMPATH\Model.php(776): CodeIgniter\BaseModel->update(null, [])
 3 APPPATH\Controllers\AccionController.php(223): CodeIgniter\Model->update()
 4 SYSTEMPATH\CodeIgniter.php(919): App\Controllers\AccionController->savemov()
 5 SYSTEMPATH\CodeIgniter.php(494): CodeIgniter\CodeIgniter->runController(Object(App\Controllers\AccionController))
 6 SYSTEMPATH\CodeIgniter.php(353): CodeIgniter\CodeIgniter->handleRequest(null, Object(Config\Cache), false)
 7 FCPATH\index.php(79): CodeIgniter\CodeIgniter->run()
CRITICAL - 2023-11-16 06:10:18 --> There is no data to update.
in SYSTEMPATH\BaseModel.php on line 930.
 1 SYSTEMPATH\BaseModel.php(930): CodeIgniter\Database\Exceptions\DataException::forEmptyDataset('update')
 2 SYSTEMPATH\Model.php(776): CodeIgniter\BaseModel->update(null, [])
 3 APPPATH\Controllers\AccionController.php(223): CodeIgniter\Model->update()
 4 SYSTEMPATH\CodeIgniter.php(919): App\Controllers\AccionController->savemov()
 5 SYSTEMPATH\CodeIgniter.php(494): CodeIgniter\CodeIgniter->runController(Object(App\Controllers\AccionController))
 6 SYSTEMPATH\CodeIgniter.php(353): CodeIgniter\CodeIgniter->handleRequest(null, Object(Config\Cache), false)
 7 FCPATH\index.php(79): CodeIgniter\CodeIgniter->run()
CRITICAL - 2023-11-16 06:10:36 --> There is no data to update.
in SYSTEMPATH\BaseModel.php on line 930.
 1 SYSTEMPATH\BaseModel.php(930): CodeIgniter\Database\Exceptions\DataException::forEmptyDataset('update')
 2 SYSTEMPATH\Model.php(776): CodeIgniter\BaseModel->update(null, [])
 3 APPPATH\Controllers\AccionController.php(222): CodeIgniter\Model->update()
 4 SYSTEMPATH\CodeIgniter.php(919): App\Controllers\AccionController->savemov()
 5 SYSTEMPATH\CodeIgniter.php(494): CodeIgniter\CodeIgniter->runController(Object(App\Controllers\AccionController))
 6 SYSTEMPATH\CodeIgniter.php(353): CodeIgniter\CodeIgniter->handleRequest(null, Object(Config\Cache), false)
 7 FCPATH\index.php(79): CodeIgniter\CodeIgniter->run()
CRITICAL - 2023-11-16 06:20:16 --> Updates are not allowed unless they contain a "where" or "like" clause.
in SYSTEMPATH\Model.php on line 380.
 1 SYSTEMPATH\BaseModel.php(949): CodeIgniter\Model->doUpdate(null, [...])
 2 SYSTEMPATH\Model.php(776): CodeIgniter\BaseModel->update(null, [...])
 3 APPPATH\Controllers\AccionController.php(784): CodeIgniter\Model->update()
 4 SYSTEMPATH\CodeIgniter.php(919): App\Controllers\AccionController->deletemov('27')
 5 SYSTEMPATH\CodeIgniter.php(494): CodeIgniter\CodeIgniter->runController(Object(App\Controllers\AccionController))
 6 SYSTEMPATH\CodeIgniter.php(353): CodeIgniter\CodeIgniter->handleRequest(null, Object(Config\Cache), false)
 7 FCPATH\index.php(79): CodeIgniter\CodeIgniter->run()
ERROR - 2023-11-16 06:25:33 --> mysqli_sql_exception: Unknown column 'id_movimientos' in 'where clause' in C:\wamp64\www\system\system\Database\MySQLi\Connection.php:306
Stack trace:
#0 C:\wamp64\www\system\system\Database\MySQLi\Connection.php(306): mysqli->query('DELETE FROM `ac...', 0)
#1 C:\wamp64\www\system\system\Database\BaseConnection.php(692): CodeIgniter\Database\MySQLi\Connection->execute('DELETE FROM `ac...')
#2 C:\wamp64\www\system\system\Database\BaseConnection.php(606): CodeIgniter\Database\BaseConnection->simpleQuery('DELETE FROM `ac...')
#3 C:\wamp64\www\system\system\Database\BaseBuilder.php(2790): CodeIgniter\Database\BaseConnection->query('DELETE FROM `ac...', Array, false)
#4 C:\wamp64\www\system\system\Model.php(445): CodeIgniter\Database\BaseBuilder->delete()
#5 C:\wamp64\www\system\system\BaseModel.php(1080): CodeIgniter\Model->doDelete(Array, false)
#6 C:\wamp64\www\system\app\Controllers\AccionController.php(785): CodeIgniter\BaseModel->delete(Array)
#7 C:\wamp64\www\system\system\CodeIgniter.php(919): App\Controllers\AccionController->deletemov('50')
#8 C:\wamp64\www\system\system\CodeIgniter.php(494): CodeIgniter\CodeIgniter->runController(Object(App\Controllers\AccionController))
#9 C:\wamp64\www\system\system\CodeIgniter.php(353): CodeIgniter\CodeIgniter->handleRequest(NULL, Object(Config\Cache), false)
#10 C:\wamp64\www\system\public\index.php(79): CodeIgniter\CodeIgniter->run()
#11 {main}
CRITICAL - 2023-11-16 06:25:33 --> Unknown column 'id_movimientos' in 'where clause'
in SYSTEMPATH\Database\BaseConnection.php on line 646.
 1 SYSTEMPATH\Database\BaseBuilder.php(2790): CodeIgniter\Database\BaseConnection->query('DELETE FROM `act_activos`
WHERE `id_movimientos` = :id_movimientos:
AND `codigo` IN :codigo:', [...], false)
 2 SYSTEMPATH\Model.php(445): CodeIgniter\Database\BaseBuilder->delete()
 3 SYSTEMPATH\BaseModel.php(1080): CodeIgniter\Model->doDelete([...], false)
 4 APPPATH\Controllers\AccionController.php(785): CodeIgniter\BaseModel->delete([...])
 5 SYSTEMPATH\CodeIgniter.php(919): App\Controllers\AccionController->deletemov('50')
 6 SYSTEMPATH\CodeIgniter.php(494): CodeIgniter\CodeIgniter->runController(Object(App\Controllers\AccionController))
 7 SYSTEMPATH\CodeIgniter.php(353): CodeIgniter\CodeIgniter->handleRequest(null, Object(Config\Cache), false)
 8 FCPATH\index.php(79): CodeIgniter\CodeIgniter->run()
CRITICAL - 2023-11-16 06:31:54 --> Cannot use object of type App\Models\Movimientos as array
in APPPATH\Controllers\AccionController.php on line 780.
 1 SYSTEMPATH\CodeIgniter.php(919): App\Controllers\AccionController->deletemov('51')
 2 SYSTEMPATH\CodeIgniter.php(494): CodeIgniter\CodeIgniter->runController(Object(App\Controllers\AccionController))
 3 SYSTEMPATH\CodeIgniter.php(353): CodeIgniter\CodeIgniter->handleRequest(null, Object(Config\Cache), false)
 4 FCPATH\index.php(79): CodeIgniter\CodeIgniter->run()
CRITICAL - 2023-11-16 06:32:22 --> Undefined array key "codigo"
in APPPATH\Controllers\AccionController.php on line 788.
 1 APPPATH\Controllers\AccionController.php(788): CodeIgniter\Debug\Exceptions->errorHandler(2, 'Undefined array key "codigo"', 'C:\\wamp64\\www\\system\\app\\Controllers\\AccionController.php', 788)
 2 SYSTEMPATH\CodeIgniter.php(919): App\Controllers\AccionController->deletemov('51')
 3 SYSTEMPATH\CodeIgniter.php(494): CodeIgniter\CodeIgniter->runController(Object(App\Controllers\AccionController))
 4 SYSTEMPATH\CodeIgniter.php(353): CodeIgniter\CodeIgniter->handleRequest(null, Object(Config\Cache), false)
 5 FCPATH\index.php(79): CodeIgniter\CodeIgniter->run()
CRITICAL - 2023-11-16 06:35:47 --> There is no data to update.
in SYSTEMPATH\BaseModel.php on line 930.
 1 SYSTEMPATH\BaseModel.php(930): CodeIgniter\Database\Exceptions\DataException::forEmptyDataset('update')
 2 SYSTEMPATH\Model.php(776): CodeIgniter\BaseModel->update(null, [])
 3 APPPATH\Controllers\AccionController.php(784): CodeIgniter\Model->update()
 4 SYSTEMPATH\CodeIgniter.php(919): App\Controllers\AccionController->deletemov('52')
 5 SYSTEMPATH\CodeIgniter.php(494): CodeIgniter\CodeIgniter->runController(Object(App\Controllers\AccionController))
 6 SYSTEMPATH\CodeIgniter.php(353): CodeIgniter\CodeIgniter->handleRequest(null, Object(Config\Cache), false)
 7 FCPATH\index.php(79): CodeIgniter\CodeIgniter->run()
CRITICAL - 2023-11-16 06:36:58 --> There is no data to update.
in SYSTEMPATH\BaseModel.php on line 930.
 1 SYSTEMPATH\BaseModel.php(930): CodeIgniter\Database\Exceptions\DataException::forEmptyDataset('update')
 2 SYSTEMPATH\Model.php(776): CodeIgniter\BaseModel->update(null, [])
 3 APPPATH\Controllers\AccionController.php(784): CodeIgniter\Model->update()
 4 SYSTEMPATH\CodeIgniter.php(919): App\Controllers\AccionController->deletemov('52')
 5 SYSTEMPATH\CodeIgniter.php(494): CodeIgniter\CodeIgniter->runController(Object(App\Controllers\AccionController))
 6 SYSTEMPATH\CodeIgniter.php(353): CodeIgniter\CodeIgniter->handleRequest(null, Object(Config\Cache), false)
 7 FCPATH\index.php(79): CodeIgniter\CodeIgniter->run()
CRITICAL - 2023-11-16 06:37:50 --> There is no data to update.
in SYSTEMPATH\BaseModel.php on line 930.
 1 SYSTEMPATH\BaseModel.php(930): CodeIgniter\Database\Exceptions\DataException::forEmptyDataset('update')
 2 SYSTEMPATH\Model.php(776): CodeIgniter\BaseModel->update(null, [])
 3 APPPATH\Controllers\AccionController.php(784): CodeIgniter\Model->update()
 4 SYSTEMPATH\CodeIgniter.php(919): App\Controllers\AccionController->deletemov('52')
 5 SYSTEMPATH\CodeIgniter.php(494): CodeIgniter\CodeIgniter->runController(Object(App\Controllers\AccionController))
 6 SYSTEMPATH\CodeIgniter.php(353): CodeIgniter\CodeIgniter->handleRequest(null, Object(Config\Cache), false)
 7 FCPATH\index.php(79): CodeIgniter\CodeIgniter->run()
CRITICAL - 2023-11-16 18:29:15 --> The namespace delimiter is a backslash (\), not a slash (/). Route handler: "\App\Controllers\<Vista></Vista>Controller::pdf"
in SYSTEMPATH\Router\Router.php on line 477.
 1 SYSTEMPATH\Router\Router.php(477): CodeIgniter\Router\Exceptions\RouterException::forInvalidControllerName('\\App\\Controllers\\<Vista></Vista>Controller::pdf')
 2 SYSTEMPATH\Router\Router.php(184): CodeIgniter\Router\Router->checkRoutes('pdf')
 3 SYSTEMPATH\CodeIgniter.php(800): CodeIgniter\Router\Router->handle('pdf')
 4 SYSTEMPATH\CodeIgniter.php(442): CodeIgniter\CodeIgniter->tryToRouteIt(Object(CodeIgniter\Router\RouteCollection))
 5 SYSTEMPATH\CodeIgniter.php(353): CodeIgniter\CodeIgniter->handleRequest(null, Object(Config\Cache), false)
 6 FCPATH\index.php(79): CodeIgniter\CodeIgniter->run()
CRITICAL - 2023-11-16 18:32:47 --> Undefined variable $movimientos
in APPPATH\Views\templates\pdf.php on line 17.
 1 APPPATH\Views\templates\pdf.php(17): CodeIgniter\Debug\Exceptions->errorHandler(2, 'Undefined variable $movimientos', 'C:\\wamp64\\www\\system\\app\\Views\\templates\\pdf.php', 17)
 2 SYSTEMPATH\View\View.php(226): include('C:\\wamp64\\www\\system\\app\\Views\\templates\\pdf.php')
 3 SYSTEMPATH\View\View.php(229): CodeIgniter\View\View->CodeIgniter\View\{closure}()
 4 SYSTEMPATH\Common.php(1188): CodeIgniter\View\View->render('templates/pdf', [], true)
 5 APPPATH\Controllers\VistaController.php(177): view('templates/pdf')
 6 SYSTEMPATH\CodeIgniter.php(919): App\Controllers\VistaController->pdf()
 7 SYSTEMPATH\CodeIgniter.php(494): CodeIgniter\CodeIgniter->runController(Object(App\Controllers\VistaController))
 8 SYSTEMPATH\CodeIgniter.php(353): CodeIgniter\CodeIgniter->handleRequest(null, Object(Config\Cache), false)
 9 FCPATH\index.php(79): CodeIgniter\CodeIgniter->run()
CRITICAL - 2023-11-16 19:17:55 --> require_once(../dompdf/autoload.inc.php): Failed to open stream: No such file or directory
in APPPATH\Views\templates\pdf.php on line 39.
 1 APPPATH\Views\templates\pdf.php(39): CodeIgniter\Debug\Exceptions->errorHandler(2, 'require_once(../dompdf/autoload.inc.php): Failed to open stream: No such file or directory', 'C:\\wamp64\\www\\system\\app\\Views\\templates\\pdf.php', 39)
 2 APPPATH\Views\templates\pdf.php(39): require_once()
 3 SYSTEMPATH\View\View.php(226): include('C:\\wamp64\\www\\system\\app\\Views\\templates\\pdf.php')
 4 SYSTEMPATH\View\View.php(229): CodeIgniter\View\View->CodeIgniter\View\{closure}()
 5 SYSTEMPATH\Common.php(1188): CodeIgniter\View\View->render('templates/pdf', [], true)
 6 APPPATH\Controllers\VistaController.php(177): view('templates/pdf', [...])
 7 SYSTEMPATH\CodeIgniter.php(919): App\Controllers\VistaController->pdf()
 8 SYSTEMPATH\CodeIgniter.php(494): CodeIgniter\CodeIgniter->runController(Object(App\Controllers\VistaController))
 9 SYSTEMPATH\CodeIgniter.php(353): CodeIgniter\CodeIgniter->handleRequest(null, Object(Config\Cache), false)
10 FCPATH\index.php(79): CodeIgniter\CodeIgniter->run()
CRITICAL - 2023-11-16 19:20:59 --> require_once(../templates/dompdf/autoload.inc.php): Failed to open stream: No such file or directory
in APPPATH\Views\templates\pdf.php on line 40.
 1 APPPATH\Views\templates\pdf.php(40): CodeIgniter\Debug\Exceptions->errorHandler(2, 'require_once(../templates/dompdf/autoload.inc.php): Failed to open stream: No such file or directory', 'C:\\wamp64\\www\\system\\app\\Views\\templates\\pdf.php', 40)
 2 APPPATH\Views\templates\pdf.php(40): require_once()
 3 SYSTEMPATH\View\View.php(226): include('C:\\wamp64\\www\\system\\app\\Views\\templates\\pdf.php')
 4 SYSTEMPATH\View\View.php(229): CodeIgniter\View\View->CodeIgniter\View\{closure}()
 5 SYSTEMPATH\Common.php(1188): CodeIgniter\View\View->render('templates/pdf', [], true)
 6 APPPATH\Controllers\VistaController.php(177): view('templates/pdf', [...])
 7 SYSTEMPATH\CodeIgniter.php(919): App\Controllers\VistaController->pdf()
 8 SYSTEMPATH\CodeIgniter.php(494): CodeIgniter\CodeIgniter->runController(Object(App\Controllers\VistaController))
 9 SYSTEMPATH\CodeIgniter.php(353): CodeIgniter\CodeIgniter->handleRequest(null, Object(Config\Cache), false)
10 FCPATH\index.php(79): CodeIgniter\CodeIgniter->run()
CRITICAL - 2023-11-16 19:22:18 --> include_once(../templates/dompdf/autoload.inc.php): Failed to open stream: No such file or directory
in APPPATH\Views\templates\pdf.php on line 40.
 1 APPPATH\Views\templates\pdf.php(40): CodeIgniter\Debug\Exceptions->errorHandler(2, 'include_once(../templates/dompdf/autoload.inc.php): Failed to open stream: No such file or directory', 'C:\\wamp64\\www\\system\\app\\Views\\templates\\pdf.php', 40)
 2 APPPATH\Views\templates\pdf.php(40): include_once()
 3 SYSTEMPATH\View\View.php(226): include('C:\\wamp64\\www\\system\\app\\Views\\templates\\pdf.php')
 4 SYSTEMPATH\View\View.php(229): CodeIgniter\View\View->CodeIgniter\View\{closure}()
 5 SYSTEMPATH\Common.php(1188): CodeIgniter\View\View->render('templates/pdf', [], true)
 6 APPPATH\Controllers\VistaController.php(177): view('templates/pdf', [...])
 7 SYSTEMPATH\CodeIgniter.php(919): App\Controllers\VistaController->pdf()
 8 SYSTEMPATH\CodeIgniter.php(494): CodeIgniter\CodeIgniter->runController(Object(App\Controllers\VistaController))
 9 SYSTEMPATH\CodeIgniter.php(353): CodeIgniter\CodeIgniter->handleRequest(null, Object(Config\Cache), false)
10 FCPATH\index.php(79): CodeIgniter\CodeIgniter->run()
CRITICAL - 2023-11-16 19:23:46 --> require_once(../dompdf/autoload.inc.php): Failed to open stream: No such file or directory
in APPPATH\Controllers\VistaController.php on line 177.
 1 APPPATH\Controllers\VistaController.php(177): CodeIgniter\Debug\Exceptions->errorHandler(2, 'require_once(../dompdf/autoload.inc.php): Failed to open stream: No such file or directory', 'C:\\wamp64\\www\\system\\app\\Controllers\\VistaController.php', 177)
 2 APPPATH\Controllers\VistaController.php(177): require_once()
 3 SYSTEMPATH\CodeIgniter.php(919): App\Controllers\VistaController->pdf()
 4 SYSTEMPATH\CodeIgniter.php(494): CodeIgniter\CodeIgniter->runController(Object(App\Controllers\VistaController))
 5 SYSTEMPATH\CodeIgniter.php(353): CodeIgniter\CodeIgniter->handleRequest(null, Object(Config\Cache), false)
 6 FCPATH\index.php(79): CodeIgniter\CodeIgniter->run()
CRITICAL - 2023-11-16 19:24:06 --> require_once(../templates/dompdf/autoload.inc.php): Failed to open stream: No such file or directory
in APPPATH\Controllers\VistaController.php on line 176.
 1 APPPATH\Controllers\VistaController.php(176): CodeIgniter\Debug\Exceptions->errorHandler(2, 'require_once(../templates/dompdf/autoload.inc.php): Failed to open stream: No such file or directory', 'C:\\wamp64\\www\\system\\app\\Controllers\\VistaController.php', 176)
 2 APPPATH\Controllers\VistaController.php(176): require_once()
 3 SYSTEMPATH\CodeIgniter.php(919): App\Controllers\VistaController->pdf()
 4 SYSTEMPATH\CodeIgniter.php(494): CodeIgniter\CodeIgniter->runController(Object(App\Controllers\VistaController))
 5 SYSTEMPATH\CodeIgniter.php(353): CodeIgniter\CodeIgniter->handleRequest(null, Object(Config\Cache), false)
 6 FCPATH\index.php(79): CodeIgniter\CodeIgniter->run()
CRITICAL - 2023-11-16 19:26:04 --> file(templates/dompdf/autoload.inc.php): Failed to open stream: No such file or directory
in APPPATH\Controllers\VistaController.php on line 177.
 1 [internal function]: CodeIgniter\Debug\Exceptions->errorHandler(2, 'file(templates/dompdf/autoload.inc.php): Failed to open stream: No such file or directory', 'C:\\wamp64\\www\\system\\app\\Controllers\\VistaController.php', 177)
 2 APPPATH\Controllers\VistaController.php(177): file('templates/dompdf/autoload.inc.php')
 3 SYSTEMPATH\CodeIgniter.php(919): App\Controllers\VistaController->pdf()
 4 SYSTEMPATH\CodeIgniter.php(494): CodeIgniter\CodeIgniter->runController(Object(App\Controllers\VistaController))
 5 SYSTEMPATH\CodeIgniter.php(353): CodeIgniter\CodeIgniter->handleRequest(null, Object(Config\Cache), false)
 6 FCPATH\index.php(79): CodeIgniter\CodeIgniter->run()
CRITICAL - 2023-11-16 19:27:25 --> require_once(pdff): Failed to open stream: No such file or directory
in APPPATH\Views\templates\pdf.php on line 40.
 1 APPPATH\Views\templates\pdf.php(40): CodeIgniter\Debug\Exceptions->errorHandler(2, 'require_once(pdff): Failed to open stream: No such file or directory', 'C:\\wamp64\\www\\system\\app\\Views\\templates\\pdf.php', 40)
 2 APPPATH\Views\templates\pdf.php(40): require_once()
 3 SYSTEMPATH\View\View.php(226): include('C:\\wamp64\\www\\system\\app\\Views\\templates\\pdf.php')
 4 SYSTEMPATH\View\View.php(229): CodeIgniter\View\View->CodeIgniter\View\{closure}()
 5 SYSTEMPATH\Common.php(1188): CodeIgniter\View\View->render('templates/pdf', [], true)
 6 APPPATH\Controllers\VistaController.php(178): view('templates/pdf', [...])
 7 SYSTEMPATH\CodeIgniter.php(919): App\Controllers\VistaController->pdf()
 8 SYSTEMPATH\CodeIgniter.php(494): CodeIgniter\CodeIgniter->runController(Object(App\Controllers\VistaController))
 9 SYSTEMPATH\CodeIgniter.php(353): CodeIgniter\CodeIgniter->handleRequest(null, Object(Config\Cache), false)
10 FCPATH\index.php(79): CodeIgniter\CodeIgniter->run()
CRITICAL - 2023-11-16 19:48:47 --> Invalid file: "public/logo_aguas.png"
in SYSTEMPATH\Exceptions\FrameworkException.php on line 39.
 1 SYSTEMPATH\View\View.php(214): CodeIgniter\Exceptions\FrameworkException::forInvalidFile('public/logo_aguas.png')
 2 SYSTEMPATH\Common.php(1188): CodeIgniter\View\View->render('public/logo_aguas.png', [], true)
 3 APPPATH\Controllers\VistaController.php(178): view('public/logo_aguas.png')
 4 SYSTEMPATH\CodeIgniter.php(919): App\Controllers\VistaController->pdf()
 5 SYSTEMPATH\CodeIgniter.php(494): CodeIgniter\CodeIgniter->runController(Object(App\Controllers\VistaController))
 6 SYSTEMPATH\CodeIgniter.php(353): CodeIgniter\CodeIgniter->handleRequest(null, Object(Config\Cache), false)
 7 FCPATH\index.php(79): CodeIgniter\CodeIgniter->run()
CRITICAL - 2023-11-16 19:51:22 --> Call to undefined function App\Controllers\img()
in APPPATH\Controllers\VistaController.php on line 165.
 1 SYSTEMPATH\CodeIgniter.php(919): App\Controllers\VistaController->movimiento()
 2 SYSTEMPATH\CodeIgniter.php(494): CodeIgniter\CodeIgniter->runController(Object(App\Controllers\VistaController))
 3 SYSTEMPATH\CodeIgniter.php(353): CodeIgniter\CodeIgniter->handleRequest(null, Object(Config\Cache), false)
 4 FCPATH\index.php(79): CodeIgniter\CodeIgniter->run()
CRITICAL - 2023-11-16 19:51:46 --> Call to undefined function App\Controllers\img()
in APPPATH\Controllers\VistaController.php on line 165.
 1 SYSTEMPATH\CodeIgniter.php(919): App\Controllers\VistaController->movimiento()
 2 SYSTEMPATH\CodeIgniter.php(494): CodeIgniter\CodeIgniter->runController(Object(App\Controllers\VistaController))
 3 SYSTEMPATH\CodeIgniter.php(353): CodeIgniter\CodeIgniter->handleRequest(null, Object(Config\Cache), false)
 4 FCPATH\index.php(79): CodeIgniter\CodeIgniter->run()
CRITICAL - 2023-11-16 19:52:18 --> file(templates/logo_aguas.png): Failed to open stream: No such file or directory
in APPPATH\Controllers\VistaController.php on line 165.
 1 [internal function]: CodeIgniter\Debug\Exceptions->errorHandler(2, 'file(templates/logo_aguas.png): Failed to open stream: No such file or directory', 'C:\\wamp64\\www\\system\\app\\Controllers\\VistaController.php', 165)
 2 APPPATH\Controllers\VistaController.php(165): file('templates/logo_aguas.png')
 3 SYSTEMPATH\CodeIgniter.php(919): App\Controllers\VistaController->movimiento()
 4 SYSTEMPATH\CodeIgniter.php(494): CodeIgniter\CodeIgniter->runController(Object(App\Controllers\VistaController))
 5 SYSTEMPATH\CodeIgniter.php(353): CodeIgniter\CodeIgniter->handleRequest(null, Object(Config\Cache), false)
 6 FCPATH\index.php(79): CodeIgniter\CodeIgniter->run()
CRITICAL - 2023-11-16 19:53:54 --> Call to undefined function App\Controllers\img()
in APPPATH\Controllers\VistaController.php on line 165.
 1 SYSTEMPATH\CodeIgniter.php(919): App\Controllers\VistaController->movimiento()
 2 SYSTEMPATH\CodeIgniter.php(494): CodeIgniter\CodeIgniter->runController(Object(App\Controllers\VistaController))
 3 SYSTEMPATH\CodeIgniter.php(353): CodeIgniter\CodeIgniter->handleRequest(null, Object(Config\Cache), false)
 4 FCPATH\index.php(79): CodeIgniter\CodeIgniter->run()
CRITICAL - 2023-11-16 20:19:04 --> Invalid file: "templates/logo_aguas.png"
in SYSTEMPATH\Exceptions\FrameworkException.php on line 39.
 1 SYSTEMPATH\View\View.php(214): CodeIgniter\Exceptions\FrameworkException::forInvalidFile('templates/logo_aguas.png')
 2 SYSTEMPATH\Common.php(1188): CodeIgniter\View\View->render('templates/logo_aguas.png', [], true)
 3 APPPATH\Controllers\VistaController.php(179): view('templates/logo_aguas.png')
 4 SYSTEMPATH\CodeIgniter.php(919): App\Controllers\VistaController->pdf()
 5 SYSTEMPATH\CodeIgniter.php(494): CodeIgniter\CodeIgniter->runController(Object(App\Controllers\VistaController))
 6 SYSTEMPATH\CodeIgniter.php(353): CodeIgniter\CodeIgniter->handleRequest(null, Object(Config\Cache), false)
 7 FCPATH\index.php(79): CodeIgniter\CodeIgniter->run()
CRITICAL - 2023-11-16 20:19:23 --> Undefined variable $p
in APPPATH\Views\movimientos\movimientos.php on line 5.
 1 APPPATH\Views\movimientos\movimientos.php(5): CodeIgniter\Debug\Exceptions->errorHandler(2, 'Undefined variable $p', 'C:\\wamp64\\www\\system\\app\\Views\\movimientos\\movimientos.php', 5)
 2 SYSTEMPATH\View\View.php(226): include('C:\\wamp64\\www\\system\\app\\Views\\movimientos\\movimientos.php')
 3 SYSTEMPATH\View\View.php(229): CodeIgniter\View\View->CodeIgniter\View\{closure}()
 4 SYSTEMPATH\Common.php(1188): CodeIgniter\View\View->render('movimientos/movimientos', [], true)
 5 APPPATH\Controllers\VistaController.php(167): view('movimientos/movimientos', [...])
 6 SYSTEMPATH\CodeIgniter.php(919): App\Controllers\VistaController->movimiento()
 7 SYSTEMPATH\CodeIgniter.php(494): CodeIgniter\CodeIgniter->runController(Object(App\Controllers\VistaController))
 8 SYSTEMPATH\CodeIgniter.php(353): CodeIgniter\CodeIgniter->handleRequest(null, Object(Config\Cache), false)
 9 FCPATH\index.php(79): CodeIgniter\CodeIgniter->run()
CRITICAL - 2023-11-16 20:19:34 --> Undefined variable $movimiento
in APPPATH\Views\templates\pdf.php on line 19.
 1 APPPATH\Views\templates\pdf.php(19): CodeIgniter\Debug\Exceptions->errorHandler(2, 'Undefined variable $movimiento', 'C:\\wamp64\\www\\system\\app\\Views\\templates\\pdf.php', 19)
 2 SYSTEMPATH\View\View.php(226): include('C:\\wamp64\\www\\system\\app\\Views\\templates\\pdf.php')
 3 SYSTEMPATH\View\View.php(229): CodeIgniter\View\View->CodeIgniter\View\{closure}()
 4 SYSTEMPATH\Common.php(1188): CodeIgniter\View\View->render('templates/pdf', [], true)
 5 APPPATH\Controllers\VistaController.php(180): view('templates/pdf', [...])
 6 SYSTEMPATH\CodeIgniter.php(919): App\Controllers\VistaController->pdf()
 7 SYSTEMPATH\CodeIgniter.php(494): CodeIgniter\CodeIgniter->runController(Object(App\Controllers\VistaController))
 8 SYSTEMPATH\CodeIgniter.php(353): CodeIgniter\CodeIgniter->handleRequest(null, Object(Config\Cache), false)
 9 FCPATH\index.php(79): CodeIgniter\CodeIgniter->run()
CRITICAL - 2023-11-16 20:20:13 --> Undefined array key "logo_aguas"
in APPPATH\Views\templates\pdf.php on line 31.
 1 APPPATH\Views\templates\pdf.php(31): CodeIgniter\Debug\Exceptions->errorHandler(2, 'Undefined array key "logo_aguas"', 'C:\\wamp64\\www\\system\\app\\Views\\templates\\pdf.php', 31)
 2 SYSTEMPATH\View\View.php(226): include('C:\\wamp64\\www\\system\\app\\Views\\templates\\pdf.php')
 3 SYSTEMPATH\View\View.php(229): CodeIgniter\View\View->CodeIgniter\View\{closure}()
 4 SYSTEMPATH\Common.php(1188): CodeIgniter\View\View->render('templates/pdf', [], true)
 5 APPPATH\Controllers\VistaController.php(180): view('templates/pdf', [...])
 6 SYSTEMPATH\CodeIgniter.php(919): App\Controllers\VistaController->pdf()
 7 SYSTEMPATH\CodeIgniter.php(494): CodeIgniter\CodeIgniter->runController(Object(App\Controllers\VistaController))
 8 SYSTEMPATH\CodeIgniter.php(353): CodeIgniter\CodeIgniter->handleRequest(null, Object(Config\Cache), false)
 9 FCPATH\index.php(79): CodeIgniter\CodeIgniter->run()
CRITICAL - 2023-11-16 20:20:20 --> Undefined array key "logo_aguas.png"
in APPPATH\Views\templates\pdf.php on line 31.
 1 APPPATH\Views\templates\pdf.php(31): CodeIgniter\Debug\Exceptions->errorHandler(2, 'Undefined array key "logo_aguas.png"', 'C:\\wamp64\\www\\system\\app\\Views\\templates\\pdf.php', 31)
 2 SYSTEMPATH\View\View.php(226): include('C:\\wamp64\\www\\system\\app\\Views\\templates\\pdf.php')
 3 SYSTEMPATH\View\View.php(229): CodeIgniter\View\View->CodeIgniter\View\{closure}()
 4 SYSTEMPATH\Common.php(1188): CodeIgniter\View\View->render('templates/pdf', [], true)
 5 APPPATH\Controllers\VistaController.php(180): view('templates/pdf', [...])
 6 SYSTEMPATH\CodeIgniter.php(919): App\Controllers\VistaController->pdf()
 7 SYSTEMPATH\CodeIgniter.php(494): CodeIgniter\CodeIgniter->runController(Object(App\Controllers\VistaController))
 8 SYSTEMPATH\CodeIgniter.php(353): CodeIgniter\CodeIgniter->handleRequest(null, Object(Config\Cache), false)
 9 FCPATH\index.php(79): CodeIgniter\CodeIgniter->run()
CRITICAL - 2023-11-16 20:20:46 --> Undefined array key "logo_aguas.png"
in APPPATH\Views\templates\pdf.php on line 31.
 1 APPPATH\Views\templates\pdf.php(31): CodeIgniter\Debug\Exceptions->errorHandler(2, 'Undefined array key "logo_aguas.png"', 'C:\\wamp64\\www\\system\\app\\Views\\templates\\pdf.php', 31)
 2 SYSTEMPATH\View\View.php(226): include('C:\\wamp64\\www\\system\\app\\Views\\templates\\pdf.php')
 3 SYSTEMPATH\View\View.php(229): CodeIgniter\View\View->CodeIgniter\View\{closure}()
 4 SYSTEMPATH\Common.php(1188): CodeIgniter\View\View->render('templates/pdf', [], true)
 5 APPPATH\Controllers\VistaController.php(180): view('templates/pdf', [...])
 6 SYSTEMPATH\CodeIgniter.php(919): App\Controllers\VistaController->pdf()
 7 SYSTEMPATH\CodeIgniter.php(494): CodeIgniter\CodeIgniter->runController(Object(App\Controllers\VistaController))
 8 SYSTEMPATH\CodeIgniter.php(353): CodeIgniter\CodeIgniter->handleRequest(null, Object(Config\Cache), false)
 9 FCPATH\index.php(79): CodeIgniter\CodeIgniter->run()
CRITICAL - 2023-11-16 20:50:03 --> Call to undefined method CodeIgniter\View\View::SetFont()
in APPPATH\Views\templates\pdf.php on line 54.
 1 SYSTEMPATH\View\View.php(226): include()
 2 SYSTEMPATH\View\View.php(229): CodeIgniter\View\View->CodeIgniter\View\{closure}()
 3 SYSTEMPATH\Common.php(1188): CodeIgniter\View\View->render('templates/pdf', [], true)
 4 APPPATH\Controllers\VistaController.php(180): view('templates/pdf', [...])
 5 SYSTEMPATH\CodeIgniter.php(919): App\Controllers\VistaController->pdf()
 6 SYSTEMPATH\CodeIgniter.php(494): CodeIgniter\CodeIgniter->runController(Object(App\Controllers\VistaController))
 7 SYSTEMPATH\CodeIgniter.php(353): CodeIgniter\CodeIgniter->handleRequest(null, Object(Config\Cache), false)
 8 FCPATH\index.php(79): CodeIgniter\CodeIgniter->run()
CRITICAL - 2023-11-16 20:50:06 --> Call to undefined method CodeIgniter\View\View::SetFont()
in APPPATH\Views\templates\pdf.php on line 54.
 1 SYSTEMPATH\View\View.php(226): include()
 2 SYSTEMPATH\View\View.php(229): CodeIgniter\View\View->CodeIgniter\View\{closure}()
 3 SYSTEMPATH\Common.php(1188): CodeIgniter\View\View->render('templates/pdf', [], true)
 4 APPPATH\Controllers\VistaController.php(180): view('templates/pdf', [...])
 5 SYSTEMPATH\CodeIgniter.php(919): App\Controllers\VistaController->pdf()
 6 SYSTEMPATH\CodeIgniter.php(494): CodeIgniter\CodeIgniter->runController(Object(App\Controllers\VistaController))
 7 SYSTEMPATH\CodeIgniter.php(353): CodeIgniter\CodeIgniter->handleRequest(null, Object(Config\Cache), false)
 8 FCPATH\index.php(79): CodeIgniter\CodeIgniter->run()
CRITICAL - 2023-11-16 21:07:22 --> Undefined variable $style
in APPPATH\Views\templates\pdf.php on line 5.
 1 APPPATH\Views\templates\pdf.php(5): CodeIgniter\Debug\Exceptions->errorHandler(2, 'Undefined variable $style', 'C:\\wamp64\\www\\system\\app\\Views\\templates\\pdf.php', 5)
 2 SYSTEMPATH\View\View.php(226): include('C:\\wamp64\\www\\system\\app\\Views\\templates\\pdf.php')
 3 SYSTEMPATH\View\View.php(229): CodeIgniter\View\View->CodeIgniter\View\{closure}()
 4 SYSTEMPATH\Common.php(1188): CodeIgniter\View\View->render('templates/pdf', [], true)
 5 APPPATH\Controllers\VistaController.php(180): view('templates/pdf', [...])
 6 SYSTEMPATH\CodeIgniter.php(919): App\Controllers\VistaController->pdf()
 7 SYSTEMPATH\CodeIgniter.php(494): CodeIgniter\CodeIgniter->runController(Object(App\Controllers\VistaController))
 8 SYSTEMPATH\CodeIgniter.php(353): CodeIgniter\CodeIgniter->handleRequest(null, Object(Config\Cache), false)
 9 FCPATH\index.php(79): CodeIgniter\CodeIgniter->run()
CRITICAL - 2023-11-16 21:38:39 --> Min/max width is undefined for table rows
in APPPATH\Views\templates\dompdf\vendor\dompdf\dompdf\src\FrameReflower\TableRow.php on line 80.
 1 APPPATH\Views\templates\dompdf\vendor\dompdf\dompdf\src\FrameDecorator\AbstractFrameDecorator.php(921): Dompdf\FrameReflower\TableRow->get_min_max_width()
 2 APPPATH\Views\templates\dompdf\vendor\dompdf\dompdf\src\FrameReflower\AbstractFrameReflower.php(420): Dompdf\FrameDecorator\AbstractFrameDecorator->get_min_max_width()
 3 APPPATH\Views\templates\dompdf\vendor\dompdf\dompdf\src\FrameReflower\Block.php(165): Dompdf\FrameReflower\AbstractFrameReflower->get_min_max_child_width()
 4 APPPATH\Views\templates\dompdf\vendor\dompdf\dompdf\src\FrameReflower\Block.php(236): Dompdf\FrameReflower\Block->_calculate_width('auto')
 5 APPPATH\Views\templates\dompdf\vendor\dompdf\dompdf\src\FrameReflower\Block.php(811): Dompdf\FrameReflower\Block->_calculate_restricted_width()
 6 APPPATH\Views\templates\dompdf\vendor\dompdf\dompdf\src\FrameDecorator\AbstractFrameDecorator.php(913): Dompdf\FrameReflower\Block->reflow(Object(Dompdf\FrameDecorator\Block))
 7 APPPATH\Views\templates\dompdf\vendor\dompdf\dompdf\src\FrameReflower\Block.php(865): Dompdf\FrameDecorator\AbstractFrameDecorator->reflow(Object(Dompdf\FrameDecorator\Block))
 8 APPPATH\Views\templates\dompdf\vendor\dompdf\dompdf\src\FrameDecorator\AbstractFrameDecorator.php(913): Dompdf\FrameReflower\Block->reflow(Object(Dompdf\FrameDecorator\Block))
 9 APPPATH\Views\templates\dompdf\vendor\dompdf\dompdf\src\FrameReflower\Block.php(865): Dompdf\FrameDecorator\AbstractFrameDecorator->reflow(Object(Dompdf\FrameDecorator\Block))
10 APPPATH\Views\templates\dompdf\vendor\dompdf\dompdf\src\FrameDecorator\AbstractFrameDecorator.php(913): Dompdf\FrameReflower\Block->reflow(Object(Dompdf\FrameDecorator\Block))
11 APPPATH\Views\templates\dompdf\vendor\dompdf\dompdf\src\FrameReflower\Block.php(865): Dompdf\FrameDecorator\AbstractFrameDecorator->reflow(Object(Dompdf\FrameDecorator\Block))
12 APPPATH\Views\templates\dompdf\vendor\dompdf\dompdf\src\FrameDecorator\AbstractFrameDecorator.php(913): Dompdf\FrameReflower\Block->reflow(Object(Dompdf\FrameDecorator\Block))
13 APPPATH\Views\templates\dompdf\vendor\dompdf\dompdf\src\FrameReflower\Block.php(865): Dompdf\FrameDecorator\AbstractFrameDecorator->reflow(Object(Dompdf\FrameDecorator\Block))
14 APPPATH\Views\templates\dompdf\vendor\dompdf\dompdf\src\FrameDecorator\AbstractFrameDecorator.php(913): Dompdf\FrameReflower\Block->reflow(null)
15 APPPATH\Views\templates\dompdf\vendor\dompdf\dompdf\src\FrameReflower\Page.php(142): Dompdf\FrameDecorator\AbstractFrameDecorator->reflow()
16 APPPATH\Views\templates\dompdf\vendor\dompdf\dompdf\src\FrameDecorator\AbstractFrameDecorator.php(913): Dompdf\FrameReflower\Page->reflow(null)
17 APPPATH\Views\templates\dompdf\vendor\dompdf\dompdf\src\Dompdf.php(765): Dompdf\FrameDecorator\AbstractFrameDecorator->reflow()
18 APPPATH\Views\templates\pdf.php(206): Dompdf\Dompdf->render()
19 SYSTEMPATH\View\View.php(226): include('C:\\wamp64\\www\\system\\app\\Views\\templates\\pdf.php')
20 SYSTEMPATH\View\View.php(229): CodeIgniter\View\View->CodeIgniter\View\{closure}()
21 SYSTEMPATH\Common.php(1188): CodeIgniter\View\View->render('templates/pdf', [], true)
22 APPPATH\Controllers\VistaController.php(182): view('templates/pdf', [...])
23 SYSTEMPATH\CodeIgniter.php(919): App\Controllers\VistaController->pdf()
24 SYSTEMPATH\CodeIgniter.php(494): CodeIgniter\CodeIgniter->runController(Object(App\Controllers\VistaController))
25 SYSTEMPATH\CodeIgniter.php(353): CodeIgniter\CodeIgniter->handleRequest(null, Object(Config\Cache), false)
26 FCPATH\index.php(79): CodeIgniter\CodeIgniter->run()
CRITICAL - 2023-11-16 21:38:39 --> Allowed memory size of 134217728 bytes exhausted (tried to allocate 62918656 bytes)
【Previous Exception】
Dompdf\Exception
Min/max width is undefined for table rows
#0 C:\wamp64\www\system\app\Views\templates\dompdf\vendor\dompdf\dompdf\src\FrameDecorator\AbstractFrameDecorator.php(921): Dompdf\FrameReflower\TableRow->get_min_max_width()
#1 C:\wamp64\www\system\app\Views\templates\dompdf\vendor\dompdf\dompdf\src\FrameReflower\AbstractFrameReflower.php(420): Dompdf\FrameDecorator\AbstractFrameDecorator->get_min_max_width()
#2 C:\wamp64\www\system\app\Views\templates\dompdf\vendor\dompdf\dompdf\src\FrameReflower\Block.php(165): Dompdf\FrameReflower\AbstractFrameReflower->get_min_max_child_width()
#3 C:\wamp64\www\system\app\Views\templates\dompdf\vendor\dompdf\dompdf\src\FrameReflower\Block.php(236): Dompdf\FrameReflower\Block->_calculate_width('auto')
#4 C:\wamp64\www\system\app\Views\templates\dompdf\vendor\dompdf\dompdf\src\FrameReflower\Block.php(811): Dompdf\FrameReflower\Block->_calculate_restricted_width()
#5 C:\wamp64\www\system\app\Views\templates\dompdf\vendor\dompdf\dompdf\src\FrameDecorator\AbstractFrameDecorator.php(913): Dompdf\FrameReflower\Block->reflow(Object(Dompdf\FrameDecorator\Block))
#6 C:\wamp64\www\system\app\Views\templates\dompdf\vendor\dompdf\dompdf\src\FrameReflower\Block.php(865): Dompdf\FrameDecorator\AbstractFrameDecorator->reflow(Object(Dompdf\FrameDecorator\Block))
#7 C:\wamp64\www\system\app\Views\templates\dompdf\vendor\dompdf\dompdf\src\FrameDecorator\AbstractFrameDecorator.php(913): Dompdf\FrameReflower\Block->reflow(Object(Dompdf\FrameDecorator\Block))
#8 C:\wamp64\www\system\app\Views\templates\dompdf\vendor\dompdf\dompdf\src\FrameReflower\Block.php(865): Dompdf\FrameDecorator\AbstractFrameDecorator->reflow(Object(Dompdf\FrameDecorator\Block))
#9 C:\wamp64\www\system\app\Views\templates\dompdf\vendor\dompdf\dompdf\src\FrameDecorator\AbstractFrameDecorator.php(913): Dompdf\FrameReflower\Block->reflow(Object(Dompdf\FrameDecorator\Block))
#10 C:\wamp64\www\system\app\Views\templates\dompdf\vendor\dompdf\dompdf\src\FrameReflower\Block.php(865): Dompdf\FrameDecorator\AbstractFrameDecorator->reflow(Object(Dompdf\FrameDecorator\Block))
#11 C:\wamp64\www\system\app\Views\templates\dompdf\vendor\dompdf\dompdf\src\FrameDecorator\AbstractFrameDecorator.php(913): Dompdf\FrameReflower\Block->reflow(Object(Dompdf\FrameDecorator\Block))
#12 C:\wamp64\www\system\app\Views\templates\dompdf\vendor\dompdf\dompdf\src\FrameReflower\Block.php(865): Dompdf\FrameDecorator\AbstractFrameDecorator->reflow(Object(Dompdf\FrameDecorator\Block))
#13 C:\wamp64\www\system\app\Views\templates\dompdf\vendor\dompdf\dompdf\src\FrameDecorator\AbstractFrameDecorator.php(913): Dompdf\FrameReflower\Block->reflow(NULL)
#14 C:\wamp64\www\system\app\Views\templates\dompdf\vendor\dompdf\dompdf\src\FrameReflower\Page.php(142): Dompdf\FrameDecorator\AbstractFrameDecorator->reflow()
#15 C:\wamp64\www\system\app\Views\templates\dompdf\vendor\dompdf\dompdf\src\FrameDecorator\AbstractFrameDecorator.php(913): Dompdf\FrameReflower\Page->reflow(NULL)
#16 C:\wamp64\www\system\app\Views\templates\dompdf\vendor\dompdf\dompdf\src\Dompdf.php(765): Dompdf\FrameDecorator\AbstractFrameDecorator->reflow()
#17 C:\wamp64\www\system\app\Views\templates\pdf.php(206): Dompdf\Dompdf->render()
#18 C:\wamp64\www\system\system\View\View.php(226): include('C:\\wamp64\\www\\s...')
#19 C:\wamp64\www\system\system\View\View.php(229): CodeIgniter\View\View->CodeIgniter\View\{closure}()
#20 C:\wamp64\www\system\system\Common.php(1188): CodeIgniter\View\View->render('templates/pdf', Array, true)
#21 C:\wamp64\www\system\app\Controllers\VistaController.php(182): view('templates/pdf', Array)
#22 C:\wamp64\www\system\system\CodeIgniter.php(919): App\Controllers\VistaController->pdf()
#23 C:\wamp64\www\system\system\CodeIgniter.php(494): CodeIgniter\CodeIgniter->runController(Object(App\Controllers\VistaController))
#24 C:\wamp64\www\system\system\CodeIgniter.php(353): CodeIgniter\CodeIgniter->handleRequest(NULL, Object(Config\Cache), false)
#25 C:\wamp64\www\system\public\index.php(79): CodeIgniter\CodeIgniter->run()
#26 {main}
in APPPATH\Views\errors\html\error_exception.php on line 101.
 1 [internal function]: CodeIgniter\Debug\Exceptions->shutdownHandler()
CRITICAL - 2023-11-16 21:39:15 --> Min/max width is undefined for table rows
in APPPATH\Views\templates\dompdf\vendor\dompdf\dompdf\src\FrameReflower\TableRow.php on line 80.
 1 APPPATH\Views\templates\dompdf\vendor\dompdf\dompdf\src\FrameDecorator\AbstractFrameDecorator.php(921): Dompdf\FrameReflower\TableRow->get_min_max_width()
 2 APPPATH\Views\templates\dompdf\vendor\dompdf\dompdf\src\FrameReflower\AbstractFrameReflower.php(420): Dompdf\FrameDecorator\AbstractFrameDecorator->get_min_max_width()
 3 APPPATH\Views\templates\dompdf\vendor\dompdf\dompdf\src\FrameReflower\Block.php(165): Dompdf\FrameReflower\AbstractFrameReflower->get_min_max_child_width()
 4 APPPATH\Views\templates\dompdf\vendor\dompdf\dompdf\src\FrameReflower\Block.php(236): Dompdf\FrameReflower\Block->_calculate_width('auto')
 5 APPPATH\Views\templates\dompdf\vendor\dompdf\dompdf\src\FrameReflower\Block.php(811): Dompdf\FrameReflower\Block->_calculate_restricted_width()
 6 APPPATH\Views\templates\dompdf\vendor\dompdf\dompdf\src\FrameDecorator\AbstractFrameDecorator.php(913): Dompdf\FrameReflower\Block->reflow(Object(Dompdf\FrameDecorator\Block))
 7 APPPATH\Views\templates\dompdf\vendor\dompdf\dompdf\src\FrameReflower\Block.php(865): Dompdf\FrameDecorator\AbstractFrameDecorator->reflow(Object(Dompdf\FrameDecorator\Block))
 8 APPPATH\Views\templates\dompdf\vendor\dompdf\dompdf\src\FrameDecorator\AbstractFrameDecorator.php(913): Dompdf\FrameReflower\Block->reflow(Object(Dompdf\FrameDecorator\Block))
 9 APPPATH\Views\templates\dompdf\vendor\dompdf\dompdf\src\FrameReflower\Block.php(865): Dompdf\FrameDecorator\AbstractFrameDecorator->reflow(Object(Dompdf\FrameDecorator\Block))
10 APPPATH\Views\templates\dompdf\vendor\dompdf\dompdf\src\FrameDecorator\AbstractFrameDecorator.php(913): Dompdf\FrameReflower\Block->reflow(Object(Dompdf\FrameDecorator\Block))
11 APPPATH\Views\templates\dompdf\vendor\dompdf\dompdf\src\FrameReflower\Block.php(865): Dompdf\FrameDecorator\AbstractFrameDecorator->reflow(Object(Dompdf\FrameDecorator\Block))
12 APPPATH\Views\templates\dompdf\vendor\dompdf\dompdf\src\FrameDecorator\AbstractFrameDecorator.php(913): Dompdf\FrameReflower\Block->reflow(Object(Dompdf\FrameDecorator\Block))
13 APPPATH\Views\templates\dompdf\vendor\dompdf\dompdf\src\FrameReflower\Block.php(865): Dompdf\FrameDecorator\AbstractFrameDecorator->reflow(Object(Dompdf\FrameDecorator\Block))
14 APPPATH\Views\templates\dompdf\vendor\dompdf\dompdf\src\FrameDecorator\AbstractFrameDecorator.php(913): Dompdf\FrameReflower\Block->reflow(null)
15 APPPATH\Views\templates\dompdf\vendor\dompdf\dompdf\src\FrameReflower\Page.php(142): Dompdf\FrameDecorator\AbstractFrameDecorator->reflow()
16 APPPATH\Views\templates\dompdf\vendor\dompdf\dompdf\src\FrameDecorator\AbstractFrameDecorator.php(913): Dompdf\FrameReflower\Page->reflow(null)
17 APPPATH\Views\templates\dompdf\vendor\dompdf\dompdf\src\Dompdf.php(765): Dompdf\FrameDecorator\AbstractFrameDecorator->reflow()
18 APPPATH\Views\templates\pdf.php(206): Dompdf\Dompdf->render()
19 SYSTEMPATH\View\View.php(226): include('C:\\wamp64\\www\\system\\app\\Views\\templates\\pdf.php')
20 SYSTEMPATH\View\View.php(229): CodeIgniter\View\View->CodeIgniter\View\{closure}()
21 SYSTEMPATH\Common.php(1188): CodeIgniter\View\View->render('templates/pdf', [], true)
22 APPPATH\Controllers\VistaController.php(182): view('templates/pdf', [...])
23 SYSTEMPATH\CodeIgniter.php(919): App\Controllers\VistaController->pdf()
24 SYSTEMPATH\CodeIgniter.php(494): CodeIgniter\CodeIgniter->runController(Object(App\Controllers\VistaController))
25 SYSTEMPATH\CodeIgniter.php(353): CodeIgniter\CodeIgniter->handleRequest(null, Object(Config\Cache), false)
26 FCPATH\index.php(79): CodeIgniter\CodeIgniter->run()
CRITICAL - 2023-11-16 21:39:15 --> Allowed memory size of 134217728 bytes exhausted (tried to allocate 60821504 bytes)
【Previous Exception】
Dompdf\Exception
Min/max width is undefined for table rows
#0 C:\wamp64\www\system\app\Views\templates\dompdf\vendor\dompdf\dompdf\src\FrameDecorator\AbstractFrameDecorator.php(921): Dompdf\FrameReflower\TableRow->get_min_max_width()
#1 C:\wamp64\www\system\app\Views\templates\dompdf\vendor\dompdf\dompdf\src\FrameReflower\AbstractFrameReflower.php(420): Dompdf\FrameDecorator\AbstractFrameDecorator->get_min_max_width()
#2 C:\wamp64\www\system\app\Views\templates\dompdf\vendor\dompdf\dompdf\src\FrameReflower\Block.php(165): Dompdf\FrameReflower\AbstractFrameReflower->get_min_max_child_width()
#3 C:\wamp64\www\system\app\Views\templates\dompdf\vendor\dompdf\dompdf\src\FrameReflower\Block.php(236): Dompdf\FrameReflower\Block->_calculate_width('auto')
#4 C:\wamp64\www\system\app\Views\templates\dompdf\vendor\dompdf\dompdf\src\FrameReflower\Block.php(811): Dompdf\FrameReflower\Block->_calculate_restricted_width()
#5 C:\wamp64\www\system\app\Views\templates\dompdf\vendor\dompdf\dompdf\src\FrameDecorator\AbstractFrameDecorator.php(913): Dompdf\FrameReflower\Block->reflow(Object(Dompdf\FrameDecorator\Block))
#6 C:\wamp64\www\system\app\Views\templates\dompdf\vendor\dompdf\dompdf\src\FrameReflower\Block.php(865): Dompdf\FrameDecorator\AbstractFrameDecorator->reflow(Object(Dompdf\FrameDecorator\Block))
#7 C:\wamp64\www\system\app\Views\templates\dompdf\vendor\dompdf\dompdf\src\FrameDecorator\AbstractFrameDecorator.php(913): Dompdf\FrameReflower\Block->reflow(Object(Dompdf\FrameDecorator\Block))
#8 C:\wamp64\www\system\app\Views\templates\dompdf\vendor\dompdf\dompdf\src\FrameReflower\Block.php(865): Dompdf\FrameDecorator\AbstractFrameDecorator->reflow(Object(Dompdf\FrameDecorator\Block))
#9 C:\wamp64\www\system\app\Views\templates\dompdf\vendor\dompdf\dompdf\src\FrameDecorator\AbstractFrameDecorator.php(913): Dompdf\FrameReflower\Block->reflow(Object(Dompdf\FrameDecorator\Block))
#10 C:\wamp64\www\system\app\Views\templates\dompdf\vendor\dompdf\dompdf\src\FrameReflower\Block.php(865): Dompdf\FrameDecorator\AbstractFrameDecorator->reflow(Object(Dompdf\FrameDecorator\Block))
#11 C:\wamp64\www\system\app\Views\templates\dompdf\vendor\dompdf\dompdf\src\FrameDecorator\AbstractFrameDecorator.php(913): Dompdf\FrameReflower\Block->reflow(Object(Dompdf\FrameDecorator\Block))
#12 C:\wamp64\www\system\app\Views\templates\dompdf\vendor\dompdf\dompdf\src\FrameReflower\Block.php(865): Dompdf\FrameDecorator\AbstractFrameDecorator->reflow(Object(Dompdf\FrameDecorator\Block))
#13 C:\wamp64\www\system\app\Views\templates\dompdf\vendor\dompdf\dompdf\src\FrameDecorator\AbstractFrameDecorator.php(913): Dompdf\FrameReflower\Block->reflow(NULL)
#14 C:\wamp64\www\system\app\Views\templates\dompdf\vendor\dompdf\dompdf\src\FrameReflower\Page.php(142): Dompdf\FrameDecorator\AbstractFrameDecorator->reflow()
#15 C:\wamp64\www\system\app\Views\templates\dompdf\vendor\dompdf\dompdf\src\FrameDecorator\AbstractFrameDecorator.php(913): Dompdf\FrameReflower\Page->reflow(NULL)
#16 C:\wamp64\www\system\app\Views\templates\dompdf\vendor\dompdf\dompdf\src\Dompdf.php(765): Dompdf\FrameDecorator\AbstractFrameDecorator->reflow()
#17 C:\wamp64\www\system\app\Views\templates\pdf.php(206): Dompdf\Dompdf->render()
#18 C:\wamp64\www\system\system\View\View.php(226): include('C:\\wamp64\\www\\s...')
#19 C:\wamp64\www\system\system\View\View.php(229): CodeIgniter\View\View->CodeIgniter\View\{closure}()
#20 C:\wamp64\www\system\system\Common.php(1188): CodeIgniter\View\View->render('templates/pdf', Array, true)
#21 C:\wamp64\www\system\app\Controllers\VistaController.php(182): view('templates/pdf', Array)
#22 C:\wamp64\www\system\system\CodeIgniter.php(919): App\Controllers\VistaController->pdf()
#23 C:\wamp64\www\system\system\CodeIgniter.php(494): CodeIgniter\CodeIgniter->runController(Object(App\Controllers\VistaController))
#24 C:\wamp64\www\system\system\CodeIgniter.php(353): CodeIgniter\CodeIgniter->handleRequest(NULL, Object(Config\Cache), false)
#25 C:\wamp64\www\system\public\index.php(79): CodeIgniter\CodeIgniter->run()
#26 {main}
in APPPATH\Views\errors\html\error_exception.php on line 101.
 1 [internal function]: CodeIgniter\Debug\Exceptions->shutdownHandler()
CRITICAL - 2023-11-16 21:39:57 --> Min/max width is undefined for table rows
in APPPATH\Views\templates\dompdf\vendor\dompdf\dompdf\src\FrameReflower\TableRow.php on line 80.
 1 APPPATH\Views\templates\dompdf\vendor\dompdf\dompdf\src\FrameDecorator\AbstractFrameDecorator.php(921): Dompdf\FrameReflower\TableRow->get_min_max_width()
 2 APPPATH\Views\templates\dompdf\vendor\dompdf\dompdf\src\FrameReflower\AbstractFrameReflower.php(420): Dompdf\FrameDecorator\AbstractFrameDecorator->get_min_max_width()
 3 APPPATH\Views\templates\dompdf\vendor\dompdf\dompdf\src\FrameReflower\Block.php(937): Dompdf\FrameReflower\AbstractFrameReflower->get_min_max_child_width()
 4 APPPATH\Views\templates\dompdf\vendor\dompdf\dompdf\src\FrameReflower\AbstractFrameReflower.php(458): Dompdf\FrameReflower\Block->get_min_max_content_width()
 5 APPPATH\Views\templates\dompdf\vendor\dompdf\dompdf\src\FrameDecorator\AbstractFrameDecorator.php(921): Dompdf\FrameReflower\AbstractFrameReflower->get_min_max_width()
 6 APPPATH\Views\templates\dompdf\vendor\dompdf\dompdf\src\FrameReflower\AbstractFrameReflower.php(420): Dompdf\FrameDecorator\AbstractFrameDecorator->get_min_max_width()
 7 APPPATH\Views\templates\dompdf\vendor\dompdf\dompdf\src\FrameReflower\TableCell.php(143): Dompdf\FrameReflower\AbstractFrameReflower->get_min_max_child_width()
 8 APPPATH\Views\templates\dompdf\vendor\dompdf\dompdf\src\FrameReflower\AbstractFrameReflower.php(458): Dompdf\FrameReflower\TableCell->get_min_max_content_width()
 9 APPPATH\Views\templates\dompdf\vendor\dompdf\dompdf\src\FrameDecorator\AbstractFrameDecorator.php(921): Dompdf\FrameReflower\AbstractFrameReflower->get_min_max_width()
10 APPPATH\Views\templates\dompdf\vendor\dompdf\dompdf\src\Cellmap.php(729): Dompdf\FrameDecorator\AbstractFrameDecorator->get_min_max_width()
11 APPPATH\Views\templates\dompdf\vendor\dompdf\dompdf\src\Cellmap.php(604): Dompdf\Cellmap->calculate_column_widths()
12 APPPATH\Views\templates\dompdf\vendor\dompdf\dompdf\src\FrameReflower\Table.php(460): Dompdf\Cellmap->add_frame(Object(Dompdf\FrameDecorator\Table))
13 APPPATH\Views\templates\dompdf\vendor\dompdf\dompdf\src\FrameReflower\Table.php(331): Dompdf\FrameReflower\Table->get_min_max_width()
14 APPPATH\Views\templates\dompdf\vendor\dompdf\dompdf\src\FrameDecorator\AbstractFrameDecorator.php(913): Dompdf\FrameReflower\Table->reflow(Object(Dompdf\FrameDecorator\Block))
15 APPPATH\Views\templates\dompdf\vendor\dompdf\dompdf\src\FrameReflower\Block.php(865): Dompdf\FrameDecorator\AbstractFrameDecorator->reflow(Object(Dompdf\FrameDecorator\Block))
16 APPPATH\Views\templates\dompdf\vendor\dompdf\dompdf\src\FrameDecorator\AbstractFrameDecorator.php(913): Dompdf\FrameReflower\Block->reflow(Object(Dompdf\FrameDecorator\Block))
17 APPPATH\Views\templates\dompdf\vendor\dompdf\dompdf\src\FrameReflower\Block.php(865): Dompdf\FrameDecorator\AbstractFrameDecorator->reflow(Object(Dompdf\FrameDecorator\Block))
18 APPPATH\Views\templates\dompdf\vendor\dompdf\dompdf\src\FrameDecorator\AbstractFrameDecorator.php(913): Dompdf\FrameReflower\Block->reflow(Object(Dompdf\FrameDecorator\Block))
19 APPPATH\Views\templates\dompdf\vendor\dompdf\dompdf\src\FrameReflower\Block.php(865): Dompdf\FrameDecorator\AbstractFrameDecorator->reflow(Object(Dompdf\FrameDecorator\Block))
20 APPPATH\Views\templates\dompdf\vendor\dompdf\dompdf\src\FrameDecorator\AbstractFrameDecorator.php(913): Dompdf\FrameReflower\Block->reflow(null)
21 APPPATH\Views\templates\dompdf\vendor\dompdf\dompdf\src\FrameReflower\Page.php(142): Dompdf\FrameDecorator\AbstractFrameDecorator->reflow()
22 APPPATH\Views\templates\dompdf\vendor\dompdf\dompdf\src\FrameDecorator\AbstractFrameDecorator.php(913): Dompdf\FrameReflower\Page->reflow(null)
23 APPPATH\Views\templates\dompdf\vendor\dompdf\dompdf\src\Dompdf.php(765): Dompdf\FrameDecorator\AbstractFrameDecorator->reflow()
24 APPPATH\Views\templates\pdf.php(201): Dompdf\Dompdf->render()
25 SYSTEMPATH\View\View.php(226): include('C:\\wamp64\\www\\system\\app\\Views\\templates\\pdf.php')
26 SYSTEMPATH\View\View.php(229): CodeIgniter\View\View->CodeIgniter\View\{closure}()
27 SYSTEMPATH\Common.php(1188): CodeIgniter\View\View->render('templates/pdf', [], true)
28 APPPATH\Controllers\VistaController.php(182): view('templates/pdf', [...])
29 SYSTEMPATH\CodeIgniter.php(919): App\Controllers\VistaController->pdf()
30 SYSTEMPATH\CodeIgniter.php(494): CodeIgniter\CodeIgniter->runController(Object(App\Controllers\VistaController))
31 SYSTEMPATH\CodeIgniter.php(353): CodeIgniter\CodeIgniter->handleRequest(null, Object(Config\Cache), false)
32 FCPATH\index.php(79): CodeIgniter\CodeIgniter->run()
CRITICAL - 2023-11-16 21:39:58 --> Allowed memory size of 134217728 bytes exhausted (tried to allocate 60821504 bytes)
【Previous Exception】
Dompdf\Exception
Min/max width is undefined for table rows
#0 C:\wamp64\www\system\app\Views\templates\dompdf\vendor\dompdf\dompdf\src\FrameDecorator\AbstractFrameDecorator.php(921): Dompdf\FrameReflower\TableRow->get_min_max_width()
#1 C:\wamp64\www\system\app\Views\templates\dompdf\vendor\dompdf\dompdf\src\FrameReflower\AbstractFrameReflower.php(420): Dompdf\FrameDecorator\AbstractFrameDecorator->get_min_max_width()
#2 C:\wamp64\www\system\app\Views\templates\dompdf\vendor\dompdf\dompdf\src\FrameReflower\Block.php(937): Dompdf\FrameReflower\AbstractFrameReflower->get_min_max_child_width()
#3 C:\wamp64\www\system\app\Views\templates\dompdf\vendor\dompdf\dompdf\src\FrameReflower\AbstractFrameReflower.php(458): Dompdf\FrameReflower\Block->get_min_max_content_width()
#4 C:\wamp64\www\system\app\Views\templates\dompdf\vendor\dompdf\dompdf\src\FrameDecorator\AbstractFrameDecorator.php(921): Dompdf\FrameReflower\AbstractFrameReflower->get_min_max_width()
#5 C:\wamp64\www\system\app\Views\templates\dompdf\vendor\dompdf\dompdf\src\FrameReflower\AbstractFrameReflower.php(420): Dompdf\FrameDecorator\AbstractFrameDecorator->get_min_max_width()
#6 C:\wamp64\www\system\app\Views\templates\dompdf\vendor\dompdf\dompdf\src\FrameReflower\TableCell.php(143): Dompdf\FrameReflower\AbstractFrameReflower->get_min_max_child_width()
#7 C:\wamp64\www\system\app\Views\templates\dompdf\vendor\dompdf\dompdf\src\FrameReflower\AbstractFrameReflower.php(458): Dompdf\FrameReflower\TableCell->get_min_max_content_width()
#8 C:\wamp64\www\system\app\Views\templates\dompdf\vendor\dompdf\dompdf\src\FrameDecorator\AbstractFrameDecorator.php(921): Dompdf\FrameReflower\AbstractFrameReflower->get_min_max_width()
#9 C:\wamp64\www\system\app\Views\templates\dompdf\vendor\dompdf\dompdf\src\Cellmap.php(729): Dompdf\FrameDecorator\AbstractFrameDecorator->get_min_max_width()
#10 C:\wamp64\www\system\app\Views\templates\dompdf\vendor\dompdf\dompdf\src\Cellmap.php(604): Dompdf\Cellmap->calculate_column_widths()
#11 C:\wamp64\www\system\app\Views\templates\dompdf\vendor\dompdf\dompdf\src\FrameReflower\Table.php(460): Dompdf\Cellmap->add_frame(Object(Dompdf\FrameDecorator\Table))
#12 C:\wamp64\www\system\app\Views\templates\dompdf\vendor\dompdf\dompdf\src\FrameReflower\Table.php(331): Dompdf\FrameReflower\Table->get_min_max_width()
#13 C:\wamp64\www\system\app\Views\templates\dompdf\vendor\dompdf\dompdf\src\FrameDecorator\AbstractFrameDecorator.php(913): Dompdf\FrameReflower\Table->reflow(Object(Dompdf\FrameDecorator\Block))
#14 C:\wamp64\www\system\app\Views\templates\dompdf\vendor\dompdf\dompdf\src\FrameReflower\Block.php(865): Dompdf\FrameDecorator\AbstractFrameDecorator->reflow(Object(Dompdf\FrameDecorator\Block))
#15 C:\wamp64\www\system\app\Views\templates\dompdf\vendor\dompdf\dompdf\src\FrameDecorator\AbstractFrameDecorator.php(913): Dompdf\FrameReflower\Block->reflow(Object(Dompdf\FrameDecorator\Block))
#16 C:\wamp64\www\system\app\Views\templates\dompdf\vendor\dompdf\dompdf\src\FrameReflower\Block.php(865): Dompdf\FrameDecorator\AbstractFrameDecorator->reflow(Object(Dompdf\FrameDecorator\Block))
#17 C:\wamp64\www\system\app\Views\templates\dompdf\vendor\dompdf\dompdf\src\FrameDecorator\AbstractFrameDecorator.php(913): Dompdf\FrameReflower\Block->reflow(Object(Dompdf\FrameDecorator\Block))
#18 C:\wamp64\www\system\app\Views\templates\dompdf\vendor\dompdf\dompdf\src\FrameReflower\Block.php(865): Dompdf\FrameDecorator\AbstractFrameDecorator->reflow(Object(Dompdf\FrameDecorator\Block))
#19 C:\wamp64\www\system\app\Views\templates\dompdf\vendor\dompdf\dompdf\src\FrameDecorator\AbstractFrameDecorator.php(913): Dompdf\FrameReflower\Block->reflow(NULL)
#20 C:\wamp64\www\system\app\Views\templates\dompdf\vendor\dompdf\dompdf\src\FrameReflower\Page.php(142): Dompdf\FrameDecorator\AbstractFrameDecorator->reflow()
#21 C:\wamp64\www\system\app\Views\templates\dompdf\vendor\dompdf\dompdf\src\FrameDecorator\AbstractFrameDecorator.php(913): Dompdf\FrameReflower\Page->reflow(NULL)
#22 C:\wamp64\www\system\app\Views\templates\dompdf\vendor\dompdf\dompdf\src\Dompdf.php(765): Dompdf\FrameDecorator\AbstractFrameDecorator->reflow()
#23 C:\wamp64\www\system\app\Views\templates\pdf.php(201): Dompdf\Dompdf->render()
#24 C:\wamp64\www\system\system\View\View.php(226): include('C:\\wamp64\\www\\s...')
#25 C:\wamp64\www\system\system\View\View.php(229): CodeIgniter\View\View->CodeIgniter\View\{closure}()
#26 C:\wamp64\www\system\system\Common.php(1188): CodeIgniter\View\View->render('templates/pdf', Array, true)
#27 C:\wamp64\www\system\app\Controllers\VistaController.php(182): view('templates/pdf', Array)
#28 C:\wamp64\www\system\system\CodeIgniter.php(919): App\Controllers\VistaController->pdf()
#29 C:\wamp64\www\system\system\CodeIgniter.php(494): CodeIgniter\CodeIgniter->runController(Object(App\Controllers\VistaController))
#30 C:\wamp64\www\system\system\CodeIgniter.php(353): CodeIgniter\CodeIgniter->handleRequest(NULL, Object(Config\Cache), false)
#31 C:\wamp64\www\system\public\index.php(79): CodeIgniter\CodeIgniter->run()
#32 {main}
in APPPATH\Views\errors\html\error_exception.php on line 101.
 1 [internal function]: CodeIgniter\Debug\Exceptions->shutdownHandler()
