CRITICAL - 2023-10-01 00:12:32 --> Call to undefined function img()
in APPPATH\Views\templates\header.php on line 26.
 1 SYSTEMPATH\View\View.php(226): include()
 2 SYSTEMPATH\View\View.php(229): CodeIgniter\View\View->CodeIgniter\View\{closure}()
 3 SYSTEMPATH\Common.php(1188): CodeIgniter\View\View->render('templates/header', [], true)
 4 APPPATH\Controllers\VistaController.php(17): view('templates/header')
 5 SYSTEMPATH\CodeIgniter.php(919): App\Controllers\VistaController->index()
 6 SYSTEMPATH\CodeIgniter.php(494): CodeIgniter\CodeIgniter->runController(Object(App\Controllers\VistaController))
 7 SYSTEMPATH\CodeIgniter.php(353): CodeIgniter\CodeIgniter->handleRequest(null, Object(Config\Cache), false)
 8 FCPATH\index.php(79): CodeIgniter\CodeIgniter->run()
CRITICAL - 2023-10-01 00:13:56 --> Call to undefined function img()
in APPPATH\Views\templates\header.php on line 26.
 1 SYSTEMPATH\View\View.php(226): include()
 2 SYSTEMPATH\View\View.php(229): CodeIgniter\View\View->CodeIgniter\View\{closure}()
 3 SYSTEMPATH\Common.php(1188): CodeIgniter\View\View->render('templates/header', [], true)
 4 APPPATH\Controllers\VistaController.php(17): view('templates/header')
 5 SYSTEMPATH\CodeIgniter.php(919): App\Controllers\VistaController->index()
 6 SYSTEMPATH\CodeIgniter.php(494): CodeIgniter\CodeIgniter->runController(Object(App\Controllers\VistaController))
 7 SYSTEMPATH\CodeIgniter.php(353): CodeIgniter\CodeIgniter->handleRequest(null, Object(Config\Cache), false)
 8 FCPATH\index.php(79): CodeIgniter\CodeIgniter->run()
CRITICAL - 2023-10-01 00:13:58 --> Call to undefined function img()
in APPPATH\Views\templates\header.php on line 26.
 1 SYSTEMPATH\View\View.php(226): include()
 2 SYSTEMPATH\View\View.php(229): CodeIgniter\View\View->CodeIgniter\View\{closure}()
 3 SYSTEMPATH\Common.php(1188): CodeIgniter\View\View->render('templates/header', [], true)
 4 APPPATH\Controllers\VistaController.php(17): view('templates/header')
 5 SYSTEMPATH\CodeIgniter.php(919): App\Controllers\VistaController->index()
 6 SYSTEMPATH\CodeIgniter.php(494): CodeIgniter\CodeIgniter->runController(Object(App\Controllers\VistaController))
 7 SYSTEMPATH\CodeIgniter.php(353): CodeIgniter\CodeIgniter->handleRequest(null, Object(Config\Cache), false)
 8 FCPATH\index.php(79): CodeIgniter\CodeIgniter->run()
CRITICAL - 2023-10-01 00:16:08 --> Call to undefined function img()
in APPPATH\Views\templates\header.php on line 37.
 1 SYSTEMPATH\View\View.php(226): include()
 2 SYSTEMPATH\View\View.php(229): CodeIgniter\View\View->CodeIgniter\View\{closure}()
 3 SYSTEMPATH\Common.php(1188): CodeIgniter\View\View->render('templates/header', [], true)
 4 APPPATH\Controllers\VistaController.php(17): view('templates/header')
 5 SYSTEMPATH\CodeIgniter.php(919): App\Controllers\VistaController->index()
 6 SYSTEMPATH\CodeIgniter.php(494): CodeIgniter\CodeIgniter->runController(Object(App\Controllers\VistaController))
 7 SYSTEMPATH\CodeIgniter.php(353): CodeIgniter\CodeIgniter->handleRequest(null, Object(Config\Cache), false)
 8 FCPATH\index.php(79): CodeIgniter\CodeIgniter->run()
CRITICAL - 2023-10-01 00:17:11 --> Call to undefined function img_data()
in APPPATH\Views\templates\header.php on line 26.
 1 SYSTEMPATH\View\View.php(226): include()
 2 SYSTEMPATH\View\View.php(229): CodeIgniter\View\View->CodeIgniter\View\{closure}()
 3 SYSTEMPATH\Common.php(1188): CodeIgniter\View\View->render('templates/header', [], true)
 4 APPPATH\Controllers\VistaController.php(17): view('templates/header')
 5 SYSTEMPATH\CodeIgniter.php(919): App\Controllers\VistaController->index()
 6 SYSTEMPATH\CodeIgniter.php(494): CodeIgniter\CodeIgniter->runController(Object(App\Controllers\VistaController))
 7 SYSTEMPATH\CodeIgniter.php(353): CodeIgniter\CodeIgniter->handleRequest(null, Object(Config\Cache), false)
 8 FCPATH\index.php(79): CodeIgniter\CodeIgniter->run()
CRITICAL - 2023-10-01 00:18:17 --> Call to undefined function img_data()
in APPPATH\Views\templates\header.php on line 26.
 1 SYSTEMPATH\View\View.php(226): include()
 2 SYSTEMPATH\View\View.php(229): CodeIgniter\View\View->CodeIgniter\View\{closure}()
 3 SYSTEMPATH\Common.php(1188): CodeIgniter\View\View->render('templates/header', [], true)
 4 APPPATH\Controllers\VistaController.php(17): view('templates/header')
 5 SYSTEMPATH\CodeIgniter.php(919): App\Controllers\VistaController->index()
 6 SYSTEMPATH\CodeIgniter.php(494): CodeIgniter\CodeIgniter->runController(Object(App\Controllers\VistaController))
 7 SYSTEMPATH\CodeIgniter.php(353): CodeIgniter\CodeIgniter->handleRequest(null, Object(Config\Cache), false)
 8 FCPATH\index.php(79): CodeIgniter\CodeIgniter->run()
CRITICAL - 2023-10-01 00:21:05 --> Call to undefined function img_data()
in APPPATH\Views\templates\header.php on line 26.
 1 SYSTEMPATH\View\View.php(226): include()
 2 SYSTEMPATH\View\View.php(229): CodeIgniter\View\View->CodeIgniter\View\{closure}()
 3 SYSTEMPATH\Common.php(1188): CodeIgniter\View\View->render('templates/header', [], true)
 4 APPPATH\Controllers\VistaController.php(28): view('templates/header')
 5 SYSTEMPATH\CodeIgniter.php(919): App\Controllers\VistaController->condicion()
 6 SYSTEMPATH\CodeIgniter.php(494): CodeIgniter\CodeIgniter->runController(Object(App\Controllers\VistaController))
 7 SYSTEMPATH\CodeIgniter.php(353): CodeIgniter\CodeIgniter->handleRequest(null, Object(Config\Cache), false)
 8 FCPATH\index.php(79): CodeIgniter\CodeIgniter->run()
CRITICAL - 2023-10-01 01:42:28 --> Invalid file: "templates/style.php"
in SYSTEMPATH\Exceptions\FrameworkException.php on line 39.
 1 SYSTEMPATH\View\View.php(214): CodeIgniter\Exceptions\FrameworkException::forInvalidFile('templates/style.php')
 2 SYSTEMPATH\Common.php(1188): CodeIgniter\View\View->render('templates/style', [], true)
 3 APPPATH\Controllers\VistaController.php(19): view('templates/style')
 4 SYSTEMPATH\CodeIgniter.php(919): App\Controllers\VistaController->index()
 5 SYSTEMPATH\CodeIgniter.php(494): CodeIgniter\CodeIgniter->runController(Object(App\Controllers\VistaController))
 6 SYSTEMPATH\CodeIgniter.php(353): CodeIgniter\CodeIgniter->handleRequest(null, Object(Config\Cache), false)
 7 FCPATH\index.php(79): CodeIgniter\CodeIgniter->run()
CRITICAL - 2023-10-01 02:13:47 --> Invalid file: "templates/style.php"
in SYSTEMPATH\Exceptions\FrameworkException.php on line 39.
 1 SYSTEMPATH\View\View.php(214): CodeIgniter\Exceptions\FrameworkException::forInvalidFile('templates/style.php')
 2 SYSTEMPATH\Common.php(1188): CodeIgniter\View\View->render('templates/style', [], true)
 3 APPPATH\Controllers\VistaController.php(19): view('templates/style')
 4 SYSTEMPATH\CodeIgniter.php(919): App\Controllers\VistaController->index()
 5 SYSTEMPATH\CodeIgniter.php(494): CodeIgniter\CodeIgniter->runController(Object(App\Controllers\VistaController))
 6 SYSTEMPATH\CodeIgniter.php(353): CodeIgniter\CodeIgniter->handleRequest(null, Object(Config\Cache), false)
 7 FCPATH\index.php(79): CodeIgniter\CodeIgniter->run()
