CRITICAL - 2023-10-30 14:24:52 --> Undefined array key "condicion"
in APPPATH\Views\responsables\editarresp.php on line 53.
 1 APPPATH\Views\responsables\editarresp.php(53): CodeIgniter\Debug\Exceptions->errorHandler(2, 'Undefined array key "condicion"', 'C:\\wamp64\\www\\system\\app\\Views\\responsables\\editarresp.php', 53)
 2 SYSTEMPATH\View\View.php(226): include('C:\\wamp64\\www\\system\\app\\Views\\responsables\\editarresp.php')
 3 SYSTEMPATH\View\View.php(229): CodeIgniter\View\View->CodeIgniter\View\{closure}()
 4 SYSTEMPATH\Common.php(1188): CodeIgniter\View\View->render('responsables/editarresp', [], true)
 5 APPPATH\Controllers\AccionController.php(482): view('responsables/editarresp', [...])
 6 SYSTEMPATH\CodeIgniter.php(919): App\Controllers\AccionController->respupdate('28996364')
 7 SYSTEMPATH\CodeIgniter.php(494): CodeIgniter\CodeIgniter->runController(Object(App\Controllers\AccionController))
 8 SYSTEMPATH\CodeIgniter.php(353): CodeIgniter\CodeIgniter->handleRequest(null, Object(Config\Cache), false)
 9 FCPATH\index.php(79): CodeIgniter\CodeIgniter->run()
ERROR - 2023-10-30 19:41:40 --> mysqli_sql_exception: Unknown column 'dt.cedula_resp' in 'field list' in C:\wamp64\www\system\system\Database\MySQLi\Connection.php:306
Stack trace:
#0 C:\wamp64\www\system\system\Database\MySQLi\Connection.php(306): mysqli->query('SELECT `mov`.*,...', 0)
#1 C:\wamp64\www\system\system\Database\BaseConnection.php(692): CodeIgniter\Database\MySQLi\Connection->execute('SELECT `mov`.*,...')
#2 C:\wamp64\www\system\system\Database\BaseConnection.php(606): CodeIgniter\Database\BaseConnection->simpleQuery('SELECT `mov`.*,...')
#3 C:\wamp64\www\system\system\Database\BaseBuilder.php(1615): CodeIgniter\Database\BaseConnection->query('SELECT `mov`.*,...', Array, false)
#4 C:\wamp64\www\system\app\Controllers\VistaController.php(150): CodeIgniter\Database\BaseBuilder->get()
#5 C:\wamp64\www\system\system\CodeIgniter.php(919): App\Controllers\VistaController->movimiento()
#6 C:\wamp64\www\system\system\CodeIgniter.php(494): CodeIgniter\CodeIgniter->runController(Object(App\Controllers\VistaController))
#7 C:\wamp64\www\system\system\CodeIgniter.php(353): CodeIgniter\CodeIgniter->handleRequest(NULL, Object(Config\Cache), false)
#8 C:\wamp64\www\system\public\index.php(79): CodeIgniter\CodeIgniter->run()
#9 {main}
CRITICAL - 2023-10-30 19:41:40 --> Unknown column 'dt.cedula_resp' in 'field list'
in SYSTEMPATH\Database\BaseConnection.php on line 646.
 1 SYSTEMPATH\Database\BaseBuilder.php(1615): CodeIgniter\Database\BaseConnection->query('SELECT `mov`.*, `dt`.`cedula_resp`, `res`.`nombre`, `res`.`apellido`, `mot`.`nombre` as `nombret`
FROM `mov_movimientos` `mov`
JOIN `mov_detalles` `dt` ON `dt`.`id` = `mov`.`id_movimientos`
JOIN `resp_responsables` `res` ON `res`.`cedula` = `dt`.`cedula_resp`
JOIN `mov_motivo` `mot` ON `mot`.`id_motivo` = `mov`.`motivo`
ORDER BY `id_movimientos` ASC', [], false)
 2 APPPATH\Controllers\VistaController.php(150): CodeIgniter\Database\BaseBuilder->get()
 3 SYSTEMPATH\CodeIgniter.php(919): App\Controllers\VistaController->movimiento()
 4 SYSTEMPATH\CodeIgniter.php(494): CodeIgniter\CodeIgniter->runController(Object(App\Controllers\VistaController))
 5 SYSTEMPATH\CodeIgniter.php(353): CodeIgniter\CodeIgniter->handleRequest(null, Object(Config\Cache), false)
 6 FCPATH\index.php(79): CodeIgniter\CodeIgniter->run()
