CRITICAL - 2023-11-10 14:12:29 --> Undefined array key "marca"
in APPPATH\Controllers\AccionController.php on line 705.
 1 APPPATH\Controllers\AccionController.php(705): CodeIgniter\Debug\Exceptions->errorHandler(2, 'Undefined array key "marca"', 'C:\\wamp64\\www\\system\\app\\Controllers\\AccionController.php', 705)
 2 SYSTEMPATH\CodeIgniter.php(919): App\Controllers\AccionController->updateactivo()
 3 SYSTEMPATH\CodeIgniter.php(494): CodeIgniter\CodeIgniter->runController(Object(App\Controllers\AccionController))
 4 SYSTEMPATH\CodeIgniter.php(353): CodeIgniter\CodeIgniter->handleRequest(null, Object(Config\Cache), false)
 5 FCPATH\index.php(79): CodeIgniter\CodeIgniter->run()
CRITICAL - 2023-11-10 14:18:44 --> Undefined variable $x
in APPPATH\Views\movimientos\movimientos.php on line 35.
 1 APPPATH\Views\movimientos\movimientos.php(35): CodeIgniter\Debug\Exceptions->errorHandler(2, 'Undefined variable $x', 'C:\\wamp64\\www\\system\\app\\Views\\movimientos\\movimientos.php', 35)
 2 SYSTEMPATH\View\View.php(226): include('C:\\wamp64\\www\\system\\app\\Views\\movimientos\\movimientos.php')
 3 SYSTEMPATH\View\View.php(229): CodeIgniter\View\View->CodeIgniter\View\{closure}()
 4 SYSTEMPATH\Common.php(1188): CodeIgniter\View\View->render('movimientos/movimientos', [], true)
 5 APPPATH\Controllers\VistaController.php(160): view('movimientos/movimientos', [...])
 6 SYSTEMPATH\CodeIgniter.php(919): App\Controllers\VistaController->movimiento()
 7 SYSTEMPATH\CodeIgniter.php(494): CodeIgniter\CodeIgniter->runController(Object(App\Controllers\VistaController))
 8 SYSTEMPATH\CodeIgniter.php(353): CodeIgniter\CodeIgniter->handleRequest(null, Object(Config\Cache), false)
 9 FCPATH\index.php(79): CodeIgniter\CodeIgniter->run()
CRITICAL - 2023-11-10 14:20:17 --> Undefined variable $x
in APPPATH\Views\movimientos\movimientos.php on line 35.
 1 APPPATH\Views\movimientos\movimientos.php(35): CodeIgniter\Debug\Exceptions->errorHandler(2, 'Undefined variable $x', 'C:\\wamp64\\www\\system\\app\\Views\\movimientos\\movimientos.php', 35)
 2 SYSTEMPATH\View\View.php(226): include('C:\\wamp64\\www\\system\\app\\Views\\movimientos\\movimientos.php')
 3 SYSTEMPATH\View\View.php(229): CodeIgniter\View\View->CodeIgniter\View\{closure}()
 4 SYSTEMPATH\Common.php(1188): CodeIgniter\View\View->render('movimientos/movimientos', [], true)
 5 APPPATH\Controllers\VistaController.php(160): view('movimientos/movimientos', [...])
 6 SYSTEMPATH\CodeIgniter.php(919): App\Controllers\VistaController->movimiento()
 7 SYSTEMPATH\CodeIgniter.php(494): CodeIgniter\CodeIgniter->runController(Object(App\Controllers\VistaController))
 8 SYSTEMPATH\CodeIgniter.php(353): CodeIgniter\CodeIgniter->handleRequest(null, Object(Config\Cache), false)
 9 FCPATH\index.php(79): CodeIgniter\CodeIgniter->run()
CRITICAL - 2023-11-10 14:33:15 --> Undefined variable $x
in APPPATH\Views\movimientos\movimientos.php on line 35.
 1 APPPATH\Views\movimientos\movimientos.php(35): CodeIgniter\Debug\Exceptions->errorHandler(2, 'Undefined variable $x', 'C:\\wamp64\\www\\system\\app\\Views\\movimientos\\movimientos.php', 35)
 2 SYSTEMPATH\View\View.php(226): include('C:\\wamp64\\www\\system\\app\\Views\\movimientos\\movimientos.php')
 3 SYSTEMPATH\View\View.php(229): CodeIgniter\View\View->CodeIgniter\View\{closure}()
 4 SYSTEMPATH\Common.php(1188): CodeIgniter\View\View->render('movimientos/movimientos', [], true)
 5 APPPATH\Controllers\VistaController.php(160): view('movimientos/movimientos', [...])
 6 SYSTEMPATH\CodeIgniter.php(919): App\Controllers\VistaController->movimiento()
 7 SYSTEMPATH\CodeIgniter.php(494): CodeIgniter\CodeIgniter->runController(Object(App\Controllers\VistaController))
 8 SYSTEMPATH\CodeIgniter.php(353): CodeIgniter\CodeIgniter->handleRequest(null, Object(Config\Cache), false)
 9 FCPATH\index.php(79): CodeIgniter\CodeIgniter->run()
CRITICAL - 2023-11-10 14:33:17 --> Undefined variable $x
in APPPATH\Views\movimientos\movimientos.php on line 35.
 1 APPPATH\Views\movimientos\movimientos.php(35): CodeIgniter\Debug\Exceptions->errorHandler(2, 'Undefined variable $x', 'C:\\wamp64\\www\\system\\app\\Views\\movimientos\\movimientos.php', 35)
 2 SYSTEMPATH\View\View.php(226): include('C:\\wamp64\\www\\system\\app\\Views\\movimientos\\movimientos.php')
 3 SYSTEMPATH\View\View.php(229): CodeIgniter\View\View->CodeIgniter\View\{closure}()
 4 SYSTEMPATH\Common.php(1188): CodeIgniter\View\View->render('movimientos/movimientos', [], true)
 5 APPPATH\Controllers\VistaController.php(160): view('movimientos/movimientos', [...])
 6 SYSTEMPATH\CodeIgniter.php(919): App\Controllers\VistaController->movimiento()
 7 SYSTEMPATH\CodeIgniter.php(494): CodeIgniter\CodeIgniter->runController(Object(App\Controllers\VistaController))
 8 SYSTEMPATH\CodeIgniter.php(353): CodeIgniter\CodeIgniter->handleRequest(null, Object(Config\Cache), false)
 9 FCPATH\index.php(79): CodeIgniter\CodeIgniter->run()
CRITICAL - 2023-11-10 15:11:19 --> Undefined variable $style
in APPPATH\Views\templates\header.php on line 1.
 1 APPPATH\Views\templates\header.php(1): CodeIgniter\Debug\Exceptions->errorHandler(2, 'Undefined variable $style', 'C:\\wamp64\\www\\system\\app\\Views\\templates\\header.php', 1)
 2 SYSTEMPATH\View\View.php(226): include('C:\\wamp64\\www\\system\\app\\Views\\templates\\header.php')
 3 SYSTEMPATH\View\View.php(229): CodeIgniter\View\View->CodeIgniter\View\{closure}()
 4 SYSTEMPATH\Common.php(1188): CodeIgniter\View\View->render('templates/header', [], true)
 5 APPPATH\Controllers\VistaController.php(23): view('templates/header')
 6 SYSTEMPATH\CodeIgniter.php(919): App\Controllers\VistaController->index()
 7 SYSTEMPATH\CodeIgniter.php(494): CodeIgniter\CodeIgniter->runController(Object(App\Controllers\VistaController))
 8 SYSTEMPATH\CodeIgniter.php(353): CodeIgniter\CodeIgniter->handleRequest(null, Object(Config\Cache), false)
 9 FCPATH\index.php(79): CodeIgniter\CodeIgniter->run()
CRITICAL - 2023-11-10 15:12:28 --> Undefined variable $style
in APPPATH\Views\templates\header.php on line 15.
 1 APPPATH\Views\templates\header.php(15): CodeIgniter\Debug\Exceptions->errorHandler(2, 'Undefined variable $style', 'C:\\wamp64\\www\\system\\app\\Views\\templates\\header.php', 15)
 2 SYSTEMPATH\View\View.php(226): include('C:\\wamp64\\www\\system\\app\\Views\\templates\\header.php')
 3 SYSTEMPATH\View\View.php(229): CodeIgniter\View\View->CodeIgniter\View\{closure}()
 4 SYSTEMPATH\Common.php(1188): CodeIgniter\View\View->render('templates/header', [], true)
 5 APPPATH\Controllers\VistaController.php(23): view('templates/header')
 6 SYSTEMPATH\CodeIgniter.php(919): App\Controllers\VistaController->index()
 7 SYSTEMPATH\CodeIgniter.php(494): CodeIgniter\CodeIgniter->runController(Object(App\Controllers\VistaController))
 8 SYSTEMPATH\CodeIgniter.php(353): CodeIgniter\CodeIgniter->handleRequest(null, Object(Config\Cache), false)
 9 FCPATH\index.php(79): CodeIgniter\CodeIgniter->run()
