ERROR - 2023-10-24 00:44:06 --> mysqli_sql_exception: Cannot add or update a child row: a foreign key constraint fails (`patrimonioprueba`.`act_activos`, CONSTRAINT `condact` FOREIGN KEY (`condicion_act`) REFERENCES `act_condicion` (`id_activo_condicion`) ON UPDATE CASCADE) in C:\wamp64\www\system\system\Database\MySQLi\Connection.php:306
Stack trace:
#0 C:\wamp64\www\system\system\Database\MySQLi\Connection.php(306): mysqli->query('UPDATE `act_act...', 0)
#1 C:\wamp64\www\system\system\Database\BaseConnection.php(692): CodeIgniter\Database\MySQLi\Connection->execute('UPDATE `act_act...')
#2 C:\wamp64\www\system\system\Database\BaseConnection.php(606): CodeIgniter\Database\BaseConnection->simpleQuery('UPDATE `act_act...')
#3 C:\wamp64\www\system\system\Database\BaseBuilder.php(2475): CodeIgniter\Database\BaseConnection->query('UPDATE `act_act...', Array, false)
#4 C:\wamp64\www\system\system\Model.php(385): CodeIgniter\Database\BaseBuilder->update()
#5 C:\wamp64\www\system\system\BaseModel.php(949): CodeIgniter\Model->doUpdate(Array, Array)
#6 C:\wamp64\www\system\system\Model.php(776): CodeIgniter\BaseModel->update(Array, Array)
#7 C:\wamp64\www\system\app\Controllers\AccionController.php(484): CodeIgniter\Model->update('201000235', Array)
#8 C:\wamp64\www\system\system\CodeIgniter.php(919): App\Controllers\AccionController->updateactivo()
#9 C:\wamp64\www\system\system\CodeIgniter.php(494): CodeIgniter\CodeIgniter->runController(Object(App\Controllers\AccionController))
#10 C:\wamp64\www\system\system\CodeIgniter.php(353): CodeIgniter\CodeIgniter->handleRequest(NULL, Object(Config\Cache), false)
#11 C:\wamp64\www\system\public\index.php(79): CodeIgniter\CodeIgniter->run()
#12 {main}
CRITICAL - 2023-10-24 00:44:06 --> Cannot add or update a child row: a foreign key constraint fails (`patrimonioprueba`.`act_activos`, CONSTRAINT `condact` FOREIGN KEY (`condicion_act`) REFERENCES `act_condicion` (`id_activo_condicion`) ON UPDATE CASCADE)
in SYSTEMPATH\Database\BaseConnection.php on line 646.
 1 SYSTEMPATH\Database\BaseBuilder.php(2475): CodeIgniter\Database\BaseConnection->query('UPDATE `act_activos` SET `codigo` = :codigo:, `modelo` = :modelo:, `serial` = :serial:, `condicion_act` = :condicion_act:, `tipo` = :tipo:, `descripcion` = :descripcion:, `proveedor` = :proveedor:, `n_factura` = :n_factura:, `costo` = :costo:, `n_orden` = :n_orden:, `garantia_inicio` = :garantia_inicio:, `garantia_fin` = :garantia_fin:
WHERE `act_activos`.`codigo` IN :act_activos.codigo:', [...], false)
 2 SYSTEMPATH\Model.php(385): CodeIgniter\Database\BaseBuilder->update()
 3 SYSTEMPATH\BaseModel.php(949): CodeIgniter\Model->doUpdate([...], [...])
 4 SYSTEMPATH\Model.php(776): CodeIgniter\BaseModel->update([...], [...])
 5 APPPATH\Controllers\AccionController.php(484): CodeIgniter\Model->update('201000235', [...])
 6 SYSTEMPATH\CodeIgniter.php(919): App\Controllers\AccionController->updateactivo()
 7 SYSTEMPATH\CodeIgniter.php(494): CodeIgniter\CodeIgniter->runController(Object(App\Controllers\AccionController))
 8 SYSTEMPATH\CodeIgniter.php(353): CodeIgniter\CodeIgniter->handleRequest(null, Object(Config\Cache), false)
 9 FCPATH\index.php(79): CodeIgniter\CodeIgniter->run()
CRITICAL - 2023-10-24 01:16:48 --> Undefined variable $marcas
in APPPATH\Views\activos\editaractivo.php on line 24.
 1 APPPATH\Views\activos\editaractivo.php(24): CodeIgniter\Debug\Exceptions->errorHandler(2, 'Undefined variable $marcas', 'C:\\wamp64\\www\\system\\app\\Views\\activos\\editaractivo.php', 24)
 2 SYSTEMPATH\View\View.php(226): include('C:\\wamp64\\www\\system\\app\\Views\\activos\\editaractivo.php')
 3 SYSTEMPATH\View\View.php(229): CodeIgniter\View\View->CodeIgniter\View\{closure}()
 4 SYSTEMPATH\Common.php(1188): CodeIgniter\View\View->render('activos/editaractivo', [], true)
 5 APPPATH\Controllers\AccionController.php(457): view('activos/editaractivo', [...])
 6 SYSTEMPATH\CodeIgniter.php(919): App\Controllers\AccionController->activoupdate('201000235')
 7 SYSTEMPATH\CodeIgniter.php(494): CodeIgniter\CodeIgniter->runController(Object(App\Controllers\AccionController))
 8 SYSTEMPATH\CodeIgniter.php(353): CodeIgniter\CodeIgniter->handleRequest(null, Object(Config\Cache), false)
 9 FCPATH\index.php(79): CodeIgniter\CodeIgniter->run()
CRITICAL - 2023-10-24 01:19:01 --> Undefined variable $marcas
in APPPATH\Views\activos\editaractivo.php on line 24.
 1 APPPATH\Views\activos\editaractivo.php(24): CodeIgniter\Debug\Exceptions->errorHandler(2, 'Undefined variable $marcas', 'C:\\wamp64\\www\\system\\app\\Views\\activos\\editaractivo.php', 24)
 2 SYSTEMPATH\View\View.php(226): include('C:\\wamp64\\www\\system\\app\\Views\\activos\\editaractivo.php')
 3 SYSTEMPATH\View\View.php(229): CodeIgniter\View\View->CodeIgniter\View\{closure}()
 4 SYSTEMPATH\Common.php(1188): CodeIgniter\View\View->render('activos/editaractivo', [], true)
 5 APPPATH\Controllers\AccionController.php(457): view('activos/editaractivo', [...])
 6 SYSTEMPATH\CodeIgniter.php(919): App\Controllers\AccionController->activoupdate('201000235')
 7 SYSTEMPATH\CodeIgniter.php(494): CodeIgniter\CodeIgniter->runController(Object(App\Controllers\AccionController))
 8 SYSTEMPATH\CodeIgniter.php(353): CodeIgniter\CodeIgniter->handleRequest(null, Object(Config\Cache), false)
 9 FCPATH\index.php(79): CodeIgniter\CodeIgniter->run()
CRITICAL - 2023-10-24 01:19:05 --> Undefined variable $marcas
in APPPATH\Views\activos\editaractivo.php on line 24.
 1 APPPATH\Views\activos\editaractivo.php(24): CodeIgniter\Debug\Exceptions->errorHandler(2, 'Undefined variable $marcas', 'C:\\wamp64\\www\\system\\app\\Views\\activos\\editaractivo.php', 24)
 2 SYSTEMPATH\View\View.php(226): include('C:\\wamp64\\www\\system\\app\\Views\\activos\\editaractivo.php')
 3 SYSTEMPATH\View\View.php(229): CodeIgniter\View\View->CodeIgniter\View\{closure}()
 4 SYSTEMPATH\Common.php(1188): CodeIgniter\View\View->render('activos/editaractivo', [], true)
 5 APPPATH\Controllers\AccionController.php(457): view('activos/editaractivo', [...])
 6 SYSTEMPATH\CodeIgniter.php(919): App\Controllers\AccionController->activoupdate('201000235')
 7 SYSTEMPATH\CodeIgniter.php(494): CodeIgniter\CodeIgniter->runController(Object(App\Controllers\AccionController))
 8 SYSTEMPATH\CodeIgniter.php(353): CodeIgniter\CodeIgniter->handleRequest(null, Object(Config\Cache), false)
 9 FCPATH\index.php(79): CodeIgniter\CodeIgniter->run()
CRITICAL - 2023-10-24 01:20:12 --> Undefined variable $marcas
in APPPATH\Views\activos\editaractivo.php on line 24.
 1 APPPATH\Views\activos\editaractivo.php(24): CodeIgniter\Debug\Exceptions->errorHandler(2, 'Undefined variable $marcas', 'C:\\wamp64\\www\\system\\app\\Views\\activos\\editaractivo.php', 24)
 2 SYSTEMPATH\View\View.php(226): include('C:\\wamp64\\www\\system\\app\\Views\\activos\\editaractivo.php')
 3 SYSTEMPATH\View\View.php(229): CodeIgniter\View\View->CodeIgniter\View\{closure}()
 4 SYSTEMPATH\Common.php(1188): CodeIgniter\View\View->render('activos/editaractivo', [], true)
 5 APPPATH\Controllers\AccionController.php(457): view('activos/editaractivo', [...])
 6 SYSTEMPATH\CodeIgniter.php(919): App\Controllers\AccionController->activoupdate('201000235')
 7 SYSTEMPATH\CodeIgniter.php(494): CodeIgniter\CodeIgniter->runController(Object(App\Controllers\AccionController))
 8 SYSTEMPATH\CodeIgniter.php(353): CodeIgniter\CodeIgniter->handleRequest(null, Object(Config\Cache), false)
 9 FCPATH\index.php(79): CodeIgniter\CodeIgniter->run()
CRITICAL - 2023-10-24 01:20:16 --> Undefined variable $marcas
in APPPATH\Views\activos\editaractivo.php on line 24.
 1 APPPATH\Views\activos\editaractivo.php(24): CodeIgniter\Debug\Exceptions->errorHandler(2, 'Undefined variable $marcas', 'C:\\wamp64\\www\\system\\app\\Views\\activos\\editaractivo.php', 24)
 2 SYSTEMPATH\View\View.php(226): include('C:\\wamp64\\www\\system\\app\\Views\\activos\\editaractivo.php')
 3 SYSTEMPATH\View\View.php(229): CodeIgniter\View\View->CodeIgniter\View\{closure}()
 4 SYSTEMPATH\Common.php(1188): CodeIgniter\View\View->render('activos/editaractivo', [], true)
 5 APPPATH\Controllers\AccionController.php(457): view('activos/editaractivo', [...])
 6 SYSTEMPATH\CodeIgniter.php(919): App\Controllers\AccionController->activoupdate('201000235')
 7 SYSTEMPATH\CodeIgniter.php(494): CodeIgniter\CodeIgniter->runController(Object(App\Controllers\AccionController))
 8 SYSTEMPATH\CodeIgniter.php(353): CodeIgniter\CodeIgniter->handleRequest(null, Object(Config\Cache), false)
 9 FCPATH\index.php(79): CodeIgniter\CodeIgniter->run()
CRITICAL - 2023-10-24 01:20:30 --> Undefined variable $marcas
in APPPATH\Views\activos\editaractivo.php on line 24.
 1 APPPATH\Views\activos\editaractivo.php(24): CodeIgniter\Debug\Exceptions->errorHandler(2, 'Undefined variable $marcas', 'C:\\wamp64\\www\\system\\app\\Views\\activos\\editaractivo.php', 24)
 2 SYSTEMPATH\View\View.php(226): include('C:\\wamp64\\www\\system\\app\\Views\\activos\\editaractivo.php')
 3 SYSTEMPATH\View\View.php(229): CodeIgniter\View\View->CodeIgniter\View\{closure}()
 4 SYSTEMPATH\Common.php(1188): CodeIgniter\View\View->render('activos/editaractivo', [], true)
 5 APPPATH\Controllers\AccionController.php(457): view('activos/editaractivo', [...])
 6 SYSTEMPATH\CodeIgniter.php(919): App\Controllers\AccionController->activoupdate('201000235')
 7 SYSTEMPATH\CodeIgniter.php(494): CodeIgniter\CodeIgniter->runController(Object(App\Controllers\AccionController))
 8 SYSTEMPATH\CodeIgniter.php(353): CodeIgniter\CodeIgniter->handleRequest(null, Object(Config\Cache), false)
 9 FCPATH\index.php(79): CodeIgniter\CodeIgniter->run()
CRITICAL - 2023-10-24 01:20:32 --> Undefined variable $marcas
in APPPATH\Views\activos\editaractivo.php on line 24.
 1 APPPATH\Views\activos\editaractivo.php(24): CodeIgniter\Debug\Exceptions->errorHandler(2, 'Undefined variable $marcas', 'C:\\wamp64\\www\\system\\app\\Views\\activos\\editaractivo.php', 24)
 2 SYSTEMPATH\View\View.php(226): include('C:\\wamp64\\www\\system\\app\\Views\\activos\\editaractivo.php')
 3 SYSTEMPATH\View\View.php(229): CodeIgniter\View\View->CodeIgniter\View\{closure}()
 4 SYSTEMPATH\Common.php(1188): CodeIgniter\View\View->render('activos/editaractivo', [], true)
 5 APPPATH\Controllers\AccionController.php(457): view('activos/editaractivo', [...])
 6 SYSTEMPATH\CodeIgniter.php(919): App\Controllers\AccionController->activoupdate('201000235')
 7 SYSTEMPATH\CodeIgniter.php(494): CodeIgniter\CodeIgniter->runController(Object(App\Controllers\AccionController))
 8 SYSTEMPATH\CodeIgniter.php(353): CodeIgniter\CodeIgniter->handleRequest(null, Object(Config\Cache), false)
 9 FCPATH\index.php(79): CodeIgniter\CodeIgniter->run()
CRITICAL - 2023-10-24 01:20:36 --> Undefined variable $marcas
in APPPATH\Views\activos\editaractivo.php on line 24.
 1 APPPATH\Views\activos\editaractivo.php(24): CodeIgniter\Debug\Exceptions->errorHandler(2, 'Undefined variable $marcas', 'C:\\wamp64\\www\\system\\app\\Views\\activos\\editaractivo.php', 24)
 2 SYSTEMPATH\View\View.php(226): include('C:\\wamp64\\www\\system\\app\\Views\\activos\\editaractivo.php')
 3 SYSTEMPATH\View\View.php(229): CodeIgniter\View\View->CodeIgniter\View\{closure}()
 4 SYSTEMPATH\Common.php(1188): CodeIgniter\View\View->render('activos/editaractivo', [], true)
 5 APPPATH\Controllers\AccionController.php(457): view('activos/editaractivo', [...])
 6 SYSTEMPATH\CodeIgniter.php(919): App\Controllers\AccionController->activoupdate('201000235')
 7 SYSTEMPATH\CodeIgniter.php(494): CodeIgniter\CodeIgniter->runController(Object(App\Controllers\AccionController))
 8 SYSTEMPATH\CodeIgniter.php(353): CodeIgniter\CodeIgniter->handleRequest(null, Object(Config\Cache), false)
 9 FCPATH\index.php(79): CodeIgniter\CodeIgniter->run()
CRITICAL - 2023-10-24 01:20:56 --> Undefined variable $activo
in APPPATH\Views\activos\editaractivo.php on line 16.
 1 APPPATH\Views\activos\editaractivo.php(16): CodeIgniter\Debug\Exceptions->errorHandler(2, 'Undefined variable $activo', 'C:\\wamp64\\www\\system\\app\\Views\\activos\\editaractivo.php', 16)
 2 SYSTEMPATH\View\View.php(226): include('C:\\wamp64\\www\\system\\app\\Views\\activos\\editaractivo.php')
 3 SYSTEMPATH\View\View.php(229): CodeIgniter\View\View->CodeIgniter\View\{closure}()
 4 SYSTEMPATH\Common.php(1188): CodeIgniter\View\View->render('activos/editaractivo', [], true)
 5 APPPATH\Controllers\VistaController.php(80): view('activos/editaractivo', [...])
 6 SYSTEMPATH\CodeIgniter.php(919): App\Controllers\VistaController->marca()
 7 SYSTEMPATH\CodeIgniter.php(494): CodeIgniter\CodeIgniter->runController(Object(App\Controllers\VistaController))
 8 SYSTEMPATH\CodeIgniter.php(353): CodeIgniter\CodeIgniter->handleRequest(null, Object(Config\Cache), false)
 9 FCPATH\index.php(79): CodeIgniter\CodeIgniter->run()
CRITICAL - 2023-10-24 13:13:39 --> Undefined variable $datos
in APPPATH\Controllers\AccionController.php on line 46.
 1 APPPATH\Controllers\AccionController.php(46): CodeIgniter\Debug\Exceptions->errorHandler(2, 'Undefined variable $datos', 'C:\\wamp64\\www\\system\\app\\Controllers\\AccionController.php', 46)
 2 SYSTEMPATH\CodeIgniter.php(919): App\Controllers\AccionController->save()
 3 SYSTEMPATH\CodeIgniter.php(494): CodeIgniter\CodeIgniter->runController(Object(App\Controllers\AccionController))
 4 SYSTEMPATH\CodeIgniter.php(353): CodeIgniter\CodeIgniter->handleRequest(null, Object(Config\Cache), false)
 5 FCPATH\index.php(79): CodeIgniter\CodeIgniter->run()
CRITICAL - 2023-10-24 13:14:06 --> Undefined variable $datos
in APPPATH\Controllers\AccionController.php on line 46.
 1 APPPATH\Controllers\AccionController.php(46): CodeIgniter\Debug\Exceptions->errorHandler(2, 'Undefined variable $datos', 'C:\\wamp64\\www\\system\\app\\Controllers\\AccionController.php', 46)
 2 SYSTEMPATH\CodeIgniter.php(919): App\Controllers\AccionController->save()
 3 SYSTEMPATH\CodeIgniter.php(494): CodeIgniter\CodeIgniter->runController(Object(App\Controllers\AccionController))
 4 SYSTEMPATH\CodeIgniter.php(353): CodeIgniter\CodeIgniter->handleRequest(null, Object(Config\Cache), false)
 5 FCPATH\index.php(79): CodeIgniter\CodeIgniter->run()
ERROR - 2023-10-24 13:17:25 --> mysqli_sql_exception: Unknown column 'nombre' in 'where clause' in C:\wamp64\www\system\system\Database\MySQLi\Connection.php:306
Stack trace:
#0 C:\wamp64\www\system\system\Database\MySQLi\Connection.php(306): mysqli->query('SELECT 1\nFROM `...', 0)
#1 C:\wamp64\www\system\system\Database\BaseConnection.php(692): CodeIgniter\Database\MySQLi\Connection->execute('SELECT 1\nFROM `...')
#2 C:\wamp64\www\system\system\Database\BaseConnection.php(606): CodeIgniter\Database\BaseConnection->simpleQuery('SELECT 1\nFROM `...')
#3 C:\wamp64\www\system\system\Database\BaseBuilder.php(1615): CodeIgniter\Database\BaseConnection->query('SELECT 1\nFROM `...', Array, false)
#4 C:\wamp64\www\system\system\Validation\StrictRules\Rules.php(206): CodeIgniter\Database\BaseBuilder->get()
#5 C:\wamp64\www\system\system\Validation\Validation.php(309): CodeIgniter\Validation\StrictRules\Rules->is_unique('Analista de bas...', 'nombre', Array, NULL, 'nombre')
#6 C:\wamp64\www\system\system\Validation\Validation.php(195): CodeIgniter\Validation\Validation->processRules('nombre', 'nombre', 'Analista de bas...', Array, Array)
#7 C:\wamp64\www\system\system\Controller.php(150): CodeIgniter\Validation\Validation->run()
#8 C:\wamp64\www\system\app\Controllers\AccionController.php(28): CodeIgniter\Controller->validate(Array)
#9 C:\wamp64\www\system\system\CodeIgniter.php(919): App\Controllers\AccionController->save()
#10 C:\wamp64\www\system\system\CodeIgniter.php(494): CodeIgniter\CodeIgniter->runController(Object(App\Controllers\AccionController))
#11 C:\wamp64\www\system\system\CodeIgniter.php(353): CodeIgniter\CodeIgniter->handleRequest(NULL, Object(Config\Cache), false)
#12 C:\wamp64\www\system\public\index.php(79): CodeIgniter\CodeIgniter->run()
#13 {main}
CRITICAL - 2023-10-24 13:17:25 --> Unknown column 'nombre' in 'where clause'
in SYSTEMPATH\Database\BaseConnection.php on line 646.
 1 SYSTEMPATH\Database\BaseBuilder.php(1615): CodeIgniter\Database\BaseConnection->query('SELECT 1
FROM `resp_cargo`
WHERE `nombre` = :nombre:
 LIMIT 1', [...], false)
 2 SYSTEMPATH\Validation\StrictRules\Rules.php(206): CodeIgniter\Database\BaseBuilder->get()
 3 SYSTEMPATH\Validation\Validation.php(309): CodeIgniter\Validation\StrictRules\Rules->is_unique('Analista de base de datos', 'nombre', [...], null, 'nombre')
 4 SYSTEMPATH\Validation\Validation.php(195): CodeIgniter\Validation\Validation->processRules('nombre', 'nombre', 'Analista de base de datos', [...], [...])
 5 SYSTEMPATH\Controller.php(150): CodeIgniter\Validation\Validation->run()
 6 APPPATH\Controllers\AccionController.php(28): CodeIgniter\Controller->validate([...])
 7 SYSTEMPATH\CodeIgniter.php(919): App\Controllers\AccionController->save()
 8 SYSTEMPATH\CodeIgniter.php(494): CodeIgniter\CodeIgniter->runController(Object(App\Controllers\AccionController))
 9 SYSTEMPATH\CodeIgniter.php(353): CodeIgniter\CodeIgniter->handleRequest(null, Object(Config\Cache), false)
10 FCPATH\index.php(79): CodeIgniter\CodeIgniter->run()
CRITICAL - 2023-10-24 13:28:20 --> Undefined property: CodeIgniter\Validation\Validation::$setRules
in APPPATH\Controllers\AccionController.php on line 27.
 1 APPPATH\Controllers\AccionController.php(27): CodeIgniter\Debug\Exceptions->errorHandler(2, 'Undefined property: CodeIgniter\\Validation\\Validation::$setRules', 'C:\\wamp64\\www\\system\\app\\Controllers\\AccionController.php', 27)
 2 SYSTEMPATH\CodeIgniter.php(919): App\Controllers\AccionController->save()
 3 SYSTEMPATH\CodeIgniter.php(494): CodeIgniter\CodeIgniter->runController(Object(App\Controllers\AccionController))
 4 SYSTEMPATH\CodeIgniter.php(353): CodeIgniter\CodeIgniter->handleRequest(null, Object(Config\Cache), false)
 5 FCPATH\index.php(79): CodeIgniter\CodeIgniter->run()
ERROR - 2023-10-24 15:19:32 --> mysqli_sql_exception: Table 'patrimonioprueba.mov_marca' doesn't exist in C:\wamp64\www\system\system\Database\MySQLi\Connection.php:306
Stack trace:
#0 C:\wamp64\www\system\system\Database\MySQLi\Connection.php(306): mysqli->query('SELECT 1\nFROM `...', 0)
#1 C:\wamp64\www\system\system\Database\BaseConnection.php(692): CodeIgniter\Database\MySQLi\Connection->execute('SELECT 1\nFROM `...')
#2 C:\wamp64\www\system\system\Database\BaseConnection.php(606): CodeIgniter\Database\BaseConnection->simpleQuery('SELECT 1\nFROM `...')
#3 C:\wamp64\www\system\system\Database\BaseBuilder.php(1615): CodeIgniter\Database\BaseConnection->query('SELECT 1\nFROM `...', Array, false)
#4 C:\wamp64\www\system\system\Validation\StrictRules\Rules.php(206): CodeIgniter\Database\BaseBuilder->get()
#5 C:\wamp64\www\system\system\Validation\Validation.php(309): CodeIgniter\Validation\StrictRules\Rules->is_unique('VIT', 'nombre', Array, NULL, 'nombre')
#6 C:\wamp64\www\system\system\Validation\Validation.php(195): CodeIgniter\Validation\Validation->processRules('nombre', 'nombre', 'VIT', Array, Array)
#7 C:\wamp64\www\system\system\Controller.php(150): CodeIgniter\Validation\Validation->run()
#8 C:\wamp64\www\system\app\Controllers\AccionController.php(350): CodeIgniter\Controller->validate(Array)
#9 C:\wamp64\www\system\system\CodeIgniter.php(919): App\Controllers\AccionController->updatemarca()
#10 C:\wamp64\www\system\system\CodeIgniter.php(494): CodeIgniter\CodeIgniter->runController(Object(App\Controllers\AccionController))
#11 C:\wamp64\www\system\system\CodeIgniter.php(353): CodeIgniter\CodeIgniter->handleRequest(NULL, Object(Config\Cache), false)
#12 C:\wamp64\www\system\public\index.php(79): CodeIgniter\CodeIgniter->run()
#13 {main}
CRITICAL - 2023-10-24 15:19:32 --> Table 'patrimonioprueba.mov_marca' doesn't exist
in SYSTEMPATH\Database\BaseConnection.php on line 646.
 1 SYSTEMPATH\Database\BaseBuilder.php(1615): CodeIgniter\Database\BaseConnection->query('SELECT 1
FROM `mov_marca`
WHERE `nombre` = :nombre:
 LIMIT 1', [...], false)
 2 SYSTEMPATH\Validation\StrictRules\Rules.php(206): CodeIgniter\Database\BaseBuilder->get()
 3 SYSTEMPATH\Validation\Validation.php(309): CodeIgniter\Validation\StrictRules\Rules->is_unique('VIT', 'nombre', [...], null, 'nombre')
 4 SYSTEMPATH\Validation\Validation.php(195): CodeIgniter\Validation\Validation->processRules('nombre', 'nombre', 'VIT', [...], [...])
 5 SYSTEMPATH\Controller.php(150): CodeIgniter\Validation\Validation->run()
 6 APPPATH\Controllers\AccionController.php(350): CodeIgniter\Controller->validate([...])
 7 SYSTEMPATH\CodeIgniter.php(919): App\Controllers\AccionController->updatemarca()
 8 SYSTEMPATH\CodeIgniter.php(494): CodeIgniter\CodeIgniter->runController(Object(App\Controllers\AccionController))
 9 SYSTEMPATH\CodeIgniter.php(353): CodeIgniter\CodeIgniter->handleRequest(null, Object(Config\Cache), false)
10 FCPATH\index.php(79): CodeIgniter\CodeIgniter->run()
CRITICAL - 2023-10-24 17:29:08 --> "All accounts must have usernames provided" is not a valid rule.
in SYSTEMPATH\Validation\Validation.php on line 317.
 1 SYSTEMPATH\Validation\Validation.php(317): CodeIgniter\Validation\Exceptions\ValidationException::forRuleNotFound('All accounts must have usernames provided')
 2 SYSTEMPATH\Validation\Validation.php(195): CodeIgniter\Validation\Validation->processRules('nombre', 'nombre', '6', [...], [...])
 3 SYSTEMPATH\Controller.php(150): CodeIgniter\Validation\Validation->run()
 4 APPPATH\Controllers\AccionController.php(27): CodeIgniter\Controller->validate([...])
 5 SYSTEMPATH\CodeIgniter.php(919): App\Controllers\AccionController->save()
 6 SYSTEMPATH\CodeIgniter.php(494): CodeIgniter\CodeIgniter->runController(Object(App\Controllers\AccionController))
 7 SYSTEMPATH\CodeIgniter.php(353): CodeIgniter\CodeIgniter->handleRequest(null, Object(Config\Cache), false)
 8 FCPATH\index.php(79): CodeIgniter\CodeIgniter->run()
ERROR - 2023-10-24 17:40:00 --> mysqli_sql_exception: Table 'patrimonioprueba.act_activo' doesn't exist in C:\wamp64\www\system\system\Database\MySQLi\Connection.php:306
Stack trace:
#0 C:\wamp64\www\system\system\Database\MySQLi\Connection.php(306): mysqli->query('SELECT 1\nFROM `...', 0)
#1 C:\wamp64\www\system\system\Database\BaseConnection.php(692): CodeIgniter\Database\MySQLi\Connection->execute('SELECT 1\nFROM `...')
#2 C:\wamp64\www\system\system\Database\BaseConnection.php(606): CodeIgniter\Database\BaseConnection->simpleQuery('SELECT 1\nFROM `...')
#3 C:\wamp64\www\system\system\Database\BaseBuilder.php(1615): CodeIgniter\Database\BaseConnection->query('SELECT 1\nFROM `...', Array, false)
#4 C:\wamp64\www\system\system\Validation\StrictRules\Rules.php(206): CodeIgniter\Database\BaseBuilder->get()
#5 C:\wamp64\www\system\system\Validation\Validation.php(309): CodeIgniter\Validation\StrictRules\Rules->is_unique('201000226', 'codigo', Array, NULL, 'codigo')
#6 C:\wamp64\www\system\system\Validation\Validation.php(195): CodeIgniter\Validation\Validation->processRules('codigo', 'codigo', '201000226', Array, Array)
#7 C:\wamp64\www\system\system\Controller.php(150): CodeIgniter\Validation\Validation->run()
#8 C:\wamp64\www\system\app\Controllers\AccionController.php(124): CodeIgniter\Controller->validate(Array)
#9 C:\wamp64\www\system\system\CodeIgniter.php(919): App\Controllers\AccionController->saveactivo()
#10 C:\wamp64\www\system\system\CodeIgniter.php(494): CodeIgniter\CodeIgniter->runController(Object(App\Controllers\AccionController))
#11 C:\wamp64\www\system\system\CodeIgniter.php(353): CodeIgniter\CodeIgniter->handleRequest(NULL, Object(Config\Cache), false)
#12 C:\wamp64\www\system\public\index.php(79): CodeIgniter\CodeIgniter->run()
#13 {main}
CRITICAL - 2023-10-24 17:40:00 --> Table 'patrimonioprueba.act_activo' doesn't exist
in SYSTEMPATH\Database\BaseConnection.php on line 646.
 1 SYSTEMPATH\Database\BaseBuilder.php(1615): CodeIgniter\Database\BaseConnection->query('SELECT 1
FROM `act_activo`
WHERE `codigo` = :codigo:
 LIMIT 1', [...], false)
 2 SYSTEMPATH\Validation\StrictRules\Rules.php(206): CodeIgniter\Database\BaseBuilder->get()
 3 SYSTEMPATH\Validation\Validation.php(309): CodeIgniter\Validation\StrictRules\Rules->is_unique('201000226', 'codigo', [...], null, 'codigo')
 4 SYSTEMPATH\Validation\Validation.php(195): CodeIgniter\Validation\Validation->processRules('codigo', 'codigo', '201000226', [...], [...])
 5 SYSTEMPATH\Controller.php(150): CodeIgniter\Validation\Validation->run()
 6 APPPATH\Controllers\AccionController.php(124): CodeIgniter\Controller->validate([...])
 7 SYSTEMPATH\CodeIgniter.php(919): App\Controllers\AccionController->saveactivo()
 8 SYSTEMPATH\CodeIgniter.php(494): CodeIgniter\CodeIgniter->runController(Object(App\Controllers\AccionController))
 9 SYSTEMPATH\CodeIgniter.php(353): CodeIgniter\CodeIgniter->handleRequest(null, Object(Config\Cache), false)
10 FCPATH\index.php(79): CodeIgniter\CodeIgniter->run()
CRITICAL - 2023-10-24 17:59:12 --> Undefined array key "descripcion"
in APPPATH\Controllers\AccionController.php on line 133.
 1 APPPATH\Controllers\AccionController.php(133): CodeIgniter\Debug\Exceptions->errorHandler(2, 'Undefined array key "descripcion"', 'C:\\wamp64\\www\\system\\app\\Controllers\\AccionController.php', 133)
 2 SYSTEMPATH\CodeIgniter.php(919): App\Controllers\AccionController->saveactivo()
 3 SYSTEMPATH\CodeIgniter.php(494): CodeIgniter\CodeIgniter->runController(Object(App\Controllers\AccionController))
 4 SYSTEMPATH\CodeIgniter.php(353): CodeIgniter\CodeIgniter->handleRequest(null, Object(Config\Cache), false)
 5 FCPATH\index.php(79): CodeIgniter\CodeIgniter->run()
