CRITICAL - 2023-10-16 12:47:30 --> There is no data to insert.
in SYSTEMPATH\BaseModel.php on line 768.
 1 SYSTEMPATH\BaseModel.php(768): CodeIgniter\Database\Exceptions\DataException::forEmptyDataset('insert')
 2 SYSTEMPATH\Model.php(715): CodeIgniter\BaseModel->insert([], true)
 3 APPPATH\Models\Tipo.php(17): CodeIgniter\Model->insert([...])
 4 APPPATH\Controllers\AccionController.php(133): App\Models\Tipo->insertar([...])
 5 SYSTEMPATH\CodeIgniter.php(919): App\Controllers\AccionController->savetipo()
 6 SYSTEMPATH\CodeIgniter.php(494): CodeIgniter\CodeIgniter->runController(Object(App\Controllers\AccionController))
 7 SYSTEMPATH\CodeIgniter.php(353): CodeIgniter\CodeIgniter->handleRequest(null, Object(Config\Cache), false)
 8 FCPATH\index.php(79): CodeIgniter\CodeIgniter->run()
CRITICAL - 2023-10-16 14:03:56 --> Undefined variable $cargos
in APPPATH\Views\movimientos\movimientos.php on line 46.
 1 APPPATH\Views\movimientos\movimientos.php(46): CodeIgniter\Debug\Exceptions->errorHandler(2, 'Undefined variable $cargos', 'C:\\wamp64\\www\\system\\app\\Views\\movimientos\\movimientos.php', 46)
 2 SYSTEMPATH\View\View.php(226): include('C:\\wamp64\\www\\system\\app\\Views\\movimientos\\movimientos.php')
 3 SYSTEMPATH\View\View.php(229): CodeIgniter\View\View->CodeIgniter\View\{closure}()
 4 SYSTEMPATH\Common.php(1188): CodeIgniter\View\View->render('movimientos/movimientos', [], true)
 5 APPPATH\Controllers\VistaController.php(132): view('movimientos/movimientos', [...])
 6 SYSTEMPATH\CodeIgniter.php(919): App\Controllers\VistaController->movimiento()
 7 SYSTEMPATH\CodeIgniter.php(494): CodeIgniter\CodeIgniter->runController(Object(App\Controllers\VistaController))
 8 SYSTEMPATH\CodeIgniter.php(353): CodeIgniter\CodeIgniter->handleRequest(null, Object(Config\Cache), false)
 9 FCPATH\index.php(79): CodeIgniter\CodeIgniter->run()
CRITICAL - 2023-10-16 14:14:55 --> Undefined array key "id_movi$movimiento"
in APPPATH\Views\movimientos\movimientos.php on line 56.
 1 APPPATH\Views\movimientos\movimientos.php(56): CodeIgniter\Debug\Exceptions->errorHandler(2, 'Undefined array key "id_movi$movimiento"', 'C:\\wamp64\\www\\system\\app\\Views\\movimientos\\movimientos.php', 56)
 2 SYSTEMPATH\View\View.php(226): include('C:\\wamp64\\www\\system\\app\\Views\\movimientos\\movimientos.php')
 3 SYSTEMPATH\View\View.php(229): CodeIgniter\View\View->CodeIgniter\View\{closure}()
 4 SYSTEMPATH\Common.php(1188): CodeIgniter\View\View->render('movimientos/movimientos', [], true)
 5 APPPATH\Controllers\VistaController.php(132): view('movimientos/movimientos', [...])
 6 SYSTEMPATH\CodeIgniter.php(919): App\Controllers\VistaController->movimiento()
 7 SYSTEMPATH\CodeIgniter.php(494): CodeIgniter\CodeIgniter->runController(Object(App\Controllers\VistaController))
 8 SYSTEMPATH\CodeIgniter.php(353): CodeIgniter\CodeIgniter->handleRequest(null, Object(Config\Cache), false)
 9 FCPATH\index.php(79): CodeIgniter\CodeIgniter->run()
CRITICAL - 2023-10-16 14:15:14 --> Undefined array key "id_movi$movimiento"
in APPPATH\Views\movimientos\movimientos.php on line 56.
 1 APPPATH\Views\movimientos\movimientos.php(56): CodeIgniter\Debug\Exceptions->errorHandler(2, 'Undefined array key "id_movi$movimiento"', 'C:\\wamp64\\www\\system\\app\\Views\\movimientos\\movimientos.php', 56)
 2 SYSTEMPATH\View\View.php(226): include('C:\\wamp64\\www\\system\\app\\Views\\movimientos\\movimientos.php')
 3 SYSTEMPATH\View\View.php(229): CodeIgniter\View\View->CodeIgniter\View\{closure}()
 4 SYSTEMPATH\Common.php(1188): CodeIgniter\View\View->render('movimientos/movimientos', [], true)
 5 APPPATH\Controllers\VistaController.php(132): view('movimientos/movimientos', [...])
 6 SYSTEMPATH\CodeIgniter.php(919): App\Controllers\VistaController->movimiento()
 7 SYSTEMPATH\CodeIgniter.php(494): CodeIgniter\CodeIgniter->runController(Object(App\Controllers\VistaController))
 8 SYSTEMPATH\CodeIgniter.php(353): CodeIgniter\CodeIgniter->handleRequest(null, Object(Config\Cache), false)
 9 FCPATH\index.php(79): CodeIgniter\CodeIgniter->run()
CRITICAL - 2023-10-16 14:15:38 --> Undefined array key "id_movi$movimiento"
in APPPATH\Views\movimientos\movimientos.php on line 72.
 1 APPPATH\Views\movimientos\movimientos.php(72): CodeIgniter\Debug\Exceptions->errorHandler(2, 'Undefined array key "id_movi$movimiento"', 'C:\\wamp64\\www\\system\\app\\Views\\movimientos\\movimientos.php', 72)
 2 SYSTEMPATH\View\View.php(226): include('C:\\wamp64\\www\\system\\app\\Views\\movimientos\\movimientos.php')
 3 SYSTEMPATH\View\View.php(229): CodeIgniter\View\View->CodeIgniter\View\{closure}()
 4 SYSTEMPATH\Common.php(1188): CodeIgniter\View\View->render('movimientos/movimientos', [], true)
 5 APPPATH\Controllers\VistaController.php(132): view('movimientos/movimientos', [...])
 6 SYSTEMPATH\CodeIgniter.php(919): App\Controllers\VistaController->movimiento()
 7 SYSTEMPATH\CodeIgniter.php(494): CodeIgniter\CodeIgniter->runController(Object(App\Controllers\VistaController))
 8 SYSTEMPATH\CodeIgniter.php(353): CodeIgniter\CodeIgniter->handleRequest(null, Object(Config\Cache), false)
 9 FCPATH\index.php(79): CodeIgniter\CodeIgniter->run()
CRITICAL - 2023-10-16 15:07:20 --> Undefined array key "cedula_mov"
in APPPATH\Views\movimientos\movimientos.php on line 52.
 1 APPPATH\Views\movimientos\movimientos.php(52): CodeIgniter\Debug\Exceptions->errorHandler(2, 'Undefined array key "cedula_mov"', 'C:\\wamp64\\www\\system\\app\\Views\\movimientos\\movimientos.php', 52)
 2 SYSTEMPATH\View\View.php(226): include('C:\\wamp64\\www\\system\\app\\Views\\movimientos\\movimientos.php')
 3 SYSTEMPATH\View\View.php(229): CodeIgniter\View\View->CodeIgniter\View\{closure}()
 4 SYSTEMPATH\Common.php(1188): CodeIgniter\View\View->render('movimientos/movimientos', [], true)
 5 APPPATH\Controllers\VistaController.php(132): view('movimientos/movimientos', [...])
 6 SYSTEMPATH\CodeIgniter.php(919): App\Controllers\VistaController->movimiento()
 7 SYSTEMPATH\CodeIgniter.php(494): CodeIgniter\CodeIgniter->runController(Object(App\Controllers\VistaController))
 8 SYSTEMPATH\CodeIgniter.php(353): CodeIgniter\CodeIgniter->handleRequest(null, Object(Config\Cache), false)
 9 FCPATH\index.php(79): CodeIgniter\CodeIgniter->run()
CRITICAL - 2023-10-16 15:07:49 --> Undefined array key "codigo_resp"
in APPPATH\Views\movimientos\movimientos.php on line 52.
 1 APPPATH\Views\movimientos\movimientos.php(52): CodeIgniter\Debug\Exceptions->errorHandler(2, 'Undefined array key "codigo_resp"', 'C:\\wamp64\\www\\system\\app\\Views\\movimientos\\movimientos.php', 52)
 2 SYSTEMPATH\View\View.php(226): include('C:\\wamp64\\www\\system\\app\\Views\\movimientos\\movimientos.php')
 3 SYSTEMPATH\View\View.php(229): CodeIgniter\View\View->CodeIgniter\View\{closure}()
 4 SYSTEMPATH\Common.php(1188): CodeIgniter\View\View->render('movimientos/movimientos', [], true)
 5 APPPATH\Controllers\VistaController.php(132): view('movimientos/movimientos', [...])
 6 SYSTEMPATH\CodeIgniter.php(919): App\Controllers\VistaController->movimiento()
 7 SYSTEMPATH\CodeIgniter.php(494): CodeIgniter\CodeIgniter->runController(Object(App\Controllers\VistaController))
 8 SYSTEMPATH\CodeIgniter.php(353): CodeIgniter\CodeIgniter->handleRequest(null, Object(Config\Cache), false)
 9 FCPATH\index.php(79): CodeIgniter\CodeIgniter->run()
CRITICAL - 2023-10-16 15:08:02 --> Undefined array key "cedula_resp"
in APPPATH\Views\movimientos\movimientos.php on line 52.
 1 APPPATH\Views\movimientos\movimientos.php(52): CodeIgniter\Debug\Exceptions->errorHandler(2, 'Undefined array key "cedula_resp"', 'C:\\wamp64\\www\\system\\app\\Views\\movimientos\\movimientos.php', 52)
 2 SYSTEMPATH\View\View.php(226): include('C:\\wamp64\\www\\system\\app\\Views\\movimientos\\movimientos.php')
 3 SYSTEMPATH\View\View.php(229): CodeIgniter\View\View->CodeIgniter\View\{closure}()
 4 SYSTEMPATH\Common.php(1188): CodeIgniter\View\View->render('movimientos/movimientos', [], true)
 5 APPPATH\Controllers\VistaController.php(132): view('movimientos/movimientos', [...])
 6 SYSTEMPATH\CodeIgniter.php(919): App\Controllers\VistaController->movimiento()
 7 SYSTEMPATH\CodeIgniter.php(494): CodeIgniter\CodeIgniter->runController(Object(App\Controllers\VistaController))
 8 SYSTEMPATH\CodeIgniter.php(353): CodeIgniter\CodeIgniter->handleRequest(null, Object(Config\Cache), false)
 9 FCPATH\index.php(79): CodeIgniter\CodeIgniter->run()
CRITICAL - 2023-10-16 15:26:07 --> Undefined variable $cargos
in APPPATH\Views\movimientos\movimientos.php on line 80.
 1 APPPATH\Views\movimientos\movimientos.php(80): CodeIgniter\Debug\Exceptions->errorHandler(2, 'Undefined variable $cargos', 'C:\\wamp64\\www\\system\\app\\Views\\movimientos\\movimientos.php', 80)
 2 SYSTEMPATH\View\View.php(226): include('C:\\wamp64\\www\\system\\app\\Views\\movimientos\\movimientos.php')
 3 SYSTEMPATH\View\View.php(229): CodeIgniter\View\View->CodeIgniter\View\{closure}()
 4 SYSTEMPATH\Common.php(1188): CodeIgniter\View\View->render('movimientos/movimientos', [], true)
 5 APPPATH\Controllers\VistaController.php(132): view('movimientos/movimientos', [...])
 6 SYSTEMPATH\CodeIgniter.php(919): App\Controllers\VistaController->movimiento()
 7 SYSTEMPATH\CodeIgniter.php(494): CodeIgniter\CodeIgniter->runController(Object(App\Controllers\VistaController))
 8 SYSTEMPATH\CodeIgniter.php(353): CodeIgniter\CodeIgniter->handleRequest(null, Object(Config\Cache), false)
 9 FCPATH\index.php(79): CodeIgniter\CodeIgniter->run()
CRITICAL - 2023-10-16 15:27:01 --> Undefined variable $cargos
in APPPATH\Views\movimientos\movimientos.php on line 80.
 1 APPPATH\Views\movimientos\movimientos.php(80): CodeIgniter\Debug\Exceptions->errorHandler(2, 'Undefined variable $cargos', 'C:\\wamp64\\www\\system\\app\\Views\\movimientos\\movimientos.php', 80)
 2 SYSTEMPATH\View\View.php(226): include('C:\\wamp64\\www\\system\\app\\Views\\movimientos\\movimientos.php')
 3 SYSTEMPATH\View\View.php(229): CodeIgniter\View\View->CodeIgniter\View\{closure}()
 4 SYSTEMPATH\Common.php(1188): CodeIgniter\View\View->render('movimientos/movimientos', [...], true)
 5 APPPATH\Controllers\VistaController.php(136): view('movimientos/movimientos', [...], [...])
 6 SYSTEMPATH\CodeIgniter.php(919): App\Controllers\VistaController->movimiento()
 7 SYSTEMPATH\CodeIgniter.php(494): CodeIgniter\CodeIgniter->runController(Object(App\Controllers\VistaController))
 8 SYSTEMPATH\CodeIgniter.php(353): CodeIgniter\CodeIgniter->handleRequest(null, Object(Config\Cache), false)
 9 FCPATH\index.php(79): CodeIgniter\CodeIgniter->run()
CRITICAL - 2023-10-16 15:27:43 --> Undefined variable $cargos
in APPPATH\Views\movimientos\movimientos.php on line 80.
 1 APPPATH\Views\movimientos\movimientos.php(80): CodeIgniter\Debug\Exceptions->errorHandler(2, 'Undefined variable $cargos', 'C:\\wamp64\\www\\system\\app\\Views\\movimientos\\movimientos.php', 80)
 2 SYSTEMPATH\View\View.php(226): include('C:\\wamp64\\www\\system\\app\\Views\\movimientos\\movimientos.php')
 3 SYSTEMPATH\View\View.php(229): CodeIgniter\View\View->CodeIgniter\View\{closure}()
 4 SYSTEMPATH\Common.php(1188): CodeIgniter\View\View->render('movimientos/movimientos', [...], true)
 5 APPPATH\Controllers\VistaController.php(136): view('movimientos/movimientos', [...], [...])
 6 SYSTEMPATH\CodeIgniter.php(919): App\Controllers\VistaController->movimiento()
 7 SYSTEMPATH\CodeIgniter.php(494): CodeIgniter\CodeIgniter->runController(Object(App\Controllers\VistaController))
 8 SYSTEMPATH\CodeIgniter.php(353): CodeIgniter\CodeIgniter->handleRequest(null, Object(Config\Cache), false)
 9 FCPATH\index.php(79): CodeIgniter\CodeIgniter->run()
CRITICAL - 2023-10-16 15:28:44 --> Undefined variable $cargos
in APPPATH\Views\movimientos\movimientos.php on line 80.
 1 APPPATH\Views\movimientos\movimientos.php(80): CodeIgniter\Debug\Exceptions->errorHandler(2, 'Undefined variable $cargos', 'C:\\wamp64\\www\\system\\app\\Views\\movimientos\\movimientos.php', 80)
 2 SYSTEMPATH\View\View.php(226): include('C:\\wamp64\\www\\system\\app\\Views\\movimientos\\movimientos.php')
 3 SYSTEMPATH\View\View.php(229): CodeIgniter\View\View->CodeIgniter\View\{closure}()
 4 SYSTEMPATH\Common.php(1188): CodeIgniter\View\View->render('movimientos/movimientos', [...], true)
 5 APPPATH\Controllers\VistaController.php(136): view('movimientos/movimientos', [...], [...])
 6 SYSTEMPATH\CodeIgniter.php(919): App\Controllers\VistaController->movimiento()
 7 SYSTEMPATH\CodeIgniter.php(494): CodeIgniter\CodeIgniter->runController(Object(App\Controllers\VistaController))
 8 SYSTEMPATH\CodeIgniter.php(353): CodeIgniter\CodeIgniter->handleRequest(null, Object(Config\Cache), false)
 9 FCPATH\index.php(79): CodeIgniter\CodeIgniter->run()
ERROR - 2023-10-16 15:53:48 --> mysqli_sql_exception: Unknown column 'nombre_cargo' in 'order clause' in C:\wamp64\www\system\system\Database\MySQLi\Connection.php:306
Stack trace:
#0 C:\wamp64\www\system\system\Database\MySQLi\Connection.php(306): mysqli->query('SELECT *\nFROM `...', 0)
#1 C:\wamp64\www\system\system\Database\BaseConnection.php(692): CodeIgniter\Database\MySQLi\Connection->execute('SELECT *\nFROM `...')
#2 C:\wamp64\www\system\system\Database\BaseConnection.php(606): CodeIgniter\Database\BaseConnection->simpleQuery('SELECT *\nFROM `...')
#3 C:\wamp64\www\system\system\Database\BaseBuilder.php(1615): CodeIgniter\Database\BaseConnection->query('SELECT *\nFROM `...', Array, false)
#4 C:\wamp64\www\system\system\Model.php(237): CodeIgniter\Database\BaseBuilder->get()
#5 C:\wamp64\www\system\system\BaseModel.php(624): CodeIgniter\Model->doFindAll(0, 0)
#6 C:\wamp64\www\system\app\Controllers\VistaController.php(130): CodeIgniter\BaseModel->findAll()
#7 C:\wamp64\www\system\system\CodeIgniter.php(919): App\Controllers\VistaController->movimiento()
#8 C:\wamp64\www\system\system\CodeIgniter.php(494): CodeIgniter\CodeIgniter->runController(Object(App\Controllers\VistaController))
#9 C:\wamp64\www\system\system\CodeIgniter.php(353): CodeIgniter\CodeIgniter->handleRequest(NULL, Object(Config\Cache), false)
#10 C:\wamp64\www\system\public\index.php(79): CodeIgniter\CodeIgniter->run()
#11 {main}
CRITICAL - 2023-10-16 15:53:48 --> Unknown column 'nombre_cargo' in 'order clause'
in SYSTEMPATH\Database\BaseConnection.php on line 646.
 1 SYSTEMPATH\Database\BaseBuilder.php(1615): CodeIgniter\Database\BaseConnection->query('SELECT *
FROM `mov_detalles`
ORDER BY `nombre_cargo` ASC', [], false)
 2 SYSTEMPATH\Model.php(237): CodeIgniter\Database\BaseBuilder->get()
 3 SYSTEMPATH\BaseModel.php(624): CodeIgniter\Model->doFindAll(0, 0)
 4 APPPATH\Controllers\VistaController.php(130): CodeIgniter\BaseModel->findAll()
 5 SYSTEMPATH\CodeIgniter.php(919): App\Controllers\VistaController->movimiento()
 6 SYSTEMPATH\CodeIgniter.php(494): CodeIgniter\CodeIgniter->runController(Object(App\Controllers\VistaController))
 7 SYSTEMPATH\CodeIgniter.php(353): CodeIgniter\CodeIgniter->handleRequest(null, Object(Config\Cache), false)
 8 FCPATH\index.php(79): CodeIgniter\CodeIgniter->run()
CRITICAL - 2023-10-16 17:31:04 --> Invalid file: "movimientos/motivo.php"
in SYSTEMPATH\Exceptions\FrameworkException.php on line 39.
 1 SYSTEMPATH\View\View.php(214): CodeIgniter\Exceptions\FrameworkException::forInvalidFile('movimientos/motivo.php')
 2 SYSTEMPATH\Common.php(1188): CodeIgniter\View\View->render('movimientos/motivo', [], true)
 3 APPPATH\Controllers\VistaController.php(135): view('movimientos/motivo', [...])
 4 SYSTEMPATH\CodeIgniter.php(919): App\Controllers\VistaController->motivo()
 5 SYSTEMPATH\CodeIgniter.php(494): CodeIgniter\CodeIgniter->runController(Object(App\Controllers\VistaController))
 6 SYSTEMPATH\CodeIgniter.php(353): CodeIgniter\CodeIgniter->handleRequest(null, Object(Config\Cache), false)
 7 FCPATH\index.php(79): CodeIgniter\CodeIgniter->run()
CRITICAL - 2023-10-16 17:34:05 --> Invalid file: "movimientos/motivo.php"
in SYSTEMPATH\Exceptions\FrameworkException.php on line 39.
 1 SYSTEMPATH\View\View.php(214): CodeIgniter\Exceptions\FrameworkException::forInvalidFile('movimientos/motivo.php')
 2 SYSTEMPATH\Common.php(1188): CodeIgniter\View\View->render('movimientos/motivo', [], true)
 3 APPPATH\Controllers\VistaController.php(135): view('movimientos/motivo', [...])
 4 SYSTEMPATH\CodeIgniter.php(919): App\Controllers\VistaController->motivo()
 5 SYSTEMPATH\CodeIgniter.php(494): CodeIgniter\CodeIgniter->runController(Object(App\Controllers\VistaController))
 6 SYSTEMPATH\CodeIgniter.php(353): CodeIgniter\CodeIgniter->handleRequest(null, Object(Config\Cache), false)
 7 FCPATH\index.php(79): CodeIgniter\CodeIgniter->run()
CRITICAL - 2023-10-16 17:34:16 --> Undefined array key "id_cargo"
in APPPATH\Views\movimientos\motivo.php on line 52.
 1 APPPATH\Views\movimientos\motivo.php(52): CodeIgniter\Debug\Exceptions->errorHandler(2, 'Undefined array key "id_cargo"', 'C:\\wamp64\\www\\system\\app\\Views\\movimientos\\motivo.php', 52)
 2 SYSTEMPATH\View\View.php(226): include('C:\\wamp64\\www\\system\\app\\Views\\movimientos\\motivo.php')
 3 SYSTEMPATH\View\View.php(229): CodeIgniter\View\View->CodeIgniter\View\{closure}()
 4 SYSTEMPATH\Common.php(1188): CodeIgniter\View\View->render('movimientos/motivo', [], true)
 5 APPPATH\Controllers\VistaController.php(135): view('movimientos/motivo', [...])
 6 SYSTEMPATH\CodeIgniter.php(919): App\Controllers\VistaController->motivo()
 7 SYSTEMPATH\CodeIgniter.php(494): CodeIgniter\CodeIgniter->runController(Object(App\Controllers\VistaController))
 8 SYSTEMPATH\CodeIgniter.php(353): CodeIgniter\CodeIgniter->handleRequest(null, Object(Config\Cache), false)
 9 FCPATH\index.php(79): CodeIgniter\CodeIgniter->run()
CRITICAL - 2023-10-16 17:34:32 --> Undefined array key "id_cargo"
in APPPATH\Views\movimientos\motivo.php on line 68.
 1 APPPATH\Views\movimientos\motivo.php(68): CodeIgniter\Debug\Exceptions->errorHandler(2, 'Undefined array key "id_cargo"', 'C:\\wamp64\\www\\system\\app\\Views\\movimientos\\motivo.php', 68)
 2 SYSTEMPATH\View\View.php(226): include('C:\\wamp64\\www\\system\\app\\Views\\movimientos\\motivo.php')
 3 SYSTEMPATH\View\View.php(229): CodeIgniter\View\View->CodeIgniter\View\{closure}()
 4 SYSTEMPATH\Common.php(1188): CodeIgniter\View\View->render('movimientos/motivo', [], true)
 5 APPPATH\Controllers\VistaController.php(135): view('movimientos/motivo', [...])
 6 SYSTEMPATH\CodeIgniter.php(919): App\Controllers\VistaController->motivo()
 7 SYSTEMPATH\CodeIgniter.php(494): CodeIgniter\CodeIgniter->runController(Object(App\Controllers\VistaController))
 8 SYSTEMPATH\CodeIgniter.php(353): CodeIgniter\CodeIgniter->handleRequest(null, Object(Config\Cache), false)
 9 FCPATH\index.php(79): CodeIgniter\CodeIgniter->run()
