CRITICAL - 2023-11-11 21:59:58 --> Object of type CodeIgniter\HTTP\RedirectResponse is not callable
in APPPATH\Controllers\AccionController.php on line 636.
 1 SYSTEMPATH\CodeIgniter.php(919): App\Controllers\AccionController->updatezona()
 2 SYSTEMPATH\CodeIgniter.php(494): CodeIgniter\CodeIgniter->runController(Object(App\Controllers\AccionController))
 3 SYSTEMPATH\CodeIgniter.php(353): CodeIgniter\CodeIgniter->handleRequest(null, Object(Config\Cache), false)
 4 FCPATH\index.php(79): CodeIgniter\CodeIgniter->run()
CRITICAL - 2023-11-11 23:11:16 --> Invalid file: "templates/index.php"
in SYSTEMPATH\Exceptions\FrameworkException.php on line 39.
 1 SYSTEMPATH\View\View.php(214): CodeIgniter\Exceptions\FrameworkException::forInvalidFile('templates/index.php')
 2 SYSTEMPATH\Common.php(1188): CodeIgniter\View\View->render('templates/index', [], true)
 3 APPPATH\Controllers\VistaController.php(27): view('templates/index', [...])
 4 SYSTEMPATH\CodeIgniter.php(919): App\Controllers\VistaController->index()
 5 SYSTEMPATH\CodeIgniter.php(494): CodeIgniter\CodeIgniter->runController(Object(App\Controllers\VistaController))
 6 SYSTEMPATH\CodeIgniter.php(353): CodeIgniter\CodeIgniter->handleRequest(null, Object(Config\Cache), false)
 7 FCPATH\index.php(79): CodeIgniter\CodeIgniter->run()
CRITICAL - 2023-11-11 23:11:32 --> Invalid file: "templates/index.php"
in SYSTEMPATH\Exceptions\FrameworkException.php on line 39.
 1 SYSTEMPATH\View\View.php(214): CodeIgniter\Exceptions\FrameworkException::forInvalidFile('templates/index.php')
 2 SYSTEMPATH\Common.php(1188): CodeIgniter\View\View->render('templates/index', [], true)
 3 APPPATH\Controllers\VistaController.php(27): view('templates/index', [...])
 4 SYSTEMPATH\CodeIgniter.php(919): App\Controllers\VistaController->index()
 5 SYSTEMPATH\CodeIgniter.php(494): CodeIgniter\CodeIgniter->runController(Object(App\Controllers\VistaController))
 6 SYSTEMPATH\CodeIgniter.php(353): CodeIgniter\CodeIgniter->handleRequest(null, Object(Config\Cache), false)
 7 FCPATH\index.php(79): CodeIgniter\CodeIgniter->run()
CRITICAL - 2023-11-11 23:16:46 --> Invalid file: "templates/index.php"
in SYSTEMPATH\Exceptions\FrameworkException.php on line 39.
 1 SYSTEMPATH\View\View.php(214): CodeIgniter\Exceptions\FrameworkException::forInvalidFile('templates/index.php')
 2 SYSTEMPATH\Common.php(1188): CodeIgniter\View\View->render('templates/index', [], true)
 3 APPPATH\Controllers\VistaController.php(27): view('templates/index', [...])
 4 SYSTEMPATH\CodeIgniter.php(919): App\Controllers\VistaController->index()
 5 SYSTEMPATH\CodeIgniter.php(494): CodeIgniter\CodeIgniter->runController(Object(App\Controllers\VistaController))
 6 SYSTEMPATH\CodeIgniter.php(353): CodeIgniter\CodeIgniter->handleRequest(null, Object(Config\Cache), false)
 7 FCPATH\index.php(79): CodeIgniter\CodeIgniter->run()
CRITICAL - 2023-11-11 19:25:59 --> "App\Models\Desincorporacion" model class does not have a valid dateFormat.
in SYSTEMPATH\BaseModel.php on line 1331.
 1 SYSTEMPATH\BaseModel.php(1331): CodeIgniter\Exceptions\ModelException::forNoDateFormat('App\\Models\\Desincorporacion')
 2 SYSTEMPATH\BaseModel.php(1298): CodeIgniter\BaseModel->intToDate(1699745159)
 3 SYSTEMPATH\BaseModel.php(772): CodeIgniter\BaseModel->setDate()
 4 SYSTEMPATH\Model.php(715): CodeIgniter\BaseModel->insert([...], true)
 5 APPPATH\Models\Desincorporacion.php(23): CodeIgniter\Model->insert([...])
 6 APPPATH\Controllers\AccionController.php(361): App\Models\Desincorporacion->insertar([...])
 7 SYSTEMPATH\CodeIgniter.php(919): App\Controllers\AccionController->disableact()
 8 SYSTEMPATH\CodeIgniter.php(494): CodeIgniter\CodeIgniter->runController(Object(App\Controllers\AccionController))
 9 SYSTEMPATH\CodeIgniter.php(353): CodeIgniter\CodeIgniter->handleRequest(null, Object(Config\Cache), false)
10 FCPATH\index.php(79): CodeIgniter\CodeIgniter->run()
CRITICAL - 2023-11-11 19:27:12 --> "App\Models\Desincorporacion" model class does not have a valid dateFormat.
in SYSTEMPATH\BaseModel.php on line 1331.
 1 SYSTEMPATH\BaseModel.php(1331): CodeIgniter\Exceptions\ModelException::forNoDateFormat('App\\Models\\Desincorporacion')
 2 SYSTEMPATH\BaseModel.php(1298): CodeIgniter\BaseModel->intToDate(1699745232)
 3 SYSTEMPATH\BaseModel.php(772): CodeIgniter\BaseModel->setDate()
 4 SYSTEMPATH\Model.php(715): CodeIgniter\BaseModel->insert([...], true)
 5 APPPATH\Models\Desincorporacion.php(23): CodeIgniter\Model->insert([...])
 6 APPPATH\Controllers\AccionController.php(361): App\Models\Desincorporacion->insertar([...])
 7 SYSTEMPATH\CodeIgniter.php(919): App\Controllers\AccionController->disableact()
 8 SYSTEMPATH\CodeIgniter.php(494): CodeIgniter\CodeIgniter->runController(Object(App\Controllers\AccionController))
 9 SYSTEMPATH\CodeIgniter.php(353): CodeIgniter\CodeIgniter->handleRequest(null, Object(Config\Cache), false)
10 FCPATH\index.php(79): CodeIgniter\CodeIgniter->run()
CRITICAL - 2023-11-11 19:37:14 --> Call to a member function table() on bool
in APPPATH\Models\cargo.php on line 15.
 1 APPPATH\Controllers\AccionController.php(41): App\Models\cargo->insertar([...])
 2 SYSTEMPATH\CodeIgniter.php(919): App\Controllers\AccionController->save()
 3 SYSTEMPATH\CodeIgniter.php(494): CodeIgniter\CodeIgniter->runController(Object(App\Controllers\AccionController))
 4 SYSTEMPATH\CodeIgniter.php(353): CodeIgniter\CodeIgniter->handleRequest(null, Object(Config\Cache), false)
 5 FCPATH\index.php(79): CodeIgniter\CodeIgniter->run()
CRITICAL - 2023-11-11 19:37:40 --> Call to a member function insert() on bool
in APPPATH\Models\cargo.php on line 16.
 1 APPPATH\Controllers\AccionController.php(41): App\Models\cargo->insertar([...])
 2 SYSTEMPATH\CodeIgniter.php(919): App\Controllers\AccionController->save()
 3 SYSTEMPATH\CodeIgniter.php(494): CodeIgniter\CodeIgniter->runController(Object(App\Controllers\AccionController))
 4 SYSTEMPATH\CodeIgniter.php(353): CodeIgniter\CodeIgniter->handleRequest(null, Object(Config\Cache), false)
 5 FCPATH\index.php(79): CodeIgniter\CodeIgniter->run()
CRITICAL - 2023-11-11 20:47:32 --> Call to undefined function set_value()
in APPPATH\Views\movimientos\editarzona.php on line 20.
 1 SYSTEMPATH\View\View.php(226): include()
 2 SYSTEMPATH\View\View.php(229): CodeIgniter\View\View->CodeIgniter\View\{closure}()
 3 SYSTEMPATH\Common.php(1188): CodeIgniter\View\View->render('movimientos/editarzona', [], true)
 4 APPPATH\Controllers\AccionController.php(617): view('movimientos/editarzona', [...])
 5 SYSTEMPATH\CodeIgniter.php(919): App\Controllers\AccionController->zonaupdate('10')
 6 SYSTEMPATH\CodeIgniter.php(494): CodeIgniter\CodeIgniter->runController(Object(App\Controllers\AccionController))
 7 SYSTEMPATH\CodeIgniter.php(353): CodeIgniter\CodeIgniter->handleRequest(null, Object(Config\Cache), false)
 8 FCPATH\index.php(79): CodeIgniter\CodeIgniter->run()
CRITICAL - 2023-11-11 20:48:01 --> Undefined constant "set_value"
in APPPATH\Views\movimientos\editarzona.php on line 20.
 1 SYSTEMPATH\View\View.php(226): include()
 2 SYSTEMPATH\View\View.php(229): CodeIgniter\View\View->CodeIgniter\View\{closure}()
 3 SYSTEMPATH\Common.php(1188): CodeIgniter\View\View->render('movimientos/editarzona', [], true)
 4 APPPATH\Controllers\AccionController.php(617): view('movimientos/editarzona', [...])
 5 SYSTEMPATH\CodeIgniter.php(919): App\Controllers\AccionController->zonaupdate('10')
 6 SYSTEMPATH\CodeIgniter.php(494): CodeIgniter\CodeIgniter->runController(Object(App\Controllers\AccionController))
 7 SYSTEMPATH\CodeIgniter.php(353): CodeIgniter\CodeIgniter->handleRequest(null, Object(Config\Cache), false)
 8 FCPATH\index.php(79): CodeIgniter\CodeIgniter->run()
CRITICAL - 2023-11-11 20:48:25 --> Call to undefined function set_value()
in APPPATH\Views\movimientos\editarzona.php on line 20.
 1 SYSTEMPATH\View\View.php(226): include()
 2 SYSTEMPATH\View\View.php(229): CodeIgniter\View\View->CodeIgniter\View\{closure}()
 3 SYSTEMPATH\Common.php(1188): CodeIgniter\View\View->render('movimientos/editarzona', [], true)
 4 APPPATH\Controllers\AccionController.php(617): view('movimientos/editarzona', [...])
 5 SYSTEMPATH\CodeIgniter.php(919): App\Controllers\AccionController->zonaupdate('10')
 6 SYSTEMPATH\CodeIgniter.php(494): CodeIgniter\CodeIgniter->runController(Object(App\Controllers\AccionController))
 7 SYSTEMPATH\CodeIgniter.php(353): CodeIgniter\CodeIgniter->handleRequest(null, Object(Config\Cache), false)
 8 FCPATH\index.php(79): CodeIgniter\CodeIgniter->run()
CRITICAL - 2023-11-11 20:50:10 --> Call to undefined function set_value()
in APPPATH\Views\movimientos\editarzona.php on line 20.
 1 SYSTEMPATH\View\View.php(226): include()
 2 SYSTEMPATH\View\View.php(229): CodeIgniter\View\View->CodeIgniter\View\{closure}()
 3 SYSTEMPATH\Common.php(1188): CodeIgniter\View\View->render('movimientos/editarzona', [], true)
 4 APPPATH\Controllers\AccionController.php(617): view('movimientos/editarzona', [...])
 5 SYSTEMPATH\CodeIgniter.php(919): App\Controllers\AccionController->zonaupdate('10')
 6 SYSTEMPATH\CodeIgniter.php(494): CodeIgniter\CodeIgniter->runController(Object(App\Controllers\AccionController))
 7 SYSTEMPATH\CodeIgniter.php(353): CodeIgniter\CodeIgniter->handleRequest(null, Object(Config\Cache), false)
 8 FCPATH\index.php(79): CodeIgniter\CodeIgniter->run()
CRITICAL - 2023-11-11 20:50:11 --> Call to undefined function set_value()
in APPPATH\Views\movimientos\editarzona.php on line 20.
 1 SYSTEMPATH\View\View.php(226): include()
 2 SYSTEMPATH\View\View.php(229): CodeIgniter\View\View->CodeIgniter\View\{closure}()
 3 SYSTEMPATH\Common.php(1188): CodeIgniter\View\View->render('movimientos/editarzona', [], true)
 4 APPPATH\Controllers\AccionController.php(617): view('movimientos/editarzona', [...])
 5 SYSTEMPATH\CodeIgniter.php(919): App\Controllers\AccionController->zonaupdate('10')
 6 SYSTEMPATH\CodeIgniter.php(494): CodeIgniter\CodeIgniter->runController(Object(App\Controllers\AccionController))
 7 SYSTEMPATH\CodeIgniter.php(353): CodeIgniter\CodeIgniter->handleRequest(null, Object(Config\Cache), false)
 8 FCPATH\index.php(79): CodeIgniter\CodeIgniter->run()
CRITICAL - 2023-11-11 20:58:40 --> Call to undefined function set_value()
in APPPATH\Views\movimientos\editarzona.php on line 20.
 1 SYSTEMPATH\View\View.php(226): include()
 2 SYSTEMPATH\View\View.php(229): CodeIgniter\View\View->CodeIgniter\View\{closure}()
 3 SYSTEMPATH\Common.php(1188): CodeIgniter\View\View->render('movimientos/editarzona', [], true)
 4 APPPATH\Controllers\AccionController.php(617): view('movimientos/editarzona', [...])
 5 SYSTEMPATH\CodeIgniter.php(919): App\Controllers\AccionController->zonaupdate('10')
 6 SYSTEMPATH\CodeIgniter.php(494): CodeIgniter\CodeIgniter->runController(Object(App\Controllers\AccionController))
 7 SYSTEMPATH\CodeIgniter.php(353): CodeIgniter\CodeIgniter->handleRequest(null, Object(Config\Cache), false)
 8 FCPATH\index.php(79): CodeIgniter\CodeIgniter->run()
CRITICAL - 2023-11-11 20:59:14 --> Call to undefined function set_value()
in APPPATH\Views\movimientos\editarzona.php on line 20.
 1 SYSTEMPATH\View\View.php(226): include()
 2 SYSTEMPATH\View\View.php(229): CodeIgniter\View\View->CodeIgniter\View\{closure}()
 3 SYSTEMPATH\Common.php(1188): CodeIgniter\View\View->render('movimientos/editarzona', [], true)
 4 APPPATH\Controllers\AccionController.php(617): view('movimientos/editarzona', [...])
 5 SYSTEMPATH\CodeIgniter.php(919): App\Controllers\AccionController->zonaupdate('10')
 6 SYSTEMPATH\CodeIgniter.php(494): CodeIgniter\CodeIgniter->runController(Object(App\Controllers\AccionController))
 7 SYSTEMPATH\CodeIgniter.php(353): CodeIgniter\CodeIgniter->handleRequest(null, Object(Config\Cache), false)
 8 FCPATH\index.php(79): CodeIgniter\CodeIgniter->run()
CRITICAL - 2023-11-11 20:59:27 --> Call to undefined function set_value()
in APPPATH\Views\movimientos\editarzona.php on line 20.
 1 SYSTEMPATH\View\View.php(226): include()
 2 SYSTEMPATH\View\View.php(229): CodeIgniter\View\View->CodeIgniter\View\{closure}()
 3 SYSTEMPATH\Common.php(1188): CodeIgniter\View\View->render('movimientos/editarzona', [], true)
 4 APPPATH\Controllers\AccionController.php(617): view('movimientos/editarzona', [...])
 5 SYSTEMPATH\CodeIgniter.php(919): App\Controllers\AccionController->zonaupdate('10')
 6 SYSTEMPATH\CodeIgniter.php(494): CodeIgniter\CodeIgniter->runController(Object(App\Controllers\AccionController))
 7 SYSTEMPATH\CodeIgniter.php(353): CodeIgniter\CodeIgniter->handleRequest(null, Object(Config\Cache), false)
 8 FCPATH\index.php(79): CodeIgniter\CodeIgniter->run()
CRITICAL - 2023-11-11 20:59:58 --> Call to undefined function set_value()
in APPPATH\Views\movimientos\editarzona.php on line 20.
 1 SYSTEMPATH\View\View.php(226): include()
 2 SYSTEMPATH\View\View.php(229): CodeIgniter\View\View->CodeIgniter\View\{closure}()
 3 SYSTEMPATH\Common.php(1188): CodeIgniter\View\View->render('movimientos/editarzona', [], true)
 4 APPPATH\Controllers\AccionController.php(617): view('movimientos/editarzona', [...])
 5 SYSTEMPATH\CodeIgniter.php(919): App\Controllers\AccionController->zonaupdate('10')
 6 SYSTEMPATH\CodeIgniter.php(494): CodeIgniter\CodeIgniter->runController(Object(App\Controllers\AccionController))
 7 SYSTEMPATH\CodeIgniter.php(353): CodeIgniter\CodeIgniter->handleRequest(null, Object(Config\Cache), false)
 8 FCPATH\index.php(79): CodeIgniter\CodeIgniter->run()
CRITICAL - 2023-11-11 21:00:14 --> Call to undefined function set_value()
in APPPATH\Views\movimientos\editarzona.php on line 20.
 1 SYSTEMPATH\View\View.php(226): include()
 2 SYSTEMPATH\View\View.php(229): CodeIgniter\View\View->CodeIgniter\View\{closure}()
 3 SYSTEMPATH\Common.php(1188): CodeIgniter\View\View->render('movimientos/editarzona', [], true)
 4 APPPATH\Controllers\AccionController.php(617): view('movimientos/editarzona', [...])
 5 SYSTEMPATH\CodeIgniter.php(919): App\Controllers\AccionController->zonaupdate('10')
 6 SYSTEMPATH\CodeIgniter.php(494): CodeIgniter\CodeIgniter->runController(Object(App\Controllers\AccionController))
 7 SYSTEMPATH\CodeIgniter.php(353): CodeIgniter\CodeIgniter->handleRequest(null, Object(Config\Cache), false)
 8 FCPATH\index.php(79): CodeIgniter\CodeIgniter->run()
CRITICAL - 2023-11-11 21:00:33 --> Call to undefined function set_value()
in APPPATH\Views\movimientos\editarzona.php on line 20.
 1 SYSTEMPATH\View\View.php(226): include()
 2 SYSTEMPATH\View\View.php(229): CodeIgniter\View\View->CodeIgniter\View\{closure}()
 3 SYSTEMPATH\Common.php(1188): CodeIgniter\View\View->render('movimientos/editarzona', [], true)
 4 APPPATH\Controllers\AccionController.php(617): view('movimientos/editarzona', [...])
 5 SYSTEMPATH\CodeIgniter.php(919): App\Controllers\AccionController->zonaupdate('10')
 6 SYSTEMPATH\CodeIgniter.php(494): CodeIgniter\CodeIgniter->runController(Object(App\Controllers\AccionController))
 7 SYSTEMPATH\CodeIgniter.php(353): CodeIgniter\CodeIgniter->handleRequest(null, Object(Config\Cache), false)
 8 FCPATH\index.php(79): CodeIgniter\CodeIgniter->run()
CRITICAL - 2023-11-11 21:00:59 --> Call to undefined function set_value()
in APPPATH\Views\movimientos\editarzona.php on line 20.
 1 SYSTEMPATH\View\View.php(226): include()
 2 SYSTEMPATH\View\View.php(229): CodeIgniter\View\View->CodeIgniter\View\{closure}()
 3 SYSTEMPATH\Common.php(1188): CodeIgniter\View\View->render('movimientos/editarzona', [], true)
 4 APPPATH\Controllers\AccionController.php(617): view('movimientos/editarzona', [...])
 5 SYSTEMPATH\CodeIgniter.php(919): App\Controllers\AccionController->zonaupdate('10')
 6 SYSTEMPATH\CodeIgniter.php(494): CodeIgniter\CodeIgniter->runController(Object(App\Controllers\AccionController))
 7 SYSTEMPATH\CodeIgniter.php(353): CodeIgniter\CodeIgniter->handleRequest(null, Object(Config\Cache), false)
 8 FCPATH\index.php(79): CodeIgniter\CodeIgniter->run()
CRITICAL - 2023-11-11 21:06:17 --> Undefined variable $footer
in APPPATH\Views\templates\header.php on line 148.
 1 APPPATH\Views\templates\header.php(148): CodeIgniter\Debug\Exceptions->errorHandler(2, 'Undefined variable $footer', 'C:\\wamp64\\www\\system\\app\\Views\\templates\\header.php', 148)
 2 SYSTEMPATH\View\View.php(226): include('C:\\wamp64\\www\\system\\app\\Views\\templates\\header.php')
 3 SYSTEMPATH\View\View.php(229): CodeIgniter\View\View->CodeIgniter\View\{closure}()
 4 SYSTEMPATH\Common.php(1188): CodeIgniter\View\View->render('templates/header', [], true)
 5 APPPATH\Controllers\VistaController.php(23): view('templates/header')
 6 SYSTEMPATH\CodeIgniter.php(919): App\Controllers\VistaController->index()
 7 SYSTEMPATH\CodeIgniter.php(494): CodeIgniter\CodeIgniter->runController(Object(App\Controllers\VistaController))
 8 SYSTEMPATH\CodeIgniter.php(353): CodeIgniter\CodeIgniter->handleRequest(null, Object(Config\Cache), false)
 9 FCPATH\index.php(79): CodeIgniter\CodeIgniter->run()
