CRITICAL - 2023-10-03 14:41:49 --> Undefined array key "telefono"
in APPPATH\Controllers\AccionController.php on line 41.
 1 APPPATH\Controllers\AccionController.php(41): CodeIgniter\Debug\Exceptions->errorHandler(2, 'Undefined array key "telefono"', 'C:\\wamp64\\www\\system\\app\\Controllers\\AccionController.php', 41)
 2 SYSTEMPATH\CodeIgniter.php(919): App\Controllers\AccionController->saveresp()
 3 SYSTEMPATH\CodeIgniter.php(494): CodeIgniter\CodeIgniter->runController(Object(App\Controllers\AccionController))
 4 SYSTEMPATH\CodeIgniter.php(353): CodeIgniter\CodeIgniter->handleRequest(null, Object(Config\Cache), false)
 5 FCPATH\index.php(79): CodeIgniter\CodeIgniter->run()
CRITICAL - 2023-10-03 14:43:02 --> Undefined array key "telefono"
in APPPATH\Controllers\AccionController.php on line 41.
 1 APPPATH\Controllers\AccionController.php(41): CodeIgniter\Debug\Exceptions->errorHandler(2, 'Undefined array key "telefono"', 'C:\\wamp64\\www\\system\\app\\Controllers\\AccionController.php', 41)
 2 SYSTEMPATH\CodeIgniter.php(919): App\Controllers\AccionController->saveresp()
 3 SYSTEMPATH\CodeIgniter.php(494): CodeIgniter\CodeIgniter->runController(Object(App\Controllers\AccionController))
 4 SYSTEMPATH\CodeIgniter.php(353): CodeIgniter\CodeIgniter->handleRequest(null, Object(Config\Cache), false)
 5 FCPATH\index.php(79): CodeIgniter\CodeIgniter->run()
ERROR - 2023-10-03 14:43:36 --> mysqli_sql_exception: Duplicate entry '0' for key 'resp_responsables.PRIMARY' in C:\wamp64\www\system\system\Database\MySQLi\Connection.php:306
Stack trace:
#0 C:\wamp64\www\system\system\Database\MySQLi\Connection.php(306): mysqli->query('INSERT INTO `re...', 0)
#1 C:\wamp64\www\system\system\Database\BaseConnection.php(692): CodeIgniter\Database\MySQLi\Connection->execute('INSERT INTO `re...')
#2 C:\wamp64\www\system\system\Database\BaseConnection.php(606): CodeIgniter\Database\BaseConnection->simpleQuery('INSERT INTO `re...')
#3 C:\wamp64\www\system\system\Database\BaseBuilder.php(2308): CodeIgniter\Database\BaseConnection->query('INSERT INTO `re...', Array, false)
#4 C:\wamp64\www\system\system\Model.php(319): CodeIgniter\Database\BaseBuilder->insert()
#5 C:\wamp64\www\system\system\BaseModel.php(788): CodeIgniter\Model->doInsert(Array)
#6 C:\wamp64\www\system\system\Model.php(715): CodeIgniter\BaseModel->insert(Array, true)
#7 C:\wamp64\www\system\app\Models\Responsables.php(17): CodeIgniter\Model->insert(Array)
#8 C:\wamp64\www\system\app\Controllers\AccionController.php(44): App\Models\Responsables->insertar(Array)
#9 C:\wamp64\www\system\system\CodeIgniter.php(919): App\Controllers\AccionController->saveresp()
#10 C:\wamp64\www\system\system\CodeIgniter.php(494): CodeIgniter\CodeIgniter->runController(Object(App\Controllers\AccionController))
#11 C:\wamp64\www\system\system\CodeIgniter.php(353): CodeIgniter\CodeIgniter->handleRequest(NULL, Object(Config\Cache), false)
#12 C:\wamp64\www\system\public\index.php(79): CodeIgniter\CodeIgniter->run()
#13 {main}
CRITICAL - 2023-10-03 14:43:36 --> Duplicate entry '0' for key 'resp_responsables.PRIMARY'
in SYSTEMPATH\Database\BaseConnection.php on line 646.
 1 SYSTEMPATH\Database\BaseBuilder.php(2308): CodeIgniter\Database\BaseConnection->query('INSERT INTO `resp_responsables` (`nombre`, `apellido`, `correo`) VALUES (:nombre:, :apellido:, :correo:)', [...], false)
 2 SYSTEMPATH\Model.php(319): CodeIgniter\Database\BaseBuilder->insert()
 3 SYSTEMPATH\BaseModel.php(788): CodeIgniter\Model->doInsert([...])
 4 SYSTEMPATH\Model.php(715): CodeIgniter\BaseModel->insert([...], true)
 5 APPPATH\Models\Responsables.php(17): CodeIgniter\Model->insert([...])
 6 APPPATH\Controllers\AccionController.php(44): App\Models\Responsables->insertar([...])
 7 SYSTEMPATH\CodeIgniter.php(919): App\Controllers\AccionController->saveresp()
 8 SYSTEMPATH\CodeIgniter.php(494): CodeIgniter\CodeIgniter->runController(Object(App\Controllers\AccionController))
 9 SYSTEMPATH\CodeIgniter.php(353): CodeIgniter\CodeIgniter->handleRequest(null, Object(Config\Cache), false)
10 FCPATH\index.php(79): CodeIgniter\CodeIgniter->run()
ERROR - 2023-10-03 14:44:09 --> mysqli_sql_exception: Duplicate entry '0' for key 'resp_responsables.PRIMARY' in C:\wamp64\www\system\system\Database\MySQLi\Connection.php:306
Stack trace:
#0 C:\wamp64\www\system\system\Database\MySQLi\Connection.php(306): mysqli->query('INSERT INTO `re...', 0)
#1 C:\wamp64\www\system\system\Database\BaseConnection.php(692): CodeIgniter\Database\MySQLi\Connection->execute('INSERT INTO `re...')
#2 C:\wamp64\www\system\system\Database\BaseConnection.php(606): CodeIgniter\Database\BaseConnection->simpleQuery('INSERT INTO `re...')
#3 C:\wamp64\www\system\system\Database\BaseBuilder.php(2308): CodeIgniter\Database\BaseConnection->query('INSERT INTO `re...', Array, false)
#4 C:\wamp64\www\system\system\Model.php(319): CodeIgniter\Database\BaseBuilder->insert()
#5 C:\wamp64\www\system\system\BaseModel.php(788): CodeIgniter\Model->doInsert(Array)
#6 C:\wamp64\www\system\system\Model.php(715): CodeIgniter\BaseModel->insert(Array, true)
#7 C:\wamp64\www\system\app\Models\Responsables.php(17): CodeIgniter\Model->insert(Array)
#8 C:\wamp64\www\system\app\Controllers\AccionController.php(44): App\Models\Responsables->insertar(Array)
#9 C:\wamp64\www\system\system\CodeIgniter.php(919): App\Controllers\AccionController->saveresp()
#10 C:\wamp64\www\system\system\CodeIgniter.php(494): CodeIgniter\CodeIgniter->runController(Object(App\Controllers\AccionController))
#11 C:\wamp64\www\system\system\CodeIgniter.php(353): CodeIgniter\CodeIgniter->handleRequest(NULL, Object(Config\Cache), false)
#12 C:\wamp64\www\system\public\index.php(79): CodeIgniter\CodeIgniter->run()
#13 {main}
CRITICAL - 2023-10-03 14:44:09 --> Duplicate entry '0' for key 'resp_responsables.PRIMARY'
in SYSTEMPATH\Database\BaseConnection.php on line 646.
 1 SYSTEMPATH\Database\BaseBuilder.php(2308): CodeIgniter\Database\BaseConnection->query('INSERT INTO `resp_responsables` (`nombre`, `apellido`, `correo`) VALUES (:nombre:, :apellido:, :correo:)', [...], false)
 2 SYSTEMPATH\Model.php(319): CodeIgniter\Database\BaseBuilder->insert()
 3 SYSTEMPATH\BaseModel.php(788): CodeIgniter\Model->doInsert([...])
 4 SYSTEMPATH\Model.php(715): CodeIgniter\BaseModel->insert([...], true)
 5 APPPATH\Models\Responsables.php(17): CodeIgniter\Model->insert([...])
 6 APPPATH\Controllers\AccionController.php(44): App\Models\Responsables->insertar([...])
 7 SYSTEMPATH\CodeIgniter.php(919): App\Controllers\AccionController->saveresp()
 8 SYSTEMPATH\CodeIgniter.php(494): CodeIgniter\CodeIgniter->runController(Object(App\Controllers\AccionController))
 9 SYSTEMPATH\CodeIgniter.php(353): CodeIgniter\CodeIgniter->handleRequest(null, Object(Config\Cache), false)
10 FCPATH\index.php(79): CodeIgniter\CodeIgniter->run()
ERROR - 2023-10-03 14:45:02 --> mysqli_sql_exception: Duplicate entry '0' for key 'resp_responsables.PRIMARY' in C:\wamp64\www\system\system\Database\MySQLi\Connection.php:306
Stack trace:
#0 C:\wamp64\www\system\system\Database\MySQLi\Connection.php(306): mysqli->query('INSERT INTO `re...', 0)
#1 C:\wamp64\www\system\system\Database\BaseConnection.php(692): CodeIgniter\Database\MySQLi\Connection->execute('INSERT INTO `re...')
#2 C:\wamp64\www\system\system\Database\BaseConnection.php(606): CodeIgniter\Database\BaseConnection->simpleQuery('INSERT INTO `re...')
#3 C:\wamp64\www\system\system\Database\BaseBuilder.php(2308): CodeIgniter\Database\BaseConnection->query('INSERT INTO `re...', Array, false)
#4 C:\wamp64\www\system\system\Model.php(319): CodeIgniter\Database\BaseBuilder->insert()
#5 C:\wamp64\www\system\system\BaseModel.php(788): CodeIgniter\Model->doInsert(Array)
#6 C:\wamp64\www\system\system\Model.php(715): CodeIgniter\BaseModel->insert(Array, true)
#7 C:\wamp64\www\system\app\Models\Responsables.php(17): CodeIgniter\Model->insert(Array)
#8 C:\wamp64\www\system\app\Controllers\AccionController.php(44): App\Models\Responsables->insertar(Array)
#9 C:\wamp64\www\system\system\CodeIgniter.php(919): App\Controllers\AccionController->saveresp()
#10 C:\wamp64\www\system\system\CodeIgniter.php(494): CodeIgniter\CodeIgniter->runController(Object(App\Controllers\AccionController))
#11 C:\wamp64\www\system\system\CodeIgniter.php(353): CodeIgniter\CodeIgniter->handleRequest(NULL, Object(Config\Cache), false)
#12 C:\wamp64\www\system\public\index.php(79): CodeIgniter\CodeIgniter->run()
#13 {main}
CRITICAL - 2023-10-03 14:45:02 --> Duplicate entry '0' for key 'resp_responsables.PRIMARY'
in SYSTEMPATH\Database\BaseConnection.php on line 646.
 1 SYSTEMPATH\Database\BaseBuilder.php(2308): CodeIgniter\Database\BaseConnection->query('INSERT INTO `resp_responsables` (`nombre`, `apellido`, `correo`) VALUES (:nombre:, :apellido:, :correo:)', [...], false)
 2 SYSTEMPATH\Model.php(319): CodeIgniter\Database\BaseBuilder->insert()
 3 SYSTEMPATH\BaseModel.php(788): CodeIgniter\Model->doInsert([...])
 4 SYSTEMPATH\Model.php(715): CodeIgniter\BaseModel->insert([...], true)
 5 APPPATH\Models\Responsables.php(17): CodeIgniter\Model->insert([...])
 6 APPPATH\Controllers\AccionController.php(44): App\Models\Responsables->insertar([...])
 7 SYSTEMPATH\CodeIgniter.php(919): App\Controllers\AccionController->saveresp()
 8 SYSTEMPATH\CodeIgniter.php(494): CodeIgniter\CodeIgniter->runController(Object(App\Controllers\AccionController))
 9 SYSTEMPATH\CodeIgniter.php(353): CodeIgniter\CodeIgniter->handleRequest(null, Object(Config\Cache), false)
10 FCPATH\index.php(79): CodeIgniter\CodeIgniter->run()
ERROR - 2023-10-03 14:45:17 --> mysqli_sql_exception: Duplicate entry '0' for key 'resp_responsables.PRIMARY' in C:\wamp64\www\system\system\Database\MySQLi\Connection.php:306
Stack trace:
#0 C:\wamp64\www\system\system\Database\MySQLi\Connection.php(306): mysqli->query('INSERT INTO `re...', 0)
#1 C:\wamp64\www\system\system\Database\BaseConnection.php(692): CodeIgniter\Database\MySQLi\Connection->execute('INSERT INTO `re...')
#2 C:\wamp64\www\system\system\Database\BaseConnection.php(606): CodeIgniter\Database\BaseConnection->simpleQuery('INSERT INTO `re...')
#3 C:\wamp64\www\system\system\Database\BaseBuilder.php(2308): CodeIgniter\Database\BaseConnection->query('INSERT INTO `re...', Array, false)
#4 C:\wamp64\www\system\system\Model.php(319): CodeIgniter\Database\BaseBuilder->insert()
#5 C:\wamp64\www\system\system\BaseModel.php(788): CodeIgniter\Model->doInsert(Array)
#6 C:\wamp64\www\system\system\Model.php(715): CodeIgniter\BaseModel->insert(Array, true)
#7 C:\wamp64\www\system\app\Models\Responsables.php(17): CodeIgniter\Model->insert(Array)
#8 C:\wamp64\www\system\app\Controllers\AccionController.php(44): App\Models\Responsables->insertar(Array)
#9 C:\wamp64\www\system\system\CodeIgniter.php(919): App\Controllers\AccionController->saveresp()
#10 C:\wamp64\www\system\system\CodeIgniter.php(494): CodeIgniter\CodeIgniter->runController(Object(App\Controllers\AccionController))
#11 C:\wamp64\www\system\system\CodeIgniter.php(353): CodeIgniter\CodeIgniter->handleRequest(NULL, Object(Config\Cache), false)
#12 C:\wamp64\www\system\public\index.php(79): CodeIgniter\CodeIgniter->run()
#13 {main}
CRITICAL - 2023-10-03 14:45:17 --> Duplicate entry '0' for key 'resp_responsables.PRIMARY'
in SYSTEMPATH\Database\BaseConnection.php on line 646.
 1 SYSTEMPATH\Database\BaseBuilder.php(2308): CodeIgniter\Database\BaseConnection->query('INSERT INTO `resp_responsables` (`nombre`, `apellido`, `correo`) VALUES (:nombre:, :apellido:, :correo:)', [...], false)
 2 SYSTEMPATH\Model.php(319): CodeIgniter\Database\BaseBuilder->insert()
 3 SYSTEMPATH\BaseModel.php(788): CodeIgniter\Model->doInsert([...])
 4 SYSTEMPATH\Model.php(715): CodeIgniter\BaseModel->insert([...], true)
 5 APPPATH\Models\Responsables.php(17): CodeIgniter\Model->insert([...])
 6 APPPATH\Controllers\AccionController.php(44): App\Models\Responsables->insertar([...])
 7 SYSTEMPATH\CodeIgniter.php(919): App\Controllers\AccionController->saveresp()
 8 SYSTEMPATH\CodeIgniter.php(494): CodeIgniter\CodeIgniter->runController(Object(App\Controllers\AccionController))
 9 SYSTEMPATH\CodeIgniter.php(353): CodeIgniter\CodeIgniter->handleRequest(null, Object(Config\Cache), false)
10 FCPATH\index.php(79): CodeIgniter\CodeIgniter->run()
ERROR - 2023-10-03 14:52:05 --> mysqli_sql_exception: Duplicate entry '0' for key 'resp_responsables.PRIMARY' in C:\wamp64\www\system\system\Database\MySQLi\Connection.php:306
Stack trace:
#0 C:\wamp64\www\system\system\Database\MySQLi\Connection.php(306): mysqli->query('INSERT INTO `re...', 0)
#1 C:\wamp64\www\system\system\Database\BaseConnection.php(692): CodeIgniter\Database\MySQLi\Connection->execute('INSERT INTO `re...')
#2 C:\wamp64\www\system\system\Database\BaseConnection.php(606): CodeIgniter\Database\BaseConnection->simpleQuery('INSERT INTO `re...')
#3 C:\wamp64\www\system\system\Database\BaseBuilder.php(2308): CodeIgniter\Database\BaseConnection->query('INSERT INTO `re...', Array, false)
#4 C:\wamp64\www\system\system\Model.php(319): CodeIgniter\Database\BaseBuilder->insert()
#5 C:\wamp64\www\system\system\BaseModel.php(788): CodeIgniter\Model->doInsert(Array)
#6 C:\wamp64\www\system\system\Model.php(715): CodeIgniter\BaseModel->insert(Array, true)
#7 C:\wamp64\www\system\app\Models\Responsables.php(17): CodeIgniter\Model->insert(Array)
#8 C:\wamp64\www\system\app\Controllers\AccionController.php(44): App\Models\Responsables->insertar(Array)
#9 C:\wamp64\www\system\system\CodeIgniter.php(919): App\Controllers\AccionController->saveresp()
#10 C:\wamp64\www\system\system\CodeIgniter.php(494): CodeIgniter\CodeIgniter->runController(Object(App\Controllers\AccionController))
#11 C:\wamp64\www\system\system\CodeIgniter.php(353): CodeIgniter\CodeIgniter->handleRequest(NULL, Object(Config\Cache), false)
#12 C:\wamp64\www\system\public\index.php(79): CodeIgniter\CodeIgniter->run()
#13 {main}
CRITICAL - 2023-10-03 14:52:05 --> Duplicate entry '0' for key 'resp_responsables.PRIMARY'
in SYSTEMPATH\Database\BaseConnection.php on line 646.
 1 SYSTEMPATH\Database\BaseBuilder.php(2308): CodeIgniter\Database\BaseConnection->query('INSERT INTO `resp_responsables` (`nombre`, `apellido`, `correo`) VALUES (:nombre:, :apellido:, :correo:)', [...], false)
 2 SYSTEMPATH\Model.php(319): CodeIgniter\Database\BaseBuilder->insert()
 3 SYSTEMPATH\BaseModel.php(788): CodeIgniter\Model->doInsert([...])
 4 SYSTEMPATH\Model.php(715): CodeIgniter\BaseModel->insert([...], true)
 5 APPPATH\Models\Responsables.php(17): CodeIgniter\Model->insert([...])
 6 APPPATH\Controllers\AccionController.php(44): App\Models\Responsables->insertar([...])
 7 SYSTEMPATH\CodeIgniter.php(919): App\Controllers\AccionController->saveresp()
 8 SYSTEMPATH\CodeIgniter.php(494): CodeIgniter\CodeIgniter->runController(Object(App\Controllers\AccionController))
 9 SYSTEMPATH\CodeIgniter.php(353): CodeIgniter\CodeIgniter->handleRequest(null, Object(Config\Cache), false)
10 FCPATH\index.php(79): CodeIgniter\CodeIgniter->run()
CRITICAL - 2023-10-03 14:59:11 --> include(../config/conexion.php): Failed to open stream: No such file or directory
in APPPATH\Views\responsables\responsable.php on line 78.
 1 APPPATH\Views\responsables\responsable.php(78): CodeIgniter\Debug\Exceptions->errorHandler(2, 'include(../config/conexion.php): Failed to open stream: No such file or directory', 'C:\\wamp64\\www\\system\\app\\Views\\responsables\\responsable.php', 78)
 2 APPPATH\Views\responsables\responsable.php(78): include()
 3 SYSTEMPATH\View\View.php(226): include('C:\\wamp64\\www\\system\\app\\Views\\responsables\\responsable.php')
 4 SYSTEMPATH\View\View.php(229): CodeIgniter\View\View->CodeIgniter\View\{closure}()
 5 SYSTEMPATH\Common.php(1188): CodeIgniter\View\View->render('responsables/responsable', [], true)
 6 APPPATH\Controllers\VistaController.php(45): view('responsables/responsable', [...])
 7 SYSTEMPATH\CodeIgniter.php(919): App\Controllers\VistaController->resp()
 8 SYSTEMPATH\CodeIgniter.php(494): CodeIgniter\CodeIgniter->runController(Object(App\Controllers\VistaController))
 9 SYSTEMPATH\CodeIgniter.php(353): CodeIgniter\CodeIgniter->handleRequest(null, Object(Config\Cache), false)
10 FCPATH\index.php(79): CodeIgniter\CodeIgniter->run()
CRITICAL - 2023-10-03 14:59:44 --> Undefined variable $conexion
in APPPATH\Views\responsables\responsable.php on line 80.
 1 APPPATH\Views\responsables\responsable.php(80): CodeIgniter\Debug\Exceptions->errorHandler(2, 'Undefined variable $conexion', 'C:\\wamp64\\www\\system\\app\\Views\\responsables\\responsable.php', 80)
 2 SYSTEMPATH\View\View.php(226): include('C:\\wamp64\\www\\system\\app\\Views\\responsables\\responsable.php')
 3 SYSTEMPATH\View\View.php(229): CodeIgniter\View\View->CodeIgniter\View\{closure}()
 4 SYSTEMPATH\Common.php(1188): CodeIgniter\View\View->render('responsables/responsable', [], true)
 5 APPPATH\Controllers\VistaController.php(45): view('responsables/responsable', [...])
 6 SYSTEMPATH\CodeIgniter.php(919): App\Controllers\VistaController->resp()
 7 SYSTEMPATH\CodeIgniter.php(494): CodeIgniter\CodeIgniter->runController(Object(App\Controllers\VistaController))
 8 SYSTEMPATH\CodeIgniter.php(353): CodeIgniter\CodeIgniter->handleRequest(null, Object(Config\Cache), false)
 9 FCPATH\index.php(79): CodeIgniter\CodeIgniter->run()
CRITICAL - 2023-10-03 15:00:07 --> include(../config/conexion.php): Failed to open stream: No such file or directory
in APPPATH\Views\responsables\responsable.php on line 89.
 1 APPPATH\Views\responsables\responsable.php(89): CodeIgniter\Debug\Exceptions->errorHandler(2, 'include(../config/conexion.php): Failed to open stream: No such file or directory', 'C:\\wamp64\\www\\system\\app\\Views\\responsables\\responsable.php', 89)
 2 APPPATH\Views\responsables\responsable.php(89): include()
 3 SYSTEMPATH\View\View.php(226): include('C:\\wamp64\\www\\system\\app\\Views\\responsables\\responsable.php')
 4 SYSTEMPATH\View\View.php(229): CodeIgniter\View\View->CodeIgniter\View\{closure}()
 5 SYSTEMPATH\Common.php(1188): CodeIgniter\View\View->render('responsables/responsable', [], true)
 6 APPPATH\Controllers\VistaController.php(45): view('responsables/responsable', [...])
 7 SYSTEMPATH\CodeIgniter.php(919): App\Controllers\VistaController->resp()
 8 SYSTEMPATH\CodeIgniter.php(494): CodeIgniter\CodeIgniter->runController(Object(App\Controllers\VistaController))
 9 SYSTEMPATH\CodeIgniter.php(353): CodeIgniter\CodeIgniter->handleRequest(null, Object(Config\Cache), false)
10 FCPATH\index.php(79): CodeIgniter\CodeIgniter->run()
CRITICAL - 2023-10-03 15:39:00 --> Undefined variable $cargo
in APPPATH\Views\responsables\responsable.php on line 70.
 1 APPPATH\Views\responsables\responsable.php(70): CodeIgniter\Debug\Exceptions->errorHandler(2, 'Undefined variable $cargo', 'C:\\wamp64\\www\\system\\app\\Views\\responsables\\responsable.php', 70)
 2 SYSTEMPATH\View\View.php(226): include('C:\\wamp64\\www\\system\\app\\Views\\responsables\\responsable.php')
 3 SYSTEMPATH\View\View.php(229): CodeIgniter\View\View->CodeIgniter\View\{closure}()
 4 SYSTEMPATH\Common.php(1188): CodeIgniter\View\View->render('responsables/responsable', [], true)
 5 APPPATH\Controllers\VistaController.php(45): view('responsables/responsable', [...])
 6 SYSTEMPATH\CodeIgniter.php(919): App\Controllers\VistaController->resp()
 7 SYSTEMPATH\CodeIgniter.php(494): CodeIgniter\CodeIgniter->runController(Object(App\Controllers\VistaController))
 8 SYSTEMPATH\CodeIgniter.php(353): CodeIgniter\CodeIgniter->handleRequest(null, Object(Config\Cache), false)
 9 FCPATH\index.php(79): CodeIgniter\CodeIgniter->run()
CRITICAL - 2023-10-03 15:39:38 --> Undefined variable $Cargo
in APPPATH\Views\responsables\responsable.php on line 70.
 1 APPPATH\Views\responsables\responsable.php(70): CodeIgniter\Debug\Exceptions->errorHandler(2, 'Undefined variable $Cargo', 'C:\\wamp64\\www\\system\\app\\Views\\responsables\\responsable.php', 70)
 2 SYSTEMPATH\View\View.php(226): include('C:\\wamp64\\www\\system\\app\\Views\\responsables\\responsable.php')
 3 SYSTEMPATH\View\View.php(229): CodeIgniter\View\View->CodeIgniter\View\{closure}()
 4 SYSTEMPATH\Common.php(1188): CodeIgniter\View\View->render('responsables/responsable', [], true)
 5 APPPATH\Controllers\VistaController.php(45): view('responsables/responsable', [...])
 6 SYSTEMPATH\CodeIgniter.php(919): App\Controllers\VistaController->resp()
 7 SYSTEMPATH\CodeIgniter.php(494): CodeIgniter\CodeIgniter->runController(Object(App\Controllers\VistaController))
 8 SYSTEMPATH\CodeIgniter.php(353): CodeIgniter\CodeIgniter->handleRequest(null, Object(Config\Cache), false)
 9 FCPATH\index.php(79): CodeIgniter\CodeIgniter->run()
CRITICAL - 2023-10-03 15:40:35 --> Undefined variable $datos
in APPPATH\Views\responsables\responsable.php on line 70.
 1 APPPATH\Views\responsables\responsable.php(70): CodeIgniter\Debug\Exceptions->errorHandler(2, 'Undefined variable $datos', 'C:\\wamp64\\www\\system\\app\\Views\\responsables\\responsable.php', 70)
 2 SYSTEMPATH\View\View.php(226): include('C:\\wamp64\\www\\system\\app\\Views\\responsables\\responsable.php')
 3 SYSTEMPATH\View\View.php(229): CodeIgniter\View\View->CodeIgniter\View\{closure}()
 4 SYSTEMPATH\Common.php(1188): CodeIgniter\View\View->render('responsables/responsable', [], true)
 5 APPPATH\Controllers\VistaController.php(45): view('responsables/responsable', [...])
 6 SYSTEMPATH\CodeIgniter.php(919): App\Controllers\VistaController->resp()
 7 SYSTEMPATH\CodeIgniter.php(494): CodeIgniter\CodeIgniter->runController(Object(App\Controllers\VistaController))
 8 SYSTEMPATH\CodeIgniter.php(353): CodeIgniter\CodeIgniter->handleRequest(null, Object(Config\Cache), false)
 9 FCPATH\index.php(79): CodeIgniter\CodeIgniter->run()
CRITICAL - 2023-10-03 15:59:32 --> Trying to access array offset on value of type null
in APPPATH\Views\responsables\cargo.php on line 48.
 1 APPPATH\Views\responsables\cargo.php(48): CodeIgniter\Debug\Exceptions->errorHandler(2, 'Trying to access array offset on value of type null', 'C:\\wamp64\\www\\system\\app\\Views\\responsables\\cargo.php', 48)
 2 SYSTEMPATH\View\View.php(226): include('C:\\wamp64\\www\\system\\app\\Views\\responsables\\cargo.php')
 3 SYSTEMPATH\View\View.php(229): CodeIgniter\View\View->CodeIgniter\View\{closure}()
 4 SYSTEMPATH\Common.php(1188): CodeIgniter\View\View->render('responsables/cargo', [], true)
 5 APPPATH\Controllers\VistaController.php(22): view('responsables/cargo', [...])
 6 SYSTEMPATH\CodeIgniter.php(919): App\Controllers\VistaController->index()
 7 SYSTEMPATH\CodeIgniter.php(494): CodeIgniter\CodeIgniter->runController(Object(App\Controllers\VistaController))
 8 SYSTEMPATH\CodeIgniter.php(353): CodeIgniter\CodeIgniter->handleRequest(null, Object(Config\Cache), false)
 9 FCPATH\index.php(79): CodeIgniter\CodeIgniter->run()
CRITICAL - 2023-10-03 16:05:32 --> Undefined variable $datos
in APPPATH\Views\responsables\responsable.php on line 79.
 1 APPPATH\Views\responsables\responsable.php(79): CodeIgniter\Debug\Exceptions->errorHandler(2, 'Undefined variable $datos', 'C:\\wamp64\\www\\system\\app\\Views\\responsables\\responsable.php', 79)
 2 SYSTEMPATH\View\View.php(226): include('C:\\wamp64\\www\\system\\app\\Views\\responsables\\responsable.php')
 3 SYSTEMPATH\View\View.php(229): CodeIgniter\View\View->CodeIgniter\View\{closure}()
 4 SYSTEMPATH\Common.php(1188): CodeIgniter\View\View->render('responsables/responsable', [], true)
 5 APPPATH\Controllers\VistaController.php(45): view('responsables/responsable', [...])
 6 SYSTEMPATH\CodeIgniter.php(919): App\Controllers\VistaController->resp()
 7 SYSTEMPATH\CodeIgniter.php(494): CodeIgniter\CodeIgniter->runController(Object(App\Controllers\VistaController))
 8 SYSTEMPATH\CodeIgniter.php(353): CodeIgniter\CodeIgniter->handleRequest(null, Object(Config\Cache), false)
 9 FCPATH\index.php(79): CodeIgniter\CodeIgniter->run()
CRITICAL - 2023-10-03 17:22:25 --> Undefined variable $datos
in APPPATH\Views\responsables\responsable.php on line 83.
 1 APPPATH\Views\responsables\responsable.php(83): CodeIgniter\Debug\Exceptions->errorHandler(2, 'Undefined variable $datos', 'C:\\wamp64\\www\\system\\app\\Views\\responsables\\responsable.php', 83)
 2 SYSTEMPATH\View\View.php(226): include('C:\\wamp64\\www\\system\\app\\Views\\responsables\\responsable.php')
 3 SYSTEMPATH\View\View.php(229): CodeIgniter\View\View->CodeIgniter\View\{closure}()
 4 SYSTEMPATH\Common.php(1188): CodeIgniter\View\View->render('responsables/responsable', [], true)
 5 APPPATH\Controllers\VistaController.php(45): view('responsables/responsable', [...])
 6 SYSTEMPATH\CodeIgniter.php(919): App\Controllers\VistaController->resp()
 7 SYSTEMPATH\CodeIgniter.php(494): CodeIgniter\CodeIgniter->runController(Object(App\Controllers\VistaController))
 8 SYSTEMPATH\CodeIgniter.php(353): CodeIgniter\CodeIgniter->handleRequest(null, Object(Config\Cache), false)
 9 FCPATH\index.php(79): CodeIgniter\CodeIgniter->run()
CRITICAL - 2023-10-03 17:24:06 --> Undefined variable $cargo
in APPPATH\Views\responsables\responsable.php on line 8.
 1 APPPATH\Views\responsables\responsable.php(8): CodeIgniter\Debug\Exceptions->errorHandler(2, 'Undefined variable $cargo', 'C:\\wamp64\\www\\system\\app\\Views\\responsables\\responsable.php', 8)
 2 SYSTEMPATH\View\View.php(226): include('C:\\wamp64\\www\\system\\app\\Views\\responsables\\responsable.php')
 3 SYSTEMPATH\View\View.php(229): CodeIgniter\View\View->CodeIgniter\View\{closure}()
 4 SYSTEMPATH\Common.php(1188): CodeIgniter\View\View->render('responsables/responsable', [], true)
 5 APPPATH\Controllers\VistaController.php(45): view('responsables/responsable', [...])
 6 SYSTEMPATH\CodeIgniter.php(919): App\Controllers\VistaController->resp()
 7 SYSTEMPATH\CodeIgniter.php(494): CodeIgniter\CodeIgniter->runController(Object(App\Controllers\VistaController))
 8 SYSTEMPATH\CodeIgniter.php(353): CodeIgniter\CodeIgniter->handleRequest(null, Object(Config\Cache), false)
 9 FCPATH\index.php(79): CodeIgniter\CodeIgniter->run()
CRITICAL - 2023-10-03 17:37:41 --> Cannot use object of type App\Models\Cargo as array
in APPPATH\Views\responsables\responsable.php on line 86.
 1 SYSTEMPATH\View\View.php(226): include()
 2 SYSTEMPATH\View\View.php(229): CodeIgniter\View\View->CodeIgniter\View\{closure}()
 3 SYSTEMPATH\Common.php(1188): CodeIgniter\View\View->render('responsables/responsable', [], true)
 4 APPPATH\Controllers\VistaController.php(45): view('responsables/responsable', [...])
 5 SYSTEMPATH\CodeIgniter.php(919): App\Controllers\VistaController->resp()
 6 SYSTEMPATH\CodeIgniter.php(494): CodeIgniter\CodeIgniter->runController(Object(App\Controllers\VistaController))
 7 SYSTEMPATH\CodeIgniter.php(353): CodeIgniter\CodeIgniter->handleRequest(null, Object(Config\Cache), false)
 8 FCPATH\index.php(79): CodeIgniter\CodeIgniter->run()
CRITICAL - 2023-10-03 17:38:21 --> Undefined array key 0
in APPPATH\Views\responsables\responsable.php on line 88.
 1 APPPATH\Views\responsables\responsable.php(88): CodeIgniter\Debug\Exceptions->errorHandler(2, 'Undefined array key 0', 'C:\\wamp64\\www\\system\\app\\Views\\responsables\\responsable.php', 88)
 2 SYSTEMPATH\View\View.php(226): include('C:\\wamp64\\www\\system\\app\\Views\\responsables\\responsable.php')
 3 SYSTEMPATH\View\View.php(229): CodeIgniter\View\View->CodeIgniter\View\{closure}()
 4 SYSTEMPATH\Common.php(1188): CodeIgniter\View\View->render('responsables/responsable', [], true)
 5 APPPATH\Controllers\VistaController.php(45): view('responsables/responsable', [...])
 6 SYSTEMPATH\CodeIgniter.php(919): App\Controllers\VistaController->resp()
 7 SYSTEMPATH\CodeIgniter.php(494): CodeIgniter\CodeIgniter->runController(Object(App\Controllers\VistaController))
 8 SYSTEMPATH\CodeIgniter.php(353): CodeIgniter\CodeIgniter->handleRequest(null, Object(Config\Cache), false)
 9 FCPATH\index.php(79): CodeIgniter\CodeIgniter->run()
CRITICAL - 2023-10-03 17:46:00 --> Undefined array key 0
in APPPATH\Views\responsables\responsable.php on line 80.
 1 APPPATH\Views\responsables\responsable.php(80): CodeIgniter\Debug\Exceptions->errorHandler(2, 'Undefined array key 0', 'C:\\wamp64\\www\\system\\app\\Views\\responsables\\responsable.php', 80)
 2 SYSTEMPATH\View\View.php(226): include('C:\\wamp64\\www\\system\\app\\Views\\responsables\\responsable.php')
 3 SYSTEMPATH\View\View.php(229): CodeIgniter\View\View->CodeIgniter\View\{closure}()
 4 SYSTEMPATH\Common.php(1188): CodeIgniter\View\View->render('responsables/responsable', [], true)
 5 APPPATH\Controllers\VistaController.php(45): view('responsables/responsable', [...])
 6 SYSTEMPATH\CodeIgniter.php(919): App\Controllers\VistaController->resp()
 7 SYSTEMPATH\CodeIgniter.php(494): CodeIgniter\CodeIgniter->runController(Object(App\Controllers\VistaController))
 8 SYSTEMPATH\CodeIgniter.php(353): CodeIgniter\CodeIgniter->handleRequest(null, Object(Config\Cache), false)
 9 FCPATH\index.php(79): CodeIgniter\CodeIgniter->run()
CRITICAL - 2023-10-03 17:53:35 --> Allowed memory size of 134217728 bytes exhausted (tried to allocate 65028096 bytes)
in APPPATH\Views\responsables\responsable.php on line 80.
 1 [internal function]: CodeIgniter\Debug\Exceptions->shutdownHandler()
CRITICAL - 2023-10-03 17:53:38 --> Allowed memory size of 134217728 bytes exhausted (tried to allocate 65028096 bytes)
in APPPATH\Views\responsables\responsable.php on line 80.
 1 [internal function]: CodeIgniter\Debug\Exceptions->shutdownHandler()
CRITICAL - 2023-10-03 17:54:24 --> Allowed memory size of 134217728 bytes exhausted (tried to allocate 65028096 bytes)
in APPPATH\Views\responsables\responsable.php on line 80.
 1 [internal function]: CodeIgniter\Debug\Exceptions->shutdownHandler()
CRITICAL - 2023-10-03 17:54:47 --> Undefined variable $pep
in APPPATH\Views\responsables\responsable.php on line 79.
 1 APPPATH\Views\responsables\responsable.php(79): CodeIgniter\Debug\Exceptions->errorHandler(2, 'Undefined variable $pep', 'C:\\wamp64\\www\\system\\app\\Views\\responsables\\responsable.php', 79)
 2 SYSTEMPATH\View\View.php(226): include('C:\\wamp64\\www\\system\\app\\Views\\responsables\\responsable.php')
 3 SYSTEMPATH\View\View.php(229): CodeIgniter\View\View->CodeIgniter\View\{closure}()
 4 SYSTEMPATH\Common.php(1188): CodeIgniter\View\View->render('responsables/responsable', [], true)
 5 APPPATH\Controllers\VistaController.php(45): view('responsables/responsable', [...])
 6 SYSTEMPATH\CodeIgniter.php(919): App\Controllers\VistaController->resp()
 7 SYSTEMPATH\CodeIgniter.php(494): CodeIgniter\CodeIgniter->runController(Object(App\Controllers\VistaController))
 8 SYSTEMPATH\CodeIgniter.php(353): CodeIgniter\CodeIgniter->handleRequest(null, Object(Config\Cache), false)
 9 FCPATH\index.php(79): CodeIgniter\CodeIgniter->run()
CRITICAL - 2023-10-03 17:56:44 --> Undefined variable $conexion
in APPPATH\Views\responsables\responsable.php on line 82.
 1 APPPATH\Views\responsables\responsable.php(82): CodeIgniter\Debug\Exceptions->errorHandler(2, 'Undefined variable $conexion', 'C:\\wamp64\\www\\system\\app\\Views\\responsables\\responsable.php', 82)
 2 SYSTEMPATH\View\View.php(226): include('C:\\wamp64\\www\\system\\app\\Views\\responsables\\responsable.php')
 3 SYSTEMPATH\View\View.php(229): CodeIgniter\View\View->CodeIgniter\View\{closure}()
 4 SYSTEMPATH\Common.php(1188): CodeIgniter\View\View->render('responsables/responsable', [], true)
 5 APPPATH\Controllers\VistaController.php(45): view('responsables/responsable', [...])
 6 SYSTEMPATH\CodeIgniter.php(919): App\Controllers\VistaController->resp()
 7 SYSTEMPATH\CodeIgniter.php(494): CodeIgniter\CodeIgniter->runController(Object(App\Controllers\VistaController))
 8 SYSTEMPATH\CodeIgniter.php(353): CodeIgniter\CodeIgniter->handleRequest(null, Object(Config\Cache), false)
 9 FCPATH\index.php(79): CodeIgniter\CodeIgniter->run()
CRITICAL - 2023-10-03 17:57:20 --> Maximum execution time of 120 seconds exceeded
in APPPATH\Views\responsables\responsable.php on line 80.
 1 [internal function]: CodeIgniter\Debug\Exceptions->shutdownHandler()
CRITICAL - 2023-10-03 17:57:35 --> Maximum execution time of 120 seconds exceeded
in APPPATH\Views\responsables\responsable.php on line 80.
 1 [internal function]: CodeIgniter\Debug\Exceptions->shutdownHandler()
CRITICAL - 2023-10-03 18:00:18 --> Array to string conversion
in APPPATH\Views\responsables\responsable.php on line 9.
 1 APPPATH\Views\responsables\responsable.php(9): CodeIgniter\Debug\Exceptions->errorHandler(2, 'Array to string conversion', 'C:\\wamp64\\www\\system\\app\\Views\\responsables\\responsable.php', 9)
 2 SYSTEMPATH\View\View.php(226): include('C:\\wamp64\\www\\system\\app\\Views\\responsables\\responsable.php')
 3 SYSTEMPATH\View\View.php(229): CodeIgniter\View\View->CodeIgniter\View\{closure}()
 4 SYSTEMPATH\Common.php(1188): CodeIgniter\View\View->render('responsables/responsable', [], true)
 5 APPPATH\Controllers\VistaController.php(45): view('responsables/responsable', [...])
 6 SYSTEMPATH\CodeIgniter.php(919): App\Controllers\VistaController->resp()
 7 SYSTEMPATH\CodeIgniter.php(494): CodeIgniter\CodeIgniter->runController(Object(App\Controllers\VistaController))
 8 SYSTEMPATH\CodeIgniter.php(353): CodeIgniter\CodeIgniter->handleRequest(null, Object(Config\Cache), false)
 9 FCPATH\index.php(79): CodeIgniter\CodeIgniter->run()
CRITICAL - 2023-10-03 18:01:12 --> Array to string conversion
in APPPATH\Views\responsables\responsable.php on line 9.
 1 APPPATH\Views\responsables\responsable.php(9): CodeIgniter\Debug\Exceptions->errorHandler(2, 'Array to string conversion', 'C:\\wamp64\\www\\system\\app\\Views\\responsables\\responsable.php', 9)
 2 SYSTEMPATH\View\View.php(226): include('C:\\wamp64\\www\\system\\app\\Views\\responsables\\responsable.php')
 3 SYSTEMPATH\View\View.php(229): CodeIgniter\View\View->CodeIgniter\View\{closure}()
 4 SYSTEMPATH\Common.php(1188): CodeIgniter\View\View->render('responsables/responsable', [], true)
 5 APPPATH\Controllers\VistaController.php(45): view('responsables/responsable', [...])
 6 SYSTEMPATH\CodeIgniter.php(919): App\Controllers\VistaController->resp()
 7 SYSTEMPATH\CodeIgniter.php(494): CodeIgniter\CodeIgniter->runController(Object(App\Controllers\VistaController))
 8 SYSTEMPATH\CodeIgniter.php(353): CodeIgniter\CodeIgniter->handleRequest(null, Object(Config\Cache), false)
 9 FCPATH\index.php(79): CodeIgniter\CodeIgniter->run()
CRITICAL - 2023-10-03 18:15:13 --> Array to string conversion
in APPPATH\Views\responsables\responsable.php on line 9.
 1 APPPATH\Views\responsables\responsable.php(9): CodeIgniter\Debug\Exceptions->errorHandler(2, 'Array to string conversion', 'C:\\wamp64\\www\\system\\app\\Views\\responsables\\responsable.php', 9)
 2 SYSTEMPATH\View\View.php(226): include('C:\\wamp64\\www\\system\\app\\Views\\responsables\\responsable.php')
 3 SYSTEMPATH\View\View.php(229): CodeIgniter\View\View->CodeIgniter\View\{closure}()
 4 SYSTEMPATH\Common.php(1188): CodeIgniter\View\View->render('responsables/responsable', [], true)
 5 APPPATH\Controllers\VistaController.php(45): view('responsables/responsable', [...])
 6 SYSTEMPATH\CodeIgniter.php(919): App\Controllers\VistaController->resp()
 7 SYSTEMPATH\CodeIgniter.php(494): CodeIgniter\CodeIgniter->runController(Object(App\Controllers\VistaController))
 8 SYSTEMPATH\CodeIgniter.php(353): CodeIgniter\CodeIgniter->handleRequest(null, Object(Config\Cache), false)
 9 FCPATH\index.php(79): CodeIgniter\CodeIgniter->run()
CRITICAL - 2023-10-03 18:22:26 --> syntax error, unexpected single-quoted string ">", expecting "," or ";"
in APPPATH\Views\responsables\responsable.php on line 93.
 1 SYSTEMPATH\View\View.php(229): CodeIgniter\View\View->CodeIgniter\View\{closure}()
 2 SYSTEMPATH\Common.php(1188): CodeIgniter\View\View->render('responsables/responsable', [], true)
 3 APPPATH\Controllers\VistaController.php(45): view('responsables/responsable', [...])
 4 SYSTEMPATH\CodeIgniter.php(919): App\Controllers\VistaController->resp()
 5 SYSTEMPATH\CodeIgniter.php(494): CodeIgniter\CodeIgniter->runController(Object(App\Controllers\VistaController))
 6 SYSTEMPATH\CodeIgniter.php(353): CodeIgniter\CodeIgniter->handleRequest(null, Object(Config\Cache), false)
 7 FCPATH\index.php(79): CodeIgniter\CodeIgniter->run()
CRITICAL - 2023-10-03 18:44:46 --> Undefined array key "descripcion_cargo"
in APPPATH\Views\responsables\cargo.php on line 50.
 1 APPPATH\Views\responsables\cargo.php(50): CodeIgniter\Debug\Exceptions->errorHandler(2, 'Undefined array key "descripcion_cargo"', 'C:\\wamp64\\www\\system\\app\\Views\\responsables\\cargo.php', 50)
 2 SYSTEMPATH\View\View.php(226): include('C:\\wamp64\\www\\system\\app\\Views\\responsables\\cargo.php')
 3 SYSTEMPATH\View\View.php(229): CodeIgniter\View\View->CodeIgniter\View\{closure}()
 4 SYSTEMPATH\Common.php(1188): CodeIgniter\View\View->render('responsables/cargo', [], true)
 5 APPPATH\Controllers\VistaController.php(22): view('responsables/cargo', [...])
 6 SYSTEMPATH\CodeIgniter.php(919): App\Controllers\VistaController->index()
 7 SYSTEMPATH\CodeIgniter.php(494): CodeIgniter\CodeIgniter->runController(Object(App\Controllers\VistaController))
 8 SYSTEMPATH\CodeIgniter.php(353): CodeIgniter\CodeIgniter->handleRequest(null, Object(Config\Cache), false)
 9 FCPATH\index.php(79): CodeIgniter\CodeIgniter->run()
CRITICAL - 2023-10-03 18:52:28 --> Undefined array key "descripcion_cargo"
in APPPATH\Views\responsables\cargo.php on line 46.
 1 APPPATH\Views\responsables\cargo.php(46): CodeIgniter\Debug\Exceptions->errorHandler(2, 'Undefined array key "descripcion_cargo"', 'C:\\wamp64\\www\\system\\app\\Views\\responsables\\cargo.php', 46)
 2 SYSTEMPATH\View\View.php(226): include('C:\\wamp64\\www\\system\\app\\Views\\responsables\\cargo.php')
 3 SYSTEMPATH\View\View.php(229): CodeIgniter\View\View->CodeIgniter\View\{closure}()
 4 SYSTEMPATH\Common.php(1188): CodeIgniter\View\View->render('responsables/cargo', [], true)
 5 APPPATH\Controllers\VistaController.php(22): view('responsables/cargo', [...])
 6 SYSTEMPATH\CodeIgniter.php(919): App\Controllers\VistaController->index()
 7 SYSTEMPATH\CodeIgniter.php(494): CodeIgniter\CodeIgniter->runController(Object(App\Controllers\VistaController))
 8 SYSTEMPATH\CodeIgniter.php(353): CodeIgniter\CodeIgniter->handleRequest(null, Object(Config\Cache), false)
 9 FCPATH\index.php(79): CodeIgniter\CodeIgniter->run()
CRITICAL - 2023-10-03 23:55:59 --> Trying to access array offset on value of type null
in APPPATH\Views\responsables\responsable.php on line 80.
 1 APPPATH\Views\responsables\responsable.php(80): CodeIgniter\Debug\Exceptions->errorHandler(2, 'Trying to access array offset on value of type null', 'C:\\wamp64\\www\\system\\app\\Views\\responsables\\responsable.php', 80)
 2 SYSTEMPATH\View\View.php(226): include('C:\\wamp64\\www\\system\\app\\Views\\responsables\\responsable.php')
 3 SYSTEMPATH\View\View.php(229): CodeIgniter\View\View->CodeIgniter\View\{closure}()
 4 SYSTEMPATH\Common.php(1188): CodeIgniter\View\View->render('responsables/responsable', [], true)
 5 APPPATH\Controllers\VistaController.php(45): view('responsables/responsable', [...])
 6 SYSTEMPATH\CodeIgniter.php(919): App\Controllers\VistaController->resp()
 7 SYSTEMPATH\CodeIgniter.php(494): CodeIgniter\CodeIgniter->runController(Object(App\Controllers\VistaController))
 8 SYSTEMPATH\CodeIgniter.php(353): CodeIgniter\CodeIgniter->handleRequest(null, Object(Config\Cache), false)
 9 FCPATH\index.php(79): CodeIgniter\CodeIgniter->run()
