CRITICAL - 2023-11-03 13:09:45 --> Cannot access offset of type string on string
in APPPATH\Views\responsables\editarresp.php on line 19.
 1 SYSTEMPATH\View\View.php(226): include()
 2 SYSTEMPATH\View\View.php(229): CodeIgniter\View\View->CodeIgniter\View\{closure}()
 3 SYSTEMPATH\Common.php(1188): CodeIgniter\View\View->render('responsables/editarresp', [], true)
 4 APPPATH\Controllers\AccionController.php(492): view('responsables/editarresp', [...])
 5 SYSTEMPATH\CodeIgniter.php(919): App\Controllers\AccionController->respupdate('3003485')
 6 SYSTEMPATH\CodeIgniter.php(494): CodeIgniter\CodeIgniter->runController(Object(App\Controllers\AccionController))
 7 SYSTEMPATH\CodeIgniter.php(353): CodeIgniter\CodeIgniter->handleRequest(null, Object(Config\Cache), false)
 8 FCPATH\index.php(79): CodeIgniter\CodeIgniter->run()
CRITICAL - 2023-11-03 13:11:35 --> Undefined variable $resp
in APPPATH\Views\responsables\editarresp.php on line 19.
 1 APPPATH\Views\responsables\editarresp.php(19): CodeIgniter\Debug\Exceptions->errorHandler(2, 'Undefined variable $resp', 'C:\\wamp64\\www\\system\\app\\Views\\responsables\\editarresp.php', 19)
 2 SYSTEMPATH\View\View.php(226): include('C:\\wamp64\\www\\system\\app\\Views\\responsables\\editarresp.php')
 3 SYSTEMPATH\View\View.php(229): CodeIgniter\View\View->CodeIgniter\View\{closure}()
 4 SYSTEMPATH\Common.php(1188): CodeIgniter\View\View->render('responsables/editarresp', [], true)
 5 APPPATH\Controllers\AccionController.php(492): view('responsables/editarresp', [...])
 6 SYSTEMPATH\CodeIgniter.php(919): App\Controllers\AccionController->respupdate('3003485')
 7 SYSTEMPATH\CodeIgniter.php(494): CodeIgniter\CodeIgniter->runController(Object(App\Controllers\AccionController))
 8 SYSTEMPATH\CodeIgniter.php(353): CodeIgniter\CodeIgniter->handleRequest(null, Object(Config\Cache), false)
 9 FCPATH\index.php(79): CodeIgniter\CodeIgniter->run()
CRITICAL - 2023-11-03 13:11:46 --> Undefined array key "con"
in APPPATH\Views\responsables\editarresp.php on line 54.
 1 APPPATH\Views\responsables\editarresp.php(54): CodeIgniter\Debug\Exceptions->errorHandler(2, 'Undefined array key "con"', 'C:\\wamp64\\www\\system\\app\\Views\\responsables\\editarresp.php', 54)
 2 SYSTEMPATH\View\View.php(226): include('C:\\wamp64\\www\\system\\app\\Views\\responsables\\editarresp.php')
 3 SYSTEMPATH\View\View.php(229): CodeIgniter\View\View->CodeIgniter\View\{closure}()
 4 SYSTEMPATH\Common.php(1188): CodeIgniter\View\View->render('responsables/editarresp', [], true)
 5 APPPATH\Controllers\AccionController.php(492): view('responsables/editarresp', [...])
 6 SYSTEMPATH\CodeIgniter.php(919): App\Controllers\AccionController->respupdate('3003485')
 7 SYSTEMPATH\CodeIgniter.php(494): CodeIgniter\CodeIgniter->runController(Object(App\Controllers\AccionController))
 8 SYSTEMPATH\CodeIgniter.php(353): CodeIgniter\CodeIgniter->handleRequest(null, Object(Config\Cache), false)
 9 FCPATH\index.php(79): CodeIgniter\CodeIgniter->run()
CRITICAL - 2023-11-03 13:13:48 --> Undefined array key "con"
in APPPATH\Views\responsables\editarresp.php on line 54.
 1 APPPATH\Views\responsables\editarresp.php(54): CodeIgniter\Debug\Exceptions->errorHandler(2, 'Undefined array key "con"', 'C:\\wamp64\\www\\system\\app\\Views\\responsables\\editarresp.php', 54)
 2 SYSTEMPATH\View\View.php(226): include('C:\\wamp64\\www\\system\\app\\Views\\responsables\\editarresp.php')
 3 SYSTEMPATH\View\View.php(229): CodeIgniter\View\View->CodeIgniter\View\{closure}()
 4 SYSTEMPATH\Common.php(1188): CodeIgniter\View\View->render('responsables/editarresp', [], true)
 5 APPPATH\Controllers\AccionController.php(492): view('responsables/editarresp', [...])
 6 SYSTEMPATH\CodeIgniter.php(919): App\Controllers\AccionController->respupdate('3003485')
 7 SYSTEMPATH\CodeIgniter.php(494): CodeIgniter\CodeIgniter->runController(Object(App\Controllers\AccionController))
 8 SYSTEMPATH\CodeIgniter.php(353): CodeIgniter\CodeIgniter->handleRequest(null, Object(Config\Cache), false)
 9 FCPATH\index.php(79): CodeIgniter\CodeIgniter->run()
CRITICAL - 2023-11-03 13:14:00 --> Undefined array key "con"
in APPPATH\Views\responsables\editarresp.php on line 59.
 1 APPPATH\Views\responsables\editarresp.php(59): CodeIgniter\Debug\Exceptions->errorHandler(2, 'Undefined array key "con"', 'C:\\wamp64\\www\\system\\app\\Views\\responsables\\editarresp.php', 59)
 2 SYSTEMPATH\View\View.php(226): include('C:\\wamp64\\www\\system\\app\\Views\\responsables\\editarresp.php')
 3 SYSTEMPATH\View\View.php(229): CodeIgniter\View\View->CodeIgniter\View\{closure}()
 4 SYSTEMPATH\Common.php(1188): CodeIgniter\View\View->render('responsables/editarresp', [], true)
 5 APPPATH\Controllers\AccionController.php(492): view('responsables/editarresp', [...])
 6 SYSTEMPATH\CodeIgniter.php(919): App\Controllers\AccionController->respupdate('3003485')
 7 SYSTEMPATH\CodeIgniter.php(494): CodeIgniter\CodeIgniter->runController(Object(App\Controllers\AccionController))
 8 SYSTEMPATH\CodeIgniter.php(353): CodeIgniter\CodeIgniter->handleRequest(null, Object(Config\Cache), false)
 9 FCPATH\index.php(79): CodeIgniter\CodeIgniter->run()
CRITICAL - 2023-11-03 13:14:31 --> Undefined array key "con"
in APPPATH\Views\responsables\editarresp.php on line 59.
 1 APPPATH\Views\responsables\editarresp.php(59): CodeIgniter\Debug\Exceptions->errorHandler(2, 'Undefined array key "con"', 'C:\\wamp64\\www\\system\\app\\Views\\responsables\\editarresp.php', 59)
 2 SYSTEMPATH\View\View.php(226): include('C:\\wamp64\\www\\system\\app\\Views\\responsables\\editarresp.php')
 3 SYSTEMPATH\View\View.php(229): CodeIgniter\View\View->CodeIgniter\View\{closure}()
 4 SYSTEMPATH\Common.php(1188): CodeIgniter\View\View->render('responsables/editarresp', [], true)
 5 APPPATH\Controllers\AccionController.php(492): view('responsables/editarresp', [...])
 6 SYSTEMPATH\CodeIgniter.php(919): App\Controllers\AccionController->respupdate('3003485')
 7 SYSTEMPATH\CodeIgniter.php(494): CodeIgniter\CodeIgniter->runController(Object(App\Controllers\AccionController))
 8 SYSTEMPATH\CodeIgniter.php(353): CodeIgniter\CodeIgniter->handleRequest(null, Object(Config\Cache), false)
 9 FCPATH\index.php(79): CodeIgniter\CodeIgniter->run()
CRITICAL - 2023-11-03 13:14:33 --> Undefined array key "con"
in APPPATH\Views\responsables\editarresp.php on line 59.
 1 APPPATH\Views\responsables\editarresp.php(59): CodeIgniter\Debug\Exceptions->errorHandler(2, 'Undefined array key "con"', 'C:\\wamp64\\www\\system\\app\\Views\\responsables\\editarresp.php', 59)
 2 SYSTEMPATH\View\View.php(226): include('C:\\wamp64\\www\\system\\app\\Views\\responsables\\editarresp.php')
 3 SYSTEMPATH\View\View.php(229): CodeIgniter\View\View->CodeIgniter\View\{closure}()
 4 SYSTEMPATH\Common.php(1188): CodeIgniter\View\View->render('responsables/editarresp', [], true)
 5 APPPATH\Controllers\AccionController.php(492): view('responsables/editarresp', [...])
 6 SYSTEMPATH\CodeIgniter.php(919): App\Controllers\AccionController->respupdate('3003485')
 7 SYSTEMPATH\CodeIgniter.php(494): CodeIgniter\CodeIgniter->runController(Object(App\Controllers\AccionController))
 8 SYSTEMPATH\CodeIgniter.php(353): CodeIgniter\CodeIgniter->handleRequest(null, Object(Config\Cache), false)
 9 FCPATH\index.php(79): CodeIgniter\CodeIgniter->run()
CRITICAL - 2023-11-03 13:14:55 --> Undefined array key "con"
in APPPATH\Views\responsables\editarresp.php on line 54.
 1 APPPATH\Views\responsables\editarresp.php(54): CodeIgniter\Debug\Exceptions->errorHandler(2, 'Undefined array key "con"', 'C:\\wamp64\\www\\system\\app\\Views\\responsables\\editarresp.php', 54)
 2 SYSTEMPATH\View\View.php(226): include('C:\\wamp64\\www\\system\\app\\Views\\responsables\\editarresp.php')
 3 SYSTEMPATH\View\View.php(229): CodeIgniter\View\View->CodeIgniter\View\{closure}()
 4 SYSTEMPATH\Common.php(1188): CodeIgniter\View\View->render('responsables/editarresp', [], true)
 5 APPPATH\Controllers\AccionController.php(492): view('responsables/editarresp', [...])
 6 SYSTEMPATH\CodeIgniter.php(919): App\Controllers\AccionController->respupdate('3003485')
 7 SYSTEMPATH\CodeIgniter.php(494): CodeIgniter\CodeIgniter->runController(Object(App\Controllers\AccionController))
 8 SYSTEMPATH\CodeIgniter.php(353): CodeIgniter\CodeIgniter->handleRequest(null, Object(Config\Cache), false)
 9 FCPATH\index.php(79): CodeIgniter\CodeIgniter->run()
CRITICAL - 2023-11-03 13:18:03 --> Undefined array key "con"
in APPPATH\Views\responsables\editarresp.php on line 59.
 1 APPPATH\Views\responsables\editarresp.php(59): CodeIgniter\Debug\Exceptions->errorHandler(2, 'Undefined array key "con"', 'C:\\wamp64\\www\\system\\app\\Views\\responsables\\editarresp.php', 59)
 2 SYSTEMPATH\View\View.php(226): include('C:\\wamp64\\www\\system\\app\\Views\\responsables\\editarresp.php')
 3 SYSTEMPATH\View\View.php(229): CodeIgniter\View\View->CodeIgniter\View\{closure}()
 4 SYSTEMPATH\Common.php(1188): CodeIgniter\View\View->render('responsables/editarresp', [], true)
 5 APPPATH\Controllers\AccionController.php(492): view('responsables/editarresp', [...])
 6 SYSTEMPATH\CodeIgniter.php(919): App\Controllers\AccionController->respupdate('3003485')
 7 SYSTEMPATH\CodeIgniter.php(494): CodeIgniter\CodeIgniter->runController(Object(App\Controllers\AccionController))
 8 SYSTEMPATH\CodeIgniter.php(353): CodeIgniter\CodeIgniter->handleRequest(null, Object(Config\Cache), false)
 9 FCPATH\index.php(79): CodeIgniter\CodeIgniter->run()
CRITICAL - 2023-11-03 13:18:22 --> Undefined array key "con"
in APPPATH\Views\responsables\editarresp.php on line 60.
 1 APPPATH\Views\responsables\editarresp.php(60): CodeIgniter\Debug\Exceptions->errorHandler(2, 'Undefined array key "con"', 'C:\\wamp64\\www\\system\\app\\Views\\responsables\\editarresp.php', 60)
 2 SYSTEMPATH\View\View.php(226): include('C:\\wamp64\\www\\system\\app\\Views\\responsables\\editarresp.php')
 3 SYSTEMPATH\View\View.php(229): CodeIgniter\View\View->CodeIgniter\View\{closure}()
 4 SYSTEMPATH\Common.php(1188): CodeIgniter\View\View->render('responsables/editarresp', [], true)
 5 APPPATH\Controllers\AccionController.php(492): view('responsables/editarresp', [...])
 6 SYSTEMPATH\CodeIgniter.php(919): App\Controllers\AccionController->respupdate('3003485')
 7 SYSTEMPATH\CodeIgniter.php(494): CodeIgniter\CodeIgniter->runController(Object(App\Controllers\AccionController))
 8 SYSTEMPATH\CodeIgniter.php(353): CodeIgniter\CodeIgniter->handleRequest(null, Object(Config\Cache), false)
 9 FCPATH\index.php(79): CodeIgniter\CodeIgniter->run()
ERROR - 2023-11-03 13:37:52 --> mysqli_sql_exception: Unknown column 'id' in 'where clause' in C:\wamp64\www\system\system\Database\MySQLi\Connection.php:306
Stack trace:
#0 C:\wamp64\www\system\system\Database\MySQLi\Connection.php(306): mysqli->query('SELECT *\nFROM `...', 0)
#1 C:\wamp64\www\system\system\Database\BaseConnection.php(692): CodeIgniter\Database\MySQLi\Connection->execute('SELECT *\nFROM `...')
#2 C:\wamp64\www\system\system\Database\BaseConnection.php(606): CodeIgniter\Database\BaseConnection->simpleQuery('SELECT *\nFROM `...')
#3 C:\wamp64\www\system\system\Database\BaseBuilder.php(1615): CodeIgniter\Database\BaseConnection->query('SELECT *\nFROM `...', Array, false)
#4 C:\wamp64\www\system\system\Model.php(199): CodeIgniter\Database\BaseBuilder->get()
#5 C:\wamp64\www\system\system\BaseModel.php(563): CodeIgniter\Model->doFind(false, Object(CodeIgniter\Database\MySQLi\Builder))
#6 C:\wamp64\www\system\app\Controllers\AccionController.php(484): CodeIgniter\BaseModel->find(Object(CodeIgniter\Database\MySQLi\Builder))
#7 C:\wamp64\www\system\system\CodeIgniter.php(919): App\Controllers\AccionController->respupdate('3003485')
#8 C:\wamp64\www\system\system\CodeIgniter.php(494): CodeIgniter\CodeIgniter->runController(Object(App\Controllers\AccionController))
#9 C:\wamp64\www\system\system\CodeIgniter.php(353): CodeIgniter\CodeIgniter->handleRequest(NULL, Object(Config\Cache), false)
#10 C:\wamp64\www\system\public\index.php(79): CodeIgniter\CodeIgniter->run()
#11 {main}
CRITICAL - 2023-11-03 13:37:52 --> Unknown column 'id' in 'where clause'
in SYSTEMPATH\Database\BaseConnection.php on line 646.
 1 SYSTEMPATH\Database\BaseBuilder.php(1615): CodeIgniter\Database\BaseConnection->query('SELECT *
FROM `resp_responsables`
WHERE `id` = :id:', [...], false)
 2 SYSTEMPATH\Model.php(199): CodeIgniter\Database\BaseBuilder->get()
 3 SYSTEMPATH\BaseModel.php(563): CodeIgniter\Model->doFind(false, Object(CodeIgniter\Database\MySQLi\Builder))
 4 APPPATH\Controllers\AccionController.php(484): CodeIgniter\BaseModel->find(Object(CodeIgniter\Database\MySQLi\Builder))
 5 SYSTEMPATH\CodeIgniter.php(919): App\Controllers\AccionController->respupdate('3003485')
 6 SYSTEMPATH\CodeIgniter.php(494): CodeIgniter\CodeIgniter->runController(Object(App\Controllers\AccionController))
 7 SYSTEMPATH\CodeIgniter.php(353): CodeIgniter\CodeIgniter->handleRequest(null, Object(Config\Cache), false)
 8 FCPATH\index.php(79): CodeIgniter\CodeIgniter->run()
CRITICAL - 2023-11-03 13:38:21 --> Undefined variable $responsables
in APPPATH\Views\responsables\editarresp.php on line 14.
 1 APPPATH\Views\responsables\editarresp.php(14): CodeIgniter\Debug\Exceptions->errorHandler(2, 'Undefined variable $responsables', 'C:\\wamp64\\www\\system\\app\\Views\\responsables\\editarresp.php', 14)
 2 SYSTEMPATH\View\View.php(226): include('C:\\wamp64\\www\\system\\app\\Views\\responsables\\editarresp.php')
 3 SYSTEMPATH\View\View.php(229): CodeIgniter\View\View->CodeIgniter\View\{closure}()
 4 SYSTEMPATH\Common.php(1188): CodeIgniter\View\View->render('responsables/editarresp', [], true)
 5 APPPATH\Controllers\AccionController.php(490): view('responsables/editarresp', [...])
 6 SYSTEMPATH\CodeIgniter.php(919): App\Controllers\AccionController->respupdate('3003485')
 7 SYSTEMPATH\CodeIgniter.php(494): CodeIgniter\CodeIgniter->runController(Object(App\Controllers\AccionController))
 8 SYSTEMPATH\CodeIgniter.php(353): CodeIgniter\CodeIgniter->handleRequest(null, Object(Config\Cache), false)
 9 FCPATH\index.php(79): CodeIgniter\CodeIgniter->run()
CRITICAL - 2023-11-03 13:38:29 --> Undefined array key "con"
in APPPATH\Views\responsables\editarresp.php on line 54.
 1 APPPATH\Views\responsables\editarresp.php(54): CodeIgniter\Debug\Exceptions->errorHandler(2, 'Undefined array key "con"', 'C:\\wamp64\\www\\system\\app\\Views\\responsables\\editarresp.php', 54)
 2 SYSTEMPATH\View\View.php(226): include('C:\\wamp64\\www\\system\\app\\Views\\responsables\\editarresp.php')
 3 SYSTEMPATH\View\View.php(229): CodeIgniter\View\View->CodeIgniter\View\{closure}()
 4 SYSTEMPATH\Common.php(1188): CodeIgniter\View\View->render('responsables/editarresp', [], true)
 5 APPPATH\Controllers\AccionController.php(490): view('responsables/editarresp', [...])
 6 SYSTEMPATH\CodeIgniter.php(919): App\Controllers\AccionController->respupdate('3003485')
 7 SYSTEMPATH\CodeIgniter.php(494): CodeIgniter\CodeIgniter->runController(Object(App\Controllers\AccionController))
 8 SYSTEMPATH\CodeIgniter.php(353): CodeIgniter\CodeIgniter->handleRequest(null, Object(Config\Cache), false)
 9 FCPATH\index.php(79): CodeIgniter\CodeIgniter->run()
CRITICAL - 2023-11-03 13:41:07 --> Undefined array key "cedula"
in APPPATH\Views\responsables\editarresp.php on line 19.
 1 APPPATH\Views\responsables\editarresp.php(19): CodeIgniter\Debug\Exceptions->errorHandler(2, 'Undefined array key "cedula"', 'C:\\wamp64\\www\\system\\app\\Views\\responsables\\editarresp.php', 19)
 2 SYSTEMPATH\View\View.php(226): include('C:\\wamp64\\www\\system\\app\\Views\\responsables\\editarresp.php')
 3 SYSTEMPATH\View\View.php(229): CodeIgniter\View\View->CodeIgniter\View\{closure}()
 4 SYSTEMPATH\Common.php(1188): CodeIgniter\View\View->render('responsables/editarresp', [], true)
 5 APPPATH\Controllers\AccionController.php(491): view('responsables/editarresp', [...])
 6 SYSTEMPATH\CodeIgniter.php(919): App\Controllers\AccionController->respupdate('3003485')
 7 SYSTEMPATH\CodeIgniter.php(494): CodeIgniter\CodeIgniter->runController(Object(App\Controllers\AccionController))
 8 SYSTEMPATH\CodeIgniter.php(353): CodeIgniter\CodeIgniter->handleRequest(null, Object(Config\Cache), false)
 9 FCPATH\index.php(79): CodeIgniter\CodeIgniter->run()
CRITICAL - 2023-11-03 13:42:30 --> Undefined array key "cedula"
in APPPATH\Views\responsables\editarresp.php on line 19.
 1 APPPATH\Views\responsables\editarresp.php(19): CodeIgniter\Debug\Exceptions->errorHandler(2, 'Undefined array key "cedula"', 'C:\\wamp64\\www\\system\\app\\Views\\responsables\\editarresp.php', 19)
 2 SYSTEMPATH\View\View.php(226): include('C:\\wamp64\\www\\system\\app\\Views\\responsables\\editarresp.php')
 3 SYSTEMPATH\View\View.php(229): CodeIgniter\View\View->CodeIgniter\View\{closure}()
 4 SYSTEMPATH\Common.php(1188): CodeIgniter\View\View->render('responsables/editarresp', [], true)
 5 APPPATH\Controllers\AccionController.php(491): view('responsables/editarresp', [...])
 6 SYSTEMPATH\CodeIgniter.php(919): App\Controllers\AccionController->respupdate('3003485')
 7 SYSTEMPATH\CodeIgniter.php(494): CodeIgniter\CodeIgniter->runController(Object(App\Controllers\AccionController))
 8 SYSTEMPATH\CodeIgniter.php(353): CodeIgniter\CodeIgniter->handleRequest(null, Object(Config\Cache), false)
 9 FCPATH\index.php(79): CodeIgniter\CodeIgniter->run()
CRITICAL - 2023-11-03 13:42:37 --> Undefined variable $resp
in APPPATH\Views\responsables\editarresp.php on line 19.
 1 APPPATH\Views\responsables\editarresp.php(19): CodeIgniter\Debug\Exceptions->errorHandler(2, 'Undefined variable $resp', 'C:\\wamp64\\www\\system\\app\\Views\\responsables\\editarresp.php', 19)
 2 SYSTEMPATH\View\View.php(226): include('C:\\wamp64\\www\\system\\app\\Views\\responsables\\editarresp.php')
 3 SYSTEMPATH\View\View.php(229): CodeIgniter\View\View->CodeIgniter\View\{closure}()
 4 SYSTEMPATH\Common.php(1188): CodeIgniter\View\View->render('responsables/editarresp', [], true)
 5 APPPATH\Controllers\AccionController.php(491): view('responsables/editarresp', [...])
 6 SYSTEMPATH\CodeIgniter.php(919): App\Controllers\AccionController->respupdate('3003485')
 7 SYSTEMPATH\CodeIgniter.php(494): CodeIgniter\CodeIgniter->runController(Object(App\Controllers\AccionController))
 8 SYSTEMPATH\CodeIgniter.php(353): CodeIgniter\CodeIgniter->handleRequest(null, Object(Config\Cache), false)
 9 FCPATH\index.php(79): CodeIgniter\CodeIgniter->run()
CRITICAL - 2023-11-03 13:43:18 --> Undefined variable $resp
in APPPATH\Views\responsables\editarresp.php on line 19.
 1 APPPATH\Views\responsables\editarresp.php(19): CodeIgniter\Debug\Exceptions->errorHandler(2, 'Undefined variable $resp', 'C:\\wamp64\\www\\system\\app\\Views\\responsables\\editarresp.php', 19)
 2 SYSTEMPATH\View\View.php(226): include('C:\\wamp64\\www\\system\\app\\Views\\responsables\\editarresp.php')
 3 SYSTEMPATH\View\View.php(229): CodeIgniter\View\View->CodeIgniter\View\{closure}()
 4 SYSTEMPATH\Common.php(1188): CodeIgniter\View\View->render('responsables/editarresp', [], true)
 5 APPPATH\Controllers\AccionController.php(491): view('responsables/editarresp', [...])
 6 SYSTEMPATH\CodeIgniter.php(919): App\Controllers\AccionController->respupdate('3003485')
 7 SYSTEMPATH\CodeIgniter.php(494): CodeIgniter\CodeIgniter->runController(Object(App\Controllers\AccionController))
 8 SYSTEMPATH\CodeIgniter.php(353): CodeIgniter\CodeIgniter->handleRequest(null, Object(Config\Cache), false)
 9 FCPATH\index.php(79): CodeIgniter\CodeIgniter->run()
CRITICAL - 2023-11-03 13:44:12 --> Undefined array key "con"
in APPPATH\Views\responsables\editarresp.php on line 54.
 1 APPPATH\Views\responsables\editarresp.php(54): CodeIgniter\Debug\Exceptions->errorHandler(2, 'Undefined array key "con"', 'C:\\wamp64\\www\\system\\app\\Views\\responsables\\editarresp.php', 54)
 2 SYSTEMPATH\View\View.php(226): include('C:\\wamp64\\www\\system\\app\\Views\\responsables\\editarresp.php')
 3 SYSTEMPATH\View\View.php(229): CodeIgniter\View\View->CodeIgniter\View\{closure}()
 4 SYSTEMPATH\Common.php(1188): CodeIgniter\View\View->render('responsables/editarresp', [], true)
 5 APPPATH\Controllers\AccionController.php(491): view('responsables/editarresp', [...])
 6 SYSTEMPATH\CodeIgniter.php(919): App\Controllers\AccionController->respupdate('3003485')
 7 SYSTEMPATH\CodeIgniter.php(494): CodeIgniter\CodeIgniter->runController(Object(App\Controllers\AccionController))
 8 SYSTEMPATH\CodeIgniter.php(353): CodeIgniter\CodeIgniter->handleRequest(null, Object(Config\Cache), false)
 9 FCPATH\index.php(79): CodeIgniter\CodeIgniter->run()
CRITICAL - 2023-11-03 13:44:36 --> Undefined array key "con"
in APPPATH\Views\responsables\editarresp.php on line 54.
 1 APPPATH\Views\responsables\editarresp.php(54): CodeIgniter\Debug\Exceptions->errorHandler(2, 'Undefined array key "con"', 'C:\\wamp64\\www\\system\\app\\Views\\responsables\\editarresp.php', 54)
 2 SYSTEMPATH\View\View.php(226): include('C:\\wamp64\\www\\system\\app\\Views\\responsables\\editarresp.php')
 3 SYSTEMPATH\View\View.php(229): CodeIgniter\View\View->CodeIgniter\View\{closure}()
 4 SYSTEMPATH\Common.php(1188): CodeIgniter\View\View->render('responsables/editarresp', [], true)
 5 APPPATH\Controllers\AccionController.php(491): view('responsables/editarresp', [...])
 6 SYSTEMPATH\CodeIgniter.php(919): App\Controllers\AccionController->respupdate('3003485')
 7 SYSTEMPATH\CodeIgniter.php(494): CodeIgniter\CodeIgniter->runController(Object(App\Controllers\AccionController))
 8 SYSTEMPATH\CodeIgniter.php(353): CodeIgniter\CodeIgniter->handleRequest(null, Object(Config\Cache), false)
 9 FCPATH\index.php(79): CodeIgniter\CodeIgniter->run()
CRITICAL - 2023-11-03 13:45:18 --> Undefined array key "con"
in APPPATH\Views\responsables\editarresp.php on line 54.
 1 APPPATH\Views\responsables\editarresp.php(54): CodeIgniter\Debug\Exceptions->errorHandler(2, 'Undefined array key "con"', 'C:\\wamp64\\www\\system\\app\\Views\\responsables\\editarresp.php', 54)
 2 SYSTEMPATH\View\View.php(226): include('C:\\wamp64\\www\\system\\app\\Views\\responsables\\editarresp.php')
 3 SYSTEMPATH\View\View.php(229): CodeIgniter\View\View->CodeIgniter\View\{closure}()
 4 SYSTEMPATH\Common.php(1188): CodeIgniter\View\View->render('responsables/editarresp', [], true)
 5 APPPATH\Controllers\AccionController.php(491): view('responsables/editarresp', [...])
 6 SYSTEMPATH\CodeIgniter.php(919): App\Controllers\AccionController->respupdate('3003485')
 7 SYSTEMPATH\CodeIgniter.php(494): CodeIgniter\CodeIgniter->runController(Object(App\Controllers\AccionController))
 8 SYSTEMPATH\CodeIgniter.php(353): CodeIgniter\CodeIgniter->handleRequest(null, Object(Config\Cache), false)
 9 FCPATH\index.php(79): CodeIgniter\CodeIgniter->run()
CRITICAL - 2023-11-03 13:45:31 --> Undefined array key "con"
in APPPATH\Views\responsables\editarresp.php on line 54.
 1 APPPATH\Views\responsables\editarresp.php(54): CodeIgniter\Debug\Exceptions->errorHandler(2, 'Undefined array key "con"', 'C:\\wamp64\\www\\system\\app\\Views\\responsables\\editarresp.php', 54)
 2 SYSTEMPATH\View\View.php(226): include('C:\\wamp64\\www\\system\\app\\Views\\responsables\\editarresp.php')
 3 SYSTEMPATH\View\View.php(229): CodeIgniter\View\View->CodeIgniter\View\{closure}()
 4 SYSTEMPATH\Common.php(1188): CodeIgniter\View\View->render('responsables/editarresp', [], true)
 5 APPPATH\Controllers\AccionController.php(491): view('responsables/editarresp', [...])
 6 SYSTEMPATH\CodeIgniter.php(919): App\Controllers\AccionController->respupdate('3003485')
 7 SYSTEMPATH\CodeIgniter.php(494): CodeIgniter\CodeIgniter->runController(Object(App\Controllers\AccionController))
 8 SYSTEMPATH\CodeIgniter.php(353): CodeIgniter\CodeIgniter->handleRequest(null, Object(Config\Cache), false)
 9 FCPATH\index.php(79): CodeIgniter\CodeIgniter->run()
CRITICAL - 2023-11-03 13:45:34 --> Undefined array key "con"
in APPPATH\Views\responsables\editarresp.php on line 54.
 1 APPPATH\Views\responsables\editarresp.php(54): CodeIgniter\Debug\Exceptions->errorHandler(2, 'Undefined array key "con"', 'C:\\wamp64\\www\\system\\app\\Views\\responsables\\editarresp.php', 54)
 2 SYSTEMPATH\View\View.php(226): include('C:\\wamp64\\www\\system\\app\\Views\\responsables\\editarresp.php')
 3 SYSTEMPATH\View\View.php(229): CodeIgniter\View\View->CodeIgniter\View\{closure}()
 4 SYSTEMPATH\Common.php(1188): CodeIgniter\View\View->render('responsables/editarresp', [], true)
 5 APPPATH\Controllers\AccionController.php(491): view('responsables/editarresp', [...])
 6 SYSTEMPATH\CodeIgniter.php(919): App\Controllers\AccionController->respupdate('3003485')
 7 SYSTEMPATH\CodeIgniter.php(494): CodeIgniter\CodeIgniter->runController(Object(App\Controllers\AccionController))
 8 SYSTEMPATH\CodeIgniter.php(353): CodeIgniter\CodeIgniter->handleRequest(null, Object(Config\Cache), false)
 9 FCPATH\index.php(79): CodeIgniter\CodeIgniter->run()
CRITICAL - 2023-11-03 13:45:53 --> Undefined array key "condicion_nombre"
in APPPATH\Views\responsables\editarresp.php on line 54.
 1 APPPATH\Views\responsables\editarresp.php(54): CodeIgniter\Debug\Exceptions->errorHandler(2, 'Undefined array key "condicion_nombre"', 'C:\\wamp64\\www\\system\\app\\Views\\responsables\\editarresp.php', 54)
 2 SYSTEMPATH\View\View.php(226): include('C:\\wamp64\\www\\system\\app\\Views\\responsables\\editarresp.php')
 3 SYSTEMPATH\View\View.php(229): CodeIgniter\View\View->CodeIgniter\View\{closure}()
 4 SYSTEMPATH\Common.php(1188): CodeIgniter\View\View->render('responsables/editarresp', [], true)
 5 APPPATH\Controllers\AccionController.php(491): view('responsables/editarresp', [...])
 6 SYSTEMPATH\CodeIgniter.php(919): App\Controllers\AccionController->respupdate('3003485')
 7 SYSTEMPATH\CodeIgniter.php(494): CodeIgniter\CodeIgniter->runController(Object(App\Controllers\AccionController))
 8 SYSTEMPATH\CodeIgniter.php(353): CodeIgniter\CodeIgniter->handleRequest(null, Object(Config\Cache), false)
 9 FCPATH\index.php(79): CodeIgniter\CodeIgniter->run()
CRITICAL - 2023-11-03 13:46:19 --> Undefined array key "nombre_condicion"
in APPPATH\Views\responsables\editarresp.php on line 54.
 1 APPPATH\Views\responsables\editarresp.php(54): CodeIgniter\Debug\Exceptions->errorHandler(2, 'Undefined array key "nombre_condicion"', 'C:\\wamp64\\www\\system\\app\\Views\\responsables\\editarresp.php', 54)
 2 SYSTEMPATH\View\View.php(226): include('C:\\wamp64\\www\\system\\app\\Views\\responsables\\editarresp.php')
 3 SYSTEMPATH\View\View.php(229): CodeIgniter\View\View->CodeIgniter\View\{closure}()
 4 SYSTEMPATH\Common.php(1188): CodeIgniter\View\View->render('responsables/editarresp', [], true)
 5 APPPATH\Controllers\AccionController.php(491): view('responsables/editarresp', [...])
 6 SYSTEMPATH\CodeIgniter.php(919): App\Controllers\AccionController->respupdate('3003485')
 7 SYSTEMPATH\CodeIgniter.php(494): CodeIgniter\CodeIgniter->runController(Object(App\Controllers\AccionController))
 8 SYSTEMPATH\CodeIgniter.php(353): CodeIgniter\CodeIgniter->handleRequest(null, Object(Config\Cache), false)
 9 FCPATH\index.php(79): CodeIgniter\CodeIgniter->run()
CRITICAL - 2023-11-03 13:48:24 --> Undefined array key "con"
in APPPATH\Views\responsables\editarresp.php on line 54.
 1 APPPATH\Views\responsables\editarresp.php(54): CodeIgniter\Debug\Exceptions->errorHandler(2, 'Undefined array key "con"', 'C:\\wamp64\\www\\system\\app\\Views\\responsables\\editarresp.php', 54)
 2 SYSTEMPATH\View\View.php(226): include('C:\\wamp64\\www\\system\\app\\Views\\responsables\\editarresp.php')
 3 SYSTEMPATH\View\View.php(229): CodeIgniter\View\View->CodeIgniter\View\{closure}()
 4 SYSTEMPATH\Common.php(1188): CodeIgniter\View\View->render('responsables/editarresp', [], true)
 5 APPPATH\Controllers\AccionController.php(491): view('responsables/editarresp', [...])
 6 SYSTEMPATH\CodeIgniter.php(919): App\Controllers\AccionController->respupdate('3003485')
 7 SYSTEMPATH\CodeIgniter.php(494): CodeIgniter\CodeIgniter->runController(Object(App\Controllers\AccionController))
 8 SYSTEMPATH\CodeIgniter.php(353): CodeIgniter\CodeIgniter->handleRequest(null, Object(Config\Cache), false)
 9 FCPATH\index.php(79): CodeIgniter\CodeIgniter->run()
CRITICAL - 2023-11-03 14:22:50 --> Undefined array key "con"
in APPPATH\Views\responsables\editarresp.php on line 54.
 1 APPPATH\Views\responsables\editarresp.php(54): CodeIgniter\Debug\Exceptions->errorHandler(2, 'Undefined array key "con"', 'C:\\wamp64\\www\\system\\app\\Views\\responsables\\editarresp.php', 54)
 2 SYSTEMPATH\View\View.php(226): include('C:\\wamp64\\www\\system\\app\\Views\\responsables\\editarresp.php')
 3 SYSTEMPATH\View\View.php(229): CodeIgniter\View\View->CodeIgniter\View\{closure}()
 4 SYSTEMPATH\Common.php(1188): CodeIgniter\View\View->render('responsables/editarresp', [], true)
 5 APPPATH\Controllers\AccionController.php(491): view('responsables/editarresp', [...])
 6 SYSTEMPATH\CodeIgniter.php(919): App\Controllers\AccionController->respupdate('11466018')
 7 SYSTEMPATH\CodeIgniter.php(494): CodeIgniter\CodeIgniter->runController(Object(App\Controllers\AccionController))
 8 SYSTEMPATH\CodeIgniter.php(353): CodeIgniter\CodeIgniter->handleRequest(null, Object(Config\Cache), false)
 9 FCPATH\index.php(79): CodeIgniter\CodeIgniter->run()
CRITICAL - 2023-11-03 14:32:58 --> Array to string conversion
in APPPATH\Controllers\AccionController.php on line 486.
 1 APPPATH\Controllers\AccionController.php(486): CodeIgniter\Debug\Exceptions->errorHandler(2, 'Array to string conversion', 'C:\\wamp64\\www\\system\\app\\Controllers\\AccionController.php', 486)
 2 SYSTEMPATH\CodeIgniter.php(919): App\Controllers\AccionController->respupdate('3003485')
 3 SYSTEMPATH\CodeIgniter.php(494): CodeIgniter\CodeIgniter->runController(Object(App\Controllers\AccionController))
 4 SYSTEMPATH\CodeIgniter.php(353): CodeIgniter\CodeIgniter->handleRequest(null, Object(Config\Cache), false)
 5 FCPATH\index.php(79): CodeIgniter\CodeIgniter->run()
CRITICAL - 2023-11-03 14:33:23 --> Array to string conversion
in APPPATH\Controllers\AccionController.php on line 486.
 1 APPPATH\Controllers\AccionController.php(486): CodeIgniter\Debug\Exceptions->errorHandler(2, 'Array to string conversion', 'C:\\wamp64\\www\\system\\app\\Controllers\\AccionController.php', 486)
 2 SYSTEMPATH\CodeIgniter.php(919): App\Controllers\AccionController->respupdate('3003485')
 3 SYSTEMPATH\CodeIgniter.php(494): CodeIgniter\CodeIgniter->runController(Object(App\Controllers\AccionController))
 4 SYSTEMPATH\CodeIgniter.php(353): CodeIgniter\CodeIgniter->handleRequest(null, Object(Config\Cache), false)
 5 FCPATH\index.php(79): CodeIgniter\CodeIgniter->run()
CRITICAL - 2023-11-03 14:33:37 --> Array to string conversion
in APPPATH\Controllers\AccionController.php on line 486.
 1 APPPATH\Controllers\AccionController.php(486): CodeIgniter\Debug\Exceptions->errorHandler(2, 'Array to string conversion', 'C:\\wamp64\\www\\system\\app\\Controllers\\AccionController.php', 486)
 2 SYSTEMPATH\CodeIgniter.php(919): App\Controllers\AccionController->respupdate('3003485')
 3 SYSTEMPATH\CodeIgniter.php(494): CodeIgniter\CodeIgniter->runController(Object(App\Controllers\AccionController))
 4 SYSTEMPATH\CodeIgniter.php(353): CodeIgniter\CodeIgniter->handleRequest(null, Object(Config\Cache), false)
 5 FCPATH\index.php(79): CodeIgniter\CodeIgniter->run()
CRITICAL - 2023-11-03 14:38:27 --> Undefined variable $responsables
in APPPATH\Views\responsables\editarresp.php on line 14.
 1 APPPATH\Views\responsables\editarresp.php(14): CodeIgniter\Debug\Exceptions->errorHandler(2, 'Undefined variable $responsables', 'C:\\wamp64\\www\\system\\app\\Views\\responsables\\editarresp.php', 14)
 2 SYSTEMPATH\View\View.php(226): include('C:\\wamp64\\www\\system\\app\\Views\\responsables\\editarresp.php')
 3 SYSTEMPATH\View\View.php(229): CodeIgniter\View\View->CodeIgniter\View\{closure}()
 4 SYSTEMPATH\Common.php(1188): CodeIgniter\View\View->render('responsables/editarresp', [], true)
 5 APPPATH\Controllers\AccionController.php(490): view('responsables/editarresp', [...])
 6 SYSTEMPATH\CodeIgniter.php(919): App\Controllers\AccionController->respupdate('11466018')
 7 SYSTEMPATH\CodeIgniter.php(494): CodeIgniter\CodeIgniter->runController(Object(App\Controllers\AccionController))
 8 SYSTEMPATH\CodeIgniter.php(353): CodeIgniter\CodeIgniter->handleRequest(null, Object(Config\Cache), false)
 9 FCPATH\index.php(79): CodeIgniter\CodeIgniter->run()
CRITICAL - 2023-11-03 14:38:41 --> Undefined variable $responsables
in APPPATH\Views\responsables\editarresp.php on line 14.
 1 APPPATH\Views\responsables\editarresp.php(14): CodeIgniter\Debug\Exceptions->errorHandler(2, 'Undefined variable $responsables', 'C:\\wamp64\\www\\system\\app\\Views\\responsables\\editarresp.php', 14)
 2 SYSTEMPATH\View\View.php(226): include('C:\\wamp64\\www\\system\\app\\Views\\responsables\\editarresp.php')
 3 SYSTEMPATH\View\View.php(229): CodeIgniter\View\View->CodeIgniter\View\{closure}()
 4 SYSTEMPATH\Common.php(1188): CodeIgniter\View\View->render('responsables/editarresp', [], true)
 5 APPPATH\Controllers\AccionController.php(490): view('responsables/editarresp', [...])
 6 SYSTEMPATH\CodeIgniter.php(919): App\Controllers\AccionController->respupdate('11466018')
 7 SYSTEMPATH\CodeIgniter.php(494): CodeIgniter\CodeIgniter->runController(Object(App\Controllers\AccionController))
 8 SYSTEMPATH\CodeIgniter.php(353): CodeIgniter\CodeIgniter->handleRequest(null, Object(Config\Cache), false)
 9 FCPATH\index.php(79): CodeIgniter\CodeIgniter->run()
CRITICAL - 2023-11-03 14:39:18 --> Undefined array key "con"
in APPPATH\Views\responsables\editarresp.php on line 54.
 1 APPPATH\Views\responsables\editarresp.php(54): CodeIgniter\Debug\Exceptions->errorHandler(2, 'Undefined array key "con"', 'C:\\wamp64\\www\\system\\app\\Views\\responsables\\editarresp.php', 54)
 2 SYSTEMPATH\View\View.php(226): include('C:\\wamp64\\www\\system\\app\\Views\\responsables\\editarresp.php')
 3 SYSTEMPATH\View\View.php(229): CodeIgniter\View\View->CodeIgniter\View\{closure}()
 4 SYSTEMPATH\Common.php(1188): CodeIgniter\View\View->render('responsables/editarresp', [], true)
 5 APPPATH\Controllers\AccionController.php(490): view('responsables/editarresp', [...])
 6 SYSTEMPATH\CodeIgniter.php(919): App\Controllers\AccionController->respupdate('11466018')
 7 SYSTEMPATH\CodeIgniter.php(494): CodeIgniter\CodeIgniter->runController(Object(App\Controllers\AccionController))
 8 SYSTEMPATH\CodeIgniter.php(353): CodeIgniter\CodeIgniter->handleRequest(null, Object(Config\Cache), false)
 9 FCPATH\index.php(79): CodeIgniter\CodeIgniter->run()
CRITICAL - 2023-11-03 14:39:50 --> Undefined variable $responsables
in APPPATH\Views\responsables\editarresp.php on line 14.
 1 APPPATH\Views\responsables\editarresp.php(14): CodeIgniter\Debug\Exceptions->errorHandler(2, 'Undefined variable $responsables', 'C:\\wamp64\\www\\system\\app\\Views\\responsables\\editarresp.php', 14)
 2 SYSTEMPATH\View\View.php(226): include('C:\\wamp64\\www\\system\\app\\Views\\responsables\\editarresp.php')
 3 SYSTEMPATH\View\View.php(229): CodeIgniter\View\View->CodeIgniter\View\{closure}()
 4 SYSTEMPATH\Common.php(1188): CodeIgniter\View\View->render('responsables/editarresp', [], true)
 5 APPPATH\Controllers\AccionController.php(490): view('responsables/editarresp', [...])
 6 SYSTEMPATH\CodeIgniter.php(919): App\Controllers\AccionController->respupdate('11466018')
 7 SYSTEMPATH\CodeIgniter.php(494): CodeIgniter\CodeIgniter->runController(Object(App\Controllers\AccionController))
 8 SYSTEMPATH\CodeIgniter.php(353): CodeIgniter\CodeIgniter->handleRequest(null, Object(Config\Cache), false)
 9 FCPATH\index.php(79): CodeIgniter\CodeIgniter->run()
CRITICAL - 2023-11-03 14:41:54 --> Undefined variable $responsables
in APPPATH\Views\responsables\editarresp.php on line 14.
 1 APPPATH\Views\responsables\editarresp.php(14): CodeIgniter\Debug\Exceptions->errorHandler(2, 'Undefined variable $responsables', 'C:\\wamp64\\www\\system\\app\\Views\\responsables\\editarresp.php', 14)
 2 SYSTEMPATH\View\View.php(226): include('C:\\wamp64\\www\\system\\app\\Views\\responsables\\editarresp.php')
 3 SYSTEMPATH\View\View.php(229): CodeIgniter\View\View->CodeIgniter\View\{closure}()
 4 SYSTEMPATH\Common.php(1188): CodeIgniter\View\View->render('responsables/editarresp', [], true)
 5 APPPATH\Controllers\AccionController.php(490): view('responsables/editarresp', [...])
 6 SYSTEMPATH\CodeIgniter.php(919): App\Controllers\AccionController->respupdate('11466018')
 7 SYSTEMPATH\CodeIgniter.php(494): CodeIgniter\CodeIgniter->runController(Object(App\Controllers\AccionController))
 8 SYSTEMPATH\CodeIgniter.php(353): CodeIgniter\CodeIgniter->handleRequest(null, Object(Config\Cache), false)
 9 FCPATH\index.php(79): CodeIgniter\CodeIgniter->run()
CRITICAL - 2023-11-03 14:41:58 --> Undefined variable $responsables
in APPPATH\Views\responsables\editarresp.php on line 14.
 1 APPPATH\Views\responsables\editarresp.php(14): CodeIgniter\Debug\Exceptions->errorHandler(2, 'Undefined variable $responsables', 'C:\\wamp64\\www\\system\\app\\Views\\responsables\\editarresp.php', 14)
 2 SYSTEMPATH\View\View.php(226): include('C:\\wamp64\\www\\system\\app\\Views\\responsables\\editarresp.php')
 3 SYSTEMPATH\View\View.php(229): CodeIgniter\View\View->CodeIgniter\View\{closure}()
 4 SYSTEMPATH\Common.php(1188): CodeIgniter\View\View->render('responsables/editarresp', [], true)
 5 APPPATH\Controllers\AccionController.php(490): view('responsables/editarresp', [...])
 6 SYSTEMPATH\CodeIgniter.php(919): App\Controllers\AccionController->respupdate('11466018')
 7 SYSTEMPATH\CodeIgniter.php(494): CodeIgniter\CodeIgniter->runController(Object(App\Controllers\AccionController))
 8 SYSTEMPATH\CodeIgniter.php(353): CodeIgniter\CodeIgniter->handleRequest(null, Object(Config\Cache), false)
 9 FCPATH\index.php(79): CodeIgniter\CodeIgniter->run()
CRITICAL - 2023-11-03 14:42:44 --> Undefined array key "x"
in APPPATH\Views\responsables\editarresp.php on line 19.
 1 APPPATH\Views\responsables\editarresp.php(19): CodeIgniter\Debug\Exceptions->errorHandler(2, 'Undefined array key "x"', 'C:\\wamp64\\www\\system\\app\\Views\\responsables\\editarresp.php', 19)
 2 SYSTEMPATH\View\View.php(226): include('C:\\wamp64\\www\\system\\app\\Views\\responsables\\editarresp.php')
 3 SYSTEMPATH\View\View.php(229): CodeIgniter\View\View->CodeIgniter\View\{closure}()
 4 SYSTEMPATH\Common.php(1188): CodeIgniter\View\View->render('responsables/editarresp', [], true)
 5 APPPATH\Controllers\AccionController.php(490): view('responsables/editarresp', [...])
 6 SYSTEMPATH\CodeIgniter.php(919): App\Controllers\AccionController->respupdate('11466018')
 7 SYSTEMPATH\CodeIgniter.php(494): CodeIgniter\CodeIgniter->runController(Object(App\Controllers\AccionController))
 8 SYSTEMPATH\CodeIgniter.php(353): CodeIgniter\CodeIgniter->handleRequest(null, Object(Config\Cache), false)
 9 FCPATH\index.php(79): CodeIgniter\CodeIgniter->run()
CRITICAL - 2023-11-03 14:42:57 --> Undefined variable $datos
in APPPATH\Views\responsables\editarresp.php on line 14.
 1 APPPATH\Views\responsables\editarresp.php(14): CodeIgniter\Debug\Exceptions->errorHandler(2, 'Undefined variable $datos', 'C:\\wamp64\\www\\system\\app\\Views\\responsables\\editarresp.php', 14)
 2 SYSTEMPATH\View\View.php(226): include('C:\\wamp64\\www\\system\\app\\Views\\responsables\\editarresp.php')
 3 SYSTEMPATH\View\View.php(229): CodeIgniter\View\View->CodeIgniter\View\{closure}()
 4 SYSTEMPATH\Common.php(1188): CodeIgniter\View\View->render('responsables/editarresp', [], true)
 5 APPPATH\Controllers\AccionController.php(490): view('responsables/editarresp', [...])
 6 SYSTEMPATH\CodeIgniter.php(919): App\Controllers\AccionController->respupdate('11466018')
 7 SYSTEMPATH\CodeIgniter.php(494): CodeIgniter\CodeIgniter->runController(Object(App\Controllers\AccionController))
 8 SYSTEMPATH\CodeIgniter.php(353): CodeIgniter\CodeIgniter->handleRequest(null, Object(Config\Cache), false)
 9 FCPATH\index.php(79): CodeIgniter\CodeIgniter->run()
CRITICAL - 2023-11-03 14:45:22 --> Undefined variable $datos
in APPPATH\Views\responsables\editarresp.php on line 5.
 1 APPPATH\Views\responsables\editarresp.php(5): CodeIgniter\Debug\Exceptions->errorHandler(2, 'Undefined variable $datos', 'C:\\wamp64\\www\\system\\app\\Views\\responsables\\editarresp.php', 5)
 2 SYSTEMPATH\View\View.php(226): include('C:\\wamp64\\www\\system\\app\\Views\\responsables\\editarresp.php')
 3 SYSTEMPATH\View\View.php(229): CodeIgniter\View\View->CodeIgniter\View\{closure}()
 4 SYSTEMPATH\Common.php(1188): CodeIgniter\View\View->render('responsables/editarresp', [], true)
 5 APPPATH\Controllers\AccionController.php(490): view('responsables/editarresp', [...])
 6 SYSTEMPATH\CodeIgniter.php(919): App\Controllers\AccionController->respupdate('11466018')
 7 SYSTEMPATH\CodeIgniter.php(494): CodeIgniter\CodeIgniter->runController(Object(App\Controllers\AccionController))
 8 SYSTEMPATH\CodeIgniter.php(353): CodeIgniter\CodeIgniter->handleRequest(null, Object(Config\Cache), false)
 9 FCPATH\index.php(79): CodeIgniter\CodeIgniter->run()
CRITICAL - 2023-11-03 14:45:39 --> Undefined variable $data
in APPPATH\Views\responsables\editarresp.php on line 5.
 1 APPPATH\Views\responsables\editarresp.php(5): CodeIgniter\Debug\Exceptions->errorHandler(2, 'Undefined variable $data', 'C:\\wamp64\\www\\system\\app\\Views\\responsables\\editarresp.php', 5)
 2 SYSTEMPATH\View\View.php(226): include('C:\\wamp64\\www\\system\\app\\Views\\responsables\\editarresp.php')
 3 SYSTEMPATH\View\View.php(229): CodeIgniter\View\View->CodeIgniter\View\{closure}()
 4 SYSTEMPATH\Common.php(1188): CodeIgniter\View\View->render('responsables/editarresp', [], true)
 5 APPPATH\Controllers\AccionController.php(490): view('responsables/editarresp', [...])
 6 SYSTEMPATH\CodeIgniter.php(919): App\Controllers\AccionController->respupdate('11466018')
 7 SYSTEMPATH\CodeIgniter.php(494): CodeIgniter\CodeIgniter->runController(Object(App\Controllers\AccionController))
 8 SYSTEMPATH\CodeIgniter.php(353): CodeIgniter\CodeIgniter->handleRequest(null, Object(Config\Cache), false)
 9 FCPATH\index.php(79): CodeIgniter\CodeIgniter->run()
CRITICAL - 2023-11-03 14:45:49 --> Undefined variable $data
in APPPATH\Views\responsables\editarresp.php on line 5.
 1 APPPATH\Views\responsables\editarresp.php(5): CodeIgniter\Debug\Exceptions->errorHandler(2, 'Undefined variable $data', 'C:\\wamp64\\www\\system\\app\\Views\\responsables\\editarresp.php', 5)
 2 SYSTEMPATH\View\View.php(226): include('C:\\wamp64\\www\\system\\app\\Views\\responsables\\editarresp.php')
 3 SYSTEMPATH\View\View.php(229): CodeIgniter\View\View->CodeIgniter\View\{closure}()
 4 SYSTEMPATH\Common.php(1188): CodeIgniter\View\View->render('responsables/editarresp', [], true)
 5 APPPATH\Controllers\AccionController.php(490): view('responsables/editarresp', [...])
 6 SYSTEMPATH\CodeIgniter.php(919): App\Controllers\AccionController->respupdate('11466018')
 7 SYSTEMPATH\CodeIgniter.php(494): CodeIgniter\CodeIgniter->runController(Object(App\Controllers\AccionController))
 8 SYSTEMPATH\CodeIgniter.php(353): CodeIgniter\CodeIgniter->handleRequest(null, Object(Config\Cache), false)
 9 FCPATH\index.php(79): CodeIgniter\CodeIgniter->run()
CRITICAL - 2023-11-03 14:45:50 --> Undefined variable $data
in APPPATH\Views\responsables\editarresp.php on line 5.
 1 APPPATH\Views\responsables\editarresp.php(5): CodeIgniter\Debug\Exceptions->errorHandler(2, 'Undefined variable $data', 'C:\\wamp64\\www\\system\\app\\Views\\responsables\\editarresp.php', 5)
 2 SYSTEMPATH\View\View.php(226): include('C:\\wamp64\\www\\system\\app\\Views\\responsables\\editarresp.php')
 3 SYSTEMPATH\View\View.php(229): CodeIgniter\View\View->CodeIgniter\View\{closure}()
 4 SYSTEMPATH\Common.php(1188): CodeIgniter\View\View->render('responsables/editarresp', [], true)
 5 APPPATH\Controllers\AccionController.php(490): view('responsables/editarresp', [...])
 6 SYSTEMPATH\CodeIgniter.php(919): App\Controllers\AccionController->respupdate('11466018')
 7 SYSTEMPATH\CodeIgniter.php(494): CodeIgniter\CodeIgniter->runController(Object(App\Controllers\AccionController))
 8 SYSTEMPATH\CodeIgniter.php(353): CodeIgniter\CodeIgniter->handleRequest(null, Object(Config\Cache), false)
 9 FCPATH\index.php(79): CodeIgniter\CodeIgniter->run()
CRITICAL - 2023-11-03 14:45:54 --> Undefined variable $datos
in APPPATH\Views\responsables\editarresp.php on line 5.
 1 APPPATH\Views\responsables\editarresp.php(5): CodeIgniter\Debug\Exceptions->errorHandler(2, 'Undefined variable $datos', 'C:\\wamp64\\www\\system\\app\\Views\\responsables\\editarresp.php', 5)
 2 SYSTEMPATH\View\View.php(226): include('C:\\wamp64\\www\\system\\app\\Views\\responsables\\editarresp.php')
 3 SYSTEMPATH\View\View.php(229): CodeIgniter\View\View->CodeIgniter\View\{closure}()
 4 SYSTEMPATH\Common.php(1188): CodeIgniter\View\View->render('responsables/editarresp', [], true)
 5 APPPATH\Controllers\AccionController.php(490): view('responsables/editarresp', [...])
 6 SYSTEMPATH\CodeIgniter.php(919): App\Controllers\AccionController->respupdate('11466018')
 7 SYSTEMPATH\CodeIgniter.php(494): CodeIgniter\CodeIgniter->runController(Object(App\Controllers\AccionController))
 8 SYSTEMPATH\CodeIgniter.php(353): CodeIgniter\CodeIgniter->handleRequest(null, Object(Config\Cache), false)
 9 FCPATH\index.php(79): CodeIgniter\CodeIgniter->run()
CRITICAL - 2023-11-03 14:45:59 --> Undefined variable $datos
in APPPATH\Views\responsables\editarresp.php on line 5.
 1 APPPATH\Views\responsables\editarresp.php(5): CodeIgniter\Debug\Exceptions->errorHandler(2, 'Undefined variable $datos', 'C:\\wamp64\\www\\system\\app\\Views\\responsables\\editarresp.php', 5)
 2 SYSTEMPATH\View\View.php(226): include('C:\\wamp64\\www\\system\\app\\Views\\responsables\\editarresp.php')
 3 SYSTEMPATH\View\View.php(229): CodeIgniter\View\View->CodeIgniter\View\{closure}()
 4 SYSTEMPATH\Common.php(1188): CodeIgniter\View\View->render('responsables/editarresp', [], true)
 5 APPPATH\Controllers\AccionController.php(490): view('responsables/editarresp', [...])
 6 SYSTEMPATH\CodeIgniter.php(919): App\Controllers\AccionController->respupdate('11466018')
 7 SYSTEMPATH\CodeIgniter.php(494): CodeIgniter\CodeIgniter->runController(Object(App\Controllers\AccionController))
 8 SYSTEMPATH\CodeIgniter.php(353): CodeIgniter\CodeIgniter->handleRequest(null, Object(Config\Cache), false)
 9 FCPATH\index.php(79): CodeIgniter\CodeIgniter->run()
CRITICAL - 2023-11-03 14:46:00 --> Undefined variable $datos
in APPPATH\Views\responsables\editarresp.php on line 5.
 1 APPPATH\Views\responsables\editarresp.php(5): CodeIgniter\Debug\Exceptions->errorHandler(2, 'Undefined variable $datos', 'C:\\wamp64\\www\\system\\app\\Views\\responsables\\editarresp.php', 5)
 2 SYSTEMPATH\View\View.php(226): include('C:\\wamp64\\www\\system\\app\\Views\\responsables\\editarresp.php')
 3 SYSTEMPATH\View\View.php(229): CodeIgniter\View\View->CodeIgniter\View\{closure}()
 4 SYSTEMPATH\Common.php(1188): CodeIgniter\View\View->render('responsables/editarresp', [], true)
 5 APPPATH\Controllers\AccionController.php(490): view('responsables/editarresp', [...])
 6 SYSTEMPATH\CodeIgniter.php(919): App\Controllers\AccionController->respupdate('11466018')
 7 SYSTEMPATH\CodeIgniter.php(494): CodeIgniter\CodeIgniter->runController(Object(App\Controllers\AccionController))
 8 SYSTEMPATH\CodeIgniter.php(353): CodeIgniter\CodeIgniter->handleRequest(null, Object(Config\Cache), false)
 9 FCPATH\index.php(79): CodeIgniter\CodeIgniter->run()
CRITICAL - 2023-11-03 14:46:02 --> Undefined variable $datos
in APPPATH\Views\responsables\editarresp.php on line 5.
 1 APPPATH\Views\responsables\editarresp.php(5): CodeIgniter\Debug\Exceptions->errorHandler(2, 'Undefined variable $datos', 'C:\\wamp64\\www\\system\\app\\Views\\responsables\\editarresp.php', 5)
 2 SYSTEMPATH\View\View.php(226): include('C:\\wamp64\\www\\system\\app\\Views\\responsables\\editarresp.php')
 3 SYSTEMPATH\View\View.php(229): CodeIgniter\View\View->CodeIgniter\View\{closure}()
 4 SYSTEMPATH\Common.php(1188): CodeIgniter\View\View->render('responsables/editarresp', [], true)
 5 APPPATH\Controllers\AccionController.php(490): view('responsables/editarresp', [...])
 6 SYSTEMPATH\CodeIgniter.php(919): App\Controllers\AccionController->respupdate('11466018')
 7 SYSTEMPATH\CodeIgniter.php(494): CodeIgniter\CodeIgniter->runController(Object(App\Controllers\AccionController))
 8 SYSTEMPATH\CodeIgniter.php(353): CodeIgniter\CodeIgniter->handleRequest(null, Object(Config\Cache), false)
 9 FCPATH\index.php(79): CodeIgniter\CodeIgniter->run()
CRITICAL - 2023-11-03 14:48:45 --> Undefined array key "cedula"
in APPPATH\Views\responsables\editarresp.php on line 17.
 1 APPPATH\Views\responsables\editarresp.php(17): CodeIgniter\Debug\Exceptions->errorHandler(2, 'Undefined array key "cedula"', 'C:\\wamp64\\www\\system\\app\\Views\\responsables\\editarresp.php', 17)
 2 SYSTEMPATH\View\View.php(226): include('C:\\wamp64\\www\\system\\app\\Views\\responsables\\editarresp.php')
 3 SYSTEMPATH\View\View.php(229): CodeIgniter\View\View->CodeIgniter\View\{closure}()
 4 SYSTEMPATH\Common.php(1188): CodeIgniter\View\View->render('responsables/editarresp', [], true)
 5 APPPATH\Controllers\AccionController.php(490): view('responsables/editarresp', [...])
 6 SYSTEMPATH\CodeIgniter.php(919): App\Controllers\AccionController->respupdate('11466018')
 7 SYSTEMPATH\CodeIgniter.php(494): CodeIgniter\CodeIgniter->runController(Object(App\Controllers\AccionController))
 8 SYSTEMPATH\CodeIgniter.php(353): CodeIgniter\CodeIgniter->handleRequest(null, Object(Config\Cache), false)
 9 FCPATH\index.php(79): CodeIgniter\CodeIgniter->run()
CRITICAL - 2023-11-03 14:48:53 --> Undefined array key "cedula"
in APPPATH\Views\responsables\editarresp.php on line 17.
 1 APPPATH\Views\responsables\editarresp.php(17): CodeIgniter\Debug\Exceptions->errorHandler(2, 'Undefined array key "cedula"', 'C:\\wamp64\\www\\system\\app\\Views\\responsables\\editarresp.php', 17)
 2 SYSTEMPATH\View\View.php(226): include('C:\\wamp64\\www\\system\\app\\Views\\responsables\\editarresp.php')
 3 SYSTEMPATH\View\View.php(229): CodeIgniter\View\View->CodeIgniter\View\{closure}()
 4 SYSTEMPATH\Common.php(1188): CodeIgniter\View\View->render('responsables/editarresp', [], true)
 5 APPPATH\Controllers\AccionController.php(490): view('responsables/editarresp', [...])
 6 SYSTEMPATH\CodeIgniter.php(919): App\Controllers\AccionController->respupdate('3003485')
 7 SYSTEMPATH\CodeIgniter.php(494): CodeIgniter\CodeIgniter->runController(Object(App\Controllers\AccionController))
 8 SYSTEMPATH\CodeIgniter.php(353): CodeIgniter\CodeIgniter->handleRequest(null, Object(Config\Cache), false)
 9 FCPATH\index.php(79): CodeIgniter\CodeIgniter->run()
CRITICAL - 2023-11-03 14:49:17 --> Undefined array key "cedula"
in APPPATH\Views\responsables\editarresp.php on line 17.
 1 APPPATH\Views\responsables\editarresp.php(17): CodeIgniter\Debug\Exceptions->errorHandler(2, 'Undefined array key "cedula"', 'C:\\wamp64\\www\\system\\app\\Views\\responsables\\editarresp.php', 17)
 2 SYSTEMPATH\View\View.php(226): include('C:\\wamp64\\www\\system\\app\\Views\\responsables\\editarresp.php')
 3 SYSTEMPATH\View\View.php(229): CodeIgniter\View\View->CodeIgniter\View\{closure}()
 4 SYSTEMPATH\Common.php(1188): CodeIgniter\View\View->render('responsables/editarresp', [], true)
 5 APPPATH\Controllers\AccionController.php(490): view('responsables/editarresp', [...])
 6 SYSTEMPATH\CodeIgniter.php(919): App\Controllers\AccionController->respupdate('3003485')
 7 SYSTEMPATH\CodeIgniter.php(494): CodeIgniter\CodeIgniter->runController(Object(App\Controllers\AccionController))
 8 SYSTEMPATH\CodeIgniter.php(353): CodeIgniter\CodeIgniter->handleRequest(null, Object(Config\Cache), false)
 9 FCPATH\index.php(79): CodeIgniter\CodeIgniter->run()
CRITICAL - 2023-11-03 14:51:39 --> Undefined variable $resp
in APPPATH\Views\responsables\editarresp.php on line 22.
 1 APPPATH\Views\responsables\editarresp.php(22): CodeIgniter\Debug\Exceptions->errorHandler(2, 'Undefined variable $resp', 'C:\\wamp64\\www\\system\\app\\Views\\responsables\\editarresp.php', 22)
 2 SYSTEMPATH\View\View.php(226): include('C:\\wamp64\\www\\system\\app\\Views\\responsables\\editarresp.php')
 3 SYSTEMPATH\View\View.php(229): CodeIgniter\View\View->CodeIgniter\View\{closure}()
 4 SYSTEMPATH\Common.php(1188): CodeIgniter\View\View->render('responsables/editarresp', [], true)
 5 APPPATH\Controllers\AccionController.php(491): view('responsables/editarresp', [...])
 6 SYSTEMPATH\CodeIgniter.php(919): App\Controllers\AccionController->respupdate('3003485')
 7 SYSTEMPATH\CodeIgniter.php(494): CodeIgniter\CodeIgniter->runController(Object(App\Controllers\AccionController))
 8 SYSTEMPATH\CodeIgniter.php(353): CodeIgniter\CodeIgniter->handleRequest(null, Object(Config\Cache), false)
 9 FCPATH\index.php(79): CodeIgniter\CodeIgniter->run()
CRITICAL - 2023-11-03 14:52:05 --> Undefined array key "nombre"
in APPPATH\Views\responsables\editarresp.php on line 22.
 1 APPPATH\Views\responsables\editarresp.php(22): CodeIgniter\Debug\Exceptions->errorHandler(2, 'Undefined array key "nombre"', 'C:\\wamp64\\www\\system\\app\\Views\\responsables\\editarresp.php', 22)
 2 SYSTEMPATH\View\View.php(226): include('C:\\wamp64\\www\\system\\app\\Views\\responsables\\editarresp.php')
 3 SYSTEMPATH\View\View.php(229): CodeIgniter\View\View->CodeIgniter\View\{closure}()
 4 SYSTEMPATH\Common.php(1188): CodeIgniter\View\View->render('responsables/editarresp', [], true)
 5 APPPATH\Controllers\AccionController.php(491): view('responsables/editarresp', [...])
 6 SYSTEMPATH\CodeIgniter.php(919): App\Controllers\AccionController->respupdate('3003485')
 7 SYSTEMPATH\CodeIgniter.php(494): CodeIgniter\CodeIgniter->runController(Object(App\Controllers\AccionController))
 8 SYSTEMPATH\CodeIgniter.php(353): CodeIgniter\CodeIgniter->handleRequest(null, Object(Config\Cache), false)
 9 FCPATH\index.php(79): CodeIgniter\CodeIgniter->run()
CRITICAL - 2023-11-03 14:52:34 --> Undefined array key "con"
in APPPATH\Views\responsables\editarresp.php on line 52.
 1 APPPATH\Views\responsables\editarresp.php(52): CodeIgniter\Debug\Exceptions->errorHandler(2, 'Undefined array key "con"', 'C:\\wamp64\\www\\system\\app\\Views\\responsables\\editarresp.php', 52)
 2 SYSTEMPATH\View\View.php(226): include('C:\\wamp64\\www\\system\\app\\Views\\responsables\\editarresp.php')
 3 SYSTEMPATH\View\View.php(229): CodeIgniter\View\View->CodeIgniter\View\{closure}()
 4 SYSTEMPATH\Common.php(1188): CodeIgniter\View\View->render('responsables/editarresp', [], true)
 5 APPPATH\Controllers\AccionController.php(491): view('responsables/editarresp', [...])
 6 SYSTEMPATH\CodeIgniter.php(919): App\Controllers\AccionController->respupdate('3003485')
 7 SYSTEMPATH\CodeIgniter.php(494): CodeIgniter\CodeIgniter->runController(Object(App\Controllers\AccionController))
 8 SYSTEMPATH\CodeIgniter.php(353): CodeIgniter\CodeIgniter->handleRequest(null, Object(Config\Cache), false)
 9 FCPATH\index.php(79): CodeIgniter\CodeIgniter->run()
CRITICAL - 2023-11-03 14:55:49 --> Undefined array key "cedula"
in APPPATH\Views\responsables\editarresp.php on line 98.
 1 APPPATH\Views\responsables\editarresp.php(98): CodeIgniter\Debug\Exceptions->errorHandler(2, 'Undefined array key "cedula"', 'C:\\wamp64\\www\\system\\app\\Views\\responsables\\editarresp.php', 98)
 2 SYSTEMPATH\View\View.php(226): include('C:\\wamp64\\www\\system\\app\\Views\\responsables\\editarresp.php')
 3 SYSTEMPATH\View\View.php(229): CodeIgniter\View\View->CodeIgniter\View\{closure}()
 4 SYSTEMPATH\Common.php(1188): CodeIgniter\View\View->render('responsables/editarresp', [], true)
 5 APPPATH\Controllers\AccionController.php(492): view('responsables/editarresp', [...])
 6 SYSTEMPATH\CodeIgniter.php(919): App\Controllers\AccionController->respupdate('3003485')
 7 SYSTEMPATH\CodeIgniter.php(494): CodeIgniter\CodeIgniter->runController(Object(App\Controllers\AccionController))
 8 SYSTEMPATH\CodeIgniter.php(353): CodeIgniter\CodeIgniter->handleRequest(null, Object(Config\Cache), false)
 9 FCPATH\index.php(79): CodeIgniter\CodeIgniter->run()
CRITICAL - 2023-11-03 14:55:53 --> Undefined array key "cedula"
in APPPATH\Views\responsables\editarresp.php on line 98.
 1 APPPATH\Views\responsables\editarresp.php(98): CodeIgniter\Debug\Exceptions->errorHandler(2, 'Undefined array key "cedula"', 'C:\\wamp64\\www\\system\\app\\Views\\responsables\\editarresp.php', 98)
 2 SYSTEMPATH\View\View.php(226): include('C:\\wamp64\\www\\system\\app\\Views\\responsables\\editarresp.php')
 3 SYSTEMPATH\View\View.php(229): CodeIgniter\View\View->CodeIgniter\View\{closure}()
 4 SYSTEMPATH\Common.php(1188): CodeIgniter\View\View->render('responsables/editarresp', [], true)
 5 APPPATH\Controllers\AccionController.php(492): view('responsables/editarresp', [...])
 6 SYSTEMPATH\CodeIgniter.php(919): App\Controllers\AccionController->respupdate('3003485')
 7 SYSTEMPATH\CodeIgniter.php(494): CodeIgniter\CodeIgniter->runController(Object(App\Controllers\AccionController))
 8 SYSTEMPATH\CodeIgniter.php(353): CodeIgniter\CodeIgniter->handleRequest(null, Object(Config\Cache), false)
 9 FCPATH\index.php(79): CodeIgniter\CodeIgniter->run()
CRITICAL - 2023-11-03 14:56:18 --> Undefined array key "cedula"
in APPPATH\Views\responsables\editarresp.php on line 98.
 1 APPPATH\Views\responsables\editarresp.php(98): CodeIgniter\Debug\Exceptions->errorHandler(2, 'Undefined array key "cedula"', 'C:\\wamp64\\www\\system\\app\\Views\\responsables\\editarresp.php', 98)
 2 SYSTEMPATH\View\View.php(226): include('C:\\wamp64\\www\\system\\app\\Views\\responsables\\editarresp.php')
 3 SYSTEMPATH\View\View.php(229): CodeIgniter\View\View->CodeIgniter\View\{closure}()
 4 SYSTEMPATH\Common.php(1188): CodeIgniter\View\View->render('responsables/editarresp', [], true)
 5 APPPATH\Controllers\AccionController.php(492): view('responsables/editarresp', [...])
 6 SYSTEMPATH\CodeIgniter.php(919): App\Controllers\AccionController->respupdate('3003485')
 7 SYSTEMPATH\CodeIgniter.php(494): CodeIgniter\CodeIgniter->runController(Object(App\Controllers\AccionController))
 8 SYSTEMPATH\CodeIgniter.php(353): CodeIgniter\CodeIgniter->handleRequest(null, Object(Config\Cache), false)
 9 FCPATH\index.php(79): CodeIgniter\CodeIgniter->run()
CRITICAL - 2023-11-03 14:56:20 --> Undefined array key "cedula"
in APPPATH\Views\responsables\editarresp.php on line 98.
 1 APPPATH\Views\responsables\editarresp.php(98): CodeIgniter\Debug\Exceptions->errorHandler(2, 'Undefined array key "cedula"', 'C:\\wamp64\\www\\system\\app\\Views\\responsables\\editarresp.php', 98)
 2 SYSTEMPATH\View\View.php(226): include('C:\\wamp64\\www\\system\\app\\Views\\responsables\\editarresp.php')
 3 SYSTEMPATH\View\View.php(229): CodeIgniter\View\View->CodeIgniter\View\{closure}()
 4 SYSTEMPATH\Common.php(1188): CodeIgniter\View\View->render('responsables/editarresp', [], true)
 5 APPPATH\Controllers\AccionController.php(492): view('responsables/editarresp', [...])
 6 SYSTEMPATH\CodeIgniter.php(919): App\Controllers\AccionController->respupdate('3003485')
 7 SYSTEMPATH\CodeIgniter.php(494): CodeIgniter\CodeIgniter->runController(Object(App\Controllers\AccionController))
 8 SYSTEMPATH\CodeIgniter.php(353): CodeIgniter\CodeIgniter->handleRequest(null, Object(Config\Cache), false)
 9 FCPATH\index.php(79): CodeIgniter\CodeIgniter->run()
CRITICAL - 2023-11-03 15:23:48 --> Undefined array key "con"
in APPPATH\Views\responsables\editarresp.php on line 52.
 1 APPPATH\Views\responsables\editarresp.php(52): CodeIgniter\Debug\Exceptions->errorHandler(2, 'Undefined array key "con"', 'C:\\wamp64\\www\\system\\app\\Views\\responsables\\editarresp.php', 52)
 2 SYSTEMPATH\View\View.php(226): include('C:\\wamp64\\www\\system\\app\\Views\\responsables\\editarresp.php')
 3 SYSTEMPATH\View\View.php(229): CodeIgniter\View\View->CodeIgniter\View\{closure}()
 4 SYSTEMPATH\Common.php(1188): CodeIgniter\View\View->render('responsables/editarresp', [], true)
 5 APPPATH\Controllers\AccionController.php(492): view('responsables/editarresp', [...])
 6 SYSTEMPATH\CodeIgniter.php(919): App\Controllers\AccionController->respupdate('3003485')
 7 SYSTEMPATH\CodeIgniter.php(494): CodeIgniter\CodeIgniter->runController(Object(App\Controllers\AccionController))
 8 SYSTEMPATH\CodeIgniter.php(353): CodeIgniter\CodeIgniter->handleRequest(null, Object(Config\Cache), false)
 9 FCPATH\index.php(79): CodeIgniter\CodeIgniter->run()
CRITICAL - 2023-11-03 15:50:48 --> Cannot use object of type CodeIgniter\Database\MySQLi\Builder as array
in APPPATH\Views\responsables\editarresp.php on line 17.
 1 SYSTEMPATH\View\View.php(226): include()
 2 SYSTEMPATH\View\View.php(229): CodeIgniter\View\View->CodeIgniter\View\{closure}()
 3 SYSTEMPATH\Common.php(1188): CodeIgniter\View\View->render('responsables/editarresp', [], true)
 4 APPPATH\Controllers\AccionController.php(493): view('responsables/editarresp', [...])
 5 SYSTEMPATH\CodeIgniter.php(919): App\Controllers\AccionController->respupdate('3003485')
 6 SYSTEMPATH\CodeIgniter.php(494): CodeIgniter\CodeIgniter->runController(Object(App\Controllers\AccionController))
 7 SYSTEMPATH\CodeIgniter.php(353): CodeIgniter\CodeIgniter->handleRequest(null, Object(Config\Cache), false)
 8 FCPATH\index.php(79): CodeIgniter\CodeIgniter->run()
CRITICAL - 2023-11-03 15:56:13 --> Call to undefined method CodeIgniter\Database\MySQLi\Connection::from()
in APPPATH\Controllers\AccionController.php on line 476.
 1 SYSTEMPATH\CodeIgniter.php(919): App\Controllers\AccionController->respupdate('3003485')
 2 SYSTEMPATH\CodeIgniter.php(494): CodeIgniter\CodeIgniter->runController(Object(App\Controllers\AccionController))
 3 SYSTEMPATH\CodeIgniter.php(353): CodeIgniter\CodeIgniter->handleRequest(null, Object(Config\Cache), false)
 4 FCPATH\index.php(79): CodeIgniter\CodeIgniter->run()
CRITICAL - 2023-11-03 15:56:14 --> Call to undefined method CodeIgniter\Database\MySQLi\Connection::from()
in APPPATH\Controllers\AccionController.php on line 476.
 1 SYSTEMPATH\CodeIgniter.php(919): App\Controllers\AccionController->respupdate('3003485')
 2 SYSTEMPATH\CodeIgniter.php(494): CodeIgniter\CodeIgniter->runController(Object(App\Controllers\AccionController))
 3 SYSTEMPATH\CodeIgniter.php(353): CodeIgniter\CodeIgniter->handleRequest(null, Object(Config\Cache), false)
 4 FCPATH\index.php(79): CodeIgniter\CodeIgniter->run()
CRITICAL - 2023-11-03 15:56:15 --> Call to undefined method CodeIgniter\Database\MySQLi\Connection::from()
in APPPATH\Controllers\AccionController.php on line 476.
 1 SYSTEMPATH\CodeIgniter.php(919): App\Controllers\AccionController->respupdate('3003485')
 2 SYSTEMPATH\CodeIgniter.php(494): CodeIgniter\CodeIgniter->runController(Object(App\Controllers\AccionController))
 3 SYSTEMPATH\CodeIgniter.php(353): CodeIgniter\CodeIgniter->handleRequest(null, Object(Config\Cache), false)
 4 FCPATH\index.php(79): CodeIgniter\CodeIgniter->run()
CRITICAL - 2023-11-03 15:56:16 --> Call to undefined method CodeIgniter\Database\MySQLi\Connection::from()
in APPPATH\Controllers\AccionController.php on line 476.
 1 SYSTEMPATH\CodeIgniter.php(919): App\Controllers\AccionController->respupdate('3003485')
 2 SYSTEMPATH\CodeIgniter.php(494): CodeIgniter\CodeIgniter->runController(Object(App\Controllers\AccionController))
 3 SYSTEMPATH\CodeIgniter.php(353): CodeIgniter\CodeIgniter->handleRequest(null, Object(Config\Cache), false)
 4 FCPATH\index.php(79): CodeIgniter\CodeIgniter->run()
CRITICAL - 2023-11-03 15:56:17 --> Call to undefined method CodeIgniter\Database\MySQLi\Connection::from()
in APPPATH\Controllers\AccionController.php on line 476.
 1 SYSTEMPATH\CodeIgniter.php(919): App\Controllers\AccionController->respupdate('3003485')
 2 SYSTEMPATH\CodeIgniter.php(494): CodeIgniter\CodeIgniter->runController(Object(App\Controllers\AccionController))
 3 SYSTEMPATH\CodeIgniter.php(353): CodeIgniter\CodeIgniter->handleRequest(null, Object(Config\Cache), false)
 4 FCPATH\index.php(79): CodeIgniter\CodeIgniter->run()
CRITICAL - 2023-11-03 15:56:18 --> Call to undefined method CodeIgniter\Database\MySQLi\Connection::from()
in APPPATH\Controllers\AccionController.php on line 476.
 1 SYSTEMPATH\CodeIgniter.php(919): App\Controllers\AccionController->respupdate('3003485')
 2 SYSTEMPATH\CodeIgniter.php(494): CodeIgniter\CodeIgniter->runController(Object(App\Controllers\AccionController))
 3 SYSTEMPATH\CodeIgniter.php(353): CodeIgniter\CodeIgniter->handleRequest(null, Object(Config\Cache), false)
 4 FCPATH\index.php(79): CodeIgniter\CodeIgniter->run()
CRITICAL - 2023-11-03 15:56:19 --> Call to undefined method CodeIgniter\Database\MySQLi\Connection::from()
in APPPATH\Controllers\AccionController.php on line 476.
 1 SYSTEMPATH\CodeIgniter.php(919): App\Controllers\AccionController->respupdate('3003485')
 2 SYSTEMPATH\CodeIgniter.php(494): CodeIgniter\CodeIgniter->runController(Object(App\Controllers\AccionController))
 3 SYSTEMPATH\CodeIgniter.php(353): CodeIgniter\CodeIgniter->handleRequest(null, Object(Config\Cache), false)
 4 FCPATH\index.php(79): CodeIgniter\CodeIgniter->run()
CRITICAL - 2023-11-03 15:56:20 --> Call to undefined method CodeIgniter\Database\MySQLi\Connection::from()
in APPPATH\Controllers\AccionController.php on line 476.
 1 SYSTEMPATH\CodeIgniter.php(919): App\Controllers\AccionController->respupdate('3003485')
 2 SYSTEMPATH\CodeIgniter.php(494): CodeIgniter\CodeIgniter->runController(Object(App\Controllers\AccionController))
 3 SYSTEMPATH\CodeIgniter.php(353): CodeIgniter\CodeIgniter->handleRequest(null, Object(Config\Cache), false)
 4 FCPATH\index.php(79): CodeIgniter\CodeIgniter->run()
CRITICAL - 2023-11-03 15:56:21 --> Call to undefined method CodeIgniter\Database\MySQLi\Connection::from()
in APPPATH\Controllers\AccionController.php on line 476.
 1 SYSTEMPATH\CodeIgniter.php(919): App\Controllers\AccionController->respupdate('3003485')
 2 SYSTEMPATH\CodeIgniter.php(494): CodeIgniter\CodeIgniter->runController(Object(App\Controllers\AccionController))
 3 SYSTEMPATH\CodeIgniter.php(353): CodeIgniter\CodeIgniter->handleRequest(null, Object(Config\Cache), false)
 4 FCPATH\index.php(79): CodeIgniter\CodeIgniter->run()
CRITICAL - 2023-11-03 15:56:23 --> Call to undefined method CodeIgniter\Database\MySQLi\Connection::from()
in APPPATH\Controllers\AccionController.php on line 476.
 1 SYSTEMPATH\CodeIgniter.php(919): App\Controllers\AccionController->respupdate('3003485')
 2 SYSTEMPATH\CodeIgniter.php(494): CodeIgniter\CodeIgniter->runController(Object(App\Controllers\AccionController))
 3 SYSTEMPATH\CodeIgniter.php(353): CodeIgniter\CodeIgniter->handleRequest(null, Object(Config\Cache), false)
 4 FCPATH\index.php(79): CodeIgniter\CodeIgniter->run()
CRITICAL - 2023-11-03 16:13:31 --> Object of class CodeIgniter\Database\MySQLi\Connection could not be converted to string
in APPPATH\Controllers\AccionController.php on line 485.
 1 SYSTEMPATH\CodeIgniter.php(919): App\Controllers\AccionController->respupdate('3003485')
 2 SYSTEMPATH\CodeIgniter.php(494): CodeIgniter\CodeIgniter->runController(Object(App\Controllers\AccionController))
 3 SYSTEMPATH\CodeIgniter.php(353): CodeIgniter\CodeIgniter->handleRequest(null, Object(Config\Cache), false)
 4 FCPATH\index.php(79): CodeIgniter\CodeIgniter->run()
CRITICAL - 2023-11-03 16:13:31 --> Object of class CodeIgniter\Database\MySQLi\Connection could not be converted to string
in APPPATH\Controllers\AccionController.php on line 485.
 1 SYSTEMPATH\CodeIgniter.php(919): App\Controllers\AccionController->respupdate('3003485')
 2 SYSTEMPATH\CodeIgniter.php(494): CodeIgniter\CodeIgniter->runController(Object(App\Controllers\AccionController))
 3 SYSTEMPATH\CodeIgniter.php(353): CodeIgniter\CodeIgniter->handleRequest(null, Object(Config\Cache), false)
 4 FCPATH\index.php(79): CodeIgniter\CodeIgniter->run()
CRITICAL - 2023-11-03 16:14:10 --> Object of class CodeIgniter\Database\MySQLi\Connection could not be converted to string
in APPPATH\Controllers\AccionController.php on line 485.
 1 SYSTEMPATH\CodeIgniter.php(919): App\Controllers\AccionController->respupdate('3003485')
 2 SYSTEMPATH\CodeIgniter.php(494): CodeIgniter\CodeIgniter->runController(Object(App\Controllers\AccionController))
 3 SYSTEMPATH\CodeIgniter.php(353): CodeIgniter\CodeIgniter->handleRequest(null, Object(Config\Cache), false)
 4 FCPATH\index.php(79): CodeIgniter\CodeIgniter->run()
CRITICAL - 2023-11-03 16:14:11 --> Object of class CodeIgniter\Database\MySQLi\Connection could not be converted to string
in APPPATH\Controllers\AccionController.php on line 485.
 1 SYSTEMPATH\CodeIgniter.php(919): App\Controllers\AccionController->respupdate('3003485')
 2 SYSTEMPATH\CodeIgniter.php(494): CodeIgniter\CodeIgniter->runController(Object(App\Controllers\AccionController))
 3 SYSTEMPATH\CodeIgniter.php(353): CodeIgniter\CodeIgniter->handleRequest(null, Object(Config\Cache), false)
 4 FCPATH\index.php(79): CodeIgniter\CodeIgniter->run()
CRITICAL - 2023-11-03 16:19:45 --> Cannot use object of type stdClass as array
in APPPATH\Views\responsables\editarresp.php on line 17.
 1 SYSTEMPATH\View\View.php(226): include()
 2 SYSTEMPATH\View\View.php(229): CodeIgniter\View\View->CodeIgniter\View\{closure}()
 3 SYSTEMPATH\Common.php(1188): CodeIgniter\View\View->render('responsables/editarresp', [], true)
 4 APPPATH\Controllers\AccionController.php(498): view('responsables/editarresp', [...])
 5 SYSTEMPATH\CodeIgniter.php(919): App\Controllers\AccionController->respupdate('3003485')
 6 SYSTEMPATH\CodeIgniter.php(494): CodeIgniter\CodeIgniter->runController(Object(App\Controllers\AccionController))
 7 SYSTEMPATH\CodeIgniter.php(353): CodeIgniter\CodeIgniter->handleRequest(null, Object(Config\Cache), false)
 8 FCPATH\index.php(79): CodeIgniter\CodeIgniter->run()
CRITICAL - 2023-11-03 16:20:14 --> Cannot use object of type stdClass as array
in APPPATH\Views\responsables\editarresp.php on line 22.
 1 SYSTEMPATH\View\View.php(226): include()
 2 SYSTEMPATH\View\View.php(229): CodeIgniter\View\View->CodeIgniter\View\{closure}()
 3 SYSTEMPATH\Common.php(1188): CodeIgniter\View\View->render('responsables/editarresp', [], true)
 4 APPPATH\Controllers\AccionController.php(498): view('responsables/editarresp', [...])
 5 SYSTEMPATH\CodeIgniter.php(919): App\Controllers\AccionController->respupdate('3003485')
 6 SYSTEMPATH\CodeIgniter.php(494): CodeIgniter\CodeIgniter->runController(Object(App\Controllers\AccionController))
 7 SYSTEMPATH\CodeIgniter.php(353): CodeIgniter\CodeIgniter->handleRequest(null, Object(Config\Cache), false)
 8 FCPATH\index.php(79): CodeIgniter\CodeIgniter->run()
CRITICAL - 2023-11-03 16:28:18 --> Undefined variable $style
in APPPATH\Views\responsables\editarresp.php on line 2.
 1 APPPATH\Views\responsables\editarresp.php(2): CodeIgniter\Debug\Exceptions->errorHandler(2, 'Undefined variable $style', 'C:\\wamp64\\www\\system\\app\\Views\\responsables\\editarresp.php', 2)
 2 SYSTEMPATH\View\View.php(226): include('C:\\wamp64\\www\\system\\app\\Views\\responsables\\editarresp.php')
 3 SYSTEMPATH\View\View.php(229): CodeIgniter\View\View->CodeIgniter\View\{closure}()
 4 SYSTEMPATH\Common.php(1188): CodeIgniter\View\View->render('responsables/editarresp', [], true)
 5 APPPATH\Controllers\AccionController.php(497): view('responsables/editarresp', [...])
 6 SYSTEMPATH\CodeIgniter.php(919): App\Controllers\AccionController->respupdate('3003485')
 7 SYSTEMPATH\CodeIgniter.php(494): CodeIgniter\CodeIgniter->runController(Object(App\Controllers\AccionController))
 8 SYSTEMPATH\CodeIgniter.php(353): CodeIgniter\CodeIgniter->handleRequest(null, Object(Config\Cache), false)
 9 FCPATH\index.php(79): CodeIgniter\CodeIgniter->run()
CRITICAL - 2023-11-03 17:33:58 --> Cannot use object of type stdClass as array
in APPPATH\Views\responsables\editarresp.php on line 98.
 1 SYSTEMPATH\View\View.php(226): include()
 2 SYSTEMPATH\View\View.php(229): CodeIgniter\View\View->CodeIgniter\View\{closure}()
 3 SYSTEMPATH\Common.php(1188): CodeIgniter\View\View->render('responsables/editarresp', [], true)
 4 APPPATH\Controllers\AccionController.php(497): view('responsables/editarresp', [...])
 5 SYSTEMPATH\CodeIgniter.php(919): App\Controllers\AccionController->respupdate('3003485')
 6 SYSTEMPATH\CodeIgniter.php(494): CodeIgniter\CodeIgniter->runController(Object(App\Controllers\AccionController))
 7 SYSTEMPATH\CodeIgniter.php(353): CodeIgniter\CodeIgniter->handleRequest(null, Object(Config\Cache), false)
 8 FCPATH\index.php(79): CodeIgniter\CodeIgniter->run()
CRITICAL - 2023-11-03 17:36:59 --> Cannot use object of type stdClass as array
in APPPATH\Views\responsables\editarresp.php on line 132.
 1 SYSTEMPATH\View\View.php(226): include()
 2 SYSTEMPATH\View\View.php(229): CodeIgniter\View\View->CodeIgniter\View\{closure}()
 3 SYSTEMPATH\Common.php(1188): CodeIgniter\View\View->render('responsables/editarresp', [], true)
 4 APPPATH\Controllers\AccionController.php(497): view('responsables/editarresp', [...])
 5 SYSTEMPATH\CodeIgniter.php(919): App\Controllers\AccionController->respupdate('3003485')
 6 SYSTEMPATH\CodeIgniter.php(494): CodeIgniter\CodeIgniter->runController(Object(App\Controllers\AccionController))
 7 SYSTEMPATH\CodeIgniter.php(353): CodeIgniter\CodeIgniter->handleRequest(null, Object(Config\Cache), false)
 8 FCPATH\index.php(79): CodeIgniter\CodeIgniter->run()
