CRITICAL - 2023-10-17 18:38:53 --> Undefined variable $con
in APPPATH\Views\responsables\responsable.php on line 163.
 1 APPPATH\Views\responsables\responsable.php(163): CodeIgniter\Debug\Exceptions->errorHandler(2, 'Undefined variable $con', 'C:\\wamp64\\www\\system\\app\\Views\\responsables\\responsable.php', 163)
 2 SYSTEMPATH\View\View.php(226): include('C:\\wamp64\\www\\system\\app\\Views\\responsables\\responsable.php')
 3 SYSTEMPATH\View\View.php(229): CodeIgniter\View\View->CodeIgniter\View\{closure}()
 4 SYSTEMPATH\Common.php(1188): CodeIgniter\View\View->render('responsables/responsable', [], true)
 5 APPPATH\Controllers\VistaController.php(56): view('responsables/responsable', [...])
 6 SYSTEMPATH\CodeIgniter.php(919): App\Controllers\VistaController->resp()
 7 SYSTEMPATH\CodeIgniter.php(494): CodeIgniter\CodeIgniter->runController(Object(App\Controllers\VistaController))
 8 SYSTEMPATH\CodeIgniter.php(353): CodeIgniter\CodeIgniter->handleRequest(null, Object(Config\Cache), false)
 9 FCPATH\index.php(79): CodeIgniter\CodeIgniter->run()
CRITICAL - 2023-10-17 18:39:10 --> Undefined variable $con
in APPPATH\Views\responsables\responsable.php on line 163.
 1 APPPATH\Views\responsables\responsable.php(163): CodeIgniter\Debug\Exceptions->errorHandler(2, 'Undefined variable $con', 'C:\\wamp64\\www\\system\\app\\Views\\responsables\\responsable.php', 163)
 2 SYSTEMPATH\View\View.php(226): include('C:\\wamp64\\www\\system\\app\\Views\\responsables\\responsable.php')
 3 SYSTEMPATH\View\View.php(229): CodeIgniter\View\View->CodeIgniter\View\{closure}()
 4 SYSTEMPATH\Common.php(1188): CodeIgniter\View\View->render('responsables/responsable', [], true)
 5 APPPATH\Controllers\VistaController.php(56): view('responsables/responsable', [...])
 6 SYSTEMPATH\CodeIgniter.php(919): App\Controllers\VistaController->resp()
 7 SYSTEMPATH\CodeIgniter.php(494): CodeIgniter\CodeIgniter->runController(Object(App\Controllers\VistaController))
 8 SYSTEMPATH\CodeIgniter.php(353): CodeIgniter\CodeIgniter->handleRequest(null, Object(Config\Cache), false)
 9 FCPATH\index.php(79): CodeIgniter\CodeIgniter->run()
CRITICAL - 2023-10-17 18:46:03 --> Undefined array key "telefono"
in APPPATH\Controllers\AccionController.php on line 263.
 1 APPPATH\Controllers\AccionController.php(263): CodeIgniter\Debug\Exceptions->errorHandler(2, 'Undefined array key "telefono"', 'C:\\wamp64\\www\\system\\app\\Controllers\\AccionController.php', 263)
 2 SYSTEMPATH\CodeIgniter.php(919): App\Controllers\AccionController->updateresp()
 3 SYSTEMPATH\CodeIgniter.php(494): CodeIgniter\CodeIgniter->runController(Object(App\Controllers\AccionController))
 4 SYSTEMPATH\CodeIgniter.php(353): CodeIgniter\CodeIgniter->handleRequest(null, Object(Config\Cache), false)
 5 FCPATH\index.php(79): CodeIgniter\CodeIgniter->run()
CRITICAL - 2023-10-17 18:46:28 --> Undefined array key "correo"
in APPPATH\Controllers\AccionController.php on line 265.
 1 APPPATH\Controllers\AccionController.php(265): CodeIgniter\Debug\Exceptions->errorHandler(2, 'Undefined array key "correo"', 'C:\\wamp64\\www\\system\\app\\Controllers\\AccionController.php', 265)
 2 SYSTEMPATH\CodeIgniter.php(919): App\Controllers\AccionController->updateresp()
 3 SYSTEMPATH\CodeIgniter.php(494): CodeIgniter\CodeIgniter->runController(Object(App\Controllers\AccionController))
 4 SYSTEMPATH\CodeIgniter.php(353): CodeIgniter\CodeIgniter->handleRequest(null, Object(Config\Cache), false)
 5 FCPATH\index.php(79): CodeIgniter\CodeIgniter->run()
CRITICAL - 2023-10-17 18:46:51 --> Undefined array key "correo"
in APPPATH\Controllers\AccionController.php on line 265.
 1 APPPATH\Controllers\AccionController.php(265): CodeIgniter\Debug\Exceptions->errorHandler(2, 'Undefined array key "correo"', 'C:\\wamp64\\www\\system\\app\\Controllers\\AccionController.php', 265)
 2 SYSTEMPATH\CodeIgniter.php(919): App\Controllers\AccionController->updateresp()
 3 SYSTEMPATH\CodeIgniter.php(494): CodeIgniter\CodeIgniter->runController(Object(App\Controllers\AccionController))
 4 SYSTEMPATH\CodeIgniter.php(353): CodeIgniter\CodeIgniter->handleRequest(null, Object(Config\Cache), false)
 5 FCPATH\index.php(79): CodeIgniter\CodeIgniter->run()
CRITICAL - 2023-10-17 20:40:59 --> Undefined array key "gerencia"
in APPPATH\Controllers\AccionController.php on line 267.
 1 APPPATH\Controllers\AccionController.php(267): CodeIgniter\Debug\Exceptions->errorHandler(2, 'Undefined array key "gerencia"', 'C:\\wamp64\\www\\system\\app\\Controllers\\AccionController.php', 267)
 2 SYSTEMPATH\CodeIgniter.php(919): App\Controllers\AccionController->updateresp()
 3 SYSTEMPATH\CodeIgniter.php(494): CodeIgniter\CodeIgniter->runController(Object(App\Controllers\AccionController))
 4 SYSTEMPATH\CodeIgniter.php(353): CodeIgniter\CodeIgniter->handleRequest(null, Object(Config\Cache), false)
 5 FCPATH\index.php(79): CodeIgniter\CodeIgniter->run()
