CRITICAL - 2023-10-05 12:54:28 --> Undefined variable $cargos
in APPPATH\Views\activos\activos.php on line 73.
 1 APPPATH\Views\activos\activos.php(73): CodeIgniter\Debug\Exceptions->errorHandler(2, 'Undefined variable $cargos', 'C:\\wamp64\\www\\system\\app\\Views\\activos\\activos.php', 73)
 2 SYSTEMPATH\View\View.php(226): include('C:\\wamp64\\www\\system\\app\\Views\\activos\\activos.php')
 3 SYSTEMPATH\View\View.php(229): CodeIgniter\View\View->CodeIgniter\View\{closure}()
 4 SYSTEMPATH\Common.php(1188): CodeIgniter\View\View->render('activos/activos', [], true)
 5 APPPATH\Controllers\VistaController.php(58): view('activos/activos', [...])
 6 SYSTEMPATH\CodeIgniter.php(919): App\Controllers\VistaController->activo()
 7 SYSTEMPATH\CodeIgniter.php(494): CodeIgniter\CodeIgniter->runController(Object(App\Controllers\VistaController))
 8 SYSTEMPATH\CodeIgniter.php(353): CodeIgniter\CodeIgniter->handleRequest(null, Object(Config\Cache), false)
 9 FCPATH\index.php(79): CodeIgniter\CodeIgniter->run()
CRITICAL - 2023-10-05 13:00:38 --> Undefined variable $cargos
in APPPATH\Views\activos\activos.php on line 46.
 1 APPPATH\Views\activos\activos.php(46): CodeIgniter\Debug\Exceptions->errorHandler(2, 'Undefined variable $cargos', 'C:\\wamp64\\www\\system\\app\\Views\\activos\\activos.php', 46)
 2 SYSTEMPATH\View\View.php(226): include('C:\\wamp64\\www\\system\\app\\Views\\activos\\activos.php')
 3 SYSTEMPATH\View\View.php(229): CodeIgniter\View\View->CodeIgniter\View\{closure}()
 4 SYSTEMPATH\Common.php(1188): CodeIgniter\View\View->render('activos/activos', [], true)
 5 APPPATH\Controllers\VistaController.php(58): view('activos/activos', [...])
 6 SYSTEMPATH\CodeIgniter.php(919): App\Controllers\VistaController->activo()
 7 SYSTEMPATH\CodeIgniter.php(494): CodeIgniter\CodeIgniter->runController(Object(App\Controllers\VistaController))
 8 SYSTEMPATH\CodeIgniter.php(353): CodeIgniter\CodeIgniter->handleRequest(null, Object(Config\Cache), false)
 9 FCPATH\index.php(79): CodeIgniter\CodeIgniter->run()
CRITICAL - 2023-10-05 13:26:17 --> Cannot use App\Models\gerencia as gerencia because the name is already in use
in APPPATH\Views\activos\activos.php on line 73.
 1 [internal function]: CodeIgniter\Debug\Exceptions->shutdownHandler()
CRITICAL - 2023-10-05 15:13:23 --> Undefined array key "condicion_act"
in APPPATH\Views\activos\activos.php on line 106.
 1 APPPATH\Views\activos\activos.php(106): CodeIgniter\Debug\Exceptions->errorHandler(2, 'Undefined array key "condicion_act"', 'C:\\wamp64\\www\\system\\app\\Views\\activos\\activos.php', 106)
 2 SYSTEMPATH\View\View.php(226): include('C:\\wamp64\\www\\system\\app\\Views\\activos\\activos.php')
 3 SYSTEMPATH\View\View.php(229): CodeIgniter\View\View->CodeIgniter\View\{closure}()
 4 SYSTEMPATH\Common.php(1188): CodeIgniter\View\View->render('activos/activos', [], true)
 5 APPPATH\Controllers\VistaController.php(58): view('activos/activos', [...])
 6 SYSTEMPATH\CodeIgniter.php(919): App\Controllers\VistaController->activo()
 7 SYSTEMPATH\CodeIgniter.php(494): CodeIgniter\CodeIgniter->runController(Object(App\Controllers\VistaController))
 8 SYSTEMPATH\CodeIgniter.php(353): CodeIgniter\CodeIgniter->handleRequest(null, Object(Config\Cache), false)
 9 FCPATH\index.php(79): CodeIgniter\CodeIgniter->run()
CRITICAL - 2023-10-05 15:14:09 --> Undefined array key "id_activo_condicion"
in APPPATH\Views\activos\activos.php on line 108.
 1 APPPATH\Views\activos\activos.php(108): CodeIgniter\Debug\Exceptions->errorHandler(2, 'Undefined array key "id_activo_condicion"', 'C:\\wamp64\\www\\system\\app\\Views\\activos\\activos.php', 108)
 2 SYSTEMPATH\View\View.php(226): include('C:\\wamp64\\www\\system\\app\\Views\\activos\\activos.php')
 3 SYSTEMPATH\View\View.php(229): CodeIgniter\View\View->CodeIgniter\View\{closure}()
 4 SYSTEMPATH\Common.php(1188): CodeIgniter\View\View->render('activos/activos', [], true)
 5 APPPATH\Controllers\VistaController.php(58): view('activos/activos', [...])
 6 SYSTEMPATH\CodeIgniter.php(919): App\Controllers\VistaController->activo()
 7 SYSTEMPATH\CodeIgniter.php(494): CodeIgniter\CodeIgniter->runController(Object(App\Controllers\VistaController))
 8 SYSTEMPATH\CodeIgniter.php(353): CodeIgniter\CodeIgniter->handleRequest(null, Object(Config\Cache), false)
 9 FCPATH\index.php(79): CodeIgniter\CodeIgniter->run()
CRITICAL - 2023-10-05 15:14:29 --> Undefined array key "id_activo_condicion"
in APPPATH\Views\activos\activos.php on line 108.
 1 APPPATH\Views\activos\activos.php(108): CodeIgniter\Debug\Exceptions->errorHandler(2, 'Undefined array key "id_activo_condicion"', 'C:\\wamp64\\www\\system\\app\\Views\\activos\\activos.php', 108)
 2 SYSTEMPATH\View\View.php(226): include('C:\\wamp64\\www\\system\\app\\Views\\activos\\activos.php')
 3 SYSTEMPATH\View\View.php(229): CodeIgniter\View\View->CodeIgniter\View\{closure}()
 4 SYSTEMPATH\Common.php(1188): CodeIgniter\View\View->render('activos/activos', [], true)
 5 APPPATH\Controllers\VistaController.php(58): view('activos/activos', [...])
 6 SYSTEMPATH\CodeIgniter.php(919): App\Controllers\VistaController->activo()
 7 SYSTEMPATH\CodeIgniter.php(494): CodeIgniter\CodeIgniter->runController(Object(App\Controllers\VistaController))
 8 SYSTEMPATH\CodeIgniter.php(353): CodeIgniter\CodeIgniter->handleRequest(null, Object(Config\Cache), false)
 9 FCPATH\index.php(79): CodeIgniter\CodeIgniter->run()
ERROR - 2023-10-05 15:31:38 --> mysqli_sql_exception: Table 'patrimonioprueba.act_modelo' doesn't exist in C:\wamp64\www\system\system\Database\MySQLi\Connection.php:306
Stack trace:
#0 C:\wamp64\www\system\system\Database\MySQLi\Connection.php(306): mysqli->query('SELECT *\nFROM `...', 0)
#1 C:\wamp64\www\system\system\Database\BaseConnection.php(692): CodeIgniter\Database\MySQLi\Connection->execute('SELECT *\nFROM `...')
#2 C:\wamp64\www\system\system\Database\BaseConnection.php(606): CodeIgniter\Database\BaseConnection->simpleQuery('SELECT *\nFROM `...')
#3 C:\wamp64\www\system\system\Database\BaseBuilder.php(1615): CodeIgniter\Database\BaseConnection->query('SELECT *\nFROM `...', Array, false)
#4 C:\wamp64\www\system\system\Model.php(237): CodeIgniter\Database\BaseBuilder->get()
#5 C:\wamp64\www\system\system\BaseModel.php(624): CodeIgniter\Model->doFindAll(0, 0)
#6 C:\wamp64\www\system\app\Views\activos\activos.php(57): CodeIgniter\BaseModel->findAll()
#7 C:\wamp64\www\system\system\View\View.php(226): include('C:\\wamp64\\www\\s...')
#8 C:\wamp64\www\system\system\View\View.php(229): CodeIgniter\View\View->CodeIgniter\View\{closure}()
#9 C:\wamp64\www\system\system\Common.php(1188): CodeIgniter\View\View->render('activos/activos', Array, true)
#10 C:\wamp64\www\system\app\Controllers\VistaController.php(58): view('activos/activos', Array)
#11 C:\wamp64\www\system\system\CodeIgniter.php(919): App\Controllers\VistaController->activo()
#12 C:\wamp64\www\system\system\CodeIgniter.php(494): CodeIgniter\CodeIgniter->runController(Object(App\Controllers\VistaController))
#13 C:\wamp64\www\system\system\CodeIgniter.php(353): CodeIgniter\CodeIgniter->handleRequest(NULL, Object(Config\Cache), false)
#14 C:\wamp64\www\system\public\index.php(79): CodeIgniter\CodeIgniter->run()
#15 {main}
CRITICAL - 2023-10-05 15:31:38 --> Table 'patrimonioprueba.act_modelo' doesn't exist
in SYSTEMPATH\Database\BaseConnection.php on line 646.
 1 SYSTEMPATH\Database\BaseBuilder.php(1615): CodeIgniter\Database\BaseConnection->query('SELECT *
FROM `act_modelo`', [], false)
 2 SYSTEMPATH\Model.php(237): CodeIgniter\Database\BaseBuilder->get()
 3 SYSTEMPATH\BaseModel.php(624): CodeIgniter\Model->doFindAll(0, 0)
 4 APPPATH\Views\activos\activos.php(57): CodeIgniter\BaseModel->findAll()
 5 SYSTEMPATH\View\View.php(226): include('C:\\wamp64\\www\\system\\app\\Views\\activos\\activos.php')
 6 SYSTEMPATH\View\View.php(229): CodeIgniter\View\View->CodeIgniter\View\{closure}()
 7 SYSTEMPATH\Common.php(1188): CodeIgniter\View\View->render('activos/activos', [], true)
 8 APPPATH\Controllers\VistaController.php(58): view('activos/activos', [...])
 9 SYSTEMPATH\CodeIgniter.php(919): App\Controllers\VistaController->activo()
10 SYSTEMPATH\CodeIgniter.php(494): CodeIgniter\CodeIgniter->runController(Object(App\Controllers\VistaController))
11 SYSTEMPATH\CodeIgniter.php(353): CodeIgniter\CodeIgniter->handleRequest(null, Object(Config\Cache), false)
12 FCPATH\index.php(79): CodeIgniter\CodeIgniter->run()
CRITICAL - 2023-10-05 15:47:24 --> Undefined array key "observacion"
in APPPATH\Controllers\AccionController.php on line 65.
 1 APPPATH\Controllers\AccionController.php(65): CodeIgniter\Debug\Exceptions->errorHandler(2, 'Undefined array key "observacion"', 'C:\\wamp64\\www\\system\\app\\Controllers\\AccionController.php', 65)
 2 SYSTEMPATH\CodeIgniter.php(919): App\Controllers\AccionController->saveactivo()
 3 SYSTEMPATH\CodeIgniter.php(494): CodeIgniter\CodeIgniter->runController(Object(App\Controllers\AccionController))
 4 SYSTEMPATH\CodeIgniter.php(353): CodeIgniter\CodeIgniter->handleRequest(null, Object(Config\Cache), false)
 5 FCPATH\index.php(79): CodeIgniter\CodeIgniter->run()
CRITICAL - 2023-10-05 15:48:11 --> Undefined array key "inicio"
in APPPATH\Controllers\AccionController.php on line 70.
 1 APPPATH\Controllers\AccionController.php(70): CodeIgniter\Debug\Exceptions->errorHandler(2, 'Undefined array key "inicio"', 'C:\\wamp64\\www\\system\\app\\Controllers\\AccionController.php', 70)
 2 SYSTEMPATH\CodeIgniter.php(919): App\Controllers\AccionController->saveactivo()
 3 SYSTEMPATH\CodeIgniter.php(494): CodeIgniter\CodeIgniter->runController(Object(App\Controllers\AccionController))
 4 SYSTEMPATH\CodeIgniter.php(353): CodeIgniter\CodeIgniter->handleRequest(null, Object(Config\Cache), false)
 5 FCPATH\index.php(79): CodeIgniter\CodeIgniter->run()
CRITICAL - 2023-10-05 15:48:35 --> Undefined array key "inicio"
in APPPATH\Controllers\AccionController.php on line 70.
 1 APPPATH\Controllers\AccionController.php(70): CodeIgniter\Debug\Exceptions->errorHandler(2, 'Undefined array key "inicio"', 'C:\\wamp64\\www\\system\\app\\Controllers\\AccionController.php', 70)
 2 SYSTEMPATH\CodeIgniter.php(919): App\Controllers\AccionController->saveactivo()
 3 SYSTEMPATH\CodeIgniter.php(494): CodeIgniter\CodeIgniter->runController(Object(App\Controllers\AccionController))
 4 SYSTEMPATH\CodeIgniter.php(353): CodeIgniter\CodeIgniter->handleRequest(null, Object(Config\Cache), false)
 5 FCPATH\index.php(79): CodeIgniter\CodeIgniter->run()
CRITICAL - 2023-10-05 15:48:41 --> Undefined array key "inicio"
in APPPATH\Controllers\AccionController.php on line 70.
 1 APPPATH\Controllers\AccionController.php(70): CodeIgniter\Debug\Exceptions->errorHandler(2, 'Undefined array key "inicio"', 'C:\\wamp64\\www\\system\\app\\Controllers\\AccionController.php', 70)
 2 SYSTEMPATH\CodeIgniter.php(919): App\Controllers\AccionController->saveactivo()
 3 SYSTEMPATH\CodeIgniter.php(494): CodeIgniter\CodeIgniter->runController(Object(App\Controllers\AccionController))
 4 SYSTEMPATH\CodeIgniter.php(353): CodeIgniter\CodeIgniter->handleRequest(null, Object(Config\Cache), false)
 5 FCPATH\index.php(79): CodeIgniter\CodeIgniter->run()
CRITICAL - 2023-10-05 15:49:08 --> Undefined array key "inicio"
in APPPATH\Controllers\AccionController.php on line 70.
 1 APPPATH\Controllers\AccionController.php(70): CodeIgniter\Debug\Exceptions->errorHandler(2, 'Undefined array key "inicio"', 'C:\\wamp64\\www\\system\\app\\Controllers\\AccionController.php', 70)
 2 SYSTEMPATH\CodeIgniter.php(919): App\Controllers\AccionController->saveactivo()
 3 SYSTEMPATH\CodeIgniter.php(494): CodeIgniter\CodeIgniter->runController(Object(App\Controllers\AccionController))
 4 SYSTEMPATH\CodeIgniter.php(353): CodeIgniter\CodeIgniter->handleRequest(null, Object(Config\Cache), false)
 5 FCPATH\index.php(79): CodeIgniter\CodeIgniter->run()
CRITICAL - 2023-10-05 15:49:16 --> Undefined array key "asignado"
in APPPATH\Views\activos\activos.php on line 186.
 1 APPPATH\Views\activos\activos.php(186): CodeIgniter\Debug\Exceptions->errorHandler(2, 'Undefined array key "asignado"', 'C:\\wamp64\\www\\system\\app\\Views\\activos\\activos.php', 186)
 2 SYSTEMPATH\View\View.php(226): include('C:\\wamp64\\www\\system\\app\\Views\\activos\\activos.php')
 3 SYSTEMPATH\View\View.php(229): CodeIgniter\View\View->CodeIgniter\View\{closure}()
 4 SYSTEMPATH\Common.php(1188): CodeIgniter\View\View->render('activos/activos', [], true)
 5 APPPATH\Controllers\VistaController.php(58): view('activos/activos', [...])
 6 SYSTEMPATH\CodeIgniter.php(919): App\Controllers\VistaController->activo()
 7 SYSTEMPATH\CodeIgniter.php(494): CodeIgniter\CodeIgniter->runController(Object(App\Controllers\VistaController))
 8 SYSTEMPATH\CodeIgniter.php(353): CodeIgniter\CodeIgniter->handleRequest(null, Object(Config\Cache), false)
 9 FCPATH\index.php(79): CodeIgniter\CodeIgniter->run()
CRITICAL - 2023-10-05 15:53:38 --> Undefined variable $cargo
in APPPATH\Views\activos\activos.php on line 187.
 1 APPPATH\Views\activos\activos.php(187): CodeIgniter\Debug\Exceptions->errorHandler(2, 'Undefined variable $cargo', 'C:\\wamp64\\www\\system\\app\\Views\\activos\\activos.php', 187)
 2 SYSTEMPATH\View\View.php(226): include('C:\\wamp64\\www\\system\\app\\Views\\activos\\activos.php')
 3 SYSTEMPATH\View\View.php(229): CodeIgniter\View\View->CodeIgniter\View\{closure}()
 4 SYSTEMPATH\Common.php(1188): CodeIgniter\View\View->render('activos/activos', [], true)
 5 APPPATH\Controllers\VistaController.php(58): view('activos/activos', [...])
 6 SYSTEMPATH\CodeIgniter.php(919): App\Controllers\VistaController->activo()
 7 SYSTEMPATH\CodeIgniter.php(494): CodeIgniter\CodeIgniter->runController(Object(App\Controllers\VistaController))
 8 SYSTEMPATH\CodeIgniter.php(353): CodeIgniter\CodeIgniter->handleRequest(null, Object(Config\Cache), false)
 9 FCPATH\index.php(79): CodeIgniter\CodeIgniter->run()
CRITICAL - 2023-10-05 15:57:17 --> Undefined array key "asignado"
in APPPATH\Views\activos\activos.php on line 186.
 1 APPPATH\Views\activos\activos.php(186): CodeIgniter\Debug\Exceptions->errorHandler(2, 'Undefined array key "asignado"', 'C:\\wamp64\\www\\system\\app\\Views\\activos\\activos.php', 186)
 2 SYSTEMPATH\View\View.php(226): include('C:\\wamp64\\www\\system\\app\\Views\\activos\\activos.php')
 3 SYSTEMPATH\View\View.php(229): CodeIgniter\View\View->CodeIgniter\View\{closure}()
 4 SYSTEMPATH\Common.php(1188): CodeIgniter\View\View->render('activos/activos', [], true)
 5 APPPATH\Controllers\VistaController.php(58): view('activos/activos', [...])
 6 SYSTEMPATH\CodeIgniter.php(919): App\Controllers\VistaController->activo()
 7 SYSTEMPATH\CodeIgniter.php(494): CodeIgniter\CodeIgniter->runController(Object(App\Controllers\VistaController))
 8 SYSTEMPATH\CodeIgniter.php(353): CodeIgniter\CodeIgniter->handleRequest(null, Object(Config\Cache), false)
 9 FCPATH\index.php(79): CodeIgniter\CodeIgniter->run()
ERROR - 2023-10-05 15:58:43 --> mysqli_sql_exception: Duplicate entry '0' for key 'act_activos.PRIMARY' in C:\wamp64\www\system\system\Database\MySQLi\Connection.php:306
Stack trace:
#0 C:\wamp64\www\system\system\Database\MySQLi\Connection.php(306): mysqli->query('INSERT INTO `ac...', 0)
#1 C:\wamp64\www\system\system\Database\BaseConnection.php(692): CodeIgniter\Database\MySQLi\Connection->execute('INSERT INTO `ac...')
#2 C:\wamp64\www\system\system\Database\BaseConnection.php(606): CodeIgniter\Database\BaseConnection->simpleQuery('INSERT INTO `ac...')
#3 C:\wamp64\www\system\system\Database\BaseBuilder.php(2308): CodeIgniter\Database\BaseConnection->query('INSERT INTO `ac...', Array, false)
#4 C:\wamp64\www\system\system\Model.php(319): CodeIgniter\Database\BaseBuilder->insert()
#5 C:\wamp64\www\system\system\BaseModel.php(788): CodeIgniter\Model->doInsert(Array)
#6 C:\wamp64\www\system\system\Model.php(715): CodeIgniter\BaseModel->insert(Array, true)
#7 C:\wamp64\www\system\app\Models\Activos.php(17): CodeIgniter\Model->insert(Array)
#8 C:\wamp64\www\system\app\Controllers\AccionController.php(75): App\Models\Activos->insertar(Array)
#9 C:\wamp64\www\system\system\CodeIgniter.php(919): App\Controllers\AccionController->saveactivo()
#10 C:\wamp64\www\system\system\CodeIgniter.php(494): CodeIgniter\CodeIgniter->runController(Object(App\Controllers\AccionController))
#11 C:\wamp64\www\system\system\CodeIgniter.php(353): CodeIgniter\CodeIgniter->handleRequest(NULL, Object(Config\Cache), false)
#12 C:\wamp64\www\system\public\index.php(79): CodeIgniter\CodeIgniter->run()
#13 {main}
CRITICAL - 2023-10-05 15:58:43 --> Duplicate entry '0' for key 'act_activos.PRIMARY'
in SYSTEMPATH\Database\BaseConnection.php on line 646.
 1 SYSTEMPATH\Database\BaseBuilder.php(2308): CodeIgniter\Database\BaseConnection->query('INSERT INTO `act_activos` (`marca`, `modelo`, `condicion_act`, `tipo`, `descripcion`, `observacion`, `proveedor`, `n_factura`, `costo`, `n_orden`, `garantia_inicio`, `garantia_fin`) VALUES (:marca:, :modelo:, :condicion_act:, :tipo:, :descripcion:, :observacion:, :proveedor:, :n_factura:, :costo:, :n_orden:, :garantia_inicio:, :garantia_fin:)', [...], false)
 2 SYSTEMPATH\Model.php(319): CodeIgniter\Database\BaseBuilder->insert()
 3 SYSTEMPATH\BaseModel.php(788): CodeIgniter\Model->doInsert([...])
 4 SYSTEMPATH\Model.php(715): CodeIgniter\BaseModel->insert([...], true)
 5 APPPATH\Models\Activos.php(17): CodeIgniter\Model->insert([...])
 6 APPPATH\Controllers\AccionController.php(75): App\Models\Activos->insertar([...])
 7 SYSTEMPATH\CodeIgniter.php(919): App\Controllers\AccionController->saveactivo()
 8 SYSTEMPATH\CodeIgniter.php(494): CodeIgniter\CodeIgniter->runController(Object(App\Controllers\AccionController))
 9 SYSTEMPATH\CodeIgniter.php(353): CodeIgniter\CodeIgniter->handleRequest(null, Object(Config\Cache), false)
10 FCPATH\index.php(79): CodeIgniter\CodeIgniter->run()
ERROR - 2023-10-05 19:17:07 --> mysqli_sql_exception: Duplicate entry '0' for key 'act_activos.PRIMARY' in C:\wamp64\www\system\system\Database\MySQLi\Connection.php:306
Stack trace:
#0 C:\wamp64\www\system\system\Database\MySQLi\Connection.php(306): mysqli->query('INSERT INTO `ac...', 0)
#1 C:\wamp64\www\system\system\Database\BaseConnection.php(692): CodeIgniter\Database\MySQLi\Connection->execute('INSERT INTO `ac...')
#2 C:\wamp64\www\system\system\Database\BaseConnection.php(606): CodeIgniter\Database\BaseConnection->simpleQuery('INSERT INTO `ac...')
#3 C:\wamp64\www\system\system\Database\BaseBuilder.php(2308): CodeIgniter\Database\BaseConnection->query('INSERT INTO `ac...', Array, false)
#4 C:\wamp64\www\system\system\Model.php(319): CodeIgniter\Database\BaseBuilder->insert()
#5 C:\wamp64\www\system\system\BaseModel.php(788): CodeIgniter\Model->doInsert(Array)
#6 C:\wamp64\www\system\system\Model.php(715): CodeIgniter\BaseModel->insert(Array, true)
#7 C:\wamp64\www\system\app\Models\Activos.php(17): CodeIgniter\Model->insert(Array)
#8 C:\wamp64\www\system\app\Controllers\AccionController.php(75): App\Models\Activos->insertar(Array)
#9 C:\wamp64\www\system\system\CodeIgniter.php(919): App\Controllers\AccionController->saveactivo()
#10 C:\wamp64\www\system\system\CodeIgniter.php(494): CodeIgniter\CodeIgniter->runController(Object(App\Controllers\AccionController))
#11 C:\wamp64\www\system\system\CodeIgniter.php(353): CodeIgniter\CodeIgniter->handleRequest(NULL, Object(Config\Cache), false)
#12 C:\wamp64\www\system\public\index.php(79): CodeIgniter\CodeIgniter->run()
#13 {main}
CRITICAL - 2023-10-05 19:17:07 --> Duplicate entry '0' for key 'act_activos.PRIMARY'
in SYSTEMPATH\Database\BaseConnection.php on line 646.
 1 SYSTEMPATH\Database\BaseBuilder.php(2308): CodeIgniter\Database\BaseConnection->query('INSERT INTO `act_activos` (`marca`, `modelo`, `condicion_act`, `tipo`, `descripcion`, `observacion`, `proveedor`, `n_factura`, `costo`, `n_orden`, `garantia_inicio`, `garantia_fin`) VALUES (:marca:, :modelo:, :condicion_act:, :tipo:, :descripcion:, :observacion:, :proveedor:, :n_factura:, :costo:, :n_orden:, :garantia_inicio:, :garantia_fin:)', [...], false)
 2 SYSTEMPATH\Model.php(319): CodeIgniter\Database\BaseBuilder->insert()
 3 SYSTEMPATH\BaseModel.php(788): CodeIgniter\Model->doInsert([...])
 4 SYSTEMPATH\Model.php(715): CodeIgniter\BaseModel->insert([...], true)
 5 APPPATH\Models\Activos.php(17): CodeIgniter\Model->insert([...])
 6 APPPATH\Controllers\AccionController.php(75): App\Models\Activos->insertar([...])
 7 SYSTEMPATH\CodeIgniter.php(919): App\Controllers\AccionController->saveactivo()
 8 SYSTEMPATH\CodeIgniter.php(494): CodeIgniter\CodeIgniter->runController(Object(App\Controllers\AccionController))
 9 SYSTEMPATH\CodeIgniter.php(353): CodeIgniter\CodeIgniter->handleRequest(null, Object(Config\Cache), false)
10 FCPATH\index.php(79): CodeIgniter\CodeIgniter->run()
ERROR - 2023-10-05 23:08:41 --> mysqli_sql_exception: Cannot add or update a child row: a foreign key constraint fails (`patrimonioprueba`.`act_activos`, CONSTRAINT `marcaact` FOREIGN KEY (`marca`) REFERENCES `act_marca` (`id_marca`) ON UPDATE CASCADE) in C:\wamp64\www\system\system\Database\MySQLi\Connection.php:306
Stack trace:
#0 C:\wamp64\www\system\system\Database\MySQLi\Connection.php(306): mysqli->query('INSERT INTO `ac...', 0)
#1 C:\wamp64\www\system\system\Database\BaseConnection.php(692): CodeIgniter\Database\MySQLi\Connection->execute('INSERT INTO `ac...')
#2 C:\wamp64\www\system\system\Database\BaseConnection.php(606): CodeIgniter\Database\BaseConnection->simpleQuery('INSERT INTO `ac...')
#3 C:\wamp64\www\system\system\Database\BaseBuilder.php(2308): CodeIgniter\Database\BaseConnection->query('INSERT INTO `ac...', Array, false)
#4 C:\wamp64\www\system\system\Model.php(319): CodeIgniter\Database\BaseBuilder->insert()
#5 C:\wamp64\www\system\system\BaseModel.php(788): CodeIgniter\Model->doInsert(Array)
#6 C:\wamp64\www\system\system\Model.php(715): CodeIgniter\BaseModel->insert(Array, true)
#7 C:\wamp64\www\system\app\Models\Activos.php(17): CodeIgniter\Model->insert(Array)
#8 C:\wamp64\www\system\app\Controllers\AccionController.php(75): App\Models\Activos->insertar(Array)
#9 C:\wamp64\www\system\system\CodeIgniter.php(919): App\Controllers\AccionController->saveactivo()
#10 C:\wamp64\www\system\system\CodeIgniter.php(494): CodeIgniter\CodeIgniter->runController(Object(App\Controllers\AccionController))
#11 C:\wamp64\www\system\system\CodeIgniter.php(353): CodeIgniter\CodeIgniter->handleRequest(NULL, Object(Config\Cache), false)
#12 C:\wamp64\www\system\public\index.php(79): CodeIgniter\CodeIgniter->run()
#13 {main}
CRITICAL - 2023-10-05 23:08:41 --> Cannot add or update a child row: a foreign key constraint fails (`patrimonioprueba`.`act_activos`, CONSTRAINT `marcaact` FOREIGN KEY (`marca`) REFERENCES `act_marca` (`id_marca`) ON UPDATE CASCADE)
in SYSTEMPATH\Database\BaseConnection.php on line 646.
 1 SYSTEMPATH\Database\BaseBuilder.php(2308): CodeIgniter\Database\BaseConnection->query('INSERT INTO `act_activos` (`marca`, `modelo`, `condicion_act`, `tipo`, `descripcion`, `observacion`, `proveedor`, `n_factura`, `costo`, `n_orden`, `garantia_inicio`, `garantia_fin`) VALUES (:marca:, :modelo:, :condicion_act:, :tipo:, :descripcion:, :observacion:, :proveedor:, :n_factura:, :costo:, :n_orden:, :garantia_inicio:, :garantia_fin:)', [...], false)
 2 SYSTEMPATH\Model.php(319): CodeIgniter\Database\BaseBuilder->insert()
 3 SYSTEMPATH\BaseModel.php(788): CodeIgniter\Model->doInsert([...])
 4 SYSTEMPATH\Model.php(715): CodeIgniter\BaseModel->insert([...], true)
 5 APPPATH\Models\Activos.php(17): CodeIgniter\Model->insert([...])
 6 APPPATH\Controllers\AccionController.php(75): App\Models\Activos->insertar([...])
 7 SYSTEMPATH\CodeIgniter.php(919): App\Controllers\AccionController->saveactivo()
 8 SYSTEMPATH\CodeIgniter.php(494): CodeIgniter\CodeIgniter->runController(Object(App\Controllers\AccionController))
 9 SYSTEMPATH\CodeIgniter.php(353): CodeIgniter\CodeIgniter->handleRequest(null, Object(Config\Cache), false)
10 FCPATH\index.php(79): CodeIgniter\CodeIgniter->run()
ERROR - 2023-10-05 23:09:30 --> mysqli_sql_exception: Cannot add or update a child row: a foreign key constraint fails (`patrimonioprueba`.`act_activos`, CONSTRAINT `marcaact` FOREIGN KEY (`marca`) REFERENCES `act_marca` (`id_marca`) ON UPDATE CASCADE) in C:\wamp64\www\system\system\Database\MySQLi\Connection.php:306
Stack trace:
#0 C:\wamp64\www\system\system\Database\MySQLi\Connection.php(306): mysqli->query('INSERT INTO `ac...', 0)
#1 C:\wamp64\www\system\system\Database\BaseConnection.php(692): CodeIgniter\Database\MySQLi\Connection->execute('INSERT INTO `ac...')
#2 C:\wamp64\www\system\system\Database\BaseConnection.php(606): CodeIgniter\Database\BaseConnection->simpleQuery('INSERT INTO `ac...')
#3 C:\wamp64\www\system\system\Database\BaseBuilder.php(2308): CodeIgniter\Database\BaseConnection->query('INSERT INTO `ac...', Array, false)
#4 C:\wamp64\www\system\system\Model.php(319): CodeIgniter\Database\BaseBuilder->insert()
#5 C:\wamp64\www\system\system\BaseModel.php(788): CodeIgniter\Model->doInsert(Array)
#6 C:\wamp64\www\system\system\Model.php(715): CodeIgniter\BaseModel->insert(Array, true)
#7 C:\wamp64\www\system\app\Models\Activos.php(17): CodeIgniter\Model->insert(Array)
#8 C:\wamp64\www\system\app\Controllers\AccionController.php(75): App\Models\Activos->insertar(Array)
#9 C:\wamp64\www\system\system\CodeIgniter.php(919): App\Controllers\AccionController->saveactivo()
#10 C:\wamp64\www\system\system\CodeIgniter.php(494): CodeIgniter\CodeIgniter->runController(Object(App\Controllers\AccionController))
#11 C:\wamp64\www\system\system\CodeIgniter.php(353): CodeIgniter\CodeIgniter->handleRequest(NULL, Object(Config\Cache), false)
#12 C:\wamp64\www\system\public\index.php(79): CodeIgniter\CodeIgniter->run()
#13 {main}
CRITICAL - 2023-10-05 23:09:30 --> Cannot add or update a child row: a foreign key constraint fails (`patrimonioprueba`.`act_activos`, CONSTRAINT `marcaact` FOREIGN KEY (`marca`) REFERENCES `act_marca` (`id_marca`) ON UPDATE CASCADE)
in SYSTEMPATH\Database\BaseConnection.php on line 646.
 1 SYSTEMPATH\Database\BaseBuilder.php(2308): CodeIgniter\Database\BaseConnection->query('INSERT INTO `act_activos` (`marca`, `modelo`, `condicion_act`, `tipo`, `descripcion`, `observacion`, `proveedor`, `n_factura`, `costo`, `n_orden`, `garantia_inicio`, `garantia_fin`) VALUES (:marca:, :modelo:, :condicion_act:, :tipo:, :descripcion:, :observacion:, :proveedor:, :n_factura:, :costo:, :n_orden:, :garantia_inicio:, :garantia_fin:)', [...], false)
 2 SYSTEMPATH\Model.php(319): CodeIgniter\Database\BaseBuilder->insert()
 3 SYSTEMPATH\BaseModel.php(788): CodeIgniter\Model->doInsert([...])
 4 SYSTEMPATH\Model.php(715): CodeIgniter\BaseModel->insert([...], true)
 5 APPPATH\Models\Activos.php(17): CodeIgniter\Model->insert([...])
 6 APPPATH\Controllers\AccionController.php(75): App\Models\Activos->insertar([...])
 7 SYSTEMPATH\CodeIgniter.php(919): App\Controllers\AccionController->saveactivo()
 8 SYSTEMPATH\CodeIgniter.php(494): CodeIgniter\CodeIgniter->runController(Object(App\Controllers\AccionController))
 9 SYSTEMPATH\CodeIgniter.php(353): CodeIgniter\CodeIgniter->handleRequest(null, Object(Config\Cache), false)
10 FCPATH\index.php(79): CodeIgniter\CodeIgniter->run()
ERROR - 2023-10-05 23:09:43 --> mysqli_sql_exception: Cannot add or update a child row: a foreign key constraint fails (`patrimonioprueba`.`act_activos`, CONSTRAINT `marcaact` FOREIGN KEY (`marca`) REFERENCES `act_marca` (`id_marca`) ON UPDATE CASCADE) in C:\wamp64\www\system\system\Database\MySQLi\Connection.php:306
Stack trace:
#0 C:\wamp64\www\system\system\Database\MySQLi\Connection.php(306): mysqli->query('INSERT INTO `ac...', 0)
#1 C:\wamp64\www\system\system\Database\BaseConnection.php(692): CodeIgniter\Database\MySQLi\Connection->execute('INSERT INTO `ac...')
#2 C:\wamp64\www\system\system\Database\BaseConnection.php(606): CodeIgniter\Database\BaseConnection->simpleQuery('INSERT INTO `ac...')
#3 C:\wamp64\www\system\system\Database\BaseBuilder.php(2308): CodeIgniter\Database\BaseConnection->query('INSERT INTO `ac...', Array, false)
#4 C:\wamp64\www\system\system\Model.php(319): CodeIgniter\Database\BaseBuilder->insert()
#5 C:\wamp64\www\system\system\BaseModel.php(788): CodeIgniter\Model->doInsert(Array)
#6 C:\wamp64\www\system\system\Model.php(715): CodeIgniter\BaseModel->insert(Array, true)
#7 C:\wamp64\www\system\app\Models\Activos.php(17): CodeIgniter\Model->insert(Array)
#8 C:\wamp64\www\system\app\Controllers\AccionController.php(75): App\Models\Activos->insertar(Array)
#9 C:\wamp64\www\system\system\CodeIgniter.php(919): App\Controllers\AccionController->saveactivo()
#10 C:\wamp64\www\system\system\CodeIgniter.php(494): CodeIgniter\CodeIgniter->runController(Object(App\Controllers\AccionController))
#11 C:\wamp64\www\system\system\CodeIgniter.php(353): CodeIgniter\CodeIgniter->handleRequest(NULL, Object(Config\Cache), false)
#12 C:\wamp64\www\system\public\index.php(79): CodeIgniter\CodeIgniter->run()
#13 {main}
CRITICAL - 2023-10-05 23:09:43 --> Cannot add or update a child row: a foreign key constraint fails (`patrimonioprueba`.`act_activos`, CONSTRAINT `marcaact` FOREIGN KEY (`marca`) REFERENCES `act_marca` (`id_marca`) ON UPDATE CASCADE)
in SYSTEMPATH\Database\BaseConnection.php on line 646.
 1 SYSTEMPATH\Database\BaseBuilder.php(2308): CodeIgniter\Database\BaseConnection->query('INSERT INTO `act_activos` (`marca`, `modelo`, `condicion_act`, `tipo`, `descripcion`, `observacion`, `proveedor`, `n_factura`, `costo`, `n_orden`, `garantia_inicio`, `garantia_fin`) VALUES (:marca:, :modelo:, :condicion_act:, :tipo:, :descripcion:, :observacion:, :proveedor:, :n_factura:, :costo:, :n_orden:, :garantia_inicio:, :garantia_fin:)', [...], false)
 2 SYSTEMPATH\Model.php(319): CodeIgniter\Database\BaseBuilder->insert()
 3 SYSTEMPATH\BaseModel.php(788): CodeIgniter\Model->doInsert([...])
 4 SYSTEMPATH\Model.php(715): CodeIgniter\BaseModel->insert([...], true)
 5 APPPATH\Models\Activos.php(17): CodeIgniter\Model->insert([...])
 6 APPPATH\Controllers\AccionController.php(75): App\Models\Activos->insertar([...])
 7 SYSTEMPATH\CodeIgniter.php(919): App\Controllers\AccionController->saveactivo()
 8 SYSTEMPATH\CodeIgniter.php(494): CodeIgniter\CodeIgniter->runController(Object(App\Controllers\AccionController))
 9 SYSTEMPATH\CodeIgniter.php(353): CodeIgniter\CodeIgniter->handleRequest(null, Object(Config\Cache), false)
10 FCPATH\index.php(79): CodeIgniter\CodeIgniter->run()
ERROR - 2023-10-05 23:10:16 --> mysqli_sql_exception: Cannot add or update a child row: a foreign key constraint fails (`patrimonioprueba`.`act_activos`, CONSTRAINT `marcaact` FOREIGN KEY (`marca`) REFERENCES `act_marca` (`id_marca`) ON UPDATE CASCADE) in C:\wamp64\www\system\system\Database\MySQLi\Connection.php:306
Stack trace:
#0 C:\wamp64\www\system\system\Database\MySQLi\Connection.php(306): mysqli->query('INSERT INTO `ac...', 0)
#1 C:\wamp64\www\system\system\Database\BaseConnection.php(692): CodeIgniter\Database\MySQLi\Connection->execute('INSERT INTO `ac...')
#2 C:\wamp64\www\system\system\Database\BaseConnection.php(606): CodeIgniter\Database\BaseConnection->simpleQuery('INSERT INTO `ac...')
#3 C:\wamp64\www\system\system\Database\BaseBuilder.php(2308): CodeIgniter\Database\BaseConnection->query('INSERT INTO `ac...', Array, false)
#4 C:\wamp64\www\system\system\Model.php(319): CodeIgniter\Database\BaseBuilder->insert()
#5 C:\wamp64\www\system\system\BaseModel.php(788): CodeIgniter\Model->doInsert(Array)
#6 C:\wamp64\www\system\system\Model.php(715): CodeIgniter\BaseModel->insert(Array, true)
#7 C:\wamp64\www\system\app\Models\Activos.php(17): CodeIgniter\Model->insert(Array)
#8 C:\wamp64\www\system\app\Controllers\AccionController.php(75): App\Models\Activos->insertar(Array)
#9 C:\wamp64\www\system\system\CodeIgniter.php(919): App\Controllers\AccionController->saveactivo()
#10 C:\wamp64\www\system\system\CodeIgniter.php(494): CodeIgniter\CodeIgniter->runController(Object(App\Controllers\AccionController))
#11 C:\wamp64\www\system\system\CodeIgniter.php(353): CodeIgniter\CodeIgniter->handleRequest(NULL, Object(Config\Cache), false)
#12 C:\wamp64\www\system\public\index.php(79): CodeIgniter\CodeIgniter->run()
#13 {main}
CRITICAL - 2023-10-05 23:10:16 --> Cannot add or update a child row: a foreign key constraint fails (`patrimonioprueba`.`act_activos`, CONSTRAINT `marcaact` FOREIGN KEY (`marca`) REFERENCES `act_marca` (`id_marca`) ON UPDATE CASCADE)
in SYSTEMPATH\Database\BaseConnection.php on line 646.
 1 SYSTEMPATH\Database\BaseBuilder.php(2308): CodeIgniter\Database\BaseConnection->query('INSERT INTO `act_activos` (`marca`, `modelo`, `condicion_act`, `tipo`, `descripcion`, `observacion`, `proveedor`, `n_factura`, `costo`, `n_orden`, `garantia_inicio`, `garantia_fin`) VALUES (:marca:, :modelo:, :condicion_act:, :tipo:, :descripcion:, :observacion:, :proveedor:, :n_factura:, :costo:, :n_orden:, :garantia_inicio:, :garantia_fin:)', [...], false)
 2 SYSTEMPATH\Model.php(319): CodeIgniter\Database\BaseBuilder->insert()
 3 SYSTEMPATH\BaseModel.php(788): CodeIgniter\Model->doInsert([...])
 4 SYSTEMPATH\Model.php(715): CodeIgniter\BaseModel->insert([...], true)
 5 APPPATH\Models\Activos.php(17): CodeIgniter\Model->insert([...])
 6 APPPATH\Controllers\AccionController.php(75): App\Models\Activos->insertar([...])
 7 SYSTEMPATH\CodeIgniter.php(919): App\Controllers\AccionController->saveactivo()
 8 SYSTEMPATH\CodeIgniter.php(494): CodeIgniter\CodeIgniter->runController(Object(App\Controllers\AccionController))
 9 SYSTEMPATH\CodeIgniter.php(353): CodeIgniter\CodeIgniter->handleRequest(null, Object(Config\Cache), false)
10 FCPATH\index.php(79): CodeIgniter\CodeIgniter->run()
