CRITICAL - 2023-10-14 09:27:14 --> Undefined array key "id_cargo"
in APPPATH\Views\responsables\cargo.php on line 63.
 1 APPPATH\Views\responsables\cargo.php(63): CodeIgniter\Debug\Exceptions->errorHandler(2, 'Undefined array key "id_cargo"', 'C:\\wamp64\\www\\system\\app\\Views\\responsables\\cargo.php', 63)
 2 SYSTEMPATH\View\View.php(226): include('C:\\wamp64\\www\\system\\app\\Views\\responsables\\cargo.php')
 3 SYSTEMPATH\View\View.php(229): CodeIgniter\View\View->CodeIgniter\View\{closure}()
 4 SYSTEMPATH\Common.php(1188): CodeIgniter\View\View->render('responsables/cargo', [...], true)
 5 APPPATH\Controllers\VistaController.php(31): view('responsables/cargo', [...], [...])
 6 SYSTEMPATH\CodeIgniter.php(919): App\Controllers\VistaController->index()
 7 SYSTEMPATH\CodeIgniter.php(494): CodeIgniter\CodeIgniter->runController(Object(App\Controllers\VistaController))
 8 SYSTEMPATH\CodeIgniter.php(353): CodeIgniter\CodeIgniter->handleRequest(null, Object(Config\Cache), false)
 9 FCPATH\index.php(79): CodeIgniter\CodeIgniter->run()
CRITICAL - 2023-10-14 09:27:51 --> Undefined array key "id_cargo"
in APPPATH\Views\responsables\cargo.php on line 63.
 1 APPPATH\Views\responsables\cargo.php(63): CodeIgniter\Debug\Exceptions->errorHandler(2, 'Undefined array key "id_cargo"', 'C:\\wamp64\\www\\system\\app\\Views\\responsables\\cargo.php', 63)
 2 SYSTEMPATH\View\View.php(226): include('C:\\wamp64\\www\\system\\app\\Views\\responsables\\cargo.php')
 3 SYSTEMPATH\View\View.php(229): CodeIgniter\View\View->CodeIgniter\View\{closure}()
 4 SYSTEMPATH\Common.php(1188): CodeIgniter\View\View->render('responsables/cargo', [...], true)
 5 APPPATH\Controllers\VistaController.php(31): view('responsables/cargo', [...], [...])
 6 SYSTEMPATH\CodeIgniter.php(919): App\Controllers\VistaController->index()
 7 SYSTEMPATH\CodeIgniter.php(494): CodeIgniter\CodeIgniter->runController(Object(App\Controllers\VistaController))
 8 SYSTEMPATH\CodeIgniter.php(353): CodeIgniter\CodeIgniter->handleRequest(null, Object(Config\Cache), false)
 9 FCPATH\index.php(79): CodeIgniter\CodeIgniter->run()
CRITICAL - 2023-10-14 09:28:03 --> Undefined variable $cargo
in APPPATH\Views\responsables\cargo.php on line 63.
 1 APPPATH\Views\responsables\cargo.php(63): CodeIgniter\Debug\Exceptions->errorHandler(2, 'Undefined variable $cargo', 'C:\\wamp64\\www\\system\\app\\Views\\responsables\\cargo.php', 63)
 2 SYSTEMPATH\View\View.php(226): include('C:\\wamp64\\www\\system\\app\\Views\\responsables\\cargo.php')
 3 SYSTEMPATH\View\View.php(229): CodeIgniter\View\View->CodeIgniter\View\{closure}()
 4 SYSTEMPATH\Common.php(1188): CodeIgniter\View\View->render('responsables/cargo', [...], true)
 5 APPPATH\Controllers\VistaController.php(31): view('responsables/cargo', [...], [...])
 6 SYSTEMPATH\CodeIgniter.php(919): App\Controllers\VistaController->index()
 7 SYSTEMPATH\CodeIgniter.php(494): CodeIgniter\CodeIgniter->runController(Object(App\Controllers\VistaController))
 8 SYSTEMPATH\CodeIgniter.php(353): CodeIgniter\CodeIgniter->handleRequest(null, Object(Config\Cache), false)
 9 FCPATH\index.php(79): CodeIgniter\CodeIgniter->run()
CRITICAL - 2023-10-14 09:28:04 --> Undefined variable $cargo
in APPPATH\Views\responsables\cargo.php on line 63.
 1 APPPATH\Views\responsables\cargo.php(63): CodeIgniter\Debug\Exceptions->errorHandler(2, 'Undefined variable $cargo', 'C:\\wamp64\\www\\system\\app\\Views\\responsables\\cargo.php', 63)
 2 SYSTEMPATH\View\View.php(226): include('C:\\wamp64\\www\\system\\app\\Views\\responsables\\cargo.php')
 3 SYSTEMPATH\View\View.php(229): CodeIgniter\View\View->CodeIgniter\View\{closure}()
 4 SYSTEMPATH\Common.php(1188): CodeIgniter\View\View->render('responsables/cargo', [...], true)
 5 APPPATH\Controllers\VistaController.php(31): view('responsables/cargo', [...], [...])
 6 SYSTEMPATH\CodeIgniter.php(919): App\Controllers\VistaController->index()
 7 SYSTEMPATH\CodeIgniter.php(494): CodeIgniter\CodeIgniter->runController(Object(App\Controllers\VistaController))
 8 SYSTEMPATH\CodeIgniter.php(353): CodeIgniter\CodeIgniter->handleRequest(null, Object(Config\Cache), false)
 9 FCPATH\index.php(79): CodeIgniter\CodeIgniter->run()
CRITICAL - 2023-10-14 09:29:26 --> Undefined variable $header
in APPPATH\Views\responsables\cargo.php on line 1.
 1 APPPATH\Views\responsables\cargo.php(1): CodeIgniter\Debug\Exceptions->errorHandler(2, 'Undefined variable $header', 'C:\\wamp64\\www\\system\\app\\Views\\responsables\\cargo.php', 1)
 2 SYSTEMPATH\View\View.php(226): include('C:\\wamp64\\www\\system\\app\\Views\\responsables\\cargo.php')
 3 SYSTEMPATH\View\View.php(229): CodeIgniter\View\View->CodeIgniter\View\{closure}()
 4 SYSTEMPATH\Common.php(1188): CodeIgniter\View\View->render('responsables/cargo', [], true)
 5 APPPATH\Controllers\AccionController.php(159): view('responsables/cargo', [...])
 6 SYSTEMPATH\CodeIgniter.php(919): App\Controllers\AccionController->cargoupdate('92')
 7 SYSTEMPATH\CodeIgniter.php(494): CodeIgniter\CodeIgniter->runController(Object(App\Controllers\AccionController))
 8 SYSTEMPATH\CodeIgniter.php(353): CodeIgniter\CodeIgniter->handleRequest(null, Object(Config\Cache), false)
 9 FCPATH\index.php(79): CodeIgniter\CodeIgniter->run()
CRITICAL - 2023-10-14 09:29:47 --> Undefined array key "id_cargo"
in APPPATH\Views\responsables\cargo.php on line 64.
 1 APPPATH\Views\responsables\cargo.php(64): CodeIgniter\Debug\Exceptions->errorHandler(2, 'Undefined array key "id_cargo"', 'C:\\wamp64\\www\\system\\app\\Views\\responsables\\cargo.php', 64)
 2 SYSTEMPATH\View\View.php(226): include('C:\\wamp64\\www\\system\\app\\Views\\responsables\\cargo.php')
 3 SYSTEMPATH\View\View.php(229): CodeIgniter\View\View->CodeIgniter\View\{closure}()
 4 SYSTEMPATH\Common.php(1188): CodeIgniter\View\View->render('responsables/cargo', [...], true)
 5 APPPATH\Controllers\VistaController.php(31): view('responsables/cargo', [...], [...])
 6 SYSTEMPATH\CodeIgniter.php(919): App\Controllers\VistaController->index()
 7 SYSTEMPATH\CodeIgniter.php(494): CodeIgniter\CodeIgniter->runController(Object(App\Controllers\VistaController))
 8 SYSTEMPATH\CodeIgniter.php(353): CodeIgniter\CodeIgniter->handleRequest(null, Object(Config\Cache), false)
 9 FCPATH\index.php(79): CodeIgniter\CodeIgniter->run()
CRITICAL - 2023-10-14 09:38:31 --> Undefined variable $id
in APPPATH\Views\responsables\cargo.php on line 36.
 1 APPPATH\Views\responsables\cargo.php(36): CodeIgniter\Debug\Exceptions->errorHandler(2, 'Undefined variable $id', 'C:\\wamp64\\www\\system\\app\\Views\\responsables\\cargo.php', 36)
 2 SYSTEMPATH\View\View.php(226): include('C:\\wamp64\\www\\system\\app\\Views\\responsables\\cargo.php')
 3 SYSTEMPATH\View\View.php(229): CodeIgniter\View\View->CodeIgniter\View\{closure}()
 4 SYSTEMPATH\Common.php(1188): CodeIgniter\View\View->render('responsables/cargo', [...], true)
 5 APPPATH\Controllers\VistaController.php(31): view('responsables/cargo', [...], [...])
 6 SYSTEMPATH\CodeIgniter.php(919): App\Controllers\VistaController->index()
 7 SYSTEMPATH\CodeIgniter.php(494): CodeIgniter\CodeIgniter->runController(Object(App\Controllers\VistaController))
 8 SYSTEMPATH\CodeIgniter.php(353): CodeIgniter\CodeIgniter->handleRequest(null, Object(Config\Cache), false)
 9 FCPATH\index.php(79): CodeIgniter\CodeIgniter->run()
CRITICAL - 2023-10-14 09:46:34 --> Undefined array key "cargos"
in APPPATH\Views\responsables\cargo.php on line 40.
 1 APPPATH\Views\responsables\cargo.php(40): CodeIgniter\Debug\Exceptions->errorHandler(2, 'Undefined array key "cargos"', 'C:\\wamp64\\www\\system\\app\\Views\\responsables\\cargo.php', 40)
 2 SYSTEMPATH\View\View.php(226): include('C:\\wamp64\\www\\system\\app\\Views\\responsables\\cargo.php')
 3 SYSTEMPATH\View\View.php(229): CodeIgniter\View\View->CodeIgniter\View\{closure}()
 4 SYSTEMPATH\Common.php(1188): CodeIgniter\View\View->render('responsables/cargo', [...], true)
 5 APPPATH\Controllers\VistaController.php(31): view('responsables/cargo', [...], [...])
 6 SYSTEMPATH\CodeIgniter.php(919): App\Controllers\VistaController->index()
 7 SYSTEMPATH\CodeIgniter.php(494): CodeIgniter\CodeIgniter->runController(Object(App\Controllers\VistaController))
 8 SYSTEMPATH\CodeIgniter.php(353): CodeIgniter\CodeIgniter->handleRequest(null, Object(Config\Cache), false)
 9 FCPATH\index.php(79): CodeIgniter\CodeIgniter->run()
CRITICAL - 2023-10-14 09:48:09 --> Undefined array key "cargos"
in APPPATH\Views\responsables\cargo.php on line 40.
 1 APPPATH\Views\responsables\cargo.php(40): CodeIgniter\Debug\Exceptions->errorHandler(2, 'Undefined array key "cargos"', 'C:\\wamp64\\www\\system\\app\\Views\\responsables\\cargo.php', 40)
 2 SYSTEMPATH\View\View.php(226): include('C:\\wamp64\\www\\system\\app\\Views\\responsables\\cargo.php')
 3 SYSTEMPATH\View\View.php(229): CodeIgniter\View\View->CodeIgniter\View\{closure}()
 4 SYSTEMPATH\Common.php(1188): CodeIgniter\View\View->render('responsables/cargo', [...], true)
 5 APPPATH\Controllers\VistaController.php(31): view('responsables/cargo', [...], [...])
 6 SYSTEMPATH\CodeIgniter.php(919): App\Controllers\VistaController->index()
 7 SYSTEMPATH\CodeIgniter.php(494): CodeIgniter\CodeIgniter->runController(Object(App\Controllers\VistaController))
 8 SYSTEMPATH\CodeIgniter.php(353): CodeIgniter\CodeIgniter->handleRequest(null, Object(Config\Cache), false)
 9 FCPATH\index.php(79): CodeIgniter\CodeIgniter->run()
CRITICAL - 2023-10-14 09:50:11 --> Undefined variable $default
in APPPATH\Views\responsables\cargo.php on line 31.
 1 APPPATH\Views\responsables\cargo.php(31): CodeIgniter\Debug\Exceptions->errorHandler(2, 'Undefined variable $default', 'C:\\wamp64\\www\\system\\app\\Views\\responsables\\cargo.php', 31)
 2 SYSTEMPATH\View\View.php(226): include('C:\\wamp64\\www\\system\\app\\Views\\responsables\\cargo.php')
 3 SYSTEMPATH\View\View.php(229): CodeIgniter\View\View->CodeIgniter\View\{closure}()
 4 SYSTEMPATH\Common.php(1188): CodeIgniter\View\View->render('responsables/cargo', [...], true)
 5 APPPATH\Controllers\VistaController.php(31): view('responsables/cargo', [...], [...])
 6 SYSTEMPATH\CodeIgniter.php(919): App\Controllers\VistaController->index()
 7 SYSTEMPATH\CodeIgniter.php(494): CodeIgniter\CodeIgniter->runController(Object(App\Controllers\VistaController))
 8 SYSTEMPATH\CodeIgniter.php(353): CodeIgniter\CodeIgniter->handleRequest(null, Object(Config\Cache), false)
 9 FCPATH\index.php(79): CodeIgniter\CodeIgniter->run()
CRITICAL - 2023-10-14 10:02:53 --> Undefined array key "nombre_cargo"
in APPPATH\Views\responsables\cargo.php on line 33.
 1 APPPATH\Views\responsables\cargo.php(33): CodeIgniter\Debug\Exceptions->errorHandler(2, 'Undefined array key "nombre_cargo"', 'C:\\wamp64\\www\\system\\app\\Views\\responsables\\cargo.php', 33)
 2 SYSTEMPATH\View\View.php(226): include('C:\\wamp64\\www\\system\\app\\Views\\responsables\\cargo.php')
 3 SYSTEMPATH\View\View.php(229): CodeIgniter\View\View->CodeIgniter\View\{closure}()
 4 SYSTEMPATH\Common.php(1188): CodeIgniter\View\View->render('responsables/cargo', [...], true)
 5 APPPATH\Controllers\VistaController.php(31): view('responsables/cargo', [...], [...])
 6 SYSTEMPATH\CodeIgniter.php(919): App\Controllers\VistaController->index()
 7 SYSTEMPATH\CodeIgniter.php(494): CodeIgniter\CodeIgniter->runController(Object(App\Controllers\VistaController))
 8 SYSTEMPATH\CodeIgniter.php(353): CodeIgniter\CodeIgniter->handleRequest(null, Object(Config\Cache), false)
 9 FCPATH\index.php(79): CodeIgniter\CodeIgniter->run()
CRITICAL - 2023-10-14 11:10:36 --> Undefined variable $cargo
in APPPATH\Views\responsables\cargo.php on line 89.
 1 APPPATH\Views\responsables\cargo.php(89): CodeIgniter\Debug\Exceptions->errorHandler(2, 'Undefined variable $cargo', 'C:\\wamp64\\www\\system\\app\\Views\\responsables\\cargo.php', 89)
 2 SYSTEMPATH\View\View.php(226): include('C:\\wamp64\\www\\system\\app\\Views\\responsables\\cargo.php')
 3 SYSTEMPATH\View\View.php(229): CodeIgniter\View\View->CodeIgniter\View\{closure}()
 4 SYSTEMPATH\Common.php(1188): CodeIgniter\View\View->render('responsables/cargo', [...], true)
 5 APPPATH\Controllers\VistaController.php(31): view('responsables/cargo', [...], [...])
 6 SYSTEMPATH\CodeIgniter.php(919): App\Controllers\VistaController->index()
 7 SYSTEMPATH\CodeIgniter.php(494): CodeIgniter\CodeIgniter->runController(Object(App\Controllers\VistaController))
 8 SYSTEMPATH\CodeIgniter.php(353): CodeIgniter\CodeIgniter->handleRequest(null, Object(Config\Cache), false)
 9 FCPATH\index.php(79): CodeIgniter\CodeIgniter->run()
CRITICAL - 2023-10-14 12:39:40 --> Undefined variable $cargo
in APPPATH\Views\responsables\cargo.php on line 65.
 1 APPPATH\Views\responsables\cargo.php(65): CodeIgniter\Debug\Exceptions->errorHandler(2, 'Undefined variable $cargo', 'C:\\wamp64\\www\\system\\app\\Views\\responsables\\cargo.php', 65)
 2 SYSTEMPATH\View\View.php(226): include('C:\\wamp64\\www\\system\\app\\Views\\responsables\\cargo.php')
 3 SYSTEMPATH\View\View.php(229): CodeIgniter\View\View->CodeIgniter\View\{closure}()
 4 SYSTEMPATH\Common.php(1188): CodeIgniter\View\View->render('responsables/cargo', [...], true)
 5 APPPATH\Controllers\VistaController.php(31): view('responsables/cargo', [...], [...])
 6 SYSTEMPATH\CodeIgniter.php(919): App\Controllers\VistaController->index()
 7 SYSTEMPATH\CodeIgniter.php(494): CodeIgniter\CodeIgniter->runController(Object(App\Controllers\VistaController))
 8 SYSTEMPATH\CodeIgniter.php(353): CodeIgniter\CodeIgniter->handleRequest(null, Object(Config\Cache), false)
 9 FCPATH\index.php(79): CodeIgniter\CodeIgniter->run()
CRITICAL - 2023-10-14 12:40:02 --> Undefined array key "nombre"
in APPPATH\Views\responsables\cargo.php on line 97.
 1 APPPATH\Views\responsables\cargo.php(97): CodeIgniter\Debug\Exceptions->errorHandler(2, 'Undefined array key "nombre"', 'C:\\wamp64\\www\\system\\app\\Views\\responsables\\cargo.php', 97)
 2 SYSTEMPATH\View\View.php(226): include('C:\\wamp64\\www\\system\\app\\Views\\responsables\\cargo.php')
 3 SYSTEMPATH\View\View.php(229): CodeIgniter\View\View->CodeIgniter\View\{closure}()
 4 SYSTEMPATH\Common.php(1188): CodeIgniter\View\View->render('responsables/cargo', [...], true)
 5 APPPATH\Controllers\VistaController.php(31): view('responsables/cargo', [...], [...])
 6 SYSTEMPATH\CodeIgniter.php(919): App\Controllers\VistaController->index()
 7 SYSTEMPATH\CodeIgniter.php(494): CodeIgniter\CodeIgniter->runController(Object(App\Controllers\VistaController))
 8 SYSTEMPATH\CodeIgniter.php(353): CodeIgniter\CodeIgniter->handleRequest(null, Object(Config\Cache), false)
 9 FCPATH\index.php(79): CodeIgniter\CodeIgniter->run()
CRITICAL - 2023-10-14 16:27:31 --> Undefined array key "id"
in APPPATH\Views\responsables\cargo.php on line 51.
 1 APPPATH\Views\responsables\cargo.php(51): CodeIgniter\Debug\Exceptions->errorHandler(2, 'Undefined array key "id"', 'C:\\wamp64\\www\\system\\app\\Views\\responsables\\cargo.php', 51)
 2 SYSTEMPATH\View\View.php(226): include('C:\\wamp64\\www\\system\\app\\Views\\responsables\\cargo.php')
 3 SYSTEMPATH\View\View.php(229): CodeIgniter\View\View->CodeIgniter\View\{closure}()
 4 SYSTEMPATH\Common.php(1188): CodeIgniter\View\View->render('responsables/cargo', [...], true)
 5 APPPATH\Controllers\VistaController.php(31): view('responsables/cargo', [...], [...])
 6 SYSTEMPATH\CodeIgniter.php(919): App\Controllers\VistaController->index()
 7 SYSTEMPATH\CodeIgniter.php(494): CodeIgniter\CodeIgniter->runController(Object(App\Controllers\VistaController))
 8 SYSTEMPATH\CodeIgniter.php(353): CodeIgniter\CodeIgniter->handleRequest(null, Object(Config\Cache), false)
 9 FCPATH\index.php(79): CodeIgniter\CodeIgniter->run()
CRITICAL - 2023-10-14 16:35:57 --> syntax error, unexpected token "use"
in APPPATH\Views\responsables\cargo.php on line 87.
 1 SYSTEMPATH\View\View.php(229): CodeIgniter\View\View->CodeIgniter\View\{closure}()
 2 SYSTEMPATH\Common.php(1188): CodeIgniter\View\View->render('responsables/cargo', [...], true)
 3 APPPATH\Controllers\VistaController.php(31): view('responsables/cargo', [...], [...])
 4 SYSTEMPATH\CodeIgniter.php(919): App\Controllers\VistaController->index()
 5 SYSTEMPATH\CodeIgniter.php(494): CodeIgniter\CodeIgniter->runController(Object(App\Controllers\VistaController))
 6 SYSTEMPATH\CodeIgniter.php(353): CodeIgniter\CodeIgniter->handleRequest(null, Object(Config\Cache), false)
 7 FCPATH\index.php(79): CodeIgniter\CodeIgniter->run()
CRITICAL - 2023-10-14 16:38:30 --> Undefined variable $cargo
in APPPATH\Views\responsables\cargo.php on line 65.
 1 APPPATH\Views\responsables\cargo.php(65): CodeIgniter\Debug\Exceptions->errorHandler(2, 'Undefined variable $cargo', 'C:\\wamp64\\www\\system\\app\\Views\\responsables\\cargo.php', 65)
 2 SYSTEMPATH\View\View.php(226): include('C:\\wamp64\\www\\system\\app\\Views\\responsables\\cargo.php')
 3 SYSTEMPATH\View\View.php(229): CodeIgniter\View\View->CodeIgniter\View\{closure}()
 4 SYSTEMPATH\Common.php(1188): CodeIgniter\View\View->render('responsables/cargo', [...], true)
 5 APPPATH\Controllers\VistaController.php(31): view('responsables/cargo', [...], [...])
 6 SYSTEMPATH\CodeIgniter.php(919): App\Controllers\VistaController->index()
 7 SYSTEMPATH\CodeIgniter.php(494): CodeIgniter\CodeIgniter->runController(Object(App\Controllers\VistaController))
 8 SYSTEMPATH\CodeIgniter.php(353): CodeIgniter\CodeIgniter->handleRequest(null, Object(Config\Cache), false)
 9 FCPATH\index.php(79): CodeIgniter\CodeIgniter->run()
CRITICAL - 2023-10-14 16:39:22 --> Undefined variable $id
in APPPATH\Views\responsables\cargo.php on line 65.
 1 APPPATH\Views\responsables\cargo.php(65): CodeIgniter\Debug\Exceptions->errorHandler(2, 'Undefined variable $id', 'C:\\wamp64\\www\\system\\app\\Views\\responsables\\cargo.php', 65)
 2 SYSTEMPATH\View\View.php(226): include('C:\\wamp64\\www\\system\\app\\Views\\responsables\\cargo.php')
 3 SYSTEMPATH\View\View.php(229): CodeIgniter\View\View->CodeIgniter\View\{closure}()
 4 SYSTEMPATH\Common.php(1188): CodeIgniter\View\View->render('responsables/cargo', [...], true)
 5 APPPATH\Controllers\VistaController.php(31): view('responsables/cargo', [...], [...])
 6 SYSTEMPATH\CodeIgniter.php(919): App\Controllers\VistaController->index()
 7 SYSTEMPATH\CodeIgniter.php(494): CodeIgniter\CodeIgniter->runController(Object(App\Controllers\VistaController))
 8 SYSTEMPATH\CodeIgniter.php(353): CodeIgniter\CodeIgniter->handleRequest(null, Object(Config\Cache), false)
 9 FCPATH\index.php(79): CodeIgniter\CodeIgniter->run()
CRITICAL - 2023-10-14 16:39:55 --> Cannot use object of type App\Models\Cargo as array
in APPPATH\Views\responsables\cargo.php on line 77.
 1 SYSTEMPATH\View\View.php(226): include()
 2 SYSTEMPATH\View\View.php(229): CodeIgniter\View\View->CodeIgniter\View\{closure}()
 3 SYSTEMPATH\Common.php(1188): CodeIgniter\View\View->render('responsables/cargo', [...], true)
 4 APPPATH\Controllers\VistaController.php(31): view('responsables/cargo', [...], [...])
 5 SYSTEMPATH\CodeIgniter.php(919): App\Controllers\VistaController->index()
 6 SYSTEMPATH\CodeIgniter.php(494): CodeIgniter\CodeIgniter->runController(Object(App\Controllers\VistaController))
 7 SYSTEMPATH\CodeIgniter.php(353): CodeIgniter\CodeIgniter->handleRequest(null, Object(Config\Cache), false)
 8 FCPATH\index.php(79): CodeIgniter\CodeIgniter->run()
CRITICAL - 2023-10-14 16:40:06 --> Cannot use object of type App\Models\Cargo as array
in APPPATH\Views\responsables\cargo.php on line 77.
 1 SYSTEMPATH\View\View.php(226): include()
 2 SYSTEMPATH\View\View.php(229): CodeIgniter\View\View->CodeIgniter\View\{closure}()
 3 SYSTEMPATH\Common.php(1188): CodeIgniter\View\View->render('responsables/cargo', [...], true)
 4 APPPATH\Controllers\VistaController.php(31): view('responsables/cargo', [...], [...])
 5 SYSTEMPATH\CodeIgniter.php(919): App\Controllers\VistaController->index()
 6 SYSTEMPATH\CodeIgniter.php(494): CodeIgniter\CodeIgniter->runController(Object(App\Controllers\VistaController))
 7 SYSTEMPATH\CodeIgniter.php(353): CodeIgniter\CodeIgniter->handleRequest(null, Object(Config\Cache), false)
 8 FCPATH\index.php(79): CodeIgniter\CodeIgniter->run()
CRITICAL - 2023-10-14 16:41:32 --> CodeIgniter\BaseModel::findAll(): Argument #1 ($limit) must be of type int, null given, called in C:\wamp64\www\system\app\Views\responsables\cargo.php on line 66
in SYSTEMPATH\BaseModel.php on line 607.
 1 APPPATH\Views\responsables\cargo.php(66): CodeIgniter\BaseModel->findAll(null)
 2 SYSTEMPATH\View\View.php(226): include('C:\\wamp64\\www\\system\\app\\Views\\responsables\\cargo.php')
 3 SYSTEMPATH\View\View.php(229): CodeIgniter\View\View->CodeIgniter\View\{closure}()
 4 SYSTEMPATH\Common.php(1188): CodeIgniter\View\View->render('responsables/cargo', [...], true)
 5 APPPATH\Controllers\VistaController.php(31): view('responsables/cargo', [...], [...])
 6 SYSTEMPATH\CodeIgniter.php(919): App\Controllers\VistaController->index()
 7 SYSTEMPATH\CodeIgniter.php(494): CodeIgniter\CodeIgniter->runController(Object(App\Controllers\VistaController))
 8 SYSTEMPATH\CodeIgniter.php(353): CodeIgniter\CodeIgniter->handleRequest(null, Object(Config\Cache), false)
 9 FCPATH\index.php(79): CodeIgniter\CodeIgniter->run()
CRITICAL - 2023-10-14 16:43:31 --> Call to undefined method CodeIgniter\View\View::table()
in APPPATH\Views\responsables\cargo.php on line 67.
 1 SYSTEMPATH\View\View.php(226): include()
 2 SYSTEMPATH\View\View.php(229): CodeIgniter\View\View->CodeIgniter\View\{closure}()
 3 SYSTEMPATH\Common.php(1188): CodeIgniter\View\View->render('responsables/cargo', [...], true)
 4 APPPATH\Controllers\VistaController.php(31): view('responsables/cargo', [...], [...])
 5 SYSTEMPATH\CodeIgniter.php(919): App\Controllers\VistaController->index()
 6 SYSTEMPATH\CodeIgniter.php(494): CodeIgniter\CodeIgniter->runController(Object(App\Controllers\VistaController))
 7 SYSTEMPATH\CodeIgniter.php(353): CodeIgniter\CodeIgniter->handleRequest(null, Object(Config\Cache), false)
 8 FCPATH\index.php(79): CodeIgniter\CodeIgniter->run()
CRITICAL - 2023-10-14 16:44:59 --> Undefined array key "id_cargo"
in APPPATH\Views\responsables\cargo.php on line 75.
 1 APPPATH\Views\responsables\cargo.php(75): CodeIgniter\Debug\Exceptions->errorHandler(2, 'Undefined array key "id_cargo"', 'C:\\wamp64\\www\\system\\app\\Views\\responsables\\cargo.php', 75)
 2 SYSTEMPATH\View\View.php(226): include('C:\\wamp64\\www\\system\\app\\Views\\responsables\\cargo.php')
 3 SYSTEMPATH\View\View.php(229): CodeIgniter\View\View->CodeIgniter\View\{closure}()
 4 SYSTEMPATH\Common.php(1188): CodeIgniter\View\View->render('responsables/cargo', [...], true)
 5 APPPATH\Controllers\VistaController.php(31): view('responsables/cargo', [...], [...])
 6 SYSTEMPATH\CodeIgniter.php(919): App\Controllers\VistaController->index()
 7 SYSTEMPATH\CodeIgniter.php(494): CodeIgniter\CodeIgniter->runController(Object(App\Controllers\VistaController))
 8 SYSTEMPATH\CodeIgniter.php(353): CodeIgniter\CodeIgniter->handleRequest(null, Object(Config\Cache), false)
 9 FCPATH\index.php(79): CodeIgniter\CodeIgniter->run()
CRITICAL - 2023-10-14 16:47:19 --> Undefined array key "cargos"
in APPPATH\Views\responsables\cargo.php on line 69.
 1 APPPATH\Views\responsables\cargo.php(69): CodeIgniter\Debug\Exceptions->errorHandler(2, 'Undefined array key "cargos"', 'C:\\wamp64\\www\\system\\app\\Views\\responsables\\cargo.php', 69)
 2 SYSTEMPATH\View\View.php(226): include('C:\\wamp64\\www\\system\\app\\Views\\responsables\\cargo.php')
 3 SYSTEMPATH\View\View.php(229): CodeIgniter\View\View->CodeIgniter\View\{closure}()
 4 SYSTEMPATH\Common.php(1188): CodeIgniter\View\View->render('responsables/cargo', [...], true)
 5 APPPATH\Controllers\VistaController.php(31): view('responsables/cargo', [...], [...])
 6 SYSTEMPATH\CodeIgniter.php(919): App\Controllers\VistaController->index()
 7 SYSTEMPATH\CodeIgniter.php(494): CodeIgniter\CodeIgniter->runController(Object(App\Controllers\VistaController))
 8 SYSTEMPATH\CodeIgniter.php(353): CodeIgniter\CodeIgniter->handleRequest(null, Object(Config\Cache), false)
 9 FCPATH\index.php(79): CodeIgniter\CodeIgniter->run()
CRITICAL - 2023-10-14 16:53:53 --> Undefined array key "id_cargo"
in APPPATH\Views\responsables\cargo.php on line 73.
 1 APPPATH\Views\responsables\cargo.php(73): CodeIgniter\Debug\Exceptions->errorHandler(2, 'Undefined array key "id_cargo"', 'C:\\wamp64\\www\\system\\app\\Views\\responsables\\cargo.php', 73)
 2 SYSTEMPATH\View\View.php(226): include('C:\\wamp64\\www\\system\\app\\Views\\responsables\\cargo.php')
 3 SYSTEMPATH\View\View.php(229): CodeIgniter\View\View->CodeIgniter\View\{closure}()
 4 SYSTEMPATH\Common.php(1188): CodeIgniter\View\View->render('responsables/cargo', [...], true)
 5 APPPATH\Controllers\VistaController.php(31): view('responsables/cargo', [...], [...])
 6 SYSTEMPATH\CodeIgniter.php(919): App\Controllers\VistaController->index()
 7 SYSTEMPATH\CodeIgniter.php(494): CodeIgniter\CodeIgniter->runController(Object(App\Controllers\VistaController))
 8 SYSTEMPATH\CodeIgniter.php(353): CodeIgniter\CodeIgniter->handleRequest(null, Object(Config\Cache), false)
 9 FCPATH\index.php(79): CodeIgniter\CodeIgniter->run()
CRITICAL - 2023-10-14 16:54:26 --> Undefined array key "id_cargo"
in APPPATH\Views\responsables\cargo.php on line 73.
 1 APPPATH\Views\responsables\cargo.php(73): CodeIgniter\Debug\Exceptions->errorHandler(2, 'Undefined array key "id_cargo"', 'C:\\wamp64\\www\\system\\app\\Views\\responsables\\cargo.php', 73)
 2 SYSTEMPATH\View\View.php(226): include('C:\\wamp64\\www\\system\\app\\Views\\responsables\\cargo.php')
 3 SYSTEMPATH\View\View.php(229): CodeIgniter\View\View->CodeIgniter\View\{closure}()
 4 SYSTEMPATH\Common.php(1188): CodeIgniter\View\View->render('responsables/cargo', [...], true)
 5 APPPATH\Controllers\VistaController.php(31): view('responsables/cargo', [...], [...])
 6 SYSTEMPATH\CodeIgniter.php(919): App\Controllers\VistaController->index()
 7 SYSTEMPATH\CodeIgniter.php(494): CodeIgniter\CodeIgniter->runController(Object(App\Controllers\VistaController))
 8 SYSTEMPATH\CodeIgniter.php(353): CodeIgniter\CodeIgniter->handleRequest(null, Object(Config\Cache), false)
 9 FCPATH\index.php(79): CodeIgniter\CodeIgniter->run()
CRITICAL - 2023-10-14 16:54:28 --> Undefined array key "id_cargo"
in APPPATH\Views\responsables\cargo.php on line 73.
 1 APPPATH\Views\responsables\cargo.php(73): CodeIgniter\Debug\Exceptions->errorHandler(2, 'Undefined array key "id_cargo"', 'C:\\wamp64\\www\\system\\app\\Views\\responsables\\cargo.php', 73)
 2 SYSTEMPATH\View\View.php(226): include('C:\\wamp64\\www\\system\\app\\Views\\responsables\\cargo.php')
 3 SYSTEMPATH\View\View.php(229): CodeIgniter\View\View->CodeIgniter\View\{closure}()
 4 SYSTEMPATH\Common.php(1188): CodeIgniter\View\View->render('responsables/cargo', [...], true)
 5 APPPATH\Controllers\VistaController.php(31): view('responsables/cargo', [...], [...])
 6 SYSTEMPATH\CodeIgniter.php(919): App\Controllers\VistaController->index()
 7 SYSTEMPATH\CodeIgniter.php(494): CodeIgniter\CodeIgniter->runController(Object(App\Controllers\VistaController))
 8 SYSTEMPATH\CodeIgniter.php(353): CodeIgniter\CodeIgniter->handleRequest(null, Object(Config\Cache), false)
 9 FCPATH\index.php(79): CodeIgniter\CodeIgniter->run()
CRITICAL - 2023-10-14 16:54:47 --> Cannot use object of type App\Models\Cargo as array
in APPPATH\Views\responsables\cargo.php on line 73.
 1 SYSTEMPATH\View\View.php(226): include()
 2 SYSTEMPATH\View\View.php(229): CodeIgniter\View\View->CodeIgniter\View\{closure}()
 3 SYSTEMPATH\Common.php(1188): CodeIgniter\View\View->render('responsables/cargo', [...], true)
 4 APPPATH\Controllers\VistaController.php(31): view('responsables/cargo', [...], [...])
 5 SYSTEMPATH\CodeIgniter.php(919): App\Controllers\VistaController->index()
 6 SYSTEMPATH\CodeIgniter.php(494): CodeIgniter\CodeIgniter->runController(Object(App\Controllers\VistaController))
 7 SYSTEMPATH\CodeIgniter.php(353): CodeIgniter\CodeIgniter->handleRequest(null, Object(Config\Cache), false)
 8 FCPATH\index.php(79): CodeIgniter\CodeIgniter->run()
CRITICAL - 2023-10-14 17:00:03 --> Call to undefined method App\Models\Cargo::filter_id
in SYSTEMPATH\Model.php on line 873.
 1 APPPATH\Views\responsables\cargo.php(66): CodeIgniter\Model->__call('filter_id', [...])
 2 SYSTEMPATH\View\View.php(226): include('C:\\wamp64\\www\\system\\app\\Views\\responsables\\cargo.php')
 3 SYSTEMPATH\View\View.php(229): CodeIgniter\View\View->CodeIgniter\View\{closure}()
 4 SYSTEMPATH\Common.php(1188): CodeIgniter\View\View->render('responsables/cargo', [...], true)
 5 APPPATH\Controllers\VistaController.php(31): view('responsables/cargo', [...], [...])
 6 SYSTEMPATH\CodeIgniter.php(919): App\Controllers\VistaController->index()
 7 SYSTEMPATH\CodeIgniter.php(494): CodeIgniter\CodeIgniter->runController(Object(App\Controllers\VistaController))
 8 SYSTEMPATH\CodeIgniter.php(353): CodeIgniter\CodeIgniter->handleRequest(null, Object(Config\Cache), false)
 9 FCPATH\index.php(79): CodeIgniter\CodeIgniter->run()
CRITICAL - 2023-10-14 17:00:37 --> CodeIgniter\BaseModel::findAll(): Argument #1 ($limit) must be of type int, null given, called in C:\wamp64\www\system\app\Views\responsables\cargo.php on line 66
in SYSTEMPATH\BaseModel.php on line 607.
 1 APPPATH\Views\responsables\cargo.php(66): CodeIgniter\BaseModel->findAll(null)
 2 SYSTEMPATH\View\View.php(226): include('C:\\wamp64\\www\\system\\app\\Views\\responsables\\cargo.php')
 3 SYSTEMPATH\View\View.php(229): CodeIgniter\View\View->CodeIgniter\View\{closure}()
 4 SYSTEMPATH\Common.php(1188): CodeIgniter\View\View->render('responsables/cargo', [...], true)
 5 APPPATH\Controllers\VistaController.php(31): view('responsables/cargo', [...], [...])
 6 SYSTEMPATH\CodeIgniter.php(919): App\Controllers\VistaController->index()
 7 SYSTEMPATH\CodeIgniter.php(494): CodeIgniter\CodeIgniter->runController(Object(App\Controllers\VistaController))
 8 SYSTEMPATH\CodeIgniter.php(353): CodeIgniter\CodeIgniter->handleRequest(null, Object(Config\Cache), false)
 9 FCPATH\index.php(79): CodeIgniter\CodeIgniter->run()
CRITICAL - 2023-10-14 17:01:09 --> CodeIgniter\BaseModel::findAll(): Argument #1 ($limit) must be of type int, string given, called in C:\wamp64\www\system\app\Views\responsables\cargo.php on line 66
in SYSTEMPATH\BaseModel.php on line 607.
 1 APPPATH\Views\responsables\cargo.php(66): CodeIgniter\BaseModel->findAll('id_cargo')
 2 SYSTEMPATH\View\View.php(226): include('C:\\wamp64\\www\\system\\app\\Views\\responsables\\cargo.php')
 3 SYSTEMPATH\View\View.php(229): CodeIgniter\View\View->CodeIgniter\View\{closure}()
 4 SYSTEMPATH\Common.php(1188): CodeIgniter\View\View->render('responsables/cargo', [...], true)
 5 APPPATH\Controllers\VistaController.php(31): view('responsables/cargo', [...], [...])
 6 SYSTEMPATH\CodeIgniter.php(919): App\Controllers\VistaController->index()
 7 SYSTEMPATH\CodeIgniter.php(494): CodeIgniter\CodeIgniter->runController(Object(App\Controllers\VistaController))
 8 SYSTEMPATH\CodeIgniter.php(353): CodeIgniter\CodeIgniter->handleRequest(null, Object(Config\Cache), false)
 9 FCPATH\index.php(79): CodeIgniter\CodeIgniter->run()
CRITICAL - 2023-10-14 17:02:53 --> foreach() argument must be of type array|object, null given
in APPPATH\Views\responsables\cargo.php on line 69.
 1 APPPATH\Views\responsables\cargo.php(69): CodeIgniter\Debug\Exceptions->errorHandler(2, 'foreach() argument must be of type array|object, null given', 'C:\\wamp64\\www\\system\\app\\Views\\responsables\\cargo.php', 69)
 2 SYSTEMPATH\View\View.php(226): include('C:\\wamp64\\www\\system\\app\\Views\\responsables\\cargo.php')
 3 SYSTEMPATH\View\View.php(229): CodeIgniter\View\View->CodeIgniter\View\{closure}()
 4 SYSTEMPATH\Common.php(1188): CodeIgniter\View\View->render('responsables/cargo', [...], true)
 5 APPPATH\Controllers\VistaController.php(31): view('responsables/cargo', [...], [...])
 6 SYSTEMPATH\CodeIgniter.php(919): App\Controllers\VistaController->index()
 7 SYSTEMPATH\CodeIgniter.php(494): CodeIgniter\CodeIgniter->runController(Object(App\Controllers\VistaController))
 8 SYSTEMPATH\CodeIgniter.php(353): CodeIgniter\CodeIgniter->handleRequest(null, Object(Config\Cache), false)
 9 FCPATH\index.php(79): CodeIgniter\CodeIgniter->run()
CRITICAL - 2023-10-14 17:03:35 --> foreach() argument must be of type array|object, null given
in APPPATH\Views\responsables\cargo.php on line 69.
 1 APPPATH\Views\responsables\cargo.php(69): CodeIgniter\Debug\Exceptions->errorHandler(2, 'foreach() argument must be of type array|object, null given', 'C:\\wamp64\\www\\system\\app\\Views\\responsables\\cargo.php', 69)
 2 SYSTEMPATH\View\View.php(226): include('C:\\wamp64\\www\\system\\app\\Views\\responsables\\cargo.php')
 3 SYSTEMPATH\View\View.php(229): CodeIgniter\View\View->CodeIgniter\View\{closure}()
 4 SYSTEMPATH\Common.php(1188): CodeIgniter\View\View->render('responsables/cargo', [...], true)
 5 APPPATH\Controllers\VistaController.php(31): view('responsables/cargo', [...], [...])
 6 SYSTEMPATH\CodeIgniter.php(919): App\Controllers\VistaController->index()
 7 SYSTEMPATH\CodeIgniter.php(494): CodeIgniter\CodeIgniter->runController(Object(App\Controllers\VistaController))
 8 SYSTEMPATH\CodeIgniter.php(353): CodeIgniter\CodeIgniter->handleRequest(null, Object(Config\Cache), false)
 9 FCPATH\index.php(79): CodeIgniter\CodeIgniter->run()
CRITICAL - 2023-10-14 17:03:52 --> foreach() argument must be of type array|object, null given
in APPPATH\Views\responsables\cargo.php on line 69.
 1 APPPATH\Views\responsables\cargo.php(69): CodeIgniter\Debug\Exceptions->errorHandler(2, 'foreach() argument must be of type array|object, null given', 'C:\\wamp64\\www\\system\\app\\Views\\responsables\\cargo.php', 69)
 2 SYSTEMPATH\View\View.php(226): include('C:\\wamp64\\www\\system\\app\\Views\\responsables\\cargo.php')
 3 SYSTEMPATH\View\View.php(229): CodeIgniter\View\View->CodeIgniter\View\{closure}()
 4 SYSTEMPATH\Common.php(1188): CodeIgniter\View\View->render('responsables/cargo', [...], true)
 5 APPPATH\Controllers\VistaController.php(31): view('responsables/cargo', [...], [...])
 6 SYSTEMPATH\CodeIgniter.php(919): App\Controllers\VistaController->index()
 7 SYSTEMPATH\CodeIgniter.php(494): CodeIgniter\CodeIgniter->runController(Object(App\Controllers\VistaController))
 8 SYSTEMPATH\CodeIgniter.php(353): CodeIgniter\CodeIgniter->handleRequest(null, Object(Config\Cache), false)
 9 FCPATH\index.php(79): CodeIgniter\CodeIgniter->run()
CRITICAL - 2023-10-14 17:04:05 --> foreach() argument must be of type array|object, null given
in APPPATH\Views\responsables\cargo.php on line 69.
 1 APPPATH\Views\responsables\cargo.php(69): CodeIgniter\Debug\Exceptions->errorHandler(2, 'foreach() argument must be of type array|object, null given', 'C:\\wamp64\\www\\system\\app\\Views\\responsables\\cargo.php', 69)
 2 SYSTEMPATH\View\View.php(226): include('C:\\wamp64\\www\\system\\app\\Views\\responsables\\cargo.php')
 3 SYSTEMPATH\View\View.php(229): CodeIgniter\View\View->CodeIgniter\View\{closure}()
 4 SYSTEMPATH\Common.php(1188): CodeIgniter\View\View->render('responsables/cargo', [...], true)
 5 APPPATH\Controllers\VistaController.php(31): view('responsables/cargo', [...], [...])
 6 SYSTEMPATH\CodeIgniter.php(919): App\Controllers\VistaController->index()
 7 SYSTEMPATH\CodeIgniter.php(494): CodeIgniter\CodeIgniter->runController(Object(App\Controllers\VistaController))
 8 SYSTEMPATH\CodeIgniter.php(353): CodeIgniter\CodeIgniter->handleRequest(null, Object(Config\Cache), false)
 9 FCPATH\index.php(79): CodeIgniter\CodeIgniter->run()
CRITICAL - 2023-10-14 17:04:32 --> foreach() argument must be of type array|object, null given
in APPPATH\Views\responsables\cargo.php on line 69.
 1 APPPATH\Views\responsables\cargo.php(69): CodeIgniter\Debug\Exceptions->errorHandler(2, 'foreach() argument must be of type array|object, null given', 'C:\\wamp64\\www\\system\\app\\Views\\responsables\\cargo.php', 69)
 2 SYSTEMPATH\View\View.php(226): include('C:\\wamp64\\www\\system\\app\\Views\\responsables\\cargo.php')
 3 SYSTEMPATH\View\View.php(229): CodeIgniter\View\View->CodeIgniter\View\{closure}()
 4 SYSTEMPATH\Common.php(1188): CodeIgniter\View\View->render('responsables/cargo', [...], true)
 5 APPPATH\Controllers\VistaController.php(31): view('responsables/cargo', [...], [...])
 6 SYSTEMPATH\CodeIgniter.php(919): App\Controllers\VistaController->index()
 7 SYSTEMPATH\CodeIgniter.php(494): CodeIgniter\CodeIgniter->runController(Object(App\Controllers\VistaController))
 8 SYSTEMPATH\CodeIgniter.php(353): CodeIgniter\CodeIgniter->handleRequest(null, Object(Config\Cache), false)
 9 FCPATH\index.php(79): CodeIgniter\CodeIgniter->run()
ERROR - 2023-10-14 17:09:14 --> mysqli_sql_exception: You have an error in your SQL syntax; check the manual that corresponds to your MySQL server version for the right syntax to use near 'IS NULL
 LIMIT 1' at line 3 in C:\wamp64\www\system\system\Database\MySQLi\Connection.php:306
Stack trace:
#0 C:\wamp64\www\system\system\Database\MySQLi\Connection.php(306): mysqli->query('SELECT *\nFROM `...', 0)
#1 C:\wamp64\www\system\system\Database\BaseConnection.php(692): CodeIgniter\Database\MySQLi\Connection->execute('SELECT *\nFROM `...')
#2 C:\wamp64\www\system\system\Database\BaseConnection.php(606): CodeIgniter\Database\BaseConnection->simpleQuery('SELECT *\nFROM `...')
#3 C:\wamp64\www\system\system\Database\BaseBuilder.php(1615): CodeIgniter\Database\BaseConnection->query('SELECT *\nFROM `...', Array, false)
#4 C:\wamp64\www\system\system\Model.php(264): CodeIgniter\Database\BaseBuilder->get()
#5 C:\wamp64\www\system\system\BaseModel.php(662): CodeIgniter\Model->doFirst()
#6 C:\wamp64\www\system\app\Views\responsables\cargo.php(66): CodeIgniter\BaseModel->first()
#7 C:\wamp64\www\system\system\View\View.php(226): include('C:\\wamp64\\www\\s...')
#8 C:\wamp64\www\system\system\View\View.php(229): CodeIgniter\View\View->CodeIgniter\View\{closure}()
#9 C:\wamp64\www\system\system\Common.php(1188): CodeIgniter\View\View->render('responsables/ca...', Array, true)
#10 C:\wamp64\www\system\app\Controllers\VistaController.php(31): view('responsables/ca...', Array, Array)
#11 C:\wamp64\www\system\system\CodeIgniter.php(919): App\Controllers\VistaController->index()
#12 C:\wamp64\www\system\system\CodeIgniter.php(494): CodeIgniter\CodeIgniter->runController(Object(App\Controllers\VistaController))
#13 C:\wamp64\www\system\system\CodeIgniter.php(353): CodeIgniter\CodeIgniter->handleRequest(NULL, Object(Config\Cache), false)
#14 C:\wamp64\www\system\public\index.php(79): CodeIgniter\CodeIgniter->run()
#15 {main}
CRITICAL - 2023-10-14 17:09:14 --> You have an error in your SQL syntax; check the manual that corresponds to your MySQL server version for the right syntax to use near 'IS NULL
 LIMIT 1' at line 3
in SYSTEMPATH\Database\BaseConnection.php on line 646.
 1 SYSTEMPATH\Database\BaseBuilder.php(1615): CodeIgniter\Database\BaseConnection->query('SELECT *
FROM `resp_cargo`
WHERE  IS NULL
 LIMIT 1', [], false)
 2 SYSTEMPATH\Model.php(264): CodeIgniter\Database\BaseBuilder->get()
 3 SYSTEMPATH\BaseModel.php(662): CodeIgniter\Model->doFirst()
 4 APPPATH\Views\responsables\cargo.php(66): CodeIgniter\BaseModel->first()
 5 SYSTEMPATH\View\View.php(226): include('C:\\wamp64\\www\\system\\app\\Views\\responsables\\cargo.php')
 6 SYSTEMPATH\View\View.php(229): CodeIgniter\View\View->CodeIgniter\View\{closure}()
 7 SYSTEMPATH\Common.php(1188): CodeIgniter\View\View->render('responsables/cargo', [...], true)
 8 APPPATH\Controllers\VistaController.php(31): view('responsables/cargo', [...], [...])
 9 SYSTEMPATH\CodeIgniter.php(919): App\Controllers\VistaController->index()
10 SYSTEMPATH\CodeIgniter.php(494): CodeIgniter\CodeIgniter->runController(Object(App\Controllers\VistaController))
11 SYSTEMPATH\CodeIgniter.php(353): CodeIgniter\CodeIgniter->handleRequest(null, Object(Config\Cache), false)
12 FCPATH\index.php(79): CodeIgniter\CodeIgniter->run()
CRITICAL - 2023-10-14 17:09:54 --> Trying to access array offset on value of type null
in APPPATH\Views\responsables\editar.php on line 15.
 1 APPPATH\Views\responsables\editar.php(15): CodeIgniter\Debug\Exceptions->errorHandler(2, 'Trying to access array offset on value of type null', 'C:\\wamp64\\www\\system\\app\\Views\\responsables\\editar.php', 15)
 2 SYSTEMPATH\View\View.php(226): include('C:\\wamp64\\www\\system\\app\\Views\\responsables\\editar.php')
 3 SYSTEMPATH\View\View.php(229): CodeIgniter\View\View->CodeIgniter\View\{closure}()
 4 SYSTEMPATH\Common.php(1188): CodeIgniter\View\View->render('responsables/editar', [], true)
 5 APPPATH\Views\responsables\cargo.php(67): view('responsables/editar', [...])
 6 SYSTEMPATH\View\View.php(226): include('C:\\wamp64\\www\\system\\app\\Views\\responsables\\cargo.php')
 7 SYSTEMPATH\View\View.php(229): CodeIgniter\View\View->CodeIgniter\View\{closure}()
 8 SYSTEMPATH\Common.php(1188): CodeIgniter\View\View->render('responsables/cargo', [...], true)
 9 APPPATH\Controllers\VistaController.php(31): view('responsables/cargo', [...], [...])
10 SYSTEMPATH\CodeIgniter.php(919): App\Controllers\VistaController->index()
11 SYSTEMPATH\CodeIgniter.php(494): CodeIgniter\CodeIgniter->runController(Object(App\Controllers\VistaController))
12 SYSTEMPATH\CodeIgniter.php(353): CodeIgniter\CodeIgniter->handleRequest(null, Object(Config\Cache), false)
13 FCPATH\index.php(79): CodeIgniter\CodeIgniter->run()
CRITICAL - 2023-10-14 17:09:55 --> Trying to access array offset on value of type null
in APPPATH\Views\responsables\editar.php on line 15.
 1 APPPATH\Views\responsables\editar.php(15): CodeIgniter\Debug\Exceptions->errorHandler(2, 'Trying to access array offset on value of type null', 'C:\\wamp64\\www\\system\\app\\Views\\responsables\\editar.php', 15)
 2 SYSTEMPATH\View\View.php(226): include('C:\\wamp64\\www\\system\\app\\Views\\responsables\\editar.php')
 3 SYSTEMPATH\View\View.php(229): CodeIgniter\View\View->CodeIgniter\View\{closure}()
 4 SYSTEMPATH\Common.php(1188): CodeIgniter\View\View->render('responsables/editar', [], true)
 5 APPPATH\Views\responsables\cargo.php(67): view('responsables/editar', [...])
 6 SYSTEMPATH\View\View.php(226): include('C:\\wamp64\\www\\system\\app\\Views\\responsables\\cargo.php')
 7 SYSTEMPATH\View\View.php(229): CodeIgniter\View\View->CodeIgniter\View\{closure}()
 8 SYSTEMPATH\Common.php(1188): CodeIgniter\View\View->render('responsables/cargo', [...], true)
 9 APPPATH\Controllers\VistaController.php(31): view('responsables/cargo', [...], [...])
10 SYSTEMPATH\CodeIgniter.php(919): App\Controllers\VistaController->index()
11 SYSTEMPATH\CodeIgniter.php(494): CodeIgniter\CodeIgniter->runController(Object(App\Controllers\VistaController))
12 SYSTEMPATH\CodeIgniter.php(353): CodeIgniter\CodeIgniter->handleRequest(null, Object(Config\Cache), false)
13 FCPATH\index.php(79): CodeIgniter\CodeIgniter->run()
CRITICAL - 2023-10-14 17:10:17 --> Xdebug has detected a possible infinite loop, and aborted your script with a stack depth of '256' frames
in SYSTEMPATH\Config\BaseService.php on line 374.
 1 SYSTEMPATH\Config\BaseService.php(267): CodeIgniter\Config\BaseService::buildServicesCache()
 2 SYSTEMPATH\Config\BaseService.php(252): CodeIgniter\Config\BaseService::serviceExists('request')
 3 SYSTEMPATH\Validation\FileRules.php(40): CodeIgniter\Config\BaseService::__callStatic('request', [])
 4 SYSTEMPATH\Validation\Validation.php(692): CodeIgniter\Validation\FileRules->__construct()
 5 SYSTEMPATH\Validation\Validation.php(118): CodeIgniter\Validation\Validation->loadRuleSets()
 6 SYSTEMPATH\Config\Services.php(817): CodeIgniter\Validation\Validation->__construct(Object(Config\Validation), Object(CodeIgniter\View\View))
 7 SYSTEMPATH\Config\BaseService.php(258): CodeIgniter\Config\Services::validation(Object(Config\Validation), false)
 8 SYSTEMPATH\BaseModel.php(332): CodeIgniter\Config\BaseService::__callStatic('validation', [...])
 9 SYSTEMPATH\Model.php(155): CodeIgniter\BaseModel->__construct(null)
10 APPPATH\Views\responsables\cargo.php(63): CodeIgniter\Model->__construct()
11 SYSTEMPATH\View\View.php(226): include('C:\\wamp64\\www\\system\\app\\Views\\responsables\\cargo.php')
12 SYSTEMPATH\View\View.php(229): CodeIgniter\View\View->CodeIgniter\View\{closure}()
13 SYSTEMPATH\Common.php(1188): CodeIgniter\View\View->render('responsables/cargo', [], true)
14 APPPATH\Views\responsables\cargo.php(67): view('responsables/cargo', [...])
15 SYSTEMPATH\View\View.php(226): include('C:\\wamp64\\www\\system\\app\\Views\\responsables\\cargo.php')
16 SYSTEMPATH\View\View.php(229): CodeIgniter\View\View->CodeIgniter\View\{closure}()
17 SYSTEMPATH\Common.php(1188): CodeIgniter\View\View->render('responsables/cargo', [], true)
18 APPPATH\Views\responsables\cargo.php(67): view('responsables/cargo', [...])
19 SYSTEMPATH\View\View.php(226): include('C:\\wamp64\\www\\system\\app\\Views\\responsables\\cargo.php')
20 SYSTEMPATH\View\View.php(229): CodeIgniter\View\View->CodeIgniter\View\{closure}()
21 SYSTEMPATH\Common.php(1188): CodeIgniter\View\View->render('responsables/cargo', [], true)
22 APPPATH\Views\responsables\cargo.php(67): view('responsables/cargo', [...])
23 SYSTEMPATH\View\View.php(226): include('C:\\wamp64\\www\\system\\app\\Views\\responsables\\cargo.php')
24 SYSTEMPATH\View\View.php(229): CodeIgniter\View\View->CodeIgniter\View\{closure}()
25 SYSTEMPATH\Common.php(1188): CodeIgniter\View\View->render('responsables/cargo', [], true)
26 APPPATH\Views\responsables\cargo.php(67): view('responsables/cargo', [...])
27 SYSTEMPATH\View\View.php(226): include('C:\\wamp64\\www\\system\\app\\Views\\responsables\\cargo.php')
28 SYSTEMPATH\View\View.php(229): CodeIgniter\View\View->CodeIgniter\View\{closure}()
29 SYSTEMPATH\Common.php(1188): CodeIgniter\View\View->render('responsables/cargo', [], true)
30 APPPATH\Views\responsables\cargo.php(67): view('responsables/cargo', [...])
31 SYSTEMPATH\View\View.php(226): include('C:\\wamp64\\www\\system\\app\\Views\\responsables\\cargo.php')
32 SYSTEMPATH\View\View.php(229): CodeIgniter\View\View->CodeIgniter\View\{closure}()
33 SYSTEMPATH\Common.php(1188): CodeIgniter\View\View->render('responsables/cargo', [], true)
34 APPPATH\Views\responsables\cargo.php(67): view('responsables/cargo', [...])
35 SYSTEMPATH\View\View.php(226): include('C:\\wamp64\\www\\system\\app\\Views\\responsables\\cargo.php')
36 SYSTEMPATH\View\View.php(229): CodeIgniter\View\View->CodeIgniter\View\{closure}()
37 SYSTEMPATH\Common.php(1188): CodeIgniter\View\View->render('responsables/cargo', [], true)
38 APPPATH\Views\responsables\cargo.php(67): view('responsables/cargo', [...])
39 SYSTEMPATH\View\View.php(226): include('C:\\wamp64\\www\\system\\app\\Views\\responsables\\cargo.php')
40 SYSTEMPATH\View\View.php(229): CodeIgniter\View\View->CodeIgniter\View\{closure}()
41 SYSTEMPATH\Common.php(1188): CodeIgniter\View\View->render('responsables/cargo', [], true)
42 APPPATH\Views\responsables\cargo.php(67): view('responsables/cargo', [...])
43 SYSTEMPATH\View\View.php(226): include('C:\\wamp64\\www\\system\\app\\Views\\responsables\\cargo.php')
44 SYSTEMPATH\View\View.php(229): CodeIgniter\View\View->CodeIgniter\View\{closure}()
45 SYSTEMPATH\Common.php(1188): CodeIgniter\View\View->render('responsables/cargo', [], true)
46 APPPATH\Views\responsables\cargo.php(67): view('responsables/cargo', [...])
47 SYSTEMPATH\View\View.php(226): include('C:\\wamp64\\www\\system\\app\\Views\\responsables\\cargo.php')
48 SYSTEMPATH\View\View.php(229): CodeIgniter\View\View->CodeIgniter\View\{closure}()
49 SYSTEMPATH\Common.php(1188): CodeIgniter\View\View->render('responsables/cargo', [], true)
50 APPPATH\Views\responsables\cargo.php(67): view('responsables/cargo', [...])
51 SYSTEMPATH\View\View.php(226): include('C:\\wamp64\\www\\system\\app\\Views\\responsables\\cargo.php')
52 SYSTEMPATH\View\View.php(229): CodeIgniter\View\View->CodeIgniter\View\{closure}()
53 SYSTEMPATH\Common.php(1188): CodeIgniter\View\View->render('responsables/cargo', [], true)
54 APPPATH\Views\responsables\cargo.php(67): view('responsables/cargo', [...])
55 SYSTEMPATH\View\View.php(226): include('C:\\wamp64\\www\\system\\app\\Views\\responsables\\cargo.php')
56 SYSTEMPATH\View\View.php(229): CodeIgniter\View\View->CodeIgniter\View\{closure}()
57 SYSTEMPATH\Common.php(1188): CodeIgniter\View\View->render('responsables/cargo', [], true)
58 APPPATH\Views\responsables\cargo.php(67): view('responsables/cargo', [...])
59 SYSTEMPATH\View\View.php(226): include('C:\\wamp64\\www\\system\\app\\Views\\responsables\\cargo.php')
60 SYSTEMPATH\View\View.php(229): CodeIgniter\View\View->CodeIgniter\View\{closure}()
61 SYSTEMPATH\Common.php(1188): CodeIgniter\View\View->render('responsables/cargo', [], true)
62 APPPATH\Views\responsables\cargo.php(67): view('responsables/cargo', [...])
63 SYSTEMPATH\View\View.php(226): include('C:\\wamp64\\www\\system\\app\\Views\\responsables\\cargo.php')
64 SYSTEMPATH\View\View.php(229): CodeIgniter\View\View->CodeIgniter\View\{closure}()
65 SYSTEMPATH\Common.php(1188): CodeIgniter\View\View->render('responsables/cargo', [], true)
66 APPPATH\Views\responsables\cargo.php(67): view('responsables/cargo', [...])
67 SYSTEMPATH\View\View.php(226): include('C:\\wamp64\\www\\system\\app\\Views\\responsables\\cargo.php')
68 SYSTEMPATH\View\View.php(229): CodeIgniter\View\View->CodeIgniter\View\{closure}()
69 SYSTEMPATH\Common.php(1188): CodeIgniter\View\View->render('responsables/cargo', [], true)
70 APPPATH\Views\responsables\cargo.php(67): view('responsables/cargo', [...])
71 SYSTEMPATH\View\View.php(226): include('C:\\wamp64\\www\\system\\app\\Views\\responsables\\cargo.php')
72 SYSTEMPATH\View\View.php(229): CodeIgniter\View\View->CodeIgniter\View\{closure}()
73 SYSTEMPATH\Common.php(1188): CodeIgniter\View\View->render('responsables/cargo', [], true)
74 APPPATH\Views\responsables\cargo.php(67): view('responsables/cargo', [...])
75 SYSTEMPATH\View\View.php(226): include('C:\\wamp64\\www\\system\\app\\Views\\responsables\\cargo.php')
76 SYSTEMPATH\View\View.php(229): CodeIgniter\View\View->CodeIgniter\View\{closure}()
77 SYSTEMPATH\Common.php(1188): CodeIgniter\View\View->render('responsables/cargo', [], true)
78 APPPATH\Views\responsables\cargo.php(67): view('responsables/cargo', [...])
79 SYSTEMPATH\View\View.php(226): include('C:\\wamp64\\www\\system\\app\\Views\\responsables\\cargo.php')
80 SYSTEMPATH\View\View.php(229): CodeIgniter\View\View->CodeIgniter\View\{closure}()
81 SYSTEMPATH\Common.php(1188): CodeIgniter\View\View->render('responsables/cargo', [], true)
82 APPPATH\Views\responsables\cargo.php(67): view('responsables/cargo', [...])
83 SYSTEMPATH\View\View.php(226): include('C:\\wamp64\\www\\system\\app\\Views\\responsables\\cargo.php')
84 SYSTEMPATH\View\View.php(229): CodeIgniter\View\View->CodeIgniter\View\{closure}()
85 SYSTEMPATH\Common.php(1188): CodeIgniter\View\View->render('responsables/cargo', [], true)
86 APPPATH\Views\responsables\cargo.php(67): view('responsables/cargo', [...])
87 SYSTEMPATH\View\View.php(226): include('C:\\wamp64\\www\\system\\app\\Views\\responsables\\cargo.php')
88 SYSTEMPATH\View\View.php(229): CodeIgniter\View\View->CodeIgniter\View\{closure}()
89 SYSTEMPATH\Common.php(1188): CodeIgniter\View\View->render('responsables/cargo', [], true)
90 APPPATH\Views\responsables\cargo.php(67): view('responsables/cargo', [...])
91 SYSTEMPATH\View\View.php(226): include('C:\\wamp64\\www\\system\\app\\Views\\responsables\\cargo.php')
92 SYSTEMPATH\View\View.php(229): CodeIgniter\View\View->CodeIgniter\View\{closure}()
93 SYSTEMPATH\Common.php(1188): CodeIgniter\View\View->render('responsables/cargo', [], true)
94 APPPATH\Views\responsables\cargo.php(67): view('responsables/cargo', [...])
95 SYSTEMPATH\View\View.php(226): include('C:\\wamp64\\www\\system\\app\\Views\\responsables\\cargo.php')
96 SYSTEMPATH\View\View.php(229): CodeIgniter\View\View->CodeIgniter\View\{closure}()
97 SYSTEMPATH\Common.php(1188): CodeIgniter\View\View->render('responsables/cargo', [], true)
98 APPPATH\Views\responsables\cargo.php(67): view('responsables/cargo', [...])
99 SYSTEMPATH\View\View.php(226): include('C:\\wamp64\\www\\system\\app\\Views\\responsables\\cargo.php')
100 SYSTEMPATH\View\View.php(229): CodeIgniter\View\View->CodeIgniter\View\{closure}()
101 SYSTEMPATH\Common.php(1188): CodeIgniter\View\View->render('responsables/cargo', [], true)
102 APPPATH\Views\responsables\cargo.php(67): view('responsables/cargo', [...])
103 SYSTEMPATH\View\View.php(226): include('C:\\wamp64\\www\\system\\app\\Views\\responsables\\cargo.php')
104 SYSTEMPATH\View\View.php(229): CodeIgniter\View\View->CodeIgniter\View\{closure}()
105 SYSTEMPATH\Common.php(1188): CodeIgniter\View\View->render('responsables/cargo', [], true)
106 APPPATH\Views\responsables\cargo.php(67): view('responsables/cargo', [...])
107 SYSTEMPATH\View\View.php(226): include('C:\\wamp64\\www\\system\\app\\Views\\responsables\\cargo.php')
108 SYSTEMPATH\View\View.php(229): CodeIgniter\View\View->CodeIgniter\View\{closure}()
109 SYSTEMPATH\Common.php(1188): CodeIgniter\View\View->render('responsables/cargo', [], true)
110 APPPATH\Views\responsables\cargo.php(67): view('responsables/cargo', [...])
111 SYSTEMPATH\View\View.php(226): include('C:\\wamp64\\www\\system\\app\\Views\\responsables\\cargo.php')
112 SYSTEMPATH\View\View.php(229): CodeIgniter\View\View->CodeIgniter\View\{closure}()
113 SYSTEMPATH\Common.php(1188): CodeIgniter\View\View->render('responsables/cargo', [], true)
114 APPPATH\Views\responsables\cargo.php(67): view('responsables/cargo', [...])
115 SYSTEMPATH\View\View.php(226): include('C:\\wamp64\\www\\system\\app\\Views\\responsables\\cargo.php')
116 SYSTEMPATH\View\View.php(229): CodeIgniter\View\View->CodeIgniter\View\{closure}()
117 SYSTEMPATH\Common.php(1188): CodeIgniter\View\View->render('responsables/cargo', [], true)
118 APPPATH\Views\responsables\cargo.php(67): view('responsables/cargo', [...])
119 SYSTEMPATH\View\View.php(226): include('C:\\wamp64\\www\\system\\app\\Views\\responsables\\cargo.php')
120 SYSTEMPATH\View\View.php(229): CodeIgniter\View\View->CodeIgniter\View\{closure}()
121 SYSTEMPATH\Common.php(1188): CodeIgniter\View\View->render('responsables/cargo', [], true)
122 APPPATH\Views\responsables\cargo.php(67): view('responsables/cargo', [...])
123 SYSTEMPATH\View\View.php(226): include('C:\\wamp64\\www\\system\\app\\Views\\responsables\\cargo.php')
124 SYSTEMPATH\View\View.php(229): CodeIgniter\View\View->CodeIgniter\View\{closure}()
125 SYSTEMPATH\Common.php(1188): CodeIgniter\View\View->render('responsables/cargo', [], true)
126 APPPATH\Views\responsables\cargo.php(67): view('responsables/cargo', [...])
127 SYSTEMPATH\View\View.php(226): include('C:\\wamp64\\www\\system\\app\\Views\\responsables\\cargo.php')
128 SYSTEMPATH\View\View.php(229): CodeIgniter\View\View->CodeIgniter\View\{closure}()
129 SYSTEMPATH\Common.php(1188): CodeIgniter\View\View->render('responsables/cargo', [], true)
130 APPPATH\Views\responsables\cargo.php(67): view('responsables/cargo', [...])
131 SYSTEMPATH\View\View.php(226): include('C:\\wamp64\\www\\system\\app\\Views\\responsables\\cargo.php')
132 SYSTEMPATH\View\View.php(229): CodeIgniter\View\View->CodeIgniter\View\{closure}()
133 SYSTEMPATH\Common.php(1188): CodeIgniter\View\View->render('responsables/cargo', [], true)
134 APPPATH\Views\responsables\cargo.php(67): view('responsables/cargo', [...])
135 SYSTEMPATH\View\View.php(226): include('C:\\wamp64\\www\\system\\app\\Views\\responsables\\cargo.php')
136 SYSTEMPATH\View\View.php(229): CodeIgniter\View\View->CodeIgniter\View\{closure}()
137 SYSTEMPATH\Common.php(1188): CodeIgniter\View\View->render('responsables/cargo', [], true)
138 APPPATH\Views\responsables\cargo.php(67): view('responsables/cargo', [...])
139 SYSTEMPATH\View\View.php(226): include('C:\\wamp64\\www\\system\\app\\Views\\responsables\\cargo.php')
140 SYSTEMPATH\View\View.php(229): CodeIgniter\View\View->CodeIgniter\View\{closure}()
141 SYSTEMPATH\Common.php(1188): CodeIgniter\View\View->render('responsables/cargo', [], true)
142 APPPATH\Views\responsables\cargo.php(67): view('responsables/cargo', [...])
143 SYSTEMPATH\View\View.php(226): include('C:\\wamp64\\www\\system\\app\\Views\\responsables\\cargo.php')
144 SYSTEMPATH\View\View.php(229): CodeIgniter\View\View->CodeIgniter\View\{closure}()
145 SYSTEMPATH\Common.php(1188): CodeIgniter\View\View->render('responsables/cargo', [], true)
146 APPPATH\Views\responsables\cargo.php(67): view('responsables/cargo', [...])
147 SYSTEMPATH\View\View.php(226): include('C:\\wamp64\\www\\system\\app\\Views\\responsables\\cargo.php')
148 SYSTEMPATH\View\View.php(229): CodeIgniter\View\View->CodeIgniter\View\{closure}()
149 SYSTEMPATH\Common.php(1188): CodeIgniter\View\View->render('responsables/cargo', [], true)
150 APPPATH\Views\responsables\cargo.php(67): view('responsables/cargo', [...])
151 SYSTEMPATH\View\View.php(226): include('C:\\wamp64\\www\\system\\app\\Views\\responsables\\cargo.php')
152 SYSTEMPATH\View\View.php(229): CodeIgniter\View\View->CodeIgniter\View\{closure}()
153 SYSTEMPATH\Common.php(1188): CodeIgniter\View\View->render('responsables/cargo', [], true)
154 APPPATH\Views\responsables\cargo.php(67): view('responsables/cargo', [...])
155 SYSTEMPATH\View\View.php(226): include('C:\\wamp64\\www\\system\\app\\Views\\responsables\\cargo.php')
156 SYSTEMPATH\View\View.php(229): CodeIgniter\View\View->CodeIgniter\View\{closure}()
157 SYSTEMPATH\Common.php(1188): CodeIgniter\View\View->render('responsables/cargo', [], true)
158 APPPATH\Views\responsables\cargo.php(67): view('responsables/cargo', [...])
159 SYSTEMPATH\View\View.php(226): include('C:\\wamp64\\www\\system\\app\\Views\\responsables\\cargo.php')
160 SYSTEMPATH\View\View.php(229): CodeIgniter\View\View->CodeIgniter\View\{closure}()
161 SYSTEMPATH\Common.php(1188): CodeIgniter\View\View->render('responsables/cargo', [], true)
162 APPPATH\Views\responsables\cargo.php(67): view('responsables/cargo', [...])
163 SYSTEMPATH\View\View.php(226): include('C:\\wamp64\\www\\system\\app\\Views\\responsables\\cargo.php')
164 SYSTEMPATH\View\View.php(229): CodeIgniter\View\View->CodeIgniter\View\{closure}()
165 SYSTEMPATH\Common.php(1188): CodeIgniter\View\View->render('responsables/cargo', [], true)
166 APPPATH\Views\responsables\cargo.php(67): view('responsables/cargo', [...])
167 SYSTEMPATH\View\View.php(226): include('C:\\wamp64\\www\\system\\app\\Views\\responsables\\cargo.php')
168 SYSTEMPATH\View\View.php(229): CodeIgniter\View\View->CodeIgniter\View\{closure}()
169 SYSTEMPATH\Common.php(1188): CodeIgniter\View\View->render('responsables/cargo', [], true)
170 APPPATH\Views\responsables\cargo.php(67): view('responsables/cargo', [...])
171 SYSTEMPATH\View\View.php(226): include('C:\\wamp64\\www\\system\\app\\Views\\responsables\\cargo.php')
172 SYSTEMPATH\View\View.php(229): CodeIgniter\View\View->CodeIgniter\View\{closure}()
173 SYSTEMPATH\Common.php(1188): CodeIgniter\View\View->render('responsables/cargo', [], true)
174 APPPATH\Views\responsables\cargo.php(67): view('responsables/cargo', [...])
175 SYSTEMPATH\View\View.php(226): include('C:\\wamp64\\www\\system\\app\\Views\\responsables\\cargo.php')
176 SYSTEMPATH\View\View.php(229): CodeIgniter\View\View->CodeIgniter\View\{closure}()
177 SYSTEMPATH\Common.php(1188): CodeIgniter\View\View->render('responsables/cargo', [], true)
178 APPPATH\Views\responsables\cargo.php(67): view('responsables/cargo', [...])
179 SYSTEMPATH\View\View.php(226): include('C:\\wamp64\\www\\system\\app\\Views\\responsables\\cargo.php')
180 SYSTEMPATH\View\View.php(229): CodeIgniter\View\View->CodeIgniter\View\{closure}()
181 SYSTEMPATH\Common.php(1188): CodeIgniter\View\View->render('responsables/cargo', [], true)
182 APPPATH\Views\responsables\cargo.php(67): view('responsables/cargo', [...])
183 SYSTEMPATH\View\View.php(226): include('C:\\wamp64\\www\\system\\app\\Views\\responsables\\cargo.php')
184 SYSTEMPATH\View\View.php(229): CodeIgniter\View\View->CodeIgniter\View\{closure}()
185 SYSTEMPATH\Common.php(1188): CodeIgniter\View\View->render('responsables/cargo', [], true)
186 APPPATH\Views\responsables\cargo.php(67): view('responsables/cargo', [...])
187 SYSTEMPATH\View\View.php(226): include('C:\\wamp64\\www\\system\\app\\Views\\responsables\\cargo.php')
188 SYSTEMPATH\View\View.php(229): CodeIgniter\View\View->CodeIgniter\View\{closure}()
189 SYSTEMPATH\Common.php(1188): CodeIgniter\View\View->render('responsables/cargo', [], true)
190 APPPATH\Views\responsables\cargo.php(67): view('responsables/cargo', [...])
191 SYSTEMPATH\View\View.php(226): include('C:\\wamp64\\www\\system\\app\\Views\\responsables\\cargo.php')
192 SYSTEMPATH\View\View.php(229): CodeIgniter\View\View->CodeIgniter\View\{closure}()
193 SYSTEMPATH\Common.php(1188): CodeIgniter\View\View->render('responsables/cargo', [], true)
194 APPPATH\Views\responsables\cargo.php(67): view('responsables/cargo', [...])
195 SYSTEMPATH\View\View.php(226): include('C:\\wamp64\\www\\system\\app\\Views\\responsables\\cargo.php')
196 SYSTEMPATH\View\View.php(229): CodeIgniter\View\View->CodeIgniter\View\{closure}()
197 SYSTEMPATH\Common.php(1188): CodeIgniter\View\View->render('responsables/cargo', [], true)
198 APPPATH\Views\responsables\cargo.php(67): view('responsables/cargo', [...])
199 SYSTEMPATH\View\View.php(226): include('C:\\wamp64\\www\\system\\app\\Views\\responsables\\cargo.php')
200 SYSTEMPATH\View\View.php(229): CodeIgniter\View\View->CodeIgniter\View\{closure}()
201 SYSTEMPATH\Common.php(1188): CodeIgniter\View\View->render('responsables/cargo', [], true)
202 APPPATH\Views\responsables\cargo.php(67): view('responsables/cargo', [...])
203 SYSTEMPATH\View\View.php(226): include('C:\\wamp64\\www\\system\\app\\Views\\responsables\\cargo.php')
204 SYSTEMPATH\View\View.php(229): CodeIgniter\View\View->CodeIgniter\View\{closure}()
205 SYSTEMPATH\Common.php(1188): CodeIgniter\View\View->render('responsables/cargo', [], true)
206 APPPATH\Views\responsables\cargo.php(67): view('responsables/cargo', [...])
207 SYSTEMPATH\View\View.php(226): include('C:\\wamp64\\www\\system\\app\\Views\\responsables\\cargo.php')
208 SYSTEMPATH\View\View.php(229): CodeIgniter\View\View->CodeIgniter\View\{closure}()
209 SYSTEMPATH\Common.php(1188): CodeIgniter\View\View->render('responsables/cargo', [], true)
210 APPPATH\Views\responsables\cargo.php(67): view('responsables/cargo', [...])
211 SYSTEMPATH\View\View.php(226): include('C:\\wamp64\\www\\system\\app\\Views\\responsables\\cargo.php')
212 SYSTEMPATH\View\View.php(229): CodeIgniter\View\View->CodeIgniter\View\{closure}()
213 SYSTEMPATH\Common.php(1188): CodeIgniter\View\View->render('responsables/cargo', [], true)
214 APPPATH\Views\responsables\cargo.php(67): view('responsables/cargo', [...])
215 SYSTEMPATH\View\View.php(226): include('C:\\wamp64\\www\\system\\app\\Views\\responsables\\cargo.php')
216 SYSTEMPATH\View\View.php(229): CodeIgniter\View\View->CodeIgniter\View\{closure}()
217 SYSTEMPATH\Common.php(1188): CodeIgniter\View\View->render('responsables/cargo', [], true)
218 APPPATH\Views\responsables\cargo.php(67): view('responsables/cargo', [...])
219 SYSTEMPATH\View\View.php(226): include('C:\\wamp64\\www\\system\\app\\Views\\responsables\\cargo.php')
220 SYSTEMPATH\View\View.php(229): CodeIgniter\View\View->CodeIgniter\View\{closure}()
221 SYSTEMPATH\Common.php(1188): CodeIgniter\View\View->render('responsables/cargo', [], true)
222 APPPATH\Views\responsables\cargo.php(67): view('responsables/cargo', [...])
223 SYSTEMPATH\View\View.php(226): include('C:\\wamp64\\www\\system\\app\\Views\\responsables\\cargo.php')
224 SYSTEMPATH\View\View.php(229): CodeIgniter\View\View->CodeIgniter\View\{closure}()
225 SYSTEMPATH\Common.php(1188): CodeIgniter\View\View->render('responsables/cargo', [], true)
226 APPPATH\Views\responsables\cargo.php(67): view('responsables/cargo', [...])
227 SYSTEMPATH\View\View.php(226): include('C:\\wamp64\\www\\system\\app\\Views\\responsables\\cargo.php')
228 SYSTEMPATH\View\View.php(229): CodeIgniter\View\View->CodeIgniter\View\{closure}()
229 SYSTEMPATH\Common.php(1188): CodeIgniter\View\View->render('responsables/cargo', [], true)
230 APPPATH\Views\responsables\cargo.php(67): view('responsables/cargo', [...])
231 SYSTEMPATH\View\View.php(226): include('C:\\wamp64\\www\\system\\app\\Views\\responsables\\cargo.php')
232 SYSTEMPATH\View\View.php(229): CodeIgniter\View\View->CodeIgniter\View\{closure}()
233 SYSTEMPATH\Common.php(1188): CodeIgniter\View\View->render('responsables/cargo', [], true)
234 APPPATH\Views\responsables\cargo.php(67): view('responsables/cargo', [...])
235 SYSTEMPATH\View\View.php(226): include('C:\\wamp64\\www\\system\\app\\Views\\responsables\\cargo.php')
236 SYSTEMPATH\View\View.php(229): CodeIgniter\View\View->CodeIgniter\View\{closure}()
237 SYSTEMPATH\Common.php(1188): CodeIgniter\View\View->render('responsables/cargo', [], true)
238 APPPATH\Views\responsables\cargo.php(67): view('responsables/cargo', [...])
239 SYSTEMPATH\View\View.php(226): include('C:\\wamp64\\www\\system\\app\\Views\\responsables\\cargo.php')
240 SYSTEMPATH\View\View.php(229): CodeIgniter\View\View->CodeIgniter\View\{closure}()
241 SYSTEMPATH\Common.php(1188): CodeIgniter\View\View->render('responsables/cargo', [], true)
242 APPPATH\Views\responsables\cargo.php(67): view('responsables/cargo', [...])
243 SYSTEMPATH\View\View.php(226): include('C:\\wamp64\\www\\system\\app\\Views\\responsables\\cargo.php')
244 SYSTEMPATH\View\View.php(229): CodeIgniter\View\View->CodeIgniter\View\{closure}()
245 SYSTEMPATH\Common.php(1188): CodeIgniter\View\View->render('responsables/cargo', [], true)
246 APPPATH\Views\responsables\cargo.php(67): view('responsables/cargo', [...])
247 SYSTEMPATH\View\View.php(226): include('C:\\wamp64\\www\\system\\app\\Views\\responsables\\cargo.php')
248 SYSTEMPATH\View\View.php(229): CodeIgniter\View\View->CodeIgniter\View\{closure}()
249 SYSTEMPATH\Common.php(1188): CodeIgniter\View\View->render('responsables/cargo', [...], true)
250 APPPATH\Controllers\VistaController.php(31): view('responsables/cargo', [...], [...])
251 SYSTEMPATH\CodeIgniter.php(919): App\Controllers\VistaController->index()
252 SYSTEMPATH\CodeIgniter.php(494): CodeIgniter\CodeIgniter->runController(Object(App\Controllers\VistaController))
253 SYSTEMPATH\CodeIgniter.php(353): CodeIgniter\CodeIgniter->handleRequest(null, Object(Config\Cache), false)
254 FCPATH\index.php(79): CodeIgniter\CodeIgniter->run()
CRITICAL - 2023-10-14 19:21:37 --> Undefined variable $cargo
in APPPATH\Views\responsables\cargo.php on line 60.
 1 APPPATH\Views\responsables\cargo.php(60): CodeIgniter\Debug\Exceptions->errorHandler(2, 'Undefined variable $cargo', 'C:\\wamp64\\www\\system\\app\\Views\\responsables\\cargo.php', 60)
 2 SYSTEMPATH\View\View.php(226): include('C:\\wamp64\\www\\system\\app\\Views\\responsables\\cargo.php')
 3 SYSTEMPATH\View\View.php(229): CodeIgniter\View\View->CodeIgniter\View\{closure}()
 4 SYSTEMPATH\Common.php(1188): CodeIgniter\View\View->render('responsables/cargo', [...], true)
 5 APPPATH\Controllers\VistaController.php(31): view('responsables/cargo', [...], [...])
 6 SYSTEMPATH\CodeIgniter.php(919): App\Controllers\VistaController->index()
 7 SYSTEMPATH\CodeIgniter.php(494): CodeIgniter\CodeIgniter->runController(Object(App\Controllers\VistaController))
 8 SYSTEMPATH\CodeIgniter.php(353): CodeIgniter\CodeIgniter->handleRequest(null, Object(Config\Cache), false)
 9 FCPATH\index.php(79): CodeIgniter\CodeIgniter->run()
CRITICAL - 2023-10-14 19:21:49 --> Undefined variable $cargo
in APPPATH\Views\responsables\cargo.php on line 64.
 1 APPPATH\Views\responsables\cargo.php(64): CodeIgniter\Debug\Exceptions->errorHandler(2, 'Undefined variable $cargo', 'C:\\wamp64\\www\\system\\app\\Views\\responsables\\cargo.php', 64)
 2 SYSTEMPATH\View\View.php(226): include('C:\\wamp64\\www\\system\\app\\Views\\responsables\\cargo.php')
 3 SYSTEMPATH\View\View.php(229): CodeIgniter\View\View->CodeIgniter\View\{closure}()
 4 SYSTEMPATH\Common.php(1188): CodeIgniter\View\View->render('responsables/cargo', [...], true)
 5 APPPATH\Controllers\VistaController.php(31): view('responsables/cargo', [...], [...])
 6 SYSTEMPATH\CodeIgniter.php(919): App\Controllers\VistaController->index()
 7 SYSTEMPATH\CodeIgniter.php(494): CodeIgniter\CodeIgniter->runController(Object(App\Controllers\VistaController))
 8 SYSTEMPATH\CodeIgniter.php(353): CodeIgniter\CodeIgniter->handleRequest(null, Object(Config\Cache), false)
 9 FCPATH\index.php(79): CodeIgniter\CodeIgniter->run()
CRITICAL - 2023-10-14 19:30:17 --> Undefined variable $header
in APPPATH\Views\responsables\editar.php on line 1.
 1 APPPATH\Views\responsables\editar.php(1): CodeIgniter\Debug\Exceptions->errorHandler(2, 'Undefined variable $header', 'C:\\wamp64\\www\\system\\app\\Views\\responsables\\editar.php', 1)
 2 SYSTEMPATH\View\View.php(226): include('C:\\wamp64\\www\\system\\app\\Views\\responsables\\editar.php')
 3 SYSTEMPATH\View\View.php(229): CodeIgniter\View\View->CodeIgniter\View\{closure}()
 4 SYSTEMPATH\Common.php(1188): CodeIgniter\View\View->render('responsables/editar', [], true)
 5 APPPATH\Controllers\AccionController.php(159): view('responsables/editar', [...])
 6 SYSTEMPATH\CodeIgniter.php(919): App\Controllers\AccionController->cargoupdate('122')
 7 SYSTEMPATH\CodeIgniter.php(494): CodeIgniter\CodeIgniter->runController(Object(App\Controllers\AccionController))
 8 SYSTEMPATH\CodeIgniter.php(353): CodeIgniter\CodeIgniter->handleRequest(null, Object(Config\Cache), false)
 9 FCPATH\index.php(79): CodeIgniter\CodeIgniter->run()
CRITICAL - 2023-10-14 20:24:08 --> Undefined variable $cargo
in APPPATH\Views\responsables\editar.php on line 26.
 1 APPPATH\Views\responsables\editar.php(26): CodeIgniter\Debug\Exceptions->errorHandler(2, 'Undefined variable $cargo', 'C:\\wamp64\\www\\system\\app\\Views\\responsables\\editar.php', 26)
 2 SYSTEMPATH\View\View.php(226): include('C:\\wamp64\\www\\system\\app\\Views\\responsables\\editar.php')
 3 SYSTEMPATH\View\View.php(229): CodeIgniter\View\View->CodeIgniter\View\{closure}()
 4 SYSTEMPATH\Common.php(1188): CodeIgniter\View\View->render('responsables/editar', [], true)
 5 APPPATH\Controllers\AccionController.php(162): view('responsables/editar', [...])
 6 SYSTEMPATH\CodeIgniter.php(919): App\Controllers\AccionController->cargoupdate('124')
 7 SYSTEMPATH\CodeIgniter.php(494): CodeIgniter\CodeIgniter->runController(Object(App\Controllers\AccionController))
 8 SYSTEMPATH\CodeIgniter.php(353): CodeIgniter\CodeIgniter->handleRequest(null, Object(Config\Cache), false)
 9 FCPATH\index.php(79): CodeIgniter\CodeIgniter->run()
CRITICAL - 2023-10-14 20:43:32 --> Cannot access offset of type string on string
in APPPATH\Views\responsables\editar.php on line 33.
 1 SYSTEMPATH\View\View.php(226): include()
 2 SYSTEMPATH\View\View.php(229): CodeIgniter\View\View->CodeIgniter\View\{closure}()
 3 SYSTEMPATH\Common.php(1188): CodeIgniter\View\View->render('responsables/editar', [], true)
 4 APPPATH\Controllers\AccionController.php(162): view('responsables/editar', [...])
 5 SYSTEMPATH\CodeIgniter.php(919): App\Controllers\AccionController->cargoupdate('122')
 6 SYSTEMPATH\CodeIgniter.php(494): CodeIgniter\CodeIgniter->runController(Object(App\Controllers\AccionController))
 7 SYSTEMPATH\CodeIgniter.php(353): CodeIgniter\CodeIgniter->handleRequest(null, Object(Config\Cache), false)
 8 FCPATH\index.php(79): CodeIgniter\CodeIgniter->run()
CRITICAL - 2023-10-14 20:44:02 --> Undefined variable $cargo
in APPPATH\Views\responsables\editar.php on line 33.
 1 APPPATH\Views\responsables\editar.php(33): CodeIgniter\Debug\Exceptions->errorHandler(2, 'Undefined variable $cargo', 'C:\\wamp64\\www\\system\\app\\Views\\responsables\\editar.php', 33)
 2 SYSTEMPATH\View\View.php(226): include('C:\\wamp64\\www\\system\\app\\Views\\responsables\\editar.php')
 3 SYSTEMPATH\View\View.php(229): CodeIgniter\View\View->CodeIgniter\View\{closure}()
 4 SYSTEMPATH\Common.php(1188): CodeIgniter\View\View->render('responsables/editar', [], true)
 5 APPPATH\Controllers\AccionController.php(162): view('responsables/editar', [...])
 6 SYSTEMPATH\CodeIgniter.php(919): App\Controllers\AccionController->cargoupdate('122')
 7 SYSTEMPATH\CodeIgniter.php(494): CodeIgniter\CodeIgniter->runController(Object(App\Controllers\AccionController))
 8 SYSTEMPATH\CodeIgniter.php(353): CodeIgniter\CodeIgniter->handleRequest(null, Object(Config\Cache), false)
 9 FCPATH\index.php(79): CodeIgniter\CodeIgniter->run()
CRITICAL - 2023-10-14 20:45:04 --> Cannot access offset of type string on string
in APPPATH\Views\responsables\editar.php on line 33.
 1 SYSTEMPATH\View\View.php(226): include()
 2 SYSTEMPATH\View\View.php(229): CodeIgniter\View\View->CodeIgniter\View\{closure}()
 3 SYSTEMPATH\Common.php(1188): CodeIgniter\View\View->render('responsables/editar', [], true)
 4 APPPATH\Controllers\AccionController.php(162): view('responsables/editar', [...])
 5 SYSTEMPATH\CodeIgniter.php(919): App\Controllers\AccionController->cargoupdate('122')
 6 SYSTEMPATH\CodeIgniter.php(494): CodeIgniter\CodeIgniter->runController(Object(App\Controllers\AccionController))
 7 SYSTEMPATH\CodeIgniter.php(353): CodeIgniter\CodeIgniter->handleRequest(null, Object(Config\Cache), false)
 8 FCPATH\index.php(79): CodeIgniter\CodeIgniter->run()
CRITICAL - 2023-10-14 20:45:52 --> Undefined array key "id_cargo"
in APPPATH\Views\responsables\editar.php on line 15.
 1 APPPATH\Views\responsables\editar.php(15): CodeIgniter\Debug\Exceptions->errorHandler(2, 'Undefined array key "id_cargo"', 'C:\\wamp64\\www\\system\\app\\Views\\responsables\\editar.php', 15)
 2 SYSTEMPATH\View\View.php(226): include('C:\\wamp64\\www\\system\\app\\Views\\responsables\\editar.php')
 3 SYSTEMPATH\View\View.php(229): CodeIgniter\View\View->CodeIgniter\View\{closure}()
 4 SYSTEMPATH\Common.php(1188): CodeIgniter\View\View->render('responsables/editar', [], true)
 5 APPPATH\Controllers\AccionController.php(163): view('responsables/editar', [...])
 6 SYSTEMPATH\CodeIgniter.php(919): App\Controllers\AccionController->cargoupdate('122')
 7 SYSTEMPATH\CodeIgniter.php(494): CodeIgniter\CodeIgniter->runController(Object(App\Controllers\AccionController))
 8 SYSTEMPATH\CodeIgniter.php(353): CodeIgniter\CodeIgniter->handleRequest(null, Object(Config\Cache), false)
 9 FCPATH\index.php(79): CodeIgniter\CodeIgniter->run()
CRITICAL - 2023-10-14 20:46:21 --> Cannot access offset of type string on string
in APPPATH\Views\responsables\editar.php on line 33.
 1 SYSTEMPATH\View\View.php(226): include()
 2 SYSTEMPATH\View\View.php(229): CodeIgniter\View\View->CodeIgniter\View\{closure}()
 3 SYSTEMPATH\Common.php(1188): CodeIgniter\View\View->render('responsables/editar', [...], true)
 4 APPPATH\Controllers\AccionController.php(163): view('responsables/editar', [...], [...])
 5 SYSTEMPATH\CodeIgniter.php(919): App\Controllers\AccionController->cargoupdate('122')
 6 SYSTEMPATH\CodeIgniter.php(494): CodeIgniter\CodeIgniter->runController(Object(App\Controllers\AccionController))
 7 SYSTEMPATH\CodeIgniter.php(353): CodeIgniter\CodeIgniter->handleRequest(null, Object(Config\Cache), false)
 8 FCPATH\index.php(79): CodeIgniter\CodeIgniter->run()
CRITICAL - 2023-10-14 20:47:27 --> Cannot access offset of type string on string
in APPPATH\Views\responsables\editar.php on line 42.
 1 SYSTEMPATH\View\View.php(226): include()
 2 SYSTEMPATH\View\View.php(229): CodeIgniter\View\View->CodeIgniter\View\{closure}()
 3 SYSTEMPATH\Common.php(1188): CodeIgniter\View\View->render('responsables/editar', [...], true)
 4 APPPATH\Controllers\AccionController.php(163): view('responsables/editar', [...], [...])
 5 SYSTEMPATH\CodeIgniter.php(919): App\Controllers\AccionController->cargoupdate('122')
 6 SYSTEMPATH\CodeIgniter.php(494): CodeIgniter\CodeIgniter->runController(Object(App\Controllers\AccionController))
 7 SYSTEMPATH\CodeIgniter.php(353): CodeIgniter\CodeIgniter->handleRequest(null, Object(Config\Cache), false)
 8 FCPATH\index.php(79): CodeIgniter\CodeIgniter->run()
CRITICAL - 2023-10-14 20:47:48 --> Undefined variable $cargo
in APPPATH\Views\responsables\editar.php on line 42.
 1 APPPATH\Views\responsables\editar.php(42): CodeIgniter\Debug\Exceptions->errorHandler(2, 'Undefined variable $cargo', 'C:\\wamp64\\www\\system\\app\\Views\\responsables\\editar.php', 42)
 2 SYSTEMPATH\View\View.php(226): include('C:\\wamp64\\www\\system\\app\\Views\\responsables\\editar.php')
 3 SYSTEMPATH\View\View.php(229): CodeIgniter\View\View->CodeIgniter\View\{closure}()
 4 SYSTEMPATH\Common.php(1188): CodeIgniter\View\View->render('responsables/editar', [...], true)
 5 APPPATH\Controllers\AccionController.php(163): view('responsables/editar', [...], [...])
 6 SYSTEMPATH\CodeIgniter.php(919): App\Controllers\AccionController->cargoupdate('122')
 7 SYSTEMPATH\CodeIgniter.php(494): CodeIgniter\CodeIgniter->runController(Object(App\Controllers\AccionController))
 8 SYSTEMPATH\CodeIgniter.php(353): CodeIgniter\CodeIgniter->handleRequest(null, Object(Config\Cache), false)
 9 FCPATH\index.php(79): CodeIgniter\CodeIgniter->run()
